2019-10-01 17:18:07,223|I|Thread-1|(DELAYED) nexial-core 2.2_0488 starting up...
2019-10-01 17:18:07,228|I|Thread-1|(DELAYED) data file resolved as C:\Users\SANDHI~1.MUN\AppData\Local\Temp\ZlWJs\OHRM_02_features.data.xlsx
2019-10-01 17:18:07,228|I|Thread-1|(DELAYED) input files and output directory resolved...
2019-10-01 17:18:07,228|I|Thread-1|(DELAYED) No predefined nexial-setup found
2019-10-01 17:18:07,228|I|Thread-1|(DELAYED) [20191001_171806] [C:\projects\OrangeHRMWebApplication\artifact\script\OHRM_02_features.xlsx] resolve RUN ID as 20191001_171806
2019-10-01 17:18:07,228|I|Thread-1|(DELAYED) [20191001_171806] [C:\projects\OrangeHRMWebApplication\artifact\script\OHRM_02_features.xlsx] new thread started
2019-10-01 17:18:07,229|I|Thread-1|No predefined nexial-setup found
2019-10-01 17:18:07,360|I|Thread-1|outputBase not set; output-to-cloud DISABLED!
2019-10-01 17:18:07,361|I|Thread-1|accessKey not set; output-to-cloud DISABLED!
2019-10-01 17:18:07,362|I|Thread-1|secretKey not set; output-to-cloud DISABLED!
2019-10-01 17:18:07,403|I|Thread-1|missing REQUIRED configuration; sms DISABLED!
2019-10-01 17:18:08,644|I|Thread-1|[20191001_171806] executing C:\projects\OrangeHRMWebApplication\artifact\script\OHRM_02_features.xlsx with 1 iteration(s)
2019-10-01 17:18:08,652|I|Thread-1|[20191001_171806] create directory C:\projects\OrangeHRMWebApplication\output\20191001_171806\captures
2019-10-01 17:18:08,657|I|Thread-1|[20191001_171806] create directory C:\projects\OrangeHRMWebApplication\output\20191001_171806\logs
2019-10-01 17:18:11,452|I|Thread-1|macro(s) found and merged; C:\projects\OrangeHRMWebApplication\output\20191001_171806\OHRM_02_features.20191001_171808.001.xlsx will need to be saved
2019-10-01 17:18:11,461|I|Thread-1|[20191001_171806] merging test data to tmp file C:\projects\OrangeHRMWebApplication\output\20191001_171806\OHRM_02_features.20191001_171808.001.xlsx
2019-10-01 17:18:11,461|I|Thread-1|refetching data from C:\projects\OrangeHRMWebApplication\artifact\data\OHRM_02_features.data.xlsx
2019-10-01 17:18:12,161|I|Thread-1|[20191001_171806] test script and test data merged to C:\projects\OrangeHRMWebApplication\output\20191001_171806\OHRM_02_features.20191001_171808.001.xlsx
2019-10-01 17:18:13,843|I|Thread-1|STARTS
2019-10-01 17:18:13,889|I|Thread-1|OHRM_02_features.20191001_171808.001 - executing iteration #1 of 1; Iteration Id 1
2019-10-01 17:18:13,902|I|Thread-1|OHRM_02_features.20191001_171808.001|Personnel Information Managemen - executing test scenario
2019-10-01 17:18:13,910|I|Thread-1|OHRM_02_features.20191001_171808.001|Personnel Information Managemen|Feature-Personnel Information Management (PIM) - executing activity
2019-10-01 17:18:14,513|I|Thread-1|OHRM_02_features.20191001_171808.001|Personnel Information Managemen|Feature-Personnel Information Management (PIM)|#  5|base.section(steps) - executing section(steps)(4)
2019-10-01 17:18:14,537|I|Thread-1|OHRM_02_features.20191001_171808.001|Personnel Information Managemen|Feature-Personnel Information Management (PIM)|#  5|base.section(steps) - PASS 
2019-10-01 17:18:15,145|I|Thread-1|OHRM_02_features.20191001_171808.001|Personnel Information Managemen|Feature-Personnel Information Management (PIM)|#  6|web.open(url) - executing open(url)(${url})
2019-10-01 17:18:15,152|I|Thread-1|No valid instance of webdriver, initializing...
2019-10-01 17:18:15,163|I|Thread-1|init chrome
2019-10-01 17:18:18,748|I|Thread-1|browser initialization completed for 'chrome'
2019-10-01 17:18:18,792|I|Thread-1|setting browser polling wait time to 800 ms
2019-10-01 17:18:18,832|I|Thread-1|setting browser page load timeout to 10000 ms
2019-10-01 17:18:18,913|I|Thread-1|OHRM_02_features.20191001_171808.001|Personnel Information Managemen|Feature-Personnel Information Management (PIM)|#  6|web.open(url) - default browser stability wait time is 3000 ms
2019-10-01 17:18:26,126|I|Thread-1|current browser window handle:CDwindow-5B043A74AD68C28BCF479535ADB054E5
2019-10-01 17:18:26,657|I|Thread-1|OHRM_02_features.20191001_171808.001|Personnel Information Managemen|Feature-Personnel Information Management (PIM)|#  6|web.open(url) - PASS opened URL https://www.orangehrm.com/
2019-10-01 17:18:27,301|I|Thread-1|OHRM_02_features.20191001_171808.001|Personnel Information Managemen|Feature-Personnel Information Management (PIM)|#  7|web.maximizeWindow() - executing maximizeWindow()()
2019-10-01 17:18:28,670|I|Thread-1|OHRM_02_features.20191001_171808.001|Personnel Information Managemen|Feature-Personnel Information Management (PIM)|#  7|web.maximizeWindow() - PASS browser window maximized
2019-10-01 17:18:29,299|I|Thread-1|OHRM_02_features.20191001_171808.001|Personnel Information Managemen|Feature-Personnel Information Management (PIM)|#  8|web.click(locator) - executing click(locator)(${btn.features.loc})
2019-10-01 17:18:29,401|I|Thread-1|clicking '//div[@id='header-navbar']/ul/li/a[text()='Features']'...
2019-10-01 17:18:29,479|I|Thread-1|click target via JS, @id=
2019-10-01 17:18:31,553|I|Thread-1|clicked -> true
2019-10-01 17:18:31,556|I|Thread-1|OHRM_02_features.20191001_171808.001|Personnel Information Managemen|Feature-Personnel Information Management (PIM)|#  8|web.click(locator) - PASS click via JS event
2019-10-01 17:18:32,180|I|Thread-1|OHRM_02_features.20191001_171808.001|Personnel Information Managemen|Feature-Personnel Information Management (PIM)|#  9|web.assertElementByText(l - executing assertElementByText(locator,text)(${btn.features.loc}, ${featuretext})
2019-10-01 17:18:32,316|I|Thread-1|OHRM_02_features.20191001_171808.001|Personnel Information Managemen|Feature-Personnel Information Management (PIM)|#  9|web.assertElementByText(l - PASS validated locator '//div[@id='header-navbar']/ul/li/a[text()='Features']' by text 'Features' as EXPECTED
2019-10-01 17:18:32,922|I|Thread-1|OHRM_02_features.20191001_171808.001|Personnel Information Managemen|Feature-Personnel Information Management (PIM)|# 10|web.assertAndClick(locato - executing assertAndClick(locator,label)(${btn.pim.loc}, ${PIMlabel})
2019-10-01 17:18:33,219|I|Thread-1|clicking '//h4[text()='Personnel Information Management (PIM)' and text() = 'Personnel Information Management (PIM)']'...
2019-10-01 17:18:33,280|I|Thread-1|click target via JS, @id=
2019-10-01 17:18:36,389|I|Thread-1|clicked -> true
2019-10-01 17:18:36,394|I|Thread-1|OHRM_02_features.20191001_171808.001|Personnel Information Managemen|Feature-Personnel Information Management (PIM)|# 10|web.assertAndClick(locato - PASS click via JS event
2019-10-01 17:18:36,998|I|Thread-1|OHRM_02_features.20191001_171808.001|Personnel Information Managemen|Feature-Personnel Information Management (PIM)|# 11|base.section(steps) - executing section(steps)(3)
2019-10-01 17:18:37,002|I|Thread-1|OHRM_02_features.20191001_171808.001|Personnel Information Managemen|Feature-Personnel Information Management (PIM)|# 11|base.section(steps) - PASS 
2019-10-01 17:18:37,605|I|Thread-1|OHRM_02_features.20191001_171808.001|Personnel Information Managemen|Feature-Personnel Information Management (PIM)|# 12|web.assertTextPresent(tex - executing assertTextPresent(text)(${TryItNow})
2019-10-01 17:18:37,701|I|Thread-1|OHRM_02_features.20191001_171808.001|Personnel Information Managemen|Feature-Personnel Information Management (PIM)|# 12|web.assertTextPresent(tex - PASS EXPECTED text 'Try It Now' found
2019-10-01 17:18:38,306|I|Thread-1|OHRM_02_features.20191001_171808.001|Personnel Information Managemen|Feature-Personnel Information Management (PIM)|# 13|web.click(locator) - executing click(locator)(${btn.tryitnow.loc})
2019-10-01 17:18:38,385|I|Thread-1|clicking '//a[text()='Try It Now']'...
2019-10-01 17:18:38,436|I|Thread-1|click target via JS, @id=
2019-10-01 17:18:41,272|I|Thread-1|clicked -> true
2019-10-01 17:18:41,277|I|Thread-1|OHRM_02_features.20191001_171808.001|Personnel Information Managemen|Feature-Personnel Information Management (PIM)|# 13|web.click(locator) - PASS click via JS event
2019-10-01 17:18:41,889|I|Thread-1|OHRM_02_features.20191001_171808.001|Personnel Information Managemen|Feature-Personnel Information Management (PIM)|# 14|web.goBack() - executing goBack()()
2019-10-01 17:18:43,848|I|Thread-1|OHRM_02_features.20191001_171808.001|Personnel Information Managemen|Feature-Personnel Information Management (PIM)|# 14|web.goBack() - PASS went back previous page
2019-10-01 17:18:44,453|I|Thread-1|OHRM_02_features.20191001_171808.001|Personnel Information Managemen|Feature-Personnel Information Management (PIM)|# 15|web.scrollTo(locator) - executing scrollTo(locator)(${btn.customfields.loc})
2019-10-01 17:18:44,602|I|Thread-1|OHRM_02_features.20191001_171808.001|Personnel Information Managemen|Feature-Personnel Information Management (PIM)|# 15|web.scrollTo(locator) - PASS scrolled to '//h4[text()='Custom Fields']/following-sibling::a'
2019-10-01 17:18:45,206|I|Thread-1|OHRM_02_features.20191001_171808.001|Personnel Information Managemen|Feature-Personnel Information Management (PIM)|# 16|web.assertTextPresent(tex - executing assertTextPresent(text)(${CustomFields})
2019-10-01 17:18:45,292|I|Thread-1|OHRM_02_features.20191001_171808.001|Personnel Information Managemen|Feature-Personnel Information Management (PIM)|# 16|web.assertTextPresent(tex - PASS EXPECTED text 'Custom Fields' found
2019-10-01 17:18:45,898|I|Thread-1|OHRM_02_features.20191001_171808.001|Personnel Information Managemen|Feature-Personnel Information Management (PIM)|# 17|web.click(locator) - executing click(locator)(${btn.customfields.loc})
2019-10-01 17:18:45,971|I|Thread-1|clicking '//h4[text()='Custom Fields']/following-sibling::a'...
2019-10-01 17:18:46,020|I|Thread-1|click target via JS, @id=
2019-10-01 17:18:46,106|I|Thread-1|clicked -> true
2019-10-01 17:18:46,109|I|Thread-1|OHRM_02_features.20191001_171808.001|Personnel Information Managemen|Feature-Personnel Information Management (PIM)|# 17|web.click(locator) - PASS click via JS event
2019-10-01 17:18:46,711|I|Thread-1|OHRM_02_features.20191001_171808.001|Personnel Information Managemen|Feature-Personnel Information Management (PIM)|# 18|web.scrollTo(locator) - executing scrollTo(locator)(${btn.addemployee.loc})
2019-10-01 17:18:46,865|I|Thread-1|OHRM_02_features.20191001_171808.001|Personnel Information Managemen|Feature-Personnel Information Management (PIM)|# 18|web.scrollTo(locator) - PASS scrolled to '//h4[text()='Add employee']/following-sibling::a'
2019-10-01 17:18:47,470|I|Thread-1|OHRM_02_features.20191001_171808.001|Personnel Information Managemen|Feature-Personnel Information Management (PIM)|# 19|web.assertTextPresent(tex - executing assertTextPresent(text)(${AddEmployee})
2019-10-01 17:18:47,541|I|Thread-1|OHRM_02_features.20191001_171808.001|Personnel Information Managemen|Feature-Personnel Information Management (PIM)|# 19|web.assertTextPresent(tex - PASS EXPECTED text 'Add employee' found
2019-10-01 17:18:48,145|I|Thread-1|OHRM_02_features.20191001_171808.001|Personnel Information Managemen|Feature-Personnel Information Management (PIM)|# 20|web.click(locator) - executing click(locator)(${btn.addemployee.loc})
2019-10-01 17:18:48,261|I|Thread-1|clicking '//h4[text()='Add employee']/following-sibling::a'...
2019-10-01 17:18:48,351|I|Thread-1|click target via JS, @id=
2019-10-01 17:18:48,449|I|Thread-1|clicked -> true
2019-10-01 17:18:48,450|I|Thread-1|OHRM_02_features.20191001_171808.001|Personnel Information Managemen|Feature-Personnel Information Management (PIM)|# 20|web.click(locator) - PASS click via JS event
2019-10-01 17:18:49,054|I|Thread-1|OHRM_02_features.20191001_171808.001|Personnel Information Managemen|Feature-Personnel Information Management (PIM)|# 21|web.scrollTo(locator) - executing scrollTo(locator)(${btn.bulkupdate.loc})
2019-10-01 17:18:49,242|I|Thread-1|OHRM_02_features.20191001_171808.001|Personnel Information Managemen|Feature-Personnel Information Management (PIM)|# 21|web.scrollTo(locator) - PASS scrolled to '//h4[text()='Bulk Update']/following-sibling::a'
2019-10-01 17:18:49,855|I|Thread-1|OHRM_02_features.20191001_171808.001|Personnel Information Managemen|Feature-Personnel Information Management (PIM)|# 22|web.assertTextPresent(tex - executing assertTextPresent(text)(${BulkUpdate})
2019-10-01 17:18:49,928|I|Thread-1|OHRM_02_features.20191001_171808.001|Personnel Information Managemen|Feature-Personnel Information Management (PIM)|# 22|web.assertTextPresent(tex - PASS EXPECTED text 'Bulk Update' found
2019-10-01 17:18:50,537|I|Thread-1|OHRM_02_features.20191001_171808.001|Personnel Information Managemen|Feature-Personnel Information Management (PIM)|# 23|web.click(locator) - executing click(locator)(${btn.bulkupdate.loc})
2019-10-01 17:18:50,609|I|Thread-1|clicking '//h4[text()='Bulk Update']/following-sibling::a'...
2019-10-01 17:18:50,675|I|Thread-1|click target via JS, @id=
2019-10-01 17:18:50,854|I|Thread-1|clicked -> true
2019-10-01 17:18:50,858|I|Thread-1|OHRM_02_features.20191001_171808.001|Personnel Information Managemen|Feature-Personnel Information Management (PIM)|# 23|web.click(locator) - PASS click via JS event
2019-10-01 17:18:51,467|I|Thread-1|OHRM_02_features.20191001_171808.001|Personnel Information Managemen|Feature-Personnel Information Management (PIM)|# 24|web.scrollTo(locator) - executing scrollTo(locator)(${btn.myshortcuts.loc})
2019-10-01 17:18:51,726|I|Thread-1|OHRM_02_features.20191001_171808.001|Personnel Information Managemen|Feature-Personnel Information Management (PIM)|# 24|web.scrollTo(locator) - PASS scrolled to '//h4[text()='My shortcuts']/following-sibling::a'
2019-10-01 17:18:52,330|I|Thread-1|OHRM_02_features.20191001_171808.001|Personnel Information Managemen|Feature-Personnel Information Management (PIM)|# 25|web.assertTextPresent(tex - executing assertTextPresent(text)(${MyShortcuts})
2019-10-01 17:18:52,405|I|Thread-1|OHRM_02_features.20191001_171808.001|Personnel Information Managemen|Feature-Personnel Information Management (PIM)|# 25|web.assertTextPresent(tex - PASS EXPECTED text 'My shortcuts' found
2019-10-01 17:18:53,010|I|Thread-1|OHRM_02_features.20191001_171808.001|Personnel Information Managemen|Feature-Personnel Information Management (PIM)|# 26|web.click(locator) - executing click(locator)(${btn.myshortcuts.loc})
2019-10-01 17:18:53,083|I|Thread-1|clicking '//h4[text()='My shortcuts']/following-sibling::a'...
2019-10-01 17:18:53,141|I|Thread-1|click target via JS, @id=
2019-10-01 17:18:53,217|I|Thread-1|clicked -> true
2019-10-01 17:18:53,219|I|Thread-1|OHRM_02_features.20191001_171808.001|Personnel Information Managemen|Feature-Personnel Information Management (PIM)|# 26|web.click(locator) - PASS click via JS event
2019-10-01 17:18:53,823|I|Thread-1|OHRM_02_features.20191001_171808.001|Personnel Information Managemen|Feature-Personnel Information Management (PIM)|# 27|web.scrollTo(locator) - executing scrollTo(locator)(${btn.reportingtools.loc})
2019-10-01 17:18:54,020|I|Thread-1|OHRM_02_features.20191001_171808.001|Personnel Information Managemen|Feature-Personnel Information Management (PIM)|# 27|web.scrollTo(locator) - PASS scrolled to '//h4[text()='Reporting tools']/following-sibling::a'
2019-10-01 17:18:54,626|I|Thread-1|OHRM_02_features.20191001_171808.001|Personnel Information Managemen|Feature-Personnel Information Management (PIM)|# 28|web.assertTextPresent(tex - executing assertTextPresent(text)(${ReportingTools})
2019-10-01 17:18:54,705|I|Thread-1|OHRM_02_features.20191001_171808.001|Personnel Information Managemen|Feature-Personnel Information Management (PIM)|# 28|web.assertTextPresent(tex - PASS EXPECTED text 'Reporting tools' found
2019-10-01 17:18:55,310|I|Thread-1|OHRM_02_features.20191001_171808.001|Personnel Information Managemen|Feature-Personnel Information Management (PIM)|# 29|web.click(locator) - executing click(locator)(${btn.reportingtools.loc})
2019-10-01 17:18:55,392|I|Thread-1|clicking '//h4[text()='Reporting tools']/following-sibling::a'...
2019-10-01 17:18:55,441|I|Thread-1|click target via JS, @id=
2019-10-01 17:18:55,524|I|Thread-1|clicked -> true
2019-10-01 17:18:55,525|I|Thread-1|OHRM_02_features.20191001_171808.001|Personnel Information Managemen|Feature-Personnel Information Management (PIM)|# 29|web.click(locator) - PASS click via JS event
2019-10-01 17:18:56,128|I|Thread-1|OHRM_02_features.20191001_171808.001|Personnel Information Managemen|Feature-Personnel Information Management (PIM)|# 30|base.section(steps) - executing section(steps)(1)
2019-10-01 17:18:56,132|I|Thread-1|OHRM_02_features.20191001_171808.001|Personnel Information Managemen|Feature-Personnel Information Management (PIM)|# 30|base.section(steps) - PASS 
2019-10-01 17:18:56,742|I|Thread-1|OHRM_02_features.20191001_171808.001|Personnel Information Managemen|Feature-Personnel Information Management (PIM)|# 31|base.verbose(text) - executing verbose(text)(Executed Successfully)
2019-10-01 17:18:56,745|I|Thread-1|OHRM_02_features.20191001_171808.001|Personnel Information Managemen|Feature-Personnel Information Management (PIM)|# 31|base.verbose(text) - Executed Successfully
2019-10-01 17:18:56,754|I|Thread-1|OHRM_02_features.20191001_171808.001|Personnel Information Managemen|Feature-Personnel Information Management (PIM)|# 31|base.verbose(text) - PASS 
2019-10-01 17:18:57,304|I|Thread-1|[OHRM_02_features.20191001_171808.001|Personnel Information Managemen] saving test scenario
2019-10-01 17:18:58,329|I|Thread-1|OHRM_02_features.20191001_171808.001|Leave or  Time off Management - executing test scenario
2019-10-01 17:18:58,340|I|Thread-1|OHRM_02_features.20191001_171808.001|Leave or  Time off Management|Feature-Leave/ Time off Management - executing activity
2019-10-01 17:18:58,943|I|Thread-1|OHRM_02_features.20191001_171808.001|Leave or  Time off Management|Feature-Leave/ Time off Management|#  5|base.section(steps) - executing section(steps)(4)
2019-10-01 17:18:58,947|I|Thread-1|OHRM_02_features.20191001_171808.001|Leave or  Time off Management|Feature-Leave/ Time off Management|#  5|base.section(steps) - PASS 
2019-10-01 17:18:59,553|I|Thread-1|OHRM_02_features.20191001_171808.001|Leave or  Time off Management|Feature-Leave/ Time off Management|#  6|web.open(url) - executing open(url)(${url})
2019-10-01 17:19:03,250|I|Thread-1|current browser window handle:CDwindow-5B043A74AD68C28BCF479535ADB054E5
2019-10-01 17:19:03,322|I|Thread-1|OHRM_02_features.20191001_171808.001|Leave or  Time off Management|Feature-Leave/ Time off Management|#  6|web.open(url) - PASS opened URL https://www.orangehrm.com/
2019-10-01 17:19:03,927|I|Thread-1|OHRM_02_features.20191001_171808.001|Leave or  Time off Management|Feature-Leave/ Time off Management|#  7|web.maximizeWindow() - executing maximizeWindow()()
2019-10-01 17:19:04,003|I|Thread-1|OHRM_02_features.20191001_171808.001|Leave or  Time off Management|Feature-Leave/ Time off Management|#  7|web.maximizeWindow() - PASS browser window maximized
2019-10-01 17:19:04,608|I|Thread-1|OHRM_02_features.20191001_171808.001|Leave or  Time off Management|Feature-Leave/ Time off Management|#  8|web.click(locator) - executing click(locator)(${btn.features.loc})
2019-10-01 17:19:04,683|I|Thread-1|clicking '//div[@id='header-navbar']/ul/li/a[text()='Features']'...
2019-10-01 17:19:04,740|I|Thread-1|click target via JS, @id=
2019-10-01 17:19:05,756|I|Thread-1|clicked -> true
2019-10-01 17:19:05,758|I|Thread-1|OHRM_02_features.20191001_171808.001|Leave or  Time off Management|Feature-Leave/ Time off Management|#  8|web.click(locator) - PASS click via JS event
2019-10-01 17:19:06,362|I|Thread-1|OHRM_02_features.20191001_171808.001|Leave or  Time off Management|Feature-Leave/ Time off Management|#  9|web.assertElementByText(l - executing assertElementByText(locator,text)(${btn.features.loc}, ${featuretext})
2019-10-01 17:19:06,492|I|Thread-1|OHRM_02_features.20191001_171808.001|Leave or  Time off Management|Feature-Leave/ Time off Management|#  9|web.assertElementByText(l - PASS validated locator '//div[@id='header-navbar']/ul/li/a[text()='Features']' by text 'Features' as EXPECTED
2019-10-01 17:19:07,111|I|Thread-1|OHRM_02_features.20191001_171808.001|Leave or  Time off Management|Feature-Leave/ Time off Management|# 10|web.assertAndClick(locato - executing assertAndClick(locator,label)(${btn.leaveortime.loc}, ${LeaveOrTimeLabel})
2019-10-01 17:19:07,280|I|Thread-1|clicking '//h4[text()='Leave/ Time off Management' and text() = 'Leave/ Time off Management']'...
2019-10-01 17:19:07,326|I|Thread-1|click target via JS, @id=
2019-10-01 17:19:10,467|I|Thread-1|clicked -> true
2019-10-01 17:19:10,470|I|Thread-1|OHRM_02_features.20191001_171808.001|Leave or  Time off Management|Feature-Leave/ Time off Management|# 10|web.assertAndClick(locato - PASS click via JS event
2019-10-01 17:19:11,074|I|Thread-1|OHRM_02_features.20191001_171808.001|Leave or  Time off Management|Feature-Leave/ Time off Management|# 11|base.section(steps) - executing section(steps)(3)
2019-10-01 17:19:11,081|I|Thread-1|OHRM_02_features.20191001_171808.001|Leave or  Time off Management|Feature-Leave/ Time off Management|# 11|base.section(steps) - PASS 
2019-10-01 17:19:11,684|I|Thread-1|OHRM_02_features.20191001_171808.001|Leave or  Time off Management|Feature-Leave/ Time off Management|# 12|web.assertTextPresent(tex - executing assertTextPresent(text)(${TryItNow})
2019-10-01 17:19:11,761|I|Thread-1|OHRM_02_features.20191001_171808.001|Leave or  Time off Management|Feature-Leave/ Time off Management|# 12|web.assertTextPresent(tex - PASS EXPECTED text 'Try It Now' found
2019-10-01 17:19:12,365|I|Thread-1|OHRM_02_features.20191001_171808.001|Leave or  Time off Management|Feature-Leave/ Time off Management|# 13|web.click(locator) - executing click(locator)(${btn.tryitnow.loc})
2019-10-01 17:19:12,427|I|Thread-1|clicking '//a[text()='Try It Now']'...
2019-10-01 17:19:12,465|I|Thread-1|click target via JS, @id=
2019-10-01 17:19:14,582|I|Thread-1|clicked -> true
2019-10-01 17:19:14,600|I|Thread-1|OHRM_02_features.20191001_171808.001|Leave or  Time off Management|Feature-Leave/ Time off Management|# 13|web.click(locator) - PASS click via JS event
2019-10-01 17:19:15,213|I|Thread-1|OHRM_02_features.20191001_171808.001|Leave or  Time off Management|Feature-Leave/ Time off Management|# 14|web.goBack() - executing goBack()()
2019-10-01 17:19:15,957|I|Thread-1|OHRM_02_features.20191001_171808.001|Leave or  Time off Management|Feature-Leave/ Time off Management|# 14|web.goBack() - PASS went back previous page
2019-10-01 17:19:16,625|I|Thread-1|OHRM_02_features.20191001_171808.001|Leave or  Time off Management|Feature-Leave/ Time off Management|# 15|web.scrollTo(locator) - executing scrollTo(locator)(${txt.accural.loc})
2019-10-01 17:19:16,768|I|Thread-1|OHRM_02_features.20191001_171808.001|Leave or  Time off Management|Feature-Leave/ Time off Management|# 15|web.scrollTo(locator) - PASS scrolled to '//h3[text()='Leave Accrual and Carry Forward ']'
2019-10-01 17:19:17,381|I|Thread-1|OHRM_02_features.20191001_171808.001|Leave or  Time off Management|Feature-Leave/ Time off Management|# 16|web.assertTextPresent(tex - executing assertTextPresent(text)(${LeaveAccrualCarryForward})
2019-10-01 17:19:17,450|I|Thread-1|OHRM_02_features.20191001_171808.001|Leave or  Time off Management|Feature-Leave/ Time off Management|# 16|web.assertTextPresent(tex - PASS EXPECTED text 'Leave Accrual and Carry Forward' found
2019-10-01 17:19:18,053|I|Thread-1|OHRM_02_features.20191001_171808.001|Leave or  Time off Management|Feature-Leave/ Time off Management|# 17|web.scrollTo(locator) - executing scrollTo(locator)(${txt.calender.loc})
2019-10-01 17:19:18,196|I|Thread-1|OHRM_02_features.20191001_171808.001|Leave or  Time off Management|Feature-Leave/ Time off Management|# 17|web.scrollTo(locator) - PASS scrolled to '//h3[text()='Leave Calendar']'
2019-10-01 17:19:18,802|I|Thread-1|OHRM_02_features.20191001_171808.001|Leave or  Time off Management|Feature-Leave/ Time off Management|# 18|web.assertTextPresent(tex - executing assertTextPresent(text)(${LeaveCalendar})
2019-10-01 17:19:18,890|I|Thread-1|OHRM_02_features.20191001_171808.001|Leave or  Time off Management|Feature-Leave/ Time off Management|# 18|web.assertTextPresent(tex - PASS EXPECTED text 'Leave Calendar' found
2019-10-01 17:19:19,500|I|Thread-1|OHRM_02_features.20191001_171808.001|Leave or  Time off Management|Feature-Leave/ Time off Management|# 19|web.scrollTo(locator) - executing scrollTo(locator)(${txt.nominee.loc})
2019-10-01 17:19:19,620|I|Thread-1|OHRM_02_features.20191001_171808.001|Leave or  Time off Management|Feature-Leave/ Time off Management|# 19|web.scrollTo(locator) - PASS scrolled to '//h3[text()='Leave Nominee']'
2019-10-01 17:19:20,226|I|Thread-1|OHRM_02_features.20191001_171808.001|Leave or  Time off Management|Feature-Leave/ Time off Management|# 20|web.assertTextPresent(tex - executing assertTextPresent(text)(${LeaveNominee})
2019-10-01 17:19:20,288|I|Thread-1|OHRM_02_features.20191001_171808.001|Leave or  Time off Management|Feature-Leave/ Time off Management|# 20|web.assertTextPresent(tex - PASS EXPECTED text 'Leave Nominee' found
2019-10-01 17:19:20,899|I|Thread-1|OHRM_02_features.20191001_171808.001|Leave or  Time off Management|Feature-Leave/ Time off Management|# 21|web.scrollTo(locator) - executing scrollTo(locator)(${txt.reports.loc})
2019-10-01 17:19:21,018|I|Thread-1|OHRM_02_features.20191001_171808.001|Leave or  Time off Management|Feature-Leave/ Time off Management|# 21|web.scrollTo(locator) - PASS scrolled to '//h3[text()='Leave Reports']'
2019-10-01 17:19:21,622|I|Thread-1|OHRM_02_features.20191001_171808.001|Leave or  Time off Management|Feature-Leave/ Time off Management|# 22|web.assertTextPresent(tex - executing assertTextPresent(text)(${LeaveReports})
2019-10-01 17:19:21,683|I|Thread-1|OHRM_02_features.20191001_171808.001|Leave or  Time off Management|Feature-Leave/ Time off Management|# 22|web.assertTextPresent(tex - PASS EXPECTED text 'Leave Reports' found
2019-10-01 17:19:22,287|I|Thread-1|OHRM_02_features.20191001_171808.001|Leave or  Time off Management|Feature-Leave/ Time off Management|# 23|base.section(steps) - executing section(steps)(1)
2019-10-01 17:19:22,291|I|Thread-1|OHRM_02_features.20191001_171808.001|Leave or  Time off Management|Feature-Leave/ Time off Management|# 23|base.section(steps) - PASS 
2019-10-01 17:19:22,895|I|Thread-1|OHRM_02_features.20191001_171808.001|Leave or  Time off Management|Feature-Leave/ Time off Management|# 24|base.verbose(text) - executing verbose(text)(Executed Successfully)
2019-10-01 17:19:22,902|I|Thread-1|OHRM_02_features.20191001_171808.001|Leave or  Time off Management|Feature-Leave/ Time off Management|# 24|base.verbose(text) - Executed Successfully
2019-10-01 17:19:22,911|I|Thread-1|OHRM_02_features.20191001_171808.001|Leave or  Time off Management|Feature-Leave/ Time off Management|# 24|base.verbose(text) - PASS 
2019-10-01 17:19:23,004|I|Thread-1|[OHRM_02_features.20191001_171808.001|Leave or  Time off Management] saving test scenario
2019-10-01 17:19:23,348|I|Thread-1|OHRM_02_features.20191001_171808.001|Time & Attendance Management - executing test scenario
2019-10-01 17:19:23,350|I|Thread-1|OHRM_02_features.20191001_171808.001|Time & Attendance Management|Feature-Time & Attendance Management - executing activity
2019-10-01 17:19:23,952|I|Thread-1|OHRM_02_features.20191001_171808.001|Time & Attendance Management|Feature-Time & Attendance Management|#  5|base.section(steps) - executing section(steps)(4)
2019-10-01 17:19:23,956|I|Thread-1|OHRM_02_features.20191001_171808.001|Time & Attendance Management|Feature-Time & Attendance Management|#  5|base.section(steps) - PASS 
2019-10-01 17:19:24,564|I|Thread-1|OHRM_02_features.20191001_171808.001|Time & Attendance Management|Feature-Time & Attendance Management|#  6|web.open(url) - executing open(url)(${url})
2019-10-01 17:19:28,923|I|Thread-1|current browser window handle:CDwindow-5B043A74AD68C28BCF479535ADB054E5
2019-10-01 17:19:29,000|I|Thread-1|OHRM_02_features.20191001_171808.001|Time & Attendance Management|Feature-Time & Attendance Management|#  6|web.open(url) - PASS opened URL https://www.orangehrm.com/
2019-10-01 17:19:29,604|I|Thread-1|OHRM_02_features.20191001_171808.001|Time & Attendance Management|Feature-Time & Attendance Management|#  7|web.maximizeWindow() - executing maximizeWindow()()
2019-10-01 17:19:29,673|I|Thread-1|OHRM_02_features.20191001_171808.001|Time & Attendance Management|Feature-Time & Attendance Management|#  7|web.maximizeWindow() - PASS browser window maximized
2019-10-01 17:19:30,278|I|Thread-1|OHRM_02_features.20191001_171808.001|Time & Attendance Management|Feature-Time & Attendance Management|#  8|web.click(locator) - executing click(locator)(${btn.features.loc})
2019-10-01 17:19:30,358|I|Thread-1|clicking '//div[@id='header-navbar']/ul/li/a[text()='Features']'...
2019-10-01 17:19:30,407|I|Thread-1|click target via JS, @id=
2019-10-01 17:19:32,290|I|Thread-1|clicked -> true
2019-10-01 17:19:32,292|I|Thread-1|OHRM_02_features.20191001_171808.001|Time & Attendance Management|Feature-Time & Attendance Management|#  8|web.click(locator) - PASS click via JS event
2019-10-01 17:19:32,895|I|Thread-1|OHRM_02_features.20191001_171808.001|Time & Attendance Management|Feature-Time & Attendance Management|#  9|web.assertElementByText(l - executing assertElementByText(locator,text)(${btn.features.loc}, ${featuretext})
2019-10-01 17:19:32,996|I|Thread-1|OHRM_02_features.20191001_171808.001|Time & Attendance Management|Feature-Time & Attendance Management|#  9|web.assertElementByText(l - PASS validated locator '//div[@id='header-navbar']/ul/li/a[text()='Features']' by text 'Features' as EXPECTED
2019-10-01 17:19:33,602|I|Thread-1|OHRM_02_features.20191001_171808.001|Time & Attendance Management|Feature-Time & Attendance Management|# 10|web.assertAndClick(locato - executing assertAndClick(locator,label)(${btn.leaveandattendence.loc}, ${TimeAndAttendence})
2019-10-01 17:19:33,752|I|Thread-1|clicking '//h4[text()='Time & Attendance Management' and text() = 'Time & Attendance Management']'...
2019-10-01 17:19:33,790|I|Thread-1|click target via JS, @id=
2019-10-01 17:19:36,182|I|Thread-1|clicked -> true
2019-10-01 17:19:36,188|I|Thread-1|OHRM_02_features.20191001_171808.001|Time & Attendance Management|Feature-Time & Attendance Management|# 10|web.assertAndClick(locato - PASS click via JS event
2019-10-01 17:19:36,799|I|Thread-1|OHRM_02_features.20191001_171808.001|Time & Attendance Management|Feature-Time & Attendance Management|# 11|base.section(steps) - executing section(steps)(3)
2019-10-01 17:19:36,804|I|Thread-1|OHRM_02_features.20191001_171808.001|Time & Attendance Management|Feature-Time & Attendance Management|# 11|base.section(steps) - PASS 
2019-10-01 17:19:37,407|I|Thread-1|OHRM_02_features.20191001_171808.001|Time & Attendance Management|Feature-Time & Attendance Management|# 12|web.assertTextPresent(tex - executing assertTextPresent(text)(${TryItNow})
2019-10-01 17:19:37,514|I|Thread-1|OHRM_02_features.20191001_171808.001|Time & Attendance Management|Feature-Time & Attendance Management|# 12|web.assertTextPresent(tex - PASS EXPECTED text 'Try It Now' found
2019-10-01 17:19:38,119|I|Thread-1|OHRM_02_features.20191001_171808.001|Time & Attendance Management|Feature-Time & Attendance Management|# 13|web.click(locator) - executing click(locator)(${btn.tryitnow.loc})
2019-10-01 17:19:38,176|I|Thread-1|clicking '//a[text()='Try It Now']'...
2019-10-01 17:19:38,220|I|Thread-1|click target via JS, @id=
2019-10-01 17:19:40,167|I|Thread-1|clicked -> true
2019-10-01 17:19:40,177|I|Thread-1|OHRM_02_features.20191001_171808.001|Time & Attendance Management|Feature-Time & Attendance Management|# 13|web.click(locator) - PASS click via JS event
2019-10-01 17:19:40,789|I|Thread-1|OHRM_02_features.20191001_171808.001|Time & Attendance Management|Feature-Time & Attendance Management|# 14|web.goBack() - executing goBack()()
2019-10-01 17:19:41,532|I|Thread-1|OHRM_02_features.20191001_171808.001|Time & Attendance Management|Feature-Time & Attendance Management|# 14|web.goBack() - PASS went back previous page
2019-10-01 17:19:42,157|I|Thread-1|OHRM_02_features.20191001_171808.001|Time & Attendance Management|Feature-Time & Attendance Management|# 15|web.scrollTo(locator) - executing scrollTo(locator)(${txt.timesheets.loc})
2019-10-01 17:19:42,308|I|Thread-1|OHRM_02_features.20191001_171808.001|Time & Attendance Management|Feature-Time & Attendance Management|# 15|web.scrollTo(locator) - PASS scrolled to '//h3[text()='Timesheets']'
2019-10-01 17:19:42,913|I|Thread-1|OHRM_02_features.20191001_171808.001|Time & Attendance Management|Feature-Time & Attendance Management|# 16|web.assertTextPresent(tex - executing assertTextPresent(text)(${Timesheets})
2019-10-01 17:19:42,979|I|Thread-1|OHRM_02_features.20191001_171808.001|Time & Attendance Management|Feature-Time & Attendance Management|# 16|web.assertTextPresent(tex - PASS EXPECTED text 'Timesheets' found
2019-10-01 17:19:43,584|I|Thread-1|OHRM_02_features.20191001_171808.001|Time & Attendance Management|Feature-Time & Attendance Management|# 17|web.scrollTo(locator) - executing scrollTo(locator)(${txt.paypolicy.loc})
2019-10-01 17:19:43,711|I|Thread-1|OHRM_02_features.20191001_171808.001|Time & Attendance Management|Feature-Time & Attendance Management|# 17|web.scrollTo(locator) - PASS scrolled to '//h3[text()='Pay policies and Overtime']'
2019-10-01 17:19:44,317|I|Thread-1|OHRM_02_features.20191001_171808.001|Time & Attendance Management|Feature-Time & Attendance Management|# 18|web.assertTextPresent(tex - executing assertTextPresent(text)(${PaypoliciesOvertime})
2019-10-01 17:19:44,378|I|Thread-1|OHRM_02_features.20191001_171808.001|Time & Attendance Management|Feature-Time & Attendance Management|# 18|web.assertTextPresent(tex - PASS EXPECTED text 'Pay policies and Overtime' found
2019-10-01 17:19:44,983|I|Thread-1|OHRM_02_features.20191001_171808.001|Time & Attendance Management|Feature-Time & Attendance Management|# 19|web.scrollTo(locator) - executing scrollTo(locator)(${txt.attendence.loc})
2019-10-01 17:19:45,108|I|Thread-1|OHRM_02_features.20191001_171808.001|Time & Attendance Management|Feature-Time & Attendance Management|# 19|web.scrollTo(locator) - PASS scrolled to '//h3[text()='Attendance']'
2019-10-01 17:19:45,712|I|Thread-1|OHRM_02_features.20191001_171808.001|Time & Attendance Management|Feature-Time & Attendance Management|# 20|web.assertTextPresent(tex - executing assertTextPresent(text)(${Attendance})
2019-10-01 17:19:45,783|I|Thread-1|OHRM_02_features.20191001_171808.001|Time & Attendance Management|Feature-Time & Attendance Management|# 20|web.assertTextPresent(tex - PASS EXPECTED text 'Attendance' found
2019-10-01 17:19:46,388|I|Thread-1|OHRM_02_features.20191001_171808.001|Time & Attendance Management|Feature-Time & Attendance Management|# 21|web.scrollTo(locator) - executing scrollTo(locator)(${txt.reportsanalytics.loc})
2019-10-01 17:19:46,509|I|Thread-1|OHRM_02_features.20191001_171808.001|Time & Attendance Management|Feature-Time & Attendance Management|# 21|web.scrollTo(locator) - PASS scrolled to '//h3[text()='Reports & Analytics']'
2019-10-01 17:19:47,113|I|Thread-1|OHRM_02_features.20191001_171808.001|Time & Attendance Management|Feature-Time & Attendance Management|# 22|web.assertTextPresent(tex - executing assertTextPresent(text)(${ReportsAnalytics})
2019-10-01 17:19:47,173|I|Thread-1|OHRM_02_features.20191001_171808.001|Time & Attendance Management|Feature-Time & Attendance Management|# 22|web.assertTextPresent(tex - PASS EXPECTED text 'Reports & Analytics' found
2019-10-01 17:19:47,776|I|Thread-1|OHRM_02_features.20191001_171808.001|Time & Attendance Management|Feature-Time & Attendance Management|# 23|base.section(steps) - executing section(steps)(1)
2019-10-01 17:19:47,779|I|Thread-1|OHRM_02_features.20191001_171808.001|Time & Attendance Management|Feature-Time & Attendance Management|# 23|base.section(steps) - PASS 
2019-10-01 17:19:48,381|I|Thread-1|OHRM_02_features.20191001_171808.001|Time & Attendance Management|Feature-Time & Attendance Management|# 24|base.verbose(text) - executing verbose(text)(Executed Successfully)
2019-10-01 17:19:48,387|I|Thread-1|OHRM_02_features.20191001_171808.001|Time & Attendance Management|Feature-Time & Attendance Management|# 24|base.verbose(text) - Executed Successfully
2019-10-01 17:19:48,390|I|Thread-1|OHRM_02_features.20191001_171808.001|Time & Attendance Management|Feature-Time & Attendance Management|# 24|base.verbose(text) - PASS 
2019-10-01 17:19:48,425|I|Thread-1|[OHRM_02_features.20191001_171808.001|Time & Attendance Management] saving test scenario
2019-10-01 17:19:48,701|I|Thread-1|[20191001_171806] 
/-TEST COMPLETE-----------------------------------------------------------------
| Test Output:    C:\projects\OrangeHRMWebApplication\output\20191001_171806\OHRM_02_features.20191001_171808.001.xlsx
| Iteration:      1
\-------------------------------------------------------------------------------
» Execution Time: 94802 ms
» Test Steps:     67
» Error(s):       0



2019-10-01 17:19:49,774|I|Thread-1|[20191001_171806] 
/-TEST COMPLETE-----------------------------------------------------------------
| Test Script:    C:\projects\OrangeHRMWebApplication\artifact\script\OHRM_02_features.xlsx
\-------------------------------------------------------------------------------
» Execution Time: 102865 ms
» Iterations:     [1] total 1
» Test Steps:     67
» Passed:         67
» Error(s):       0
» Iteration 1 of 1: C:\projects\OrangeHRMWebApplication\output\20191001_171806\OHRM_02_features.20191001_171808.001.xlsx



2019-10-01 17:19:50,045|I|main|[20191001_171806] [C:\projects\OrangeHRMWebApplication\artifact\script\OHRM_02_features.xlsx] now completed
2019-10-01 17:19:50,046|I|main|[20191001_171806] all execution thread(s) have terminated
2019-10-01 17:19:50,046|I|main|[20191001_171806] test run completed in about 103 seconds
2019-10-01 17:19:50,244|I|main|No predefined nexial-setup found
2019-10-01 17:19:50,291|I|main|outputBase not set; output-to-cloud DISABLED!
2019-10-01 17:19:50,292|I|main|accessKey not set; output-to-cloud DISABLED!
2019-10-01 17:19:50,317|I|main|secretKey not set; output-to-cloud DISABLED!
2019-10-01 17:19:50,322|I|main|generating HTML output for this execution to C:\projects\OrangeHRMWebApplication\output\20191001_171806\execution-output.html
2019-10-01 17:19:50,990|I|main|generating JUnit XML output for this execution to C:\projects\OrangeHRMWebApplication\output\20191001_171806\junit.xml
2019-10-01 17:19:51,062|I|main|Generated JUnit report for this execution: C:\projects\OrangeHRMWebApplication\output\20191001_171806\junit.xml
2019-10-01 17:19:51,063|I|main|nexial mailer not enabled: nexial.enableEmail=false
2019-10-01 17:19:51,064|I|main|skipped email notification as configured
2019-10-01 17:19:51,065|I|main|Exiting Nexial...
2019-10-01 17:19:51,067|I|main|shutdown starts...
2019-10-01 17:19:51,072|I|main|Shutting down 'chrome' webdriver...
2019-10-01 17:19:57,882|I|main|shutdown ends...
2019-10-01 17:19:57,889|I|main|

/-END OF EXECUTION--------------------------------------------------------------
| » Execution Time: 103 sec.
| » Test Steps:     67
| » Passed:         67
| » Failed:         0
| » Success Rate:   100.00%
\---------------------------------------------------------------nexial-core 2.2_0488-

2019-10-01 17:19:57,900|I|main|ALL PASSED!
2019-10-01 17:19:57,910|I|main|End of Execution:
OUTPUT:       C:\projects\OrangeHRMWebApplication\output\20191001_171806
EXECUTION:    C:\projects\OrangeHRMWebApplication\output\20191001_171806\execution-output.html
JUNIT XML:    C:\projects\OrangeHRMWebApplication\output\20191001_171806\junit.xml
SUCCESS RATE: 100.00%
EXIT STATUS:  0
2019-10-01 17:19:57,921|I|main|End of Execution:
NEXIAL_OUTPUT:         C:\projects\OrangeHRMWebApplication\output\20191001_171806
NEXIAL_EXECUTION_HTML: C:\projects\OrangeHRMWebApplication\output\20191001_171806\execution-output.html
NEXIAL_JUNIT_XML:      C:\projects\OrangeHRMWebApplication\output\20191001_171806\junit.xml
NEXIAL_SUCCESS_RATE:   100.00%
NEXIAL_EXIT_STATUS:    0
