2019-10-03 13:13:48,863|I|Thread-1|(DELAYED) nexial-core 2.2_0488 starting up...
2019-10-03 13:13:48,871|I|Thread-1|(DELAYED) data file resolved as C:\Users\SANDHI~1.MUN\AppData\Local\Temp\rXMZb\OHRM_02_features.data.xlsx
2019-10-03 13:13:48,871|I|Thread-1|(DELAYED) input files and output directory resolved...
2019-10-03 13:13:48,871|I|Thread-1|(DELAYED) No predefined nexial-setup found
2019-10-03 13:13:48,871|I|Thread-1|(DELAYED) [20191003_131348] [C:\projects\OrangeHRMWebApplication\artifact\script\OHRM_02_features.xlsx] resolve RUN ID as 20191003_131348
2019-10-03 13:13:48,871|I|Thread-1|(DELAYED) [20191003_131348] [C:\projects\OrangeHRMWebApplication\artifact\script\OHRM_02_features.xlsx] new thread started
2019-10-03 13:13:48,872|I|Thread-1|No predefined nexial-setup found
2019-10-03 13:13:49,016|I|Thread-1|outputBase not set; output-to-cloud DISABLED!
2019-10-03 13:13:49,023|I|Thread-1|accessKey not set; output-to-cloud DISABLED!
2019-10-03 13:13:49,024|I|Thread-1|secretKey not set; output-to-cloud DISABLED!
2019-10-03 13:13:49,064|I|Thread-1|missing REQUIRED configuration; sms DISABLED!
2019-10-03 13:13:50,258|I|Thread-1|[20191003_131348] executing C:\projects\OrangeHRMWebApplication\artifact\script\OHRM_02_features.xlsx with 1 iteration(s)
2019-10-03 13:13:50,267|I|Thread-1|[20191003_131348] create directory C:\projects\OrangeHRMWebApplication\output\20191003_131348\captures
2019-10-03 13:13:50,273|I|Thread-1|[20191003_131348] create directory C:\projects\OrangeHRMWebApplication\output\20191003_131348\logs
2019-10-03 13:13:52,718|I|Thread-1|macro(s) found and merged; C:\projects\OrangeHRMWebApplication\output\20191003_131348\OHRM_02_features.20191003_131350.001.xlsx will need to be saved
2019-10-03 13:13:52,726|I|Thread-1|[20191003_131348] merging test data to tmp file C:\projects\OrangeHRMWebApplication\output\20191003_131348\OHRM_02_features.20191003_131350.001.xlsx
2019-10-03 13:13:52,727|I|Thread-1|refetching data from C:\projects\OrangeHRMWebApplication\artifact\data\OHRM_02_features.data.xlsx
2019-10-03 13:13:53,604|I|Thread-1|[20191003_131348] test script and test data merged to C:\projects\OrangeHRMWebApplication\output\20191003_131348\OHRM_02_features.20191003_131350.001.xlsx
2019-10-03 13:13:55,378|I|Thread-1|STARTS
2019-10-03 13:13:55,433|I|Thread-1|OHRM_02_features.20191003_131350.001 - executing iteration #1 of 1; Iteration Id 1
2019-10-03 13:13:55,447|I|Thread-1|OHRM_02_features.20191003_131350.001|Personnel Information Managemen - executing test scenario
2019-10-03 13:13:55,449|I|Thread-1|OHRM_02_features.20191003_131350.001|Personnel Information Managemen|Feature-Personnel Information Management (PIM) - executing activity
2019-10-03 13:13:56,058|I|Thread-1|OHRM_02_features.20191003_131350.001|Personnel Information Managemen|Feature-Personnel Information Management (PIM)|#  5|base.section(steps) - executing section(steps)(4)
2019-10-03 13:13:56,086|I|Thread-1|OHRM_02_features.20191003_131350.001|Personnel Information Managemen|Feature-Personnel Information Management (PIM)|#  5|base.section(steps) - PASS 
2019-10-03 13:13:56,698|I|Thread-1|OHRM_02_features.20191003_131350.001|Personnel Information Managemen|Feature-Personnel Information Management (PIM)|#  6|web.open(url) - executing open(url)(${url})
2019-10-03 13:13:56,706|I|Thread-1|No valid instance of webdriver, initializing...
2019-10-03 13:13:56,716|I|Thread-1|init chrome
2019-10-03 13:14:00,041|I|Thread-1|browser initialization completed for 'chrome'
2019-10-03 13:14:00,087|I|Thread-1|setting browser polling wait time to 800 ms
2019-10-03 13:14:00,111|I|Thread-1|setting browser page load timeout to 10000 ms
2019-10-03 13:14:00,202|I|Thread-1|OHRM_02_features.20191003_131350.001|Personnel Information Managemen|Feature-Personnel Information Management (PIM)|#  6|web.open(url) - default browser stability wait time is 3000 ms
2019-10-03 13:14:08,232|I|Thread-1|current browser window handle:CDwindow-DEF200D86813A121E53C013A5997C60D
2019-10-03 13:14:08,670|I|Thread-1|OHRM_02_features.20191003_131350.001|Personnel Information Managemen|Feature-Personnel Information Management (PIM)|#  6|web.open(url) - PASS opened URL https://www.orangehrm.com/
2019-10-03 13:14:09,285|I|Thread-1|OHRM_02_features.20191003_131350.001|Personnel Information Managemen|Feature-Personnel Information Management (PIM)|#  7|web.maximizeWindow() - executing maximizeWindow()()
2019-10-03 13:14:10,657|I|Thread-1|OHRM_02_features.20191003_131350.001|Personnel Information Managemen|Feature-Personnel Information Management (PIM)|#  7|web.maximizeWindow() - PASS browser window maximized
2019-10-03 13:14:11,267|I|Thread-1|OHRM_02_features.20191003_131350.001|Personnel Information Managemen|Feature-Personnel Information Management (PIM)|#  8|web.click(locator) - executing click(locator)(${btn.features.loc})
2019-10-03 13:14:11,354|I|Thread-1|clicking '//div[@id='header-navbar']/ul/li/a[text()='Features']'...
2019-10-03 13:14:11,438|I|Thread-1|click target via JS, @id=
2019-10-03 13:14:12,635|I|Thread-1|clicked -> true
2019-10-03 13:14:12,637|I|Thread-1|OHRM_02_features.20191003_131350.001|Personnel Information Managemen|Feature-Personnel Information Management (PIM)|#  8|web.click(locator) - PASS click via JS event
2019-10-03 13:14:13,240|I|Thread-1|OHRM_02_features.20191003_131350.001|Personnel Information Managemen|Feature-Personnel Information Management (PIM)|#  9|web.assertElementByText(l - executing assertElementByText(locator,text)(${btn.features.loc}, ${featuretext})
2019-10-03 13:14:13,461|I|Thread-1|OHRM_02_features.20191003_131350.001|Personnel Information Managemen|Feature-Personnel Information Management (PIM)|#  9|web.assertElementByText(l - PASS validated locator '//div[@id='header-navbar']/ul/li/a[text()='Features']' by text 'Features' as EXPECTED
2019-10-03 13:14:14,082|I|Thread-1|OHRM_02_features.20191003_131350.001|Personnel Information Managemen|Feature-Personnel Information Management (PIM)|# 10|web.assertAndClick(locato - executing assertAndClick(locator,label)(${btn.pim.loc}, ${PIMlabel})
2019-10-03 13:14:14,274|I|Thread-1|clicking '//h4[text()='Personnel Information Management (PIM)' and text() = 'Personnel Information Management (PIM)']'...
2019-10-03 13:14:14,322|I|Thread-1|click target via JS, @id=
2019-10-03 13:14:17,268|I|Thread-1|clicked -> true
2019-10-03 13:14:17,271|I|Thread-1|OHRM_02_features.20191003_131350.001|Personnel Information Managemen|Feature-Personnel Information Management (PIM)|# 10|web.assertAndClick(locato - PASS click via JS event
2019-10-03 13:14:17,874|I|Thread-1|OHRM_02_features.20191003_131350.001|Personnel Information Managemen|Feature-Personnel Information Management (PIM)|# 11|base.section(steps) - executing section(steps)(3)
2019-10-03 13:14:17,879|I|Thread-1|OHRM_02_features.20191003_131350.001|Personnel Information Managemen|Feature-Personnel Information Management (PIM)|# 11|base.section(steps) - PASS 
2019-10-03 13:14:18,482|I|Thread-1|OHRM_02_features.20191003_131350.001|Personnel Information Managemen|Feature-Personnel Information Management (PIM)|# 12|web.assertTextPresent(tex - executing assertTextPresent(text)(${TryItNow})
2019-10-03 13:14:18,553|I|Thread-1|OHRM_02_features.20191003_131350.001|Personnel Information Managemen|Feature-Personnel Information Management (PIM)|# 12|web.assertTextPresent(tex - PASS EXPECTED text 'Try It Now' found
2019-10-03 13:14:19,157|I|Thread-1|OHRM_02_features.20191003_131350.001|Personnel Information Managemen|Feature-Personnel Information Management (PIM)|# 13|web.click(locator) - executing click(locator)(${btn.tryitnow.loc})
2019-10-03 13:14:19,219|I|Thread-1|clicking '//a[text()='Try It Now']'...
2019-10-03 13:14:19,259|I|Thread-1|click target via JS, @id=
2019-10-03 13:14:21,570|I|Thread-1|clicked -> true
2019-10-03 13:14:21,574|I|Thread-1|OHRM_02_features.20191003_131350.001|Personnel Information Managemen|Feature-Personnel Information Management (PIM)|# 13|web.click(locator) - PASS click via JS event
2019-10-03 13:14:22,183|I|Thread-1|OHRM_02_features.20191003_131350.001|Personnel Information Managemen|Feature-Personnel Information Management (PIM)|# 14|web.goBack() - executing goBack()()
2019-10-03 13:14:23,200|I|Thread-1|OHRM_02_features.20191003_131350.001|Personnel Information Managemen|Feature-Personnel Information Management (PIM)|# 14|web.goBack() - PASS went back previous page
2019-10-03 13:14:23,808|I|Thread-1|OHRM_02_features.20191003_131350.001|Personnel Information Managemen|Feature-Personnel Information Management (PIM)|# 15|web.scrollTo(locator) - executing scrollTo(locator)(${btn.customfields.loc})
2019-10-03 13:14:23,988|I|Thread-1|OHRM_02_features.20191003_131350.001|Personnel Information Managemen|Feature-Personnel Information Management (PIM)|# 15|web.scrollTo(locator) - PASS scrolled to '//h4[text()='Custom Fields']/following-sibling::a'
2019-10-03 13:14:24,600|I|Thread-1|OHRM_02_features.20191003_131350.001|Personnel Information Managemen|Feature-Personnel Information Management (PIM)|# 16|web.assertTextPresent(tex - executing assertTextPresent(text)(${CustomFields})
2019-10-03 13:14:24,686|I|Thread-1|OHRM_02_features.20191003_131350.001|Personnel Information Managemen|Feature-Personnel Information Management (PIM)|# 16|web.assertTextPresent(tex - PASS EXPECTED text 'Custom Fields' found
2019-10-03 13:14:25,291|I|Thread-1|OHRM_02_features.20191003_131350.001|Personnel Information Managemen|Feature-Personnel Information Management (PIM)|# 17|web.click(locator) - executing click(locator)(${btn.customfields.loc})
2019-10-03 13:14:25,355|I|Thread-1|clicking '//h4[text()='Custom Fields']/following-sibling::a'...
2019-10-03 13:14:25,392|I|Thread-1|click target via JS, @id=
2019-10-03 13:14:25,471|I|Thread-1|clicked -> true
2019-10-03 13:14:25,473|I|Thread-1|OHRM_02_features.20191003_131350.001|Personnel Information Managemen|Feature-Personnel Information Management (PIM)|# 17|web.click(locator) - PASS click via JS event
2019-10-03 13:14:26,076|I|Thread-1|OHRM_02_features.20191003_131350.001|Personnel Information Managemen|Feature-Personnel Information Management (PIM)|# 18|web.scrollTo(locator) - executing scrollTo(locator)(${btn.addemployee.loc})
2019-10-03 13:14:26,302|I|Thread-1|OHRM_02_features.20191003_131350.001|Personnel Information Managemen|Feature-Personnel Information Management (PIM)|# 18|web.scrollTo(locator) - PASS scrolled to '//h4[text()='Add employee']/following-sibling::a'
2019-10-03 13:14:26,907|I|Thread-1|OHRM_02_features.20191003_131350.001|Personnel Information Managemen|Feature-Personnel Information Management (PIM)|# 19|web.assertTextPresent(tex - executing assertTextPresent(text)(${AddEmployee})
2019-10-03 13:14:26,978|I|Thread-1|OHRM_02_features.20191003_131350.001|Personnel Information Managemen|Feature-Personnel Information Management (PIM)|# 19|web.assertTextPresent(tex - PASS EXPECTED text 'Add employee' found
2019-10-03 13:14:27,588|I|Thread-1|OHRM_02_features.20191003_131350.001|Personnel Information Managemen|Feature-Personnel Information Management (PIM)|# 20|web.click(locator) - executing click(locator)(${btn.addemployee.loc})
2019-10-03 13:14:27,672|I|Thread-1|clicking '//h4[text()='Add employee']/following-sibling::a'...
2019-10-03 13:14:27,728|I|Thread-1|click target via JS, @id=
2019-10-03 13:14:27,810|I|Thread-1|clicked -> true
2019-10-03 13:14:27,813|I|Thread-1|OHRM_02_features.20191003_131350.001|Personnel Information Managemen|Feature-Personnel Information Management (PIM)|# 20|web.click(locator) - PASS click via JS event
2019-10-03 13:14:28,417|I|Thread-1|OHRM_02_features.20191003_131350.001|Personnel Information Managemen|Feature-Personnel Information Management (PIM)|# 21|web.scrollTo(locator) - executing scrollTo(locator)(${btn.bulkupdate.loc})
2019-10-03 13:14:28,586|I|Thread-1|OHRM_02_features.20191003_131350.001|Personnel Information Managemen|Feature-Personnel Information Management (PIM)|# 21|web.scrollTo(locator) - PASS scrolled to '//h4[text()='Bulk Update']/following-sibling::a'
2019-10-03 13:14:29,191|I|Thread-1|OHRM_02_features.20191003_131350.001|Personnel Information Managemen|Feature-Personnel Information Management (PIM)|# 22|web.assertTextPresent(tex - executing assertTextPresent(text)(${BulkUpdate})
2019-10-03 13:14:29,260|I|Thread-1|OHRM_02_features.20191003_131350.001|Personnel Information Managemen|Feature-Personnel Information Management (PIM)|# 22|web.assertTextPresent(tex - PASS EXPECTED text 'Bulk Update' found
2019-10-03 13:14:29,862|I|Thread-1|OHRM_02_features.20191003_131350.001|Personnel Information Managemen|Feature-Personnel Information Management (PIM)|# 23|web.click(locator) - executing click(locator)(${btn.bulkupdate.loc})
2019-10-03 13:14:29,938|I|Thread-1|clicking '//h4[text()='Bulk Update']/following-sibling::a'...
2019-10-03 13:14:29,979|I|Thread-1|click target via JS, @id=
2019-10-03 13:14:30,059|I|Thread-1|clicked -> true
2019-10-03 13:14:30,061|I|Thread-1|OHRM_02_features.20191003_131350.001|Personnel Information Managemen|Feature-Personnel Information Management (PIM)|# 23|web.click(locator) - PASS click via JS event
2019-10-03 13:14:30,664|I|Thread-1|OHRM_02_features.20191003_131350.001|Personnel Information Managemen|Feature-Personnel Information Management (PIM)|# 24|web.scrollTo(locator) - executing scrollTo(locator)(${btn.myshortcuts.loc})
2019-10-03 13:14:30,825|I|Thread-1|OHRM_02_features.20191003_131350.001|Personnel Information Managemen|Feature-Personnel Information Management (PIM)|# 24|web.scrollTo(locator) - PASS scrolled to '//h4[text()='My shortcuts']/following-sibling::a'
2019-10-03 13:14:31,429|I|Thread-1|OHRM_02_features.20191003_131350.001|Personnel Information Managemen|Feature-Personnel Information Management (PIM)|# 25|web.assertTextPresent(tex - executing assertTextPresent(text)(${MyShortcuts})
2019-10-03 13:14:31,510|I|Thread-1|OHRM_02_features.20191003_131350.001|Personnel Information Managemen|Feature-Personnel Information Management (PIM)|# 25|web.assertTextPresent(tex - PASS EXPECTED text 'My shortcuts' found
2019-10-03 13:14:32,112|I|Thread-1|OHRM_02_features.20191003_131350.001|Personnel Information Managemen|Feature-Personnel Information Management (PIM)|# 26|web.click(locator) - executing click(locator)(${btn.myshortcuts.loc})
2019-10-03 13:14:32,183|I|Thread-1|clicking '//h4[text()='My shortcuts']/following-sibling::a'...
2019-10-03 13:14:32,226|I|Thread-1|click target via JS, @id=
2019-10-03 13:14:32,317|I|Thread-1|clicked -> true
2019-10-03 13:14:32,319|I|Thread-1|OHRM_02_features.20191003_131350.001|Personnel Information Managemen|Feature-Personnel Information Management (PIM)|# 26|web.click(locator) - PASS click via JS event
2019-10-03 13:14:32,924|I|Thread-1|OHRM_02_features.20191003_131350.001|Personnel Information Managemen|Feature-Personnel Information Management (PIM)|# 27|web.scrollTo(locator) - executing scrollTo(locator)(${btn.reportingtools.loc})
2019-10-03 13:14:33,155|I|Thread-1|OHRM_02_features.20191003_131350.001|Personnel Information Managemen|Feature-Personnel Information Management (PIM)|# 27|web.scrollTo(locator) - PASS scrolled to '//h4[text()='Reporting tools']/following-sibling::a'
2019-10-03 13:14:33,764|I|Thread-1|OHRM_02_features.20191003_131350.001|Personnel Information Managemen|Feature-Personnel Information Management (PIM)|# 28|web.assertTextPresent(tex - executing assertTextPresent(text)(${ReportingTools})
2019-10-03 13:14:33,839|I|Thread-1|OHRM_02_features.20191003_131350.001|Personnel Information Managemen|Feature-Personnel Information Management (PIM)|# 28|web.assertTextPresent(tex - PASS EXPECTED text 'Reporting tools' found
2019-10-03 13:14:34,442|I|Thread-1|OHRM_02_features.20191003_131350.001|Personnel Information Managemen|Feature-Personnel Information Management (PIM)|# 29|web.click(locator) - executing click(locator)(${btn.reportingtools.loc})
2019-10-03 13:14:34,508|I|Thread-1|clicking '//h4[text()='Reporting tools']/following-sibling::a'...
2019-10-03 13:14:34,555|I|Thread-1|click target via JS, @id=
2019-10-03 13:14:34,627|I|Thread-1|clicked -> true
2019-10-03 13:14:34,630|I|Thread-1|OHRM_02_features.20191003_131350.001|Personnel Information Managemen|Feature-Personnel Information Management (PIM)|# 29|web.click(locator) - PASS click via JS event
2019-10-03 13:14:35,234|I|Thread-1|OHRM_02_features.20191003_131350.001|Personnel Information Managemen|Feature-Personnel Information Management (PIM)|# 30|base.section(steps) - executing section(steps)(1)
2019-10-03 13:14:35,242|I|Thread-1|OHRM_02_features.20191003_131350.001|Personnel Information Managemen|Feature-Personnel Information Management (PIM)|# 30|base.section(steps) - PASS 
2019-10-03 13:14:35,845|I|Thread-1|OHRM_02_features.20191003_131350.001|Personnel Information Managemen|Feature-Personnel Information Management (PIM)|# 31|base.verbose(text) - executing verbose(text)(Executed Successfully)
2019-10-03 13:14:35,847|I|Thread-1|OHRM_02_features.20191003_131350.001|Personnel Information Managemen|Feature-Personnel Information Management (PIM)|# 31|base.verbose(text) - Executed Successfully
2019-10-03 13:14:35,857|I|Thread-1|OHRM_02_features.20191003_131350.001|Personnel Information Managemen|Feature-Personnel Information Management (PIM)|# 31|base.verbose(text) - PASS 
2019-10-03 13:14:36,259|I|Thread-1|[OHRM_02_features.20191003_131350.001|Personnel Information Managemen] saving test scenario
2019-10-03 13:14:37,125|I|Thread-1|OHRM_02_features.20191003_131350.001|Leave or  Time off Management - executing test scenario
2019-10-03 13:14:37,177|I|Thread-1|OHRM_02_features.20191003_131350.001|Leave or  Time off Management|Feature-Leave/ Time off Management - executing activity
2019-10-03 13:14:37,782|I|Thread-1|OHRM_02_features.20191003_131350.001|Leave or  Time off Management|Feature-Leave/ Time off Management|#  5|base.section(steps) - executing section(steps)(4)
2019-10-03 13:14:37,788|I|Thread-1|OHRM_02_features.20191003_131350.001|Leave or  Time off Management|Feature-Leave/ Time off Management|#  5|base.section(steps) - PASS 
2019-10-03 13:14:38,390|I|Thread-1|OHRM_02_features.20191003_131350.001|Leave or  Time off Management|Feature-Leave/ Time off Management|#  6|web.open(url) - executing open(url)(${url})
2019-10-03 13:14:41,546|I|Thread-1|current browser window handle:CDwindow-DEF200D86813A121E53C013A5997C60D
2019-10-03 13:14:41,597|I|Thread-1|OHRM_02_features.20191003_131350.001|Leave or  Time off Management|Feature-Leave/ Time off Management|#  6|web.open(url) - PASS opened URL https://www.orangehrm.com/
2019-10-03 13:14:42,203|I|Thread-1|OHRM_02_features.20191003_131350.001|Leave or  Time off Management|Feature-Leave/ Time off Management|#  7|web.maximizeWindow() - executing maximizeWindow()()
2019-10-03 13:14:42,270|I|Thread-1|OHRM_02_features.20191003_131350.001|Leave or  Time off Management|Feature-Leave/ Time off Management|#  7|web.maximizeWindow() - PASS browser window maximized
2019-10-03 13:14:42,875|I|Thread-1|OHRM_02_features.20191003_131350.001|Leave or  Time off Management|Feature-Leave/ Time off Management|#  8|web.click(locator) - executing click(locator)(${btn.features.loc})
2019-10-03 13:14:42,949|I|Thread-1|clicking '//div[@id='header-navbar']/ul/li/a[text()='Features']'...
2019-10-03 13:14:42,998|I|Thread-1|click target via JS, @id=
2019-10-03 13:14:43,993|I|Thread-1|clicked -> true
2019-10-03 13:14:43,995|I|Thread-1|OHRM_02_features.20191003_131350.001|Leave or  Time off Management|Feature-Leave/ Time off Management|#  8|web.click(locator) - PASS click via JS event
2019-10-03 13:14:44,608|I|Thread-1|OHRM_02_features.20191003_131350.001|Leave or  Time off Management|Feature-Leave/ Time off Management|#  9|web.assertElementByText(l - executing assertElementByText(locator,text)(${btn.features.loc}, ${featuretext})
2019-10-03 13:14:44,765|I|Thread-1|OHRM_02_features.20191003_131350.001|Leave or  Time off Management|Feature-Leave/ Time off Management|#  9|web.assertElementByText(l - PASS validated locator '//div[@id='header-navbar']/ul/li/a[text()='Features']' by text 'Features' as EXPECTED
2019-10-03 13:14:45,379|I|Thread-1|OHRM_02_features.20191003_131350.001|Leave or  Time off Management|Feature-Leave/ Time off Management|# 10|web.assertAndClick(locato - executing assertAndClick(locator,label)(${btn.leaveortime.loc}, ${LeaveOrTimeLabel})
2019-10-03 13:14:45,551|I|Thread-1|clicking '//h4[text()='Leave/ Time off Management' and text() = 'Leave/ Time off Management']'...
2019-10-03 13:14:45,589|I|Thread-1|click target via JS, @id=
2019-10-03 13:14:48,289|I|Thread-1|clicked -> true
2019-10-03 13:14:48,293|I|Thread-1|OHRM_02_features.20191003_131350.001|Leave or  Time off Management|Feature-Leave/ Time off Management|# 10|web.assertAndClick(locato - PASS click via JS event
2019-10-03 13:14:48,903|I|Thread-1|OHRM_02_features.20191003_131350.001|Leave or  Time off Management|Feature-Leave/ Time off Management|# 11|base.section(steps) - executing section(steps)(3)
2019-10-03 13:14:48,909|I|Thread-1|OHRM_02_features.20191003_131350.001|Leave or  Time off Management|Feature-Leave/ Time off Management|# 11|base.section(steps) - PASS 
2019-10-03 13:14:49,512|I|Thread-1|OHRM_02_features.20191003_131350.001|Leave or  Time off Management|Feature-Leave/ Time off Management|# 12|web.assertTextPresent(tex - executing assertTextPresent(text)(${TryItNow})
2019-10-03 13:14:49,586|I|Thread-1|OHRM_02_features.20191003_131350.001|Leave or  Time off Management|Feature-Leave/ Time off Management|# 12|web.assertTextPresent(tex - PASS EXPECTED text 'Try It Now' found
2019-10-03 13:14:50,197|I|Thread-1|OHRM_02_features.20191003_131350.001|Leave or  Time off Management|Feature-Leave/ Time off Management|# 13|web.click(locator) - executing click(locator)(${btn.tryitnow.loc})
2019-10-03 13:14:50,250|I|Thread-1|clicking '//a[text()='Try It Now']'...
2019-10-03 13:14:50,285|I|Thread-1|click target via JS, @id=
2019-10-03 13:14:52,115|I|Thread-1|clicked -> true
2019-10-03 13:14:52,117|I|Thread-1|OHRM_02_features.20191003_131350.001|Leave or  Time off Management|Feature-Leave/ Time off Management|# 13|web.click(locator) - PASS click via JS event
2019-10-03 13:14:52,735|I|Thread-1|OHRM_02_features.20191003_131350.001|Leave or  Time off Management|Feature-Leave/ Time off Management|# 14|web.goBack() - executing goBack()()
2019-10-03 13:14:53,378|I|Thread-1|OHRM_02_features.20191003_131350.001|Leave or  Time off Management|Feature-Leave/ Time off Management|# 14|web.goBack() - PASS went back previous page
2019-10-03 13:14:54,033|I|Thread-1|OHRM_02_features.20191003_131350.001|Leave or  Time off Management|Feature-Leave/ Time off Management|# 15|web.scrollTo(locator) - executing scrollTo(locator)(${txt.accural.loc})
2019-10-03 13:14:54,184|I|Thread-1|OHRM_02_features.20191003_131350.001|Leave or  Time off Management|Feature-Leave/ Time off Management|# 15|web.scrollTo(locator) - PASS scrolled to '//h3[text()='Leave Accrual and Carry Forward ']'
2019-10-03 13:14:54,790|I|Thread-1|OHRM_02_features.20191003_131350.001|Leave or  Time off Management|Feature-Leave/ Time off Management|# 16|web.assertTextPresent(tex - executing assertTextPresent(text)(${LeaveAccrualCarryForward})
2019-10-03 13:14:54,887|I|Thread-1|OHRM_02_features.20191003_131350.001|Leave or  Time off Management|Feature-Leave/ Time off Management|# 16|web.assertTextPresent(tex - PASS EXPECTED text 'Leave Accrual and Carry Forward' found
2019-10-03 13:14:55,492|I|Thread-1|OHRM_02_features.20191003_131350.001|Leave or  Time off Management|Feature-Leave/ Time off Management|# 17|web.scrollTo(locator) - executing scrollTo(locator)(${txt.calender.loc})
2019-10-03 13:14:55,612|I|Thread-1|OHRM_02_features.20191003_131350.001|Leave or  Time off Management|Feature-Leave/ Time off Management|# 17|web.scrollTo(locator) - PASS scrolled to '//h3[text()='Leave Calendar']'
2019-10-03 13:14:56,218|I|Thread-1|OHRM_02_features.20191003_131350.001|Leave or  Time off Management|Feature-Leave/ Time off Management|# 18|web.assertTextPresent(tex - executing assertTextPresent(text)(${LeaveCalendar})
2019-10-03 13:14:56,296|I|Thread-1|OHRM_02_features.20191003_131350.001|Leave or  Time off Management|Feature-Leave/ Time off Management|# 18|web.assertTextPresent(tex - PASS EXPECTED text 'Leave Calendar' found
2019-10-03 13:14:56,899|I|Thread-1|OHRM_02_features.20191003_131350.001|Leave or  Time off Management|Feature-Leave/ Time off Management|# 19|web.scrollTo(locator) - executing scrollTo(locator)(${txt.nominee.loc})
2019-10-03 13:14:57,026|I|Thread-1|OHRM_02_features.20191003_131350.001|Leave or  Time off Management|Feature-Leave/ Time off Management|# 19|web.scrollTo(locator) - PASS scrolled to '//h3[text()='Leave Nominee']'
2019-10-03 13:14:57,633|I|Thread-1|OHRM_02_features.20191003_131350.001|Leave or  Time off Management|Feature-Leave/ Time off Management|# 20|web.assertTextPresent(tex - executing assertTextPresent(text)(${LeaveNominee})
2019-10-03 13:14:57,737|I|Thread-1|OHRM_02_features.20191003_131350.001|Leave or  Time off Management|Feature-Leave/ Time off Management|# 20|web.assertTextPresent(tex - PASS EXPECTED text 'Leave Nominee' found
2019-10-03 13:14:58,345|I|Thread-1|OHRM_02_features.20191003_131350.001|Leave or  Time off Management|Feature-Leave/ Time off Management|# 21|web.scrollTo(locator) - executing scrollTo(locator)(${txt.reports.loc})
2019-10-03 13:14:58,465|I|Thread-1|OHRM_02_features.20191003_131350.001|Leave or  Time off Management|Feature-Leave/ Time off Management|# 21|web.scrollTo(locator) - PASS scrolled to '//h3[text()='Leave Reports']'
2019-10-03 13:14:59,069|I|Thread-1|OHRM_02_features.20191003_131350.001|Leave or  Time off Management|Feature-Leave/ Time off Management|# 22|web.assertTextPresent(tex - executing assertTextPresent(text)(${LeaveReports})
2019-10-03 13:14:59,134|I|Thread-1|OHRM_02_features.20191003_131350.001|Leave or  Time off Management|Feature-Leave/ Time off Management|# 22|web.assertTextPresent(tex - PASS EXPECTED text 'Leave Reports' found
2019-10-03 13:14:59,738|I|Thread-1|OHRM_02_features.20191003_131350.001|Leave or  Time off Management|Feature-Leave/ Time off Management|# 23|base.section(steps) - executing section(steps)(1)
2019-10-03 13:14:59,742|I|Thread-1|OHRM_02_features.20191003_131350.001|Leave or  Time off Management|Feature-Leave/ Time off Management|# 23|base.section(steps) - PASS 
2019-10-03 13:15:00,344|I|Thread-1|OHRM_02_features.20191003_131350.001|Leave or  Time off Management|Feature-Leave/ Time off Management|# 24|base.verbose(text) - executing verbose(text)(Executed Successfully)
2019-10-03 13:15:00,347|I|Thread-1|OHRM_02_features.20191003_131350.001|Leave or  Time off Management|Feature-Leave/ Time off Management|# 24|base.verbose(text) - Executed Successfully
2019-10-03 13:15:00,349|I|Thread-1|OHRM_02_features.20191003_131350.001|Leave or  Time off Management|Feature-Leave/ Time off Management|# 24|base.verbose(text) - PASS 
2019-10-03 13:15:00,396|I|Thread-1|[OHRM_02_features.20191003_131350.001|Leave or  Time off Management] saving test scenario
2019-10-03 13:15:00,761|I|Thread-1|OHRM_02_features.20191003_131350.001|Time & Attendance Management - executing test scenario
2019-10-03 13:15:00,765|I|Thread-1|OHRM_02_features.20191003_131350.001|Time & Attendance Management|Feature-Time & Attendance Management - executing activity
2019-10-03 13:15:01,367|I|Thread-1|OHRM_02_features.20191003_131350.001|Time & Attendance Management|Feature-Time & Attendance Management|#  5|base.section(steps) - executing section(steps)(4)
2019-10-03 13:15:01,370|I|Thread-1|OHRM_02_features.20191003_131350.001|Time & Attendance Management|Feature-Time & Attendance Management|#  5|base.section(steps) - PASS 
2019-10-03 13:15:01,979|I|Thread-1|OHRM_02_features.20191003_131350.001|Time & Attendance Management|Feature-Time & Attendance Management|#  6|web.open(url) - executing open(url)(${url})
2019-10-03 13:15:05,798|I|Thread-1|current browser window handle:CDwindow-DEF200D86813A121E53C013A5997C60D
2019-10-03 13:15:05,850|I|Thread-1|OHRM_02_features.20191003_131350.001|Time & Attendance Management|Feature-Time & Attendance Management|#  6|web.open(url) - PASS opened URL https://www.orangehrm.com/
2019-10-03 13:15:06,455|I|Thread-1|OHRM_02_features.20191003_131350.001|Time & Attendance Management|Feature-Time & Attendance Management|#  7|web.maximizeWindow() - executing maximizeWindow()()
2019-10-03 13:15:06,532|I|Thread-1|OHRM_02_features.20191003_131350.001|Time & Attendance Management|Feature-Time & Attendance Management|#  7|web.maximizeWindow() - PASS browser window maximized
2019-10-03 13:15:07,140|I|Thread-1|OHRM_02_features.20191003_131350.001|Time & Attendance Management|Feature-Time & Attendance Management|#  8|web.click(locator) - executing click(locator)(${btn.features.loc})
2019-10-03 13:15:07,208|I|Thread-1|clicking '//div[@id='header-navbar']/ul/li/a[text()='Features']'...
2019-10-03 13:15:07,252|I|Thread-1|click target via JS, @id=
2019-10-03 13:15:08,414|I|Thread-1|clicked -> true
2019-10-03 13:15:08,416|I|Thread-1|OHRM_02_features.20191003_131350.001|Time & Attendance Management|Feature-Time & Attendance Management|#  8|web.click(locator) - PASS click via JS event
2019-10-03 13:15:09,088|I|Thread-1|OHRM_02_features.20191003_131350.001|Time & Attendance Management|Feature-Time & Attendance Management|#  9|web.assertElementByText(l - executing assertElementByText(locator,text)(${btn.features.loc}, ${featuretext})
2019-10-03 13:15:09,222|I|Thread-1|OHRM_02_features.20191003_131350.001|Time & Attendance Management|Feature-Time & Attendance Management|#  9|web.assertElementByText(l - PASS validated locator '//div[@id='header-navbar']/ul/li/a[text()='Features']' by text 'Features' as EXPECTED
2019-10-03 13:15:09,831|I|Thread-1|OHRM_02_features.20191003_131350.001|Time & Attendance Management|Feature-Time & Attendance Management|# 10|web.assertAndClick(locato - executing assertAndClick(locator,label)(${btn.leaveandattendence.loc}, ${TimeAndAttendence})
2019-10-03 13:15:09,967|I|Thread-1|clicking '//h4[text()='Time & Attendance Management' and text() = 'Time & Attendance Management']'...
2019-10-03 13:15:10,004|I|Thread-1|click target via JS, @id=
2019-10-03 13:15:12,483|I|Thread-1|clicked -> true
2019-10-03 13:15:12,485|I|Thread-1|OHRM_02_features.20191003_131350.001|Time & Attendance Management|Feature-Time & Attendance Management|# 10|web.assertAndClick(locato - PASS click via JS event
2019-10-03 13:15:13,089|I|Thread-1|OHRM_02_features.20191003_131350.001|Time & Attendance Management|Feature-Time & Attendance Management|# 11|base.section(steps) - executing section(steps)(3)
2019-10-03 13:15:13,092|I|Thread-1|OHRM_02_features.20191003_131350.001|Time & Attendance Management|Feature-Time & Attendance Management|# 11|base.section(steps) - PASS 
2019-10-03 13:15:13,698|I|Thread-1|OHRM_02_features.20191003_131350.001|Time & Attendance Management|Feature-Time & Attendance Management|# 12|web.assertTextPresent(tex - executing assertTextPresent(text)(${TryItNow})
2019-10-03 13:15:13,770|I|Thread-1|OHRM_02_features.20191003_131350.001|Time & Attendance Management|Feature-Time & Attendance Management|# 12|web.assertTextPresent(tex - PASS EXPECTED text 'Try It Now' found
2019-10-03 13:15:14,374|I|Thread-1|OHRM_02_features.20191003_131350.001|Time & Attendance Management|Feature-Time & Attendance Management|# 13|web.click(locator) - executing click(locator)(${btn.tryitnow.loc})
2019-10-03 13:15:14,442|I|Thread-1|clicking '//a[text()='Try It Now']'...
2019-10-03 13:15:14,484|I|Thread-1|click target via JS, @id=
2019-10-03 13:15:16,402|I|Thread-1|clicked -> true
2019-10-03 13:15:16,404|I|Thread-1|OHRM_02_features.20191003_131350.001|Time & Attendance Management|Feature-Time & Attendance Management|# 13|web.click(locator) - PASS click via JS event
2019-10-03 13:15:17,007|I|Thread-1|OHRM_02_features.20191003_131350.001|Time & Attendance Management|Feature-Time & Attendance Management|# 14|web.goBack() - executing goBack()()
2019-10-03 13:15:17,678|I|Thread-1|OHRM_02_features.20191003_131350.001|Time & Attendance Management|Feature-Time & Attendance Management|# 14|web.goBack() - PASS went back previous page
2019-10-03 13:15:18,290|I|Thread-1|OHRM_02_features.20191003_131350.001|Time & Attendance Management|Feature-Time & Attendance Management|# 15|web.scrollTo(locator) - executing scrollTo(locator)(${txt.timesheets.loc})
2019-10-03 13:15:18,443|I|Thread-1|OHRM_02_features.20191003_131350.001|Time & Attendance Management|Feature-Time & Attendance Management|# 15|web.scrollTo(locator) - PASS scrolled to '//h3[text()='Timesheets']'
2019-10-03 13:15:19,051|I|Thread-1|OHRM_02_features.20191003_131350.001|Time & Attendance Management|Feature-Time & Attendance Management|# 16|web.assertTextPresent(tex - executing assertTextPresent(text)(${Timesheets})
2019-10-03 13:15:19,228|I|Thread-1|OHRM_02_features.20191003_131350.001|Time & Attendance Management|Feature-Time & Attendance Management|# 16|web.assertTextPresent(tex - PASS EXPECTED text 'Timesheets' found
2019-10-03 13:15:19,838|I|Thread-1|OHRM_02_features.20191003_131350.001|Time & Attendance Management|Feature-Time & Attendance Management|# 17|web.scrollTo(locator) - executing scrollTo(locator)(${txt.paypolicy.loc})
2019-10-03 13:15:20,047|I|Thread-1|OHRM_02_features.20191003_131350.001|Time & Attendance Management|Feature-Time & Attendance Management|# 17|web.scrollTo(locator) - PASS scrolled to '//h3[text()='Pay policies and Overtime']'
2019-10-03 13:15:20,660|I|Thread-1|OHRM_02_features.20191003_131350.001|Time & Attendance Management|Feature-Time & Attendance Management|# 18|web.assertTextPresent(tex - executing assertTextPresent(text)(${PaypoliciesOvertime})
2019-10-03 13:15:20,728|I|Thread-1|OHRM_02_features.20191003_131350.001|Time & Attendance Management|Feature-Time & Attendance Management|# 18|web.assertTextPresent(tex - PASS EXPECTED text 'Pay policies and Overtime' found
2019-10-03 13:15:21,331|I|Thread-1|OHRM_02_features.20191003_131350.001|Time & Attendance Management|Feature-Time & Attendance Management|# 19|web.scrollTo(locator) - executing scrollTo(locator)(${txt.attendence.loc})
2019-10-03 13:15:21,478|I|Thread-1|OHRM_02_features.20191003_131350.001|Time & Attendance Management|Feature-Time & Attendance Management|# 19|web.scrollTo(locator) - PASS scrolled to '//h3[text()='Attendance']'
2019-10-03 13:15:22,083|I|Thread-1|OHRM_02_features.20191003_131350.001|Time & Attendance Management|Feature-Time & Attendance Management|# 20|web.assertTextPresent(tex - executing assertTextPresent(text)(${Attendance})
2019-10-03 13:15:22,155|I|Thread-1|OHRM_02_features.20191003_131350.001|Time & Attendance Management|Feature-Time & Attendance Management|# 20|web.assertTextPresent(tex - PASS EXPECTED text 'Attendance' found
2019-10-03 13:15:22,759|I|Thread-1|OHRM_02_features.20191003_131350.001|Time & Attendance Management|Feature-Time & Attendance Management|# 21|web.scrollTo(locator) - executing scrollTo(locator)(${txt.reportsanalytics.loc})
2019-10-03 13:15:22,893|I|Thread-1|OHRM_02_features.20191003_131350.001|Time & Attendance Management|Feature-Time & Attendance Management|# 21|web.scrollTo(locator) - PASS scrolled to '//h3[text()='Reports & Analytics']'
2019-10-03 13:15:23,497|I|Thread-1|OHRM_02_features.20191003_131350.001|Time & Attendance Management|Feature-Time & Attendance Management|# 22|web.assertTextPresent(tex - executing assertTextPresent(text)(${ReportsAnalytics})
2019-10-03 13:15:23,576|I|Thread-1|OHRM_02_features.20191003_131350.001|Time & Attendance Management|Feature-Time & Attendance Management|# 22|web.assertTextPresent(tex - PASS EXPECTED text 'Reports & Analytics' found
2019-10-03 13:15:24,178|I|Thread-1|OHRM_02_features.20191003_131350.001|Time & Attendance Management|Feature-Time & Attendance Management|# 23|base.section(steps) - executing section(steps)(1)
2019-10-03 13:15:24,186|I|Thread-1|OHRM_02_features.20191003_131350.001|Time & Attendance Management|Feature-Time & Attendance Management|# 23|base.section(steps) - PASS 
2019-10-03 13:15:24,789|I|Thread-1|OHRM_02_features.20191003_131350.001|Time & Attendance Management|Feature-Time & Attendance Management|# 24|base.verbose(text) - executing verbose(text)(Executed Successfully)
2019-10-03 13:15:24,791|I|Thread-1|OHRM_02_features.20191003_131350.001|Time & Attendance Management|Feature-Time & Attendance Management|# 24|base.verbose(text) - Executed Successfully
2019-10-03 13:15:24,793|I|Thread-1|OHRM_02_features.20191003_131350.001|Time & Attendance Management|Feature-Time & Attendance Management|# 24|base.verbose(text) - PASS 
2019-10-03 13:15:24,826|I|Thread-1|[OHRM_02_features.20191003_131350.001|Time & Attendance Management] saving test scenario
2019-10-03 13:15:25,153|I|Thread-1|[20191003_131348] 
/-TEST COMPLETE-----------------------------------------------------------------
| Test Output:    C:\projects\OrangeHRMWebApplication\output\20191003_131348\OHRM_02_features.20191003_131350.001.xlsx
| Iteration:      1
\-------------------------------------------------------------------------------
» Execution Time: 89653 ms
» Test Steps:     67
» Error(s):       0



2019-10-03 13:15:26,055|I|Thread-1|[20191003_131348] 
/-TEST COMPLETE-----------------------------------------------------------------
| Test Script:    C:\projects\OrangeHRMWebApplication\artifact\script\OHRM_02_features.xlsx
\-------------------------------------------------------------------------------
» Execution Time: 97465 ms
» Iterations:     [1] total 1
» Test Steps:     67
» Passed:         67
» Error(s):       0
» Iteration 1 of 1: C:\projects\OrangeHRMWebApplication\output\20191003_131348\OHRM_02_features.20191003_131350.001.xlsx



2019-10-03 13:15:26,808|I|main|[20191003_131348] [C:\projects\OrangeHRMWebApplication\artifact\script\OHRM_02_features.xlsx] now completed
2019-10-03 13:15:26,810|I|main|[20191003_131348] all execution thread(s) have terminated
2019-10-03 13:15:26,811|I|main|[20191003_131348] test run completed in about 98 seconds
2019-10-03 13:15:26,962|I|main|No predefined nexial-setup found
2019-10-03 13:15:26,993|I|main|outputBase not set; output-to-cloud DISABLED!
2019-10-03 13:15:26,994|I|main|accessKey not set; output-to-cloud DISABLED!
2019-10-03 13:15:26,994|I|main|secretKey not set; output-to-cloud DISABLED!
2019-10-03 13:15:26,995|I|main|generating HTML output for this execution to C:\projects\OrangeHRMWebApplication\output\20191003_131348\execution-output.html
2019-10-03 13:15:27,591|I|main|generating JUnit XML output for this execution to C:\projects\OrangeHRMWebApplication\output\20191003_131348\junit.xml
2019-10-03 13:15:27,644|I|main|Generated JUnit report for this execution: C:\projects\OrangeHRMWebApplication\output\20191003_131348\junit.xml
2019-10-03 13:15:27,644|I|main|nexial mailer not enabled: nexial.enableEmail=false
2019-10-03 13:15:27,645|I|main|skipped email notification as configured
2019-10-03 13:15:27,646|I|main|Exiting Nexial...
2019-10-03 13:15:27,646|I|main|shutdown starts...
2019-10-03 13:15:27,647|I|main|Shutting down 'chrome' webdriver...
2019-10-03 13:15:34,666|I|main|shutdown ends...
2019-10-03 13:15:34,685|I|main|

/-END OF EXECUTION--------------------------------------------------------------
| » Execution Time: 98 sec.
| » Test Steps:     67
| » Passed:         67
| » Failed:         0
| » Success Rate:   100.00%
\---------------------------------------------------------------nexial-core 2.2_0488-

2019-10-03 13:15:34,687|I|main|ALL PASSED!
2019-10-03 13:15:34,691|I|main|End of Execution:
OUTPUT:       C:\projects\OrangeHRMWebApplication\output\20191003_131348
EXECUTION:    C:\projects\OrangeHRMWebApplication\output\20191003_131348\execution-output.html
JUNIT XML:    C:\projects\OrangeHRMWebApplication\output\20191003_131348\junit.xml
SUCCESS RATE: 100.00%
EXIT STATUS:  0
2019-10-03 13:15:34,698|I|main|End of Execution:
NEXIAL_OUTPUT:         C:\projects\OrangeHRMWebApplication\output\20191003_131348
NEXIAL_EXECUTION_HTML: C:\projects\OrangeHRMWebApplication\output\20191003_131348\execution-output.html
NEXIAL_JUNIT_XML:      C:\projects\OrangeHRMWebApplication\output\20191003_131348\junit.xml
NEXIAL_SUCCESS_RATE:   100.00%
NEXIAL_EXIT_STATUS:    0
