2019-10-04 11:25:57,179|I|Thread-1|(DELAYED) nexial-core 2.2_0488 starting up...
2019-10-04 11:25:57,184|I|Thread-1|(DELAYED) validating test script as C:\projects\OrangeHRMWebApplication\artifact\script\OHRM_01_signup.xlsx
2019-10-04 11:25:57,184|I|Thread-1|(DELAYED) validating data file as C:\projects\OrangeHRMWebApplication\artifact\data\OHRM_01_signup.data.xlsx
2019-10-04 11:25:57,184|I|Thread-1|(DELAYED) validating test script as C:\projects\OrangeHRMWebApplication\artifact\script\OHRM_02_features.xlsx
2019-10-04 11:25:57,184|I|Thread-1|(DELAYED) validating data file as C:\projects\OrangeHRMWebApplication\artifact\data\OHRM_02_features.data.xlsx
2019-10-04 11:25:57,185|I|Thread-1|(DELAYED) input files and output directory resolved...
2019-10-04 11:25:57,185|I|Thread-1|(DELAYED) No predefined nexial-setup found
2019-10-04 11:25:57,185|I|Thread-1|(DELAYED) [20191004_112556] [C:\projects\OrangeHRMWebApplication\artifact\script\OHRM_01_signup.xlsx] resolve RUN ID as 20191004_112556
2019-10-04 11:25:57,185|I|Thread-1|(DELAYED) [20191004_112556] [C:\projects\OrangeHRMWebApplication\artifact\script\OHRM_01_signup.xlsx] new thread started
2019-10-04 11:25:57,185|I|Thread-1|No predefined nexial-setup found
2019-10-04 11:25:57,280|I|Thread-1|outputBase not set; output-to-cloud DISABLED!
2019-10-04 11:25:57,281|I|Thread-1|accessKey not set; output-to-cloud DISABLED!
2019-10-04 11:25:57,281|I|Thread-1|secretKey not set; output-to-cloud DISABLED!
2019-10-04 11:25:57,311|I|Thread-1|missing REQUIRED configuration; sms DISABLED!
2019-10-04 11:25:58,369|I|Thread-1|[20191004_112556] executing C:\projects\OrangeHRMWebApplication\artifact\script\OHRM_01_signup.xlsx with 1 iteration(s)
2019-10-04 11:25:58,373|I|Thread-1|[20191004_112556] create directory C:\projects\OrangeHRMWebApplication\output\20191004_112556\captures
2019-10-04 11:25:58,374|I|Thread-1|[20191004_112556] create directory C:\projects\OrangeHRMWebApplication\output\20191004_112556\logs
2019-10-04 11:25:59,178|I|Thread-1|[20191004_112556] merging test data to tmp file C:\projects\OrangeHRMWebApplication\output\20191004_112556\OrangeHRMWebApplication-plan.001,OHRM_01_signup.20191004_112558.001.xlsx
2019-10-04 11:25:59,182|I|Thread-1|refetching data from C:\projects\OrangeHRMWebApplication\artifact\data\OHRM_01_signup.data.xlsx
2019-10-04 11:25:59,754|I|Thread-1|[20191004_112556] test script and test data merged to C:\projects\OrangeHRMWebApplication\output\20191004_112556\OrangeHRMWebApplication-plan.001,OHRM_01_signup.20191004_112558.001.xlsx
2019-10-04 11:26:00,784|I|Thread-1|STARTS
2019-10-04 11:26:00,816|I|Thread-1|OrangeHRMWebApplication-plan.001,OHRM_01_signup.20191004_112558.001 - executing iteration #1 of 1; Iteration Id 1
2019-10-04 11:26:00,825|I|Thread-1|OrangeHRMWebApplication-plan.001,OHRM_01_signup.20191004_112558.001|signup - executing test scenario
2019-10-04 11:26:00,832|I|Thread-1|OrangeHRMWebApplication-plan.001,OHRM_01_signup.20191004_112558.001|signup|Openurl - executing activity
2019-10-04 11:26:01,435|I|Thread-1|OrangeHRMWebApplication-plan.001,OHRM_01_signup.20191004_112558.001|signup|Openurl|#  5|web.open(url) - executing open(url)(${url})
2019-10-04 11:26:01,442|I|Thread-1|No valid instance of webdriver, initializing...
2019-10-04 11:26:01,447|I|Thread-1|init browserstack
2019-10-04 11:26:01,451|E|Thread-1|Error initializing browser 'browserstack': Both nexial.browserstack.username and nexial.browserstack.automatekey are required to use BrowserStack
2019-10-04 11:26:01,455|E|Thread-1|Error initializing browser 'browserstack': Both nexial.browserstack.username and nexial.browserstack.automatekey are required to use BrowserStack
2019-10-04 11:26:01,743|I|Thread-1|OrangeHRMWebApplication-plan.001,OHRM_01_signup.20191004_112558.001|signup|Openurl|#  5|web.open(url) - FAIL Error initializing browser 'browserstack': Both nexial.browserstack.username and nexial.browserstack.automatekey are required to use BrowserStack
2019-10-04 11:26:01,747|I|Thread-1|OrangeHRMWebApplication-plan.001,OHRM_01_signup.20191004_112558.001|signup|Openurl|#  5|web.open(url) - test stopping due to failure on fail-fast command: web.open(url)
2019-10-04 11:26:01,749|I|Thread-1|OrangeHRMWebApplication-plan.001,OHRM_01_signup.20191004_112558.001|signup - test activity execution failed. Because of this, all subsequent test case will be skipped
2019-10-04 11:26:01,751|I|Thread-1|OrangeHRMWebApplication-plan.001,OHRM_01_signup.20191004_112558.001|signup - test activity execution ending due to EndLoopIf() flow control activated or unrecoverable execution failure.
2019-10-04 11:26:01,753|I|Thread-1|OrangeHRMWebApplication-plan.001,OHRM_01_signup.20191004_112558.001|signup - skipping test activity due to previous failure
2019-10-04 11:26:01,757|I|Thread-1|OrangeHRMWebApplication-plan.001,OHRM_01_signup.20191004_112558.001|signup - skipping test activity due to previous failure
2019-10-04 11:26:01,759|I|Thread-1|OrangeHRMWebApplication-plan.001,OHRM_01_signup.20191004_112558.001|signup - skipping test activity due to previous failure
2019-10-04 11:26:01,761|I|Thread-1|OrangeHRMWebApplication-plan.001,OHRM_01_signup.20191004_112558.001|signup - skipping test activity due to previous failure
2019-10-04 11:26:01,763|I|Thread-1|OrangeHRMWebApplication-plan.001,OHRM_01_signup.20191004_112558.001|signup - skipping test activity due to previous failure
2019-10-04 11:26:01,767|I|Thread-1|OrangeHRMWebApplication-plan.001,OHRM_01_signup.20191004_112558.001|signup - skipping test activity due to previous failure
2019-10-04 11:26:01,769|I|Thread-1|OrangeHRMWebApplication-plan.001,OHRM_01_signup.20191004_112558.001|signup - skipping test activity due to previous failure
2019-10-04 11:26:01,771|I|Thread-1|OrangeHRMWebApplication-plan.001,OHRM_01_signup.20191004_112558.001|signup - skipping test activity due to previous failure
2019-10-04 11:26:01,772|I|Thread-1|OrangeHRMWebApplication-plan.001,OHRM_01_signup.20191004_112558.001|signup - skipping test activity due to previous failure
2019-10-04 11:26:01,774|I|Thread-1|OrangeHRMWebApplication-plan.001,OHRM_01_signup.20191004_112558.001|signup - skipping test activity due to previous failure
2019-10-04 11:26:01,775|I|Thread-1|OrangeHRMWebApplication-plan.001,OHRM_01_signup.20191004_112558.001|signup - skipping test activity due to previous failure
2019-10-04 11:26:01,779|I|Thread-1|OrangeHRMWebApplication-plan.001,OHRM_01_signup.20191004_112558.001|signup - skipping test activity due to previous failure
2019-10-04 11:26:01,781|I|Thread-1|OrangeHRMWebApplication-plan.001,OHRM_01_signup.20191004_112558.001|signup - skipping test activity due to previous failure
2019-10-04 11:26:01,783|I|Thread-1|OrangeHRMWebApplication-plan.001,OHRM_01_signup.20191004_112558.001|signup - skipping test activity due to previous failure
2019-10-04 11:26:01,784|I|Thread-1|OrangeHRMWebApplication-plan.001,OHRM_01_signup.20191004_112558.001|signup - skipping test activity due to previous failure
2019-10-04 11:26:01,786|I|Thread-1|OrangeHRMWebApplication-plan.001,OHRM_01_signup.20191004_112558.001|signup - skipping test activity due to previous failure
2019-10-04 11:26:01,790|I|Thread-1|OrangeHRMWebApplication-plan.001,OHRM_01_signup.20191004_112558.001|signup - skipping test activity due to previous failure
2019-10-04 11:26:01,795|I|Thread-1|OrangeHRMWebApplication-plan.001,OHRM_01_signup.20191004_112558.001|signup - skipping test activity due to previous failure
2019-10-04 11:26:01,797|I|Thread-1|OrangeHRMWebApplication-plan.001,OHRM_01_signup.20191004_112558.001|signup - skipping test activity due to previous failure
2019-10-04 11:26:01,820|I|Thread-1|[OrangeHRMWebApplication-plan.001,OHRM_01_signup.20191004_112558.001|signup] saving test scenario
2019-10-04 11:26:01,962|I|Thread-1|OrangeHRMWebApplication-plan.001,OHRM_01_signup.20191004_112558.001|signup - test scenario execution failed, and fail-immediate in effect. Hence all subsequent test scenarios will be skipped
2019-10-04 11:26:01,968|I|Thread-1|[20191004_112556] 
/-TEST COMPLETE-----------------------------------------------------------------
| Test Output:    C:\projects\OrangeHRMWebApplication\output\20191004_112556\OrangeHRMWebApplication-plan.001,OHRM_01_signup.20191004_112558.001.xlsx
| Iteration:      1
\-------------------------------------------------------------------------------
» Execution Time: 1146 ms
» Test Steps:     1
» Error(s):       1



2019-10-04 11:26:01,969|I|Thread-1|OrangeHRMWebApplication-plan.001,OHRM_01_signup.20191004_112558.001 - fail-immediate in effect - test execution will stop now.
2019-10-04 11:26:04,056|I|Thread-1|[20191004_112556] 
/-TEST COMPLETE-----------------------------------------------------------------
| Test Script:    C:\projects\OrangeHRMWebApplication\artifact\script\OHRM_01_signup.xlsx
\-------------------------------------------------------------------------------
» Execution Time: 7079 ms
» Iterations:     [1] total 1
» Test Steps:     1
» Passed:         0
» Error(s):       1
» Iteration 1 of 1: C:\projects\OrangeHRMWebApplication\output\20191004_112556\OrangeHRMWebApplication-plan.001,OHRM_01_signup.20191004_112558.001.xlsx



2019-10-04 11:26:04,941|I|main|[20191004_112556] [C:\projects\OrangeHRMWebApplication\artifact\script\OHRM_01_signup.xlsx] now completed
2019-10-04 11:26:04,946|I|main|[20191004_112556] [C:\projects\OrangeHRMWebApplication\artifact\script\OHRM_02_features.xlsx] resolve RUN ID as 20191004_112556
2019-10-04 11:26:04,955|I|main|[20191004_112556] [C:\projects\OrangeHRMWebApplication\artifact\script\OHRM_02_features.xlsx] new thread started
2019-10-04 11:26:04,965|I|Thread-5|missing REQUIRED configuration; sms DISABLED!
2019-10-04 11:26:04,971|E|Thread-5|previous test scenario execution failed, and fail-immediate in effect. Hence all subsequent test scenarios will be skipped
2019-10-04 11:26:05,963|I|main|[20191004_112556] [C:\projects\OrangeHRMWebApplication\artifact\script\OHRM_02_features.xlsx] now completed
2019-10-04 11:26:05,965|I|main|[20191004_112556] all execution thread(s) have terminated
2019-10-04 11:26:05,967|I|main|[20191004_112556] test run completed in about 9 seconds
2019-10-04 11:26:06,103|I|main|No predefined nexial-setup found
2019-10-04 11:26:06,135|I|main|outputBase not set; output-to-cloud DISABLED!
2019-10-04 11:26:06,135|I|main|accessKey not set; output-to-cloud DISABLED!
2019-10-04 11:26:06,136|I|main|secretKey not set; output-to-cloud DISABLED!
2019-10-04 11:26:06,138|I|main|generating HTML output for this execution to C:\projects\OrangeHRMWebApplication\output\20191004_112556\execution-output.html
2019-10-04 11:26:06,731|I|main|generating JUnit XML output for this execution to C:\projects\OrangeHRMWebApplication\output\20191004_112556\junit.xml
2019-10-04 11:26:06,772|I|main|Generated JUnit report for this execution: C:\projects\OrangeHRMWebApplication\output\20191004_112556\junit.xml
2019-10-04 11:26:06,788|I|main|nexial mailer not enabled: nexial.enableEmail=false
2019-10-04 11:26:06,789|I|main|skipped email notification as configured
2019-10-04 11:26:06,791|I|main|Exiting Nexial...
2019-10-04 11:26:06,793|I|main|

/-END OF EXECUTION--------------------------------------------------------------
| » Execution Time: 9 sec.
| » Test Steps:     1
| » Passed:         0
| » Failed:         1
| » Success Rate:   0.00%
\---------------------------------------------------------------nexial-core 2.2_0488-

2019-10-04 11:26:06,795|E|main|failure found; success rate is 0.00%
2019-10-04 11:26:06,797|I|main|End of Execution:
OUTPUT:       C:\projects\OrangeHRMWebApplication\output\20191004_112556
EXECUTION:    C:\projects\OrangeHRMWebApplication\output\20191004_112556\execution-output.html
JUNIT XML:    C:\projects\OrangeHRMWebApplication\output\20191004_112556\junit.xml
SUCCESS RATE: 0.00%
EXIT STATUS:  -13
2019-10-04 11:26:06,799|I|main|End of Execution:
NEXIAL_OUTPUT:         C:\projects\OrangeHRMWebApplication\output\20191004_112556
NEXIAL_EXECUTION_HTML: C:\projects\OrangeHRMWebApplication\output\20191004_112556\execution-output.html
NEXIAL_JUNIT_XML:      C:\projects\OrangeHRMWebApplication\output\20191004_112556\junit.xml
NEXIAL_SUCCESS_RATE:   0.00%
NEXIAL_EXIT_STATUS:    -13
