2019-10-04 12:07:52,195|I|Thread-1|(DELAYED) nexial-core 2.2_0488 starting up...
2019-10-04 12:07:52,202|I|Thread-1|(DELAYED) data file resolved as C:\Users\SANDHI~1.MUN\AppData\Local\Temp\bdfca\OHRM_01_signup.data.xlsx
2019-10-04 12:07:52,202|I|Thread-1|(DELAYED) input files and output directory resolved...
2019-10-04 12:07:52,202|I|Thread-1|(DELAYED) No predefined nexial-setup found
2019-10-04 12:07:52,203|I|Thread-1|(DELAYED) [20191004_120751] [C:\projects\OrangeHRMWebApplication\artifact\script\OHRM_01_signup.xlsx] resolve RUN ID as 20191004_120751
2019-10-04 12:07:52,203|I|Thread-1|(DELAYED) [20191004_120751] [C:\projects\OrangeHRMWebApplication\artifact\script\OHRM_01_signup.xlsx] new thread started
2019-10-04 12:07:52,203|I|Thread-1|No predefined nexial-setup found
2019-10-04 12:07:52,366|I|Thread-1|outputBase not set; output-to-cloud DISABLED!
2019-10-04 12:07:52,369|I|Thread-1|accessKey not set; output-to-cloud DISABLED!
2019-10-04 12:07:52,371|I|Thread-1|secretKey not set; output-to-cloud DISABLED!
2019-10-04 12:07:52,440|I|Thread-1|missing REQUIRED configuration; sms DISABLED!
2019-10-04 12:07:53,885|I|Thread-1|[20191004_120751] executing C:\projects\OrangeHRMWebApplication\artifact\script\OHRM_01_signup.xlsx with 1 iteration(s)
2019-10-04 12:07:53,891|I|Thread-1|[20191004_120751] create directory C:\projects\OrangeHRMWebApplication\output\20191004_120751\captures
2019-10-04 12:07:53,894|I|Thread-1|[20191004_120751] create directory C:\projects\OrangeHRMWebApplication\output\20191004_120751\logs
2019-10-04 12:07:55,627|I|Thread-1|[20191004_120751] merging test data to tmp file C:\projects\OrangeHRMWebApplication\output\20191004_120751\OHRM_01_signup.20191004_120753.001.xlsx
2019-10-04 12:07:55,672|I|Thread-1|refetching data from C:\projects\OrangeHRMWebApplication\artifact\data\OHRM_01_signup.data.xlsx
2019-10-04 12:07:56,951|I|Thread-1|[20191004_120751] test script and test data merged to C:\projects\OrangeHRMWebApplication\output\20191004_120751\OHRM_01_signup.20191004_120753.001.xlsx
2019-10-04 12:07:58,224|I|Thread-1|STARTS
2019-10-04 12:07:58,264|I|Thread-1|OHRM_01_signup.20191004_120753.001 - executing iteration #1 of 1; Iteration Id 1
2019-10-04 12:07:58,275|I|Thread-1|OHRM_01_signup.20191004_120753.001|signup - executing test scenario
2019-10-04 12:07:58,278|I|Thread-1|OHRM_01_signup.20191004_120753.001|signup|Openurl - executing activity
2019-10-04 12:07:58,881|I|Thread-1|OHRM_01_signup.20191004_120753.001|signup|Openurl|#  5|web.open(url) - executing open(url)(${url})
2019-10-04 12:07:58,885|I|Thread-1|No valid instance of webdriver, initializing...
2019-10-04 12:07:58,887|I|Thread-1|init browserstack
2019-10-04 12:07:58,893|E|Thread-1|Error initializing browser 'browserstack': Both nexial.browserstack.username and nexial.browserstack.automatekey are required to use BrowserStack
2019-10-04 12:07:58,895|E|Thread-1|Error initializing browser 'browserstack': Both nexial.browserstack.username and nexial.browserstack.automatekey are required to use BrowserStack
2019-10-04 12:07:59,150|I|Thread-1|OHRM_01_signup.20191004_120753.001|signup|Openurl|#  5|web.open(url) - FAIL Error initializing browser 'browserstack': Both nexial.browserstack.username and nexial.browserstack.automatekey are required to use BrowserStack
2019-10-04 12:07:59,156|I|Thread-1|OHRM_01_signup.20191004_120753.001|signup|Openurl|#  5|web.open(url) - test stopping due to failure on fail-fast command: web.open(url)
2019-10-04 12:07:59,158|I|Thread-1|OHRM_01_signup.20191004_120753.001|signup - test activity execution failed. Because of this, all subsequent test case will be skipped
2019-10-04 12:07:59,160|I|Thread-1|OHRM_01_signup.20191004_120753.001|signup - test activity execution ending due to EndLoopIf() flow control activated or unrecoverable execution failure.
2019-10-04 12:07:59,164|I|Thread-1|OHRM_01_signup.20191004_120753.001|signup - skipping test activity due to previous failure
2019-10-04 12:07:59,165|I|Thread-1|OHRM_01_signup.20191004_120753.001|signup - skipping test activity due to previous failure
2019-10-04 12:07:59,166|I|Thread-1|OHRM_01_signup.20191004_120753.001|signup - skipping test activity due to previous failure
2019-10-04 12:07:59,169|I|Thread-1|OHRM_01_signup.20191004_120753.001|signup - skipping test activity due to previous failure
2019-10-04 12:07:59,172|I|Thread-1|OHRM_01_signup.20191004_120753.001|signup - skipping test activity due to previous failure
2019-10-04 12:07:59,175|I|Thread-1|OHRM_01_signup.20191004_120753.001|signup - skipping test activity due to previous failure
2019-10-04 12:07:59,177|I|Thread-1|OHRM_01_signup.20191004_120753.001|signup - skipping test activity due to previous failure
2019-10-04 12:07:59,178|I|Thread-1|OHRM_01_signup.20191004_120753.001|signup - skipping test activity due to previous failure
2019-10-04 12:07:59,180|I|Thread-1|OHRM_01_signup.20191004_120753.001|signup - skipping test activity due to previous failure
2019-10-04 12:07:59,183|I|Thread-1|OHRM_01_signup.20191004_120753.001|signup - skipping test activity due to previous failure
2019-10-04 12:07:59,189|I|Thread-1|OHRM_01_signup.20191004_120753.001|signup - skipping test activity due to previous failure
2019-10-04 12:07:59,190|I|Thread-1|OHRM_01_signup.20191004_120753.001|signup - skipping test activity due to previous failure
2019-10-04 12:07:59,194|I|Thread-1|OHRM_01_signup.20191004_120753.001|signup - skipping test activity due to previous failure
2019-10-04 12:07:59,195|I|Thread-1|OHRM_01_signup.20191004_120753.001|signup - skipping test activity due to previous failure
2019-10-04 12:07:59,196|I|Thread-1|OHRM_01_signup.20191004_120753.001|signup - skipping test activity due to previous failure
2019-10-04 12:07:59,197|I|Thread-1|OHRM_01_signup.20191004_120753.001|signup - skipping test activity due to previous failure
2019-10-04 12:07:59,204|I|Thread-1|OHRM_01_signup.20191004_120753.001|signup - skipping test activity due to previous failure
2019-10-04 12:07:59,206|I|Thread-1|OHRM_01_signup.20191004_120753.001|signup - skipping test activity due to previous failure
2019-10-04 12:07:59,207|I|Thread-1|OHRM_01_signup.20191004_120753.001|signup - skipping test activity due to previous failure
2019-10-04 12:07:59,230|I|Thread-1|[OHRM_01_signup.20191004_120753.001|signup] saving test scenario
2019-10-04 12:07:59,439|I|Thread-1|OHRM_01_signup.20191004_120753.001|signup - test scenario execution failed, and fail-immediate in effect. Hence all subsequent test scenarios will be skipped
2019-10-04 12:07:59,446|I|Thread-1|[20191004_120751] 
/-TEST COMPLETE-----------------------------------------------------------------
| Test Output:    C:\projects\OrangeHRMWebApplication\output\20191004_120751\OHRM_01_signup.20191004_120753.001.xlsx
| Iteration:      1
\-------------------------------------------------------------------------------
» Execution Time: 1178 ms
» Test Steps:     1
» Error(s):       1



2019-10-04 12:07:59,447|I|Thread-1|OHRM_01_signup.20191004_120753.001 - fail-immediate in effect - test execution will stop now.
2019-10-04 12:08:01,702|I|Thread-1|[20191004_120751] 
/-TEST COMPLETE-----------------------------------------------------------------
| Test Script:    C:\projects\OrangeHRMWebApplication\artifact\script\OHRM_01_signup.xlsx
\-------------------------------------------------------------------------------
» Execution Time: 9903 ms
» Iterations:     [1] total 1
» Test Steps:     1
» Passed:         0
» Error(s):       1
» Iteration 1 of 1: C:\projects\OrangeHRMWebApplication\output\20191004_120751\OHRM_01_signup.20191004_120753.001.xlsx



2019-10-04 12:08:01,798|I|main|[20191004_120751] [C:\projects\OrangeHRMWebApplication\artifact\script\OHRM_01_signup.xlsx] now completed
2019-10-04 12:08:01,799|I|main|[20191004_120751] all execution thread(s) have terminated
2019-10-04 12:08:01,799|I|main|[20191004_120751] test run completed in about 10 seconds
2019-10-04 12:08:01,954|I|main|No predefined nexial-setup found
2019-10-04 12:08:02,001|I|main|outputBase not set; output-to-cloud DISABLED!
2019-10-04 12:08:02,002|I|main|accessKey not set; output-to-cloud DISABLED!
2019-10-04 12:08:02,003|I|main|secretKey not set; output-to-cloud DISABLED!
2019-10-04 12:08:02,006|I|main|generating HTML output for this execution to C:\projects\OrangeHRMWebApplication\output\20191004_120751\execution-output.html
2019-10-04 12:08:02,713|I|main|generating JUnit XML output for this execution to C:\projects\OrangeHRMWebApplication\output\20191004_120751\junit.xml
2019-10-04 12:08:02,765|I|main|Generated JUnit report for this execution: C:\projects\OrangeHRMWebApplication\output\20191004_120751\junit.xml
2019-10-04 12:08:02,786|I|main|nexial mailer not enabled: nexial.enableEmail=false
2019-10-04 12:08:02,787|I|main|skipped email notification as configured
2019-10-04 12:08:02,789|I|main|Exiting Nexial...
2019-10-04 12:08:02,791|I|main|

/-END OF EXECUTION--------------------------------------------------------------
| » Execution Time: 10 sec.
| » Test Steps:     1
| » Passed:         0
| » Failed:         1
| » Success Rate:   0.00%
\---------------------------------------------------------------nexial-core 2.2_0488-

2019-10-04 12:08:02,793|E|main|failure found; success rate is 0.00%
2019-10-04 12:08:02,794|I|main|End of Execution:
OUTPUT:       C:\projects\OrangeHRMWebApplication\output\20191004_120751
EXECUTION:    C:\projects\OrangeHRMWebApplication\output\20191004_120751\execution-output.html
JUNIT XML:    C:\projects\OrangeHRMWebApplication\output\20191004_120751\junit.xml
SUCCESS RATE: 0.00%
EXIT STATUS:  -13
2019-10-04 12:08:02,796|I|main|End of Execution:
NEXIAL_OUTPUT:         C:\projects\OrangeHRMWebApplication\output\20191004_120751
NEXIAL_EXECUTION_HTML: C:\projects\OrangeHRMWebApplication\output\20191004_120751\execution-output.html
NEXIAL_JUNIT_XML:      C:\projects\OrangeHRMWebApplication\output\20191004_120751\junit.xml
NEXIAL_SUCCESS_RATE:   0.00%
NEXIAL_EXIT_STATUS:    -13
