2019-10-01 16:44:40,965|I|Thread-1|(DELAYED) nexial-core 2.2_0488 starting up...
2019-10-01 16:44:40,974|I|Thread-1|(DELAYED) data file resolved as C:\Users\SANDHI~1.MUN\AppData\Local\Temp\JURnp\OHRM_02_features.data.xlsx
2019-10-01 16:44:40,975|I|Thread-1|(DELAYED) input files and output directory resolved...
2019-10-01 16:44:40,975|I|Thread-1|(DELAYED) No predefined nexial-setup found
2019-10-01 16:44:40,975|I|Thread-1|(DELAYED) [20191001_164440] [C:\projects\OrangeHRMWebApplication\artifact\script\OHRM_02_features.xlsx] resolve RUN ID as 20191001_164440
2019-10-01 16:44:40,976|I|Thread-1|(DELAYED) [20191001_164440] [C:\projects\OrangeHRMWebApplication\artifact\script\OHRM_02_features.xlsx] new thread started
2019-10-01 16:44:40,976|I|Thread-1|No predefined nexial-setup found
2019-10-01 16:44:41,119|I|Thread-1|outputBase not set; output-to-cloud DISABLED!
2019-10-01 16:44:41,123|I|Thread-1|accessKey not set; output-to-cloud DISABLED!
2019-10-01 16:44:41,124|I|Thread-1|secretKey not set; output-to-cloud DISABLED!
2019-10-01 16:44:41,164|I|Thread-1|missing REQUIRED configuration; sms DISABLED!
2019-10-01 16:44:42,513|I|Thread-1|[20191001_164440] executing C:\projects\OrangeHRMWebApplication\artifact\script\OHRM_02_features.xlsx with 1 iteration(s)
2019-10-01 16:44:42,518|I|Thread-1|[20191001_164440] create directory C:\projects\OrangeHRMWebApplication\output\20191001_164440\captures
2019-10-01 16:44:42,520|I|Thread-1|[20191001_164440] create directory C:\projects\OrangeHRMWebApplication\output\20191001_164440\logs
2019-10-01 16:44:44,716|I|Thread-1|macro(s) found and merged; C:\projects\OrangeHRMWebApplication\output\20191001_164440\OHRM_02_features.20191001_164442.001.xlsx will need to be saved
2019-10-01 16:44:44,726|I|Thread-1|[20191001_164440] merging test data to tmp file C:\projects\OrangeHRMWebApplication\output\20191001_164440\OHRM_02_features.20191001_164442.001.xlsx
2019-10-01 16:44:44,728|I|Thread-1|refetching data from C:\projects\OrangeHRMWebApplication\artifact\data\OHRM_02_features.data.xlsx
2019-10-01 16:44:45,331|I|Thread-1|[20191001_164440] test script and test data merged to C:\projects\OrangeHRMWebApplication\output\20191001_164440\OHRM_02_features.20191001_164442.001.xlsx
2019-10-01 16:44:46,975|I|Thread-1|STARTS
2019-10-01 16:44:47,022|I|Thread-1|OHRM_02_features.20191001_164442.001 - executing iteration #1 of 1; Iteration Id 1
2019-10-01 16:44:47,038|I|Thread-1|OHRM_02_features.20191001_164442.001|Personnel Information Managemen - executing test scenario
2019-10-01 16:44:47,045|I|Thread-1|OHRM_02_features.20191001_164442.001|Personnel Information Managemen|Feature-Personnel Information Management (PIM) - executing activity
2019-10-01 16:44:47,649|I|Thread-1|OHRM_02_features.20191001_164442.001|Personnel Information Managemen|Feature-Personnel Information Management (PIM)|#  5|base.section(steps) - executing section(steps)(4)
2019-10-01 16:44:47,670|I|Thread-1|OHRM_02_features.20191001_164442.001|Personnel Information Managemen|Feature-Personnel Information Management (PIM)|#  5|base.section(steps) - PASS 
2019-10-01 16:44:48,276|I|Thread-1|OHRM_02_features.20191001_164442.001|Personnel Information Managemen|Feature-Personnel Information Management (PIM)|#  6|web.open(url) - executing open(url)(${url})
2019-10-01 16:44:48,287|I|Thread-1|No valid instance of webdriver, initializing...
2019-10-01 16:44:48,306|I|Thread-1|init chrome
2019-10-01 16:44:52,277|I|Thread-1|browser initialization completed for 'chrome'
2019-10-01 16:44:52,310|I|Thread-1|setting browser polling wait time to 800 ms
2019-10-01 16:44:52,332|I|Thread-1|setting browser page load timeout to 10000 ms
2019-10-01 16:44:52,414|I|Thread-1|OHRM_02_features.20191001_164442.001|Personnel Information Managemen|Feature-Personnel Information Management (PIM)|#  6|web.open(url) - default browser stability wait time is 3000 ms
2019-10-01 16:44:59,582|I|Thread-1|current browser window handle:CDwindow-A51048DCCC98CB6316E1D01E7EDF2DAC
2019-10-01 16:45:00,132|I|Thread-1|OHRM_02_features.20191001_164442.001|Personnel Information Managemen|Feature-Personnel Information Management (PIM)|#  6|web.open(url) - PASS opened URL https://www.orangehrm.com/
2019-10-01 16:45:00,745|I|Thread-1|OHRM_02_features.20191001_164442.001|Personnel Information Managemen|Feature-Personnel Information Management (PIM)|#  7|web.maximizeWindow() - executing maximizeWindow()()
2019-10-01 16:45:01,956|I|Thread-1|OHRM_02_features.20191001_164442.001|Personnel Information Managemen|Feature-Personnel Information Management (PIM)|#  7|web.maximizeWindow() - PASS browser window maximized
2019-10-01 16:45:02,567|I|Thread-1|OHRM_02_features.20191001_164442.001|Personnel Information Managemen|Feature-Personnel Information Management (PIM)|#  8|web.click(locator) - executing click(locator)(${btn.features.loc})
2019-10-01 16:45:02,682|I|Thread-1|clicking '//div[@id='header-navbar']/ul/li/a[text()='Features']'...
2019-10-01 16:45:02,754|I|Thread-1|click target via JS, @id=
2019-10-01 16:45:04,023|I|Thread-1|clicked -> true
2019-10-01 16:45:04,027|I|Thread-1|OHRM_02_features.20191001_164442.001|Personnel Information Managemen|Feature-Personnel Information Management (PIM)|#  8|web.click(locator) - PASS click via JS event
2019-10-01 16:45:04,633|I|Thread-1|OHRM_02_features.20191001_164442.001|Personnel Information Managemen|Feature-Personnel Information Management (PIM)|#  9|web.assertElementByText(l - executing assertElementByText(locator,text)(${btn.features.loc}, ${featuretext})
2019-10-01 16:45:04,781|I|Thread-1|OHRM_02_features.20191001_164442.001|Personnel Information Managemen|Feature-Personnel Information Management (PIM)|#  9|web.assertElementByText(l - PASS validated locator '//div[@id='header-navbar']/ul/li/a[text()='Features']' by text 'Features' as EXPECTED
2019-10-01 16:45:05,402|I|Thread-1|OHRM_02_features.20191001_164442.001|Personnel Information Managemen|Feature-Personnel Information Management (PIM)|# 10|web.assertAndClick(locato - executing assertAndClick(locator,label)(${btn.pim.loc}, ${PIMlabel})
2019-10-01 16:45:05,700|I|Thread-1|clicking '//h4[text()='Personnel Information Management (PIM)' and text() = 'Personnel Information Management (PIM)']'...
2019-10-01 16:45:05,752|I|Thread-1|click target via JS, @id=
2019-10-01 16:45:08,789|I|Thread-1|clicked -> true
2019-10-01 16:45:08,797|I|Thread-1|OHRM_02_features.20191001_164442.001|Personnel Information Managemen|Feature-Personnel Information Management (PIM)|# 10|web.assertAndClick(locato - PASS click via JS event
2019-10-01 16:45:09,402|I|Thread-1|OHRM_02_features.20191001_164442.001|Personnel Information Managemen|Feature-Personnel Information Management (PIM)|# 11|web.scrollTo(locator) - executing scrollTo(locator)(${btn.customfields.loc})
2019-10-01 16:45:09,592|I|Thread-1|OHRM_02_features.20191001_164442.001|Personnel Information Managemen|Feature-Personnel Information Management (PIM)|# 11|web.scrollTo(locator) - PASS scrolled to '//h4[text()='Custom Fields']/following-sibling::a'
2019-10-01 16:45:10,204|I|Thread-1|OHRM_02_features.20191001_164442.001|Personnel Information Managemen|Feature-Personnel Information Management (PIM)|# 12|web.assertTextPresent(tex - executing assertTextPresent(text)(${CustomFields})
2019-10-01 16:45:10,292|I|Thread-1|OHRM_02_features.20191001_164442.001|Personnel Information Managemen|Feature-Personnel Information Management (PIM)|# 12|web.assertTextPresent(tex - PASS EXPECTED text 'Custom Fields' found
2019-10-01 16:45:10,908|I|Thread-1|OHRM_02_features.20191001_164442.001|Personnel Information Managemen|Feature-Personnel Information Management (PIM)|# 13|web.click(locator) - executing click(locator)(${btn.customfields.loc})
2019-10-01 16:45:10,987|I|Thread-1|clicking '//h4[text()='Custom Fields']/following-sibling::a'...
2019-10-01 16:45:11,036|I|Thread-1|click target via JS, @id=
2019-10-01 16:45:11,124|I|Thread-1|clicked -> true
2019-10-01 16:45:11,126|I|Thread-1|OHRM_02_features.20191001_164442.001|Personnel Information Managemen|Feature-Personnel Information Management (PIM)|# 13|web.click(locator) - PASS click via JS event
2019-10-01 16:45:11,737|I|Thread-1|OHRM_02_features.20191001_164442.001|Personnel Information Managemen|Feature-Personnel Information Management (PIM)|# 14|web.scrollTo(locator) - executing scrollTo(locator)(${btn.addemployee.loc})
2019-10-01 16:45:11,908|I|Thread-1|OHRM_02_features.20191001_164442.001|Personnel Information Managemen|Feature-Personnel Information Management (PIM)|# 14|web.scrollTo(locator) - PASS scrolled to '//h4[text()='Add employee']/following-sibling::a'
2019-10-01 16:45:12,533|I|Thread-1|OHRM_02_features.20191001_164442.001|Personnel Information Managemen|Feature-Personnel Information Management (PIM)|# 15|web.assertTextPresent(tex - executing assertTextPresent(text)(${AddEmployee})
2019-10-01 16:45:12,607|I|Thread-1|OHRM_02_features.20191001_164442.001|Personnel Information Managemen|Feature-Personnel Information Management (PIM)|# 15|web.assertTextPresent(tex - PASS EXPECTED text 'Add employee' found
2019-10-01 16:45:13,214|I|Thread-1|OHRM_02_features.20191001_164442.001|Personnel Information Managemen|Feature-Personnel Information Management (PIM)|# 16|web.click(locator) - executing click(locator)(${btn.addemployee.loc})
2019-10-01 16:45:13,288|I|Thread-1|clicking '//h4[text()='Add employee']/following-sibling::a'...
2019-10-01 16:45:13,331|I|Thread-1|click target via JS, @id=
2019-10-01 16:45:13,418|I|Thread-1|clicked -> true
2019-10-01 16:45:13,421|I|Thread-1|OHRM_02_features.20191001_164442.001|Personnel Information Managemen|Feature-Personnel Information Management (PIM)|# 16|web.click(locator) - PASS click via JS event
2019-10-01 16:45:14,025|I|Thread-1|OHRM_02_features.20191001_164442.001|Personnel Information Managemen|Feature-Personnel Information Management (PIM)|# 17|web.scrollTo(locator) - executing scrollTo(locator)(${btn.bulkupdate.loc})
2019-10-01 16:45:14,196|I|Thread-1|OHRM_02_features.20191001_164442.001|Personnel Information Managemen|Feature-Personnel Information Management (PIM)|# 17|web.scrollTo(locator) - PASS scrolled to '//h4[text()='Bulk Update']/following-sibling::a'
2019-10-01 16:45:14,804|I|Thread-1|OHRM_02_features.20191001_164442.001|Personnel Information Managemen|Feature-Personnel Information Management (PIM)|# 18|web.assertTextPresent(tex - executing assertTextPresent(text)(${BulkUpdate})
2019-10-01 16:45:14,942|I|Thread-1|OHRM_02_features.20191001_164442.001|Personnel Information Managemen|Feature-Personnel Information Management (PIM)|# 18|web.assertTextPresent(tex - PASS EXPECTED text 'Bulk Update' found
2019-10-01 16:45:15,547|I|Thread-1|OHRM_02_features.20191001_164442.001|Personnel Information Managemen|Feature-Personnel Information Management (PIM)|# 19|web.click(locator) - executing click(locator)(${btn.bulkupdate.loc})
2019-10-01 16:45:15,613|I|Thread-1|clicking '//h4[text()='Bulk Update']/following-sibling::a'...
2019-10-01 16:45:15,661|I|Thread-1|click target via JS, @id=
2019-10-01 16:45:15,739|I|Thread-1|clicked -> true
2019-10-01 16:45:15,742|I|Thread-1|OHRM_02_features.20191001_164442.001|Personnel Information Managemen|Feature-Personnel Information Management (PIM)|# 19|web.click(locator) - PASS click via JS event
2019-10-01 16:45:16,345|I|Thread-1|OHRM_02_features.20191001_164442.001|Personnel Information Managemen|Feature-Personnel Information Management (PIM)|# 20|web.scrollTo(locator) - executing scrollTo(locator)(${btn.myshortcuts.loc})
2019-10-01 16:45:16,579|I|Thread-1|OHRM_02_features.20191001_164442.001|Personnel Information Managemen|Feature-Personnel Information Management (PIM)|# 20|web.scrollTo(locator) - PASS scrolled to '//h4[text()='My shortcuts']/following-sibling::a'
2019-10-01 16:45:17,193|I|Thread-1|OHRM_02_features.20191001_164442.001|Personnel Information Managemen|Feature-Personnel Information Management (PIM)|# 21|web.assertTextPresent(tex - executing assertTextPresent(text)(${MyShortcuts})
2019-10-01 16:45:17,261|I|Thread-1|OHRM_02_features.20191001_164442.001|Personnel Information Managemen|Feature-Personnel Information Management (PIM)|# 21|web.assertTextPresent(tex - PASS EXPECTED text 'My shortcuts' found
2019-10-01 16:45:17,865|I|Thread-1|OHRM_02_features.20191001_164442.001|Personnel Information Managemen|Feature-Personnel Information Management (PIM)|# 22|web.click(locator) - executing click(locator)(${btn.myshortcuts.loc})
2019-10-01 16:45:17,926|I|Thread-1|clicking '//h4[text()='My shortcuts']/following-sibling::a'...
2019-10-01 16:45:17,969|I|Thread-1|click target via JS, @id=
2019-10-01 16:45:18,039|I|Thread-1|clicked -> true
2019-10-01 16:45:18,041|I|Thread-1|OHRM_02_features.20191001_164442.001|Personnel Information Managemen|Feature-Personnel Information Management (PIM)|# 22|web.click(locator) - PASS click via JS event
2019-10-01 16:45:18,644|I|Thread-1|OHRM_02_features.20191001_164442.001|Personnel Information Managemen|Feature-Personnel Information Management (PIM)|# 23|web.scrollTo(locator) - executing scrollTo(locator)(${btn.reportingtools.loc})
2019-10-01 16:45:18,833|I|Thread-1|OHRM_02_features.20191001_164442.001|Personnel Information Managemen|Feature-Personnel Information Management (PIM)|# 23|web.scrollTo(locator) - PASS scrolled to '//h4[text()='Reporting tools']/following-sibling::a'
2019-10-01 16:45:19,454|I|Thread-1|OHRM_02_features.20191001_164442.001|Personnel Information Managemen|Feature-Personnel Information Management (PIM)|# 24|web.assertTextPresent(tex - executing assertTextPresent(text)(${ReportingTools})
2019-10-01 16:45:19,530|I|Thread-1|OHRM_02_features.20191001_164442.001|Personnel Information Managemen|Feature-Personnel Information Management (PIM)|# 24|web.assertTextPresent(tex - PASS EXPECTED text 'Reporting tools' found
2019-10-01 16:45:20,136|I|Thread-1|OHRM_02_features.20191001_164442.001|Personnel Information Managemen|Feature-Personnel Information Management (PIM)|# 25|web.click(locator) - executing click(locator)(${btn.reportingtools.loc})
2019-10-01 16:45:20,209|I|Thread-1|clicking '//h4[text()='Reporting tools']/following-sibling::a'...
2019-10-01 16:45:20,262|I|Thread-1|click target via JS, @id=
2019-10-01 16:45:20,341|I|Thread-1|clicked -> true
2019-10-01 16:45:20,343|I|Thread-1|OHRM_02_features.20191001_164442.001|Personnel Information Managemen|Feature-Personnel Information Management (PIM)|# 25|web.click(locator) - PASS click via JS event
2019-10-01 16:45:20,946|I|Thread-1|OHRM_02_features.20191001_164442.001|Personnel Information Managemen|Feature-Personnel Information Management (PIM)|# 26|base.macro(file,sheet,nam - executing macro(file,sheet,name)(nexial-macro.xlsx, Macros, Display_Message)
2019-10-01 16:45:20,960|I|Thread-1|OHRM_02_features.20191001_164442.001|Personnel Information Managemen|Feature-Personnel Information Management (PIM)|# 26|base.macro(file,sheet,nam - FAIL Runtime error: Macro reference (nexial-macro.xlsx,Macros,Display_Message) not expanded
2019-10-01 16:45:20,962|I|Thread-1|OHRM_02_features.20191001_164442.001|Personnel Information Managemen|Feature-Personnel Information Management (PIM)|# 26|base.macro(file,sheet,nam - test stopping due fail-immediate in effect
2019-10-01 16:45:20,973|I|Thread-1|OHRM_02_features.20191001_164442.001|Personnel Information Managemen - test activity execution failed. Because of this, all subsequent test case will be skipped
2019-10-01 16:45:20,975|I|Thread-1|OHRM_02_features.20191001_164442.001|Personnel Information Managemen - test activity execution ending due to EndLoopIf() flow control activated or unrecoverable execution failure.
2019-10-01 16:45:21,490|I|Thread-1|[OHRM_02_features.20191001_164442.001|Personnel Information Managemen] saving test scenario
2019-10-01 16:45:22,455|I|Thread-1|OHRM_02_features.20191001_164442.001|Personnel Information Managemen - test scenario execution failed, and fail-immediate in effect. Hence all subsequent test scenarios will be skipped
2019-10-01 16:45:22,479|I|Thread-1|[20191001_164440] 
/-TEST COMPLETE-----------------------------------------------------------------
| Test Output:    C:\projects\OrangeHRMWebApplication\output\20191001_164440\OHRM_02_features.20191001_164442.001.xlsx
| Iteration:      1
\-------------------------------------------------------------------------------
» Execution Time: 35444 ms
» Test Steps:     22
» Error(s):       1



2019-10-01 16:45:22,489|I|Thread-1|OHRM_02_features.20191001_164442.001 - fail-immediate in effect - test execution will stop now.
2019-10-01 16:45:24,719|I|Thread-1|[20191001_164440] 
/-TEST COMPLETE-----------------------------------------------------------------
| Test Script:    C:\projects\OrangeHRMWebApplication\artifact\script\OHRM_02_features.xlsx
\-------------------------------------------------------------------------------
» Execution Time: 44053 ms
» Iterations:     [1] total 1
» Test Steps:     22
» Passed:         21
» Error(s):       1
» Iteration 1 of 1: C:\projects\OrangeHRMWebApplication\output\20191001_164440\OHRM_02_features.20191001_164442.001.xlsx



2019-10-01 16:45:24,793|I|main|[20191001_164440] [C:\projects\OrangeHRMWebApplication\artifact\script\OHRM_02_features.xlsx] now completed
2019-10-01 16:45:24,795|I|main|[20191001_164440] all execution thread(s) have terminated
2019-10-01 16:45:24,796|I|main|[20191001_164440] test run completed in about 44 seconds
2019-10-01 16:45:24,988|I|main|No predefined nexial-setup found
2019-10-01 16:45:25,043|I|main|outputBase not set; output-to-cloud DISABLED!
2019-10-01 16:45:25,045|I|main|accessKey not set; output-to-cloud DISABLED!
2019-10-01 16:45:25,046|I|main|secretKey not set; output-to-cloud DISABLED!
2019-10-01 16:45:25,055|I|main|generating HTML output for this execution to C:\projects\OrangeHRMWebApplication\output\20191001_164440\execution-output.html
