2019-10-01 11:53:14,182|I|Thread-1|(DELAYED) nexial-core 2.2_0488 starting up...
2019-10-01 11:53:14,189|I|Thread-1|(DELAYED) data file resolved as C:\Users\SANDHI~1.MUN\AppData\Local\Temp\HQeoM\OHRM_02_features.data.xlsx
2019-10-01 11:53:14,190|I|Thread-1|(DELAYED) input files and output directory resolved...
2019-10-01 11:53:14,190|I|Thread-1|(DELAYED) No predefined nexial-setup found
2019-10-01 11:53:14,190|I|Thread-1|(DELAYED) [20191001_115313] [C:\projects\OrangeHRMWebApplication\artifact\script\OHRM_02_features.xlsx] resolve RUN ID as 20191001_115313
2019-10-01 11:53:14,190|I|Thread-1|(DELAYED) [20191001_115313] [C:\projects\OrangeHRMWebApplication\artifact\script\OHRM_02_features.xlsx] new thread started
2019-10-01 11:53:14,191|I|Thread-1|No predefined nexial-setup found
2019-10-01 11:53:14,316|I|Thread-1|outputBase not set; output-to-cloud DISABLED!
2019-10-01 11:53:14,320|I|Thread-1|accessKey not set; output-to-cloud DISABLED!
2019-10-01 11:53:14,321|I|Thread-1|secretKey not set; output-to-cloud DISABLED!
2019-10-01 11:53:14,360|I|Thread-1|missing REQUIRED configuration; sms DISABLED!
2019-10-01 11:53:15,633|I|Thread-1|[20191001_115313] executing C:\projects\OrangeHRMWebApplication\artifact\script\OHRM_02_features.xlsx with 1 iteration(s)
2019-10-01 11:53:15,638|I|Thread-1|[20191001_115313] create directory C:\projects\OrangeHRMWebApplication\output\20191001_115313\captures
2019-10-01 11:53:15,639|I|Thread-1|[20191001_115313] create directory C:\projects\OrangeHRMWebApplication\output\20191001_115313\logs
2019-10-01 11:53:16,563|I|Thread-1|[20191001_115313] merging test data to tmp file C:\projects\OrangeHRMWebApplication\output\20191001_115313\OHRM_02_features.20191001_115315.001.xlsx
2019-10-01 11:53:16,564|I|Thread-1|refetching data from C:\projects\OrangeHRMWebApplication\artifact\data\OHRM_02_features.data.xlsx
2019-10-01 11:53:17,121|I|Thread-1|[20191001_115313] test script and test data merged to C:\projects\OrangeHRMWebApplication\output\20191001_115313\OHRM_02_features.20191001_115315.001.xlsx
2019-10-01 11:53:18,198|I|Thread-1|STARTS
2019-10-01 11:53:18,233|I|Thread-1|OHRM_02_features.20191001_115315.001 - executing iteration #1 of 1; Iteration Id 1
2019-10-01 11:53:18,245|I|Thread-1|OHRM_02_features.20191001_115315.001|orangehrm - executing test scenario
2019-10-01 11:53:18,247|I|Thread-1|OHRM_02_features.20191001_115315.001|orangehrm|Features - executing activity
2019-10-01 11:53:18,851|I|Thread-1|OHRM_02_features.20191001_115315.001|orangehrm|Features|#  5|web.open(url) - executing open(url)(${url})
2019-10-01 11:53:18,863|I|Thread-1|No valid instance of webdriver, initializing...
2019-10-01 11:53:18,867|I|Thread-1|init chrome
2019-10-01 11:53:22,725|I|Thread-1|browser initialization completed for 'chrome'
2019-10-01 11:53:22,772|I|Thread-1|setting browser polling wait time to 800 ms
2019-10-01 11:53:22,804|I|Thread-1|setting browser page load timeout to 10000 ms
2019-10-01 11:53:22,898|I|Thread-1|OHRM_02_features.20191001_115315.001|orangehrm|Features|#  5|web.open(url) - default browser stability wait time is 3000 ms
2019-10-01 11:53:30,427|I|Thread-1|current browser window handle:CDwindow-9F7C7A7E4B45549E1EEAA558A5E519BA
2019-10-01 11:53:30,883|I|Thread-1|OHRM_02_features.20191001_115315.001|orangehrm|Features|#  5|web.open(url) - PASS opened URL https://www.orangehrm.com/
2019-10-01 11:53:31,487|I|Thread-1|OHRM_02_features.20191001_115315.001|orangehrm|Features|#  6|web.maximizeWindow() - executing maximizeWindow()()
2019-10-01 11:53:32,776|I|Thread-1|OHRM_02_features.20191001_115315.001|orangehrm|Features|#  6|web.maximizeWindow() - PASS browser window maximized
2019-10-01 11:53:33,384|I|Thread-1|OHRM_02_features.20191001_115315.001|orangehrm|Features|#  7|web.click(locator) - executing click(locator)(${btn.features.loc})
2019-10-01 11:53:33,468|I|Thread-1|clicking '//div[@id='header-navbar']/ul/li/a[text()='Features']'...
2019-10-01 11:53:33,525|I|Thread-1|click target via JS, @id=
2019-10-01 11:53:34,593|I|Thread-1|clicked -> true
2019-10-01 11:53:34,598|I|Thread-1|OHRM_02_features.20191001_115315.001|orangehrm|Features|#  7|web.click(locator) - PASS click via JS event
2019-10-01 11:53:35,201|I|Thread-1|OHRM_02_features.20191001_115315.001|orangehrm|Features|#  8|web.click(locator) - executing click(locator)(${btn.pim.loc})
2019-10-01 11:53:35,282|I|Thread-1|clicking '//h4[text()='Personnel Information Management (PIM)']'...
2019-10-01 11:53:35,348|I|Thread-1|click target via JS, @id=
2019-10-01 11:53:38,049|I|Thread-1|clicked -> true
2019-10-01 11:53:38,053|I|Thread-1|OHRM_02_features.20191001_115315.001|orangehrm|Features|#  8|web.click(locator) - PASS click via JS event
2019-10-01 11:53:38,657|I|Thread-1|OHRM_02_features.20191001_115315.001|orangehrm|Features|#  9|web.scrollTo(locator) - executing scrollTo(locator)(${btn.customfields.loc})
2019-10-01 11:53:38,802|I|Thread-1|OHRM_02_features.20191001_115315.001|orangehrm|Features|#  9|web.scrollTo(locator) - PASS scrolled to '//h4[text()='Custom Fields']/following-sibling::a'
2019-10-01 11:53:39,408|I|Thread-1|OHRM_02_features.20191001_115315.001|orangehrm|Features|# 10|web.click(locator) - executing click(locator)(${btn.customfields.loc})
2019-10-01 11:53:39,501|I|Thread-1|clicking '//h4[text()='Custom Fields']/following-sibling::a'...
2019-10-01 11:53:39,553|I|Thread-1|click target via JS, @id=
2019-10-01 11:53:39,638|I|Thread-1|clicked -> true
2019-10-01 11:53:39,640|I|Thread-1|OHRM_02_features.20191001_115315.001|orangehrm|Features|# 10|web.click(locator) - PASS click via JS event
2019-10-01 11:53:40,243|I|Thread-1|OHRM_02_features.20191001_115315.001|orangehrm|Features|# 11|web.scrollTo(locator) - executing scrollTo(locator)(${btn.addemployee.loc})
2019-10-01 11:53:40,270|E|Thread-1|invalid locator:
2019-10-01 11:53:40,271|E|Thread-1|invalid locator:
2019-10-01 11:53:40,274|I|Thread-1|OHRM_02_features.20191001_115315.001|orangehrm|Features|# 11|web.scrollTo(locator) - FAIL invalid locator:
2019-10-01 11:53:40,878|I|Thread-1|OHRM_02_features.20191001_115315.001|orangehrm|Features|# 12|web.click(locator) - executing click(locator)(${btn.addemployee.loc})
2019-10-01 11:53:40,904|E|Thread-1|invalid locator:
2019-10-01 11:53:40,905|E|Thread-1|invalid locator:
2019-10-01 11:53:40,906|I|Thread-1|OHRM_02_features.20191001_115315.001|orangehrm|Features|# 12|web.click(locator) - FAIL invalid locator:
2019-10-01 11:53:41,304|I|Thread-1|[OHRM_02_features.20191001_115315.001|orangehrm] saving test scenario
2019-10-01 11:53:41,839|I|Thread-1|[20191001_115313] 
/-TEST COMPLETE-----------------------------------------------------------------
| Test Output:    C:\projects\OrangeHRMWebApplication\output\20191001_115313\OHRM_02_features.20191001_115315.001.xlsx
| Iteration:      1
\-------------------------------------------------------------------------------
» Execution Time: 23562 ms
» Test Steps:     8
» Error(s):       2



2019-10-01 11:53:44,834|I|Thread-1|[20191001_115313] 
/-TEST COMPLETE-----------------------------------------------------------------
| Test Script:    C:\projects\OrangeHRMWebApplication\artifact\script\OHRM_02_features.xlsx
\-------------------------------------------------------------------------------
» Execution Time: 30950 ms
» Iterations:     [1] total 1
» Test Steps:     8
» Passed:         6
» Error(s):       2
» Iteration 1 of 1: C:\projects\OrangeHRMWebApplication\output\20191001_115313\OHRM_02_features.20191001_115315.001.xlsx



2019-10-01 11:53:44,906|I|main|[20191001_115313] [C:\projects\OrangeHRMWebApplication\artifact\script\OHRM_02_features.xlsx] now completed
2019-10-01 11:53:44,907|I|main|[20191001_115313] all execution thread(s) have terminated
2019-10-01 11:53:44,908|I|main|[20191001_115313] test run completed in about 31 seconds
2019-10-01 11:53:45,050|I|main|No predefined nexial-setup found
2019-10-01 11:53:45,102|I|main|outputBase not set; output-to-cloud DISABLED!
2019-10-01 11:53:45,105|I|main|accessKey not set; output-to-cloud DISABLED!
2019-10-01 11:53:45,105|I|main|secretKey not set; output-to-cloud DISABLED!
2019-10-01 11:53:45,107|I|main|generating HTML output for this execution to C:\projects\OrangeHRMWebApplication\output\20191001_115313\execution-output.html
2019-10-01 11:53:46,192|I|main|generating JUnit XML output for this execution to C:\projects\OrangeHRMWebApplication\output\20191001_115313\junit.xml
2019-10-01 11:53:46,257|I|main|Generated JUnit report for this execution: C:\projects\OrangeHRMWebApplication\output\20191001_115313\junit.xml
2019-10-01 11:53:46,284|I|main|nexial mailer not enabled: nexial.enableEmail=false
2019-10-01 11:53:46,285|I|main|skipped email notification as configured
2019-10-01 11:53:46,288|I|main|Exiting Nexial...
2019-10-01 11:53:46,289|I|main|shutdown starts...
2019-10-01 11:53:46,291|I|main|Shutting down 'chrome' webdriver...
2019-10-01 11:53:53,360|I|main|shutdown ends...
2019-10-01 11:53:53,364|I|main|

/-END OF EXECUTION--------------------------------------------------------------
| » Execution Time: 31 sec.
| » Test Steps:     8
| » Passed:         6
| » Failed:         2
| » Success Rate:   75.00%
\---------------------------------------------------------------nexial-core 2.2_0488-

2019-10-01 11:53:53,365|E|main|failure found; success rate is 75.00%
2019-10-01 11:53:53,367|I|main|End of Execution:
OUTPUT:       C:\projects\OrangeHRMWebApplication\output\20191001_115313
EXECUTION:    C:\projects\OrangeHRMWebApplication\output\20191001_115313\execution-output.html
JUNIT XML:    C:\projects\OrangeHRMWebApplication\output\20191001_115313\junit.xml
SUCCESS RATE: 75.00%
EXIT STATUS:  -13
2019-10-01 11:53:53,372|I|main|End of Execution:
NEXIAL_OUTPUT:         C:\projects\OrangeHRMWebApplication\output\20191001_115313
NEXIAL_EXECUTION_HTML: C:\projects\OrangeHRMWebApplication\output\20191001_115313\execution-output.html
NEXIAL_JUNIT_XML:      C:\projects\OrangeHRMWebApplication\output\20191001_115313\junit.xml
NEXIAL_SUCCESS_RATE:   75.00%
NEXIAL_EXIT_STATUS:    -13
