2019-10-01 16:17:54,629|I|Thread-1|(DELAYED) nexial-core 2.2_0488 starting up...
2019-10-01 16:17:54,637|I|Thread-1|(DELAYED) data file resolved as C:\Users\SANDHI~1.MUN\AppData\Local\Temp\VHpta\OHRM_02_features.data.xlsx
2019-10-01 16:17:54,638|I|Thread-1|(DELAYED) input files and output directory resolved...
2019-10-01 16:17:54,638|I|Thread-1|(DELAYED) No predefined nexial-setup found
2019-10-01 16:17:54,638|I|Thread-1|(DELAYED) [20191001_161754] [C:\projects\OrangeHRMWebApplication\artifact\script\OHRM_02_features.xlsx] resolve RUN ID as 20191001_161754
2019-10-01 16:17:54,638|I|Thread-1|(DELAYED) [20191001_161754] [C:\projects\OrangeHRMWebApplication\artifact\script\OHRM_02_features.xlsx] new thread started
2019-10-01 16:17:54,639|I|Thread-1|No predefined nexial-setup found
2019-10-01 16:17:54,824|I|Thread-1|outputBase not set; output-to-cloud DISABLED!
2019-10-01 16:17:54,825|I|Thread-1|accessKey not set; output-to-cloud DISABLED!
2019-10-01 16:17:54,828|I|Thread-1|secretKey not set; output-to-cloud DISABLED!
2019-10-01 16:17:54,895|I|Thread-1|missing REQUIRED configuration; sms DISABLED!
2019-10-01 16:17:56,626|I|Thread-1|[20191001_161754] executing C:\projects\OrangeHRMWebApplication\artifact\script\OHRM_02_features.xlsx with 1 iteration(s)
2019-10-01 16:17:56,632|I|Thread-1|[20191001_161754] create directory C:\projects\OrangeHRMWebApplication\output\20191001_161754\captures
2019-10-01 16:17:56,634|I|Thread-1|[20191001_161754] create directory C:\projects\OrangeHRMWebApplication\output\20191001_161754\logs
2019-10-01 16:17:59,606|I|Thread-1|macro(s) found and merged; C:\projects\OrangeHRMWebApplication\output\20191001_161754\OHRM_02_features.20191001_161756.001.xlsx will need to be saved
2019-10-01 16:17:59,615|I|Thread-1|[20191001_161754] merging test data to tmp file C:\projects\OrangeHRMWebApplication\output\20191001_161754\OHRM_02_features.20191001_161756.001.xlsx
2019-10-01 16:17:59,616|I|Thread-1|refetching data from C:\projects\OrangeHRMWebApplication\artifact\data\OHRM_02_features.data.xlsx
2019-10-01 16:18:00,308|I|Thread-1|[20191001_161754] test script and test data merged to C:\projects\OrangeHRMWebApplication\output\20191001_161754\OHRM_02_features.20191001_161756.001.xlsx
2019-10-01 16:18:01,992|I|Thread-1|STARTS
2019-10-01 16:18:02,044|I|Thread-1|OHRM_02_features.20191001_161756.001 - executing iteration #1 of 1; Iteration Id 1
2019-10-01 16:18:02,060|I|Thread-1|OHRM_02_features.20191001_161756.001|Personnel Information Managemen - executing test scenario
2019-10-01 16:18:02,064|I|Thread-1|OHRM_02_features.20191001_161756.001|Personnel Information Managemen|Feature-Personnel Information Management (PIM) - executing activity
2019-10-01 16:18:02,671|I|Thread-1|OHRM_02_features.20191001_161756.001|Personnel Information Managemen|Feature-Personnel Information Management (PIM)|#  5|base.section(steps) - executing section(steps)(4)
2019-10-01 16:18:02,698|I|Thread-1|OHRM_02_features.20191001_161756.001|Personnel Information Managemen|Feature-Personnel Information Management (PIM)|#  5|base.section(steps) - PASS 
2019-10-01 16:18:03,304|I|Thread-1|OHRM_02_features.20191001_161756.001|Personnel Information Managemen|Feature-Personnel Information Management (PIM)|#  6|web.open(url) - executing open(url)(${url})
2019-10-01 16:18:03,313|I|Thread-1|No valid instance of webdriver, initializing...
2019-10-01 16:18:03,322|I|Thread-1|init chrome
2019-10-01 16:18:07,069|I|Thread-1|browser initialization completed for 'chrome'
2019-10-01 16:18:07,104|I|Thread-1|setting browser polling wait time to 800 ms
2019-10-01 16:18:07,131|I|Thread-1|setting browser page load timeout to 10000 ms
2019-10-01 16:18:07,210|I|Thread-1|OHRM_02_features.20191001_161756.001|Personnel Information Managemen|Feature-Personnel Information Management (PIM)|#  6|web.open(url) - default browser stability wait time is 3000 ms
2019-10-01 16:18:14,488|I|Thread-1|current browser window handle:CDwindow-FF1D4658803B0DC76A9BFBFDD6B4941F
2019-10-01 16:18:15,038|I|Thread-1|OHRM_02_features.20191001_161756.001|Personnel Information Managemen|Feature-Personnel Information Management (PIM)|#  6|web.open(url) - PASS opened URL https://www.orangehrm.com/
2019-10-01 16:18:15,669|I|Thread-1|OHRM_02_features.20191001_161756.001|Personnel Information Managemen|Feature-Personnel Information Management (PIM)|#  7|web.maximizeWindow() - executing maximizeWindow()()
2019-10-01 16:18:17,010|I|Thread-1|OHRM_02_features.20191001_161756.001|Personnel Information Managemen|Feature-Personnel Information Management (PIM)|#  7|web.maximizeWindow() - PASS browser window maximized
2019-10-01 16:18:17,617|I|Thread-1|OHRM_02_features.20191001_161756.001|Personnel Information Managemen|Feature-Personnel Information Management (PIM)|#  8|web.click(locator) - executing click(locator)(${btn.features.loc})
2019-10-01 16:18:17,719|I|Thread-1|clicking '//div[@id='header-navbar']/ul/li/a[text()='Features']'...
2019-10-01 16:18:17,794|I|Thread-1|click target via JS, @id=
2019-10-01 16:18:19,080|I|Thread-1|clicked -> true
2019-10-01 16:18:19,083|I|Thread-1|OHRM_02_features.20191001_161756.001|Personnel Information Managemen|Feature-Personnel Information Management (PIM)|#  8|web.click(locator) - PASS click via JS event
2019-10-01 16:18:19,685|I|Thread-1|OHRM_02_features.20191001_161756.001|Personnel Information Managemen|Feature-Personnel Information Management (PIM)|#  9|web.assertElementByText(l - executing assertElementByText(locator,text)(${btn.features.loc}, ${featuretext})
2019-10-01 16:18:19,870|I|Thread-1|OHRM_02_features.20191001_161756.001|Personnel Information Managemen|Feature-Personnel Information Management (PIM)|#  9|web.assertElementByText(l - PASS validated locator '//div[@id='header-navbar']/ul/li/a[text()='Features']' by text 'Features' as EXPECTED
2019-10-01 16:18:20,489|I|Thread-1|OHRM_02_features.20191001_161756.001|Personnel Information Managemen|Feature-Personnel Information Management (PIM)|# 10|web.assertAndClick(locato - executing assertAndClick(locator,label)(${btn.pim.loc}, ${PIMlabel})
2019-10-01 16:18:20,768|I|Thread-1|clicking '//h4[text()='Personnel Information Management (PIM)' and text() = 'Personnel Information Management (PIM)']'...
2019-10-01 16:18:20,821|I|Thread-1|click target via JS, @id=
2019-10-01 16:18:23,930|I|Thread-1|clicked -> true
2019-10-01 16:18:23,935|I|Thread-1|OHRM_02_features.20191001_161756.001|Personnel Information Managemen|Feature-Personnel Information Management (PIM)|# 10|web.assertAndClick(locato - PASS click via JS event
2019-10-01 16:18:24,538|I|Thread-1|OHRM_02_features.20191001_161756.001|Personnel Information Managemen|Feature-Personnel Information Management (PIM)|# 11|web.scrollTo(locator) - executing scrollTo(locator)(${btn.customfields.loc})
2019-10-01 16:18:24,701|I|Thread-1|OHRM_02_features.20191001_161756.001|Personnel Information Managemen|Feature-Personnel Information Management (PIM)|# 11|web.scrollTo(locator) - PASS scrolled to '//h4[text()='Custom Fields']/following-sibling::a'
2019-10-01 16:18:25,306|I|Thread-1|OHRM_02_features.20191001_161756.001|Personnel Information Managemen|Feature-Personnel Information Management (PIM)|# 12|web.assertTextPresent(tex - executing assertTextPresent(text)(${CustomFields})
2019-10-01 16:18:25,382|I|Thread-1|OHRM_02_features.20191001_161756.001|Personnel Information Managemen|Feature-Personnel Information Management (PIM)|# 12|web.assertTextPresent(tex - PASS EXPECTED text 'Custom Fields' found
2019-10-01 16:18:25,987|I|Thread-1|OHRM_02_features.20191001_161756.001|Personnel Information Managemen|Feature-Personnel Information Management (PIM)|# 13|web.click(locator) - executing click(locator)(${btn.customfields.loc})
2019-10-01 16:18:26,072|I|Thread-1|clicking '//h4[text()='Custom Fields']/following-sibling::a'...
2019-10-01 16:18:26,123|I|Thread-1|click target via JS, @id=
2019-10-01 16:18:26,230|I|Thread-1|clicked -> true
2019-10-01 16:18:26,232|I|Thread-1|OHRM_02_features.20191001_161756.001|Personnel Information Managemen|Feature-Personnel Information Management (PIM)|# 13|web.click(locator) - PASS click via JS event
2019-10-01 16:18:26,836|I|Thread-1|OHRM_02_features.20191001_161756.001|Personnel Information Managemen|Feature-Personnel Information Management (PIM)|# 14|web.scrollTo(locator) - executing scrollTo(locator)(${btn.addemployee.loc})
2019-10-01 16:18:27,067|I|Thread-1|OHRM_02_features.20191001_161756.001|Personnel Information Managemen|Feature-Personnel Information Management (PIM)|# 14|web.scrollTo(locator) - PASS scrolled to '//h4[text()='Add employee']/following-sibling::a'
2019-10-01 16:18:27,672|I|Thread-1|OHRM_02_features.20191001_161756.001|Personnel Information Managemen|Feature-Personnel Information Management (PIM)|# 15|web.assertTextPresent(tex - executing assertTextPresent(text)(${AddEmployee})
2019-10-01 16:18:27,740|I|Thread-1|OHRM_02_features.20191001_161756.001|Personnel Information Managemen|Feature-Personnel Information Management (PIM)|# 15|web.assertTextPresent(tex - PASS EXPECTED text 'Add employee' found
2019-10-01 16:18:28,344|I|Thread-1|OHRM_02_features.20191001_161756.001|Personnel Information Managemen|Feature-Personnel Information Management (PIM)|# 16|web.click(locator) - executing click(locator)(${btn.addemployee.loc})
2019-10-01 16:18:28,431|I|Thread-1|clicking '//h4[text()='Add employee']/following-sibling::a'...
2019-10-01 16:18:28,488|I|Thread-1|click target via JS, @id=
2019-10-01 16:18:28,586|I|Thread-1|clicked -> true
2019-10-01 16:18:28,590|I|Thread-1|OHRM_02_features.20191001_161756.001|Personnel Information Managemen|Feature-Personnel Information Management (PIM)|# 16|web.click(locator) - PASS click via JS event
2019-10-01 16:18:29,195|I|Thread-1|OHRM_02_features.20191001_161756.001|Personnel Information Managemen|Feature-Personnel Information Management (PIM)|# 17|web.scrollTo(locator) - executing scrollTo(locator)(${btn.bulkupdate.loc})
2019-10-01 16:18:29,408|I|Thread-1|OHRM_02_features.20191001_161756.001|Personnel Information Managemen|Feature-Personnel Information Management (PIM)|# 17|web.scrollTo(locator) - PASS scrolled to '//h4[text()='Bulk Update']/following-sibling::a'
2019-10-01 16:18:30,013|I|Thread-1|OHRM_02_features.20191001_161756.001|Personnel Information Managemen|Feature-Personnel Information Management (PIM)|# 18|web.assertTextPresent(tex - executing assertTextPresent(text)(${BulkUpdate})
2019-10-01 16:18:30,102|I|Thread-1|OHRM_02_features.20191001_161756.001|Personnel Information Managemen|Feature-Personnel Information Management (PIM)|# 18|web.assertTextPresent(tex - PASS EXPECTED text 'Bulk Update' found
2019-10-01 16:18:30,713|I|Thread-1|OHRM_02_features.20191001_161756.001|Personnel Information Managemen|Feature-Personnel Information Management (PIM)|# 19|web.click(locator) - executing click(locator)(${btn.bulkupdate.loc})
2019-10-01 16:18:30,782|I|Thread-1|clicking '//h4[text()='Bulk Update']/following-sibling::a'...
2019-10-01 16:18:30,822|I|Thread-1|click target via JS, @id=
2019-10-01 16:18:30,896|I|Thread-1|clicked -> true
2019-10-01 16:18:30,899|I|Thread-1|OHRM_02_features.20191001_161756.001|Personnel Information Managemen|Feature-Personnel Information Management (PIM)|# 19|web.click(locator) - PASS click via JS event
2019-10-01 16:18:31,508|I|Thread-1|OHRM_02_features.20191001_161756.001|Personnel Information Managemen|Feature-Personnel Information Management (PIM)|# 20|web.scrollTo(locator) - executing scrollTo(locator)(${btn.myshortcuts.loc})
2019-10-01 16:18:31,668|I|Thread-1|OHRM_02_features.20191001_161756.001|Personnel Information Managemen|Feature-Personnel Information Management (PIM)|# 20|web.scrollTo(locator) - PASS scrolled to '//h4[text()='My shortcuts']/following-sibling::a'
2019-10-01 16:18:32,274|I|Thread-1|OHRM_02_features.20191001_161756.001|Personnel Information Managemen|Feature-Personnel Information Management (PIM)|# 21|web.assertTextPresent(tex - executing assertTextPresent(text)(${MyShortcuts})
2019-10-01 16:18:32,355|I|Thread-1|OHRM_02_features.20191001_161756.001|Personnel Information Managemen|Feature-Personnel Information Management (PIM)|# 21|web.assertTextPresent(tex - PASS EXPECTED text 'My shortcuts' found
2019-10-01 16:18:32,960|I|Thread-1|OHRM_02_features.20191001_161756.001|Personnel Information Managemen|Feature-Personnel Information Management (PIM)|# 22|web.click(locator) - executing click(locator)(${btn.myshortcuts.loc})
2019-10-01 16:18:33,054|I|Thread-1|clicking '//h4[text()='My shortcuts']/following-sibling::a'...
2019-10-01 16:18:33,111|I|Thread-1|click target via JS, @id=
2019-10-01 16:18:33,207|I|Thread-1|clicked -> true
2019-10-01 16:18:33,209|I|Thread-1|OHRM_02_features.20191001_161756.001|Personnel Information Managemen|Feature-Personnel Information Management (PIM)|# 22|web.click(locator) - PASS click via JS event
2019-10-01 16:18:33,812|I|Thread-1|OHRM_02_features.20191001_161756.001|Personnel Information Managemen|Feature-Personnel Information Management (PIM)|# 23|web.scrollTo(locator) - executing scrollTo(locator)(${btn.reportingtools.loc})
2019-10-01 16:18:34,031|I|Thread-1|OHRM_02_features.20191001_161756.001|Personnel Information Managemen|Feature-Personnel Information Management (PIM)|# 23|web.scrollTo(locator) - PASS scrolled to '//h4[text()='Reporting tools']/following-sibling::a'
2019-10-01 16:18:34,640|I|Thread-1|OHRM_02_features.20191001_161756.001|Personnel Information Managemen|Feature-Personnel Information Management (PIM)|# 24|web.assertTextPresent(tex - executing assertTextPresent(text)(${ReportingTools})
2019-10-01 16:18:34,733|I|Thread-1|OHRM_02_features.20191001_161756.001|Personnel Information Managemen|Feature-Personnel Information Management (PIM)|# 24|web.assertTextPresent(tex - PASS EXPECTED text 'Reporting tools' found
2019-10-01 16:18:35,337|I|Thread-1|OHRM_02_features.20191001_161756.001|Personnel Information Managemen|Feature-Personnel Information Management (PIM)|# 25|web.click(locator) - executing click(locator)(${btn.reportingtools.loc})
2019-10-01 16:18:35,441|I|Thread-1|clicking '//h4[text()='Reporting tools']/following-sibling::a'...
2019-10-01 16:18:35,494|I|Thread-1|click target via JS, @id=
2019-10-01 16:18:35,589|I|Thread-1|clicked -> true
2019-10-01 16:18:35,592|I|Thread-1|OHRM_02_features.20191001_161756.001|Personnel Information Managemen|Feature-Personnel Information Management (PIM)|# 25|web.click(locator) - PASS click via JS event
2019-10-01 16:18:36,196|I|Thread-1|OHRM_02_features.20191001_161756.001|Personnel Information Managemen|Feature-Personnel Information Management (PIM)|# 26|base.section(steps) - executing section(steps)(1)
2019-10-01 16:18:36,208|I|Thread-1|OHRM_02_features.20191001_161756.001|Personnel Information Managemen|Feature-Personnel Information Management (PIM)|# 26|base.section(steps) - PASS 
2019-10-01 16:18:36,810|I|Thread-1|OHRM_02_features.20191001_161756.001|Personnel Information Managemen|Feature-Personnel Information Management (PIM)|# 27|web.assertAndClick(locato - executing assertAndClick(locator,label)(${btn.tryitnow.loc}, ${TryItNow})
2019-10-01 16:18:36,938|I|Thread-1|OHRM_02_features.20191001_161756.001|Personnel Information Managemen|Feature-Personnel Information Management (PIM)|# 27|web.assertAndClick(locato - text/label for 'Try It Now' not found at //div[@class='feature-module-page']/div/div/div/h3/following-sibling::a
2019-10-01 16:18:36,948|I|Thread-1|OHRM_02_features.20191001_161756.001|Personnel Information Managemen|Feature-Personnel Information Management (PIM)|# 27|web.assertAndClick(locato - FAIL No element with text 'Try It Now' can be found.
2019-10-01 16:18:37,558|I|Thread-1|OHRM_02_features.20191001_161756.001|Personnel Information Managemen|Feature-Personnel Information Management (PIM)|# 28|base.macro(file,sheet,nam - executing macro(file,sheet,name)(nexial-macro.xlsx, Macros, Display_Message)
2019-10-01 16:18:37,562|I|Thread-1|OHRM_02_features.20191001_161756.001|Personnel Information Managemen|Feature-Personnel Information Management (PIM)|# 28|base.macro(file,sheet,nam - FAIL Runtime error: Macro reference (nexial-macro.xlsx,Macros,Display_Message) not expanded
2019-10-01 16:18:37,567|I|Thread-1|OHRM_02_features.20191001_161756.001|Personnel Information Managemen|Feature-Personnel Information Management (PIM)|# 28|base.macro(file,sheet,nam - test stopping due fail-immediate in effect
2019-10-01 16:18:37,573|I|Thread-1|OHRM_02_features.20191001_161756.001|Personnel Information Managemen - test activity execution failed. Because of this, all subsequent test case will be skipped
2019-10-01 16:18:37,576|I|Thread-1|OHRM_02_features.20191001_161756.001|Personnel Information Managemen - test activity execution ending due to EndLoopIf() flow control activated or unrecoverable execution failure.
2019-10-01 16:18:38,085|I|Thread-1|[OHRM_02_features.20191001_161756.001|Personnel Information Managemen] saving test scenario
2019-10-01 16:18:38,940|I|Thread-1|OHRM_02_features.20191001_161756.001|Personnel Information Managemen - test scenario execution failed, and fail-immediate in effect. Hence all subsequent test scenarios will be skipped
2019-10-01 16:18:38,952|I|Thread-1|[20191001_161754] 
/-TEST COMPLETE-----------------------------------------------------------------
| Test Output:    C:\projects\OrangeHRMWebApplication\output\20191001_161754\OHRM_02_features.20191001_161756.001.xlsx
| Iteration:      1
\-------------------------------------------------------------------------------
» Execution Time: 36896 ms
» Test Steps:     24
» Error(s):       2



2019-10-01 16:18:38,953|I|Thread-1|OHRM_02_features.20191001_161756.001 - fail-immediate in effect - test execution will stop now.
2019-10-01 16:18:40,336|I|Thread-1|[20191001_161754] 
/-TEST COMPLETE-----------------------------------------------------------------
| Test Script:    C:\projects\OrangeHRMWebApplication\artifact\script\OHRM_02_features.xlsx
\-------------------------------------------------------------------------------
» Execution Time: 46070 ms
» Iterations:     [1] total 1
» Test Steps:     24
» Passed:         22
» Error(s):       2
» Iteration 1 of 1: C:\projects\OrangeHRMWebApplication\output\20191001_161754\OHRM_02_features.20191001_161756.001.xlsx



2019-10-01 16:18:41,264|I|main|[20191001_161754] [C:\projects\OrangeHRMWebApplication\artifact\script\OHRM_02_features.xlsx] now completed
2019-10-01 16:18:41,266|I|main|[20191001_161754] all execution thread(s) have terminated
2019-10-01 16:18:41,269|I|main|[20191001_161754] test run completed in about 47 seconds
2019-10-01 16:18:41,428|I|main|No predefined nexial-setup found
2019-10-01 16:18:41,488|I|main|outputBase not set; output-to-cloud DISABLED!
2019-10-01 16:18:41,492|I|main|accessKey not set; output-to-cloud DISABLED!
2019-10-01 16:18:41,495|I|main|secretKey not set; output-to-cloud DISABLED!
2019-10-01 16:18:41,512|I|main|generating HTML output for this execution to C:\projects\OrangeHRMWebApplication\output\20191001_161754\execution-output.html
2019-10-01 16:18:42,545|I|main|generating JUnit XML output for this execution to C:\projects\OrangeHRMWebApplication\output\20191001_161754\junit.xml
2019-10-01 16:18:42,623|I|main|Generated JUnit report for this execution: C:\projects\OrangeHRMWebApplication\output\20191001_161754\junit.xml
2019-10-01 16:18:42,627|I|main|nexial mailer not enabled: nexial.enableEmail=false
2019-10-01 16:18:42,628|I|main|skipped email notification as configured
2019-10-01 16:18:42,630|I|main|Exiting Nexial...
2019-10-01 16:18:42,631|I|main|shutdown starts...
2019-10-01 16:18:42,638|I|main|Shutting down 'chrome' webdriver...
2019-10-01 16:18:49,681|I|main|shutdown ends...
2019-10-01 16:18:49,685|I|main|

/-END OF EXECUTION--------------------------------------------------------------
| » Execution Time: 47 sec.
| » Test Steps:     24
| » Passed:         22
| » Failed:         2
| » Success Rate:   91.67%
\---------------------------------------------------------------nexial-core 2.2_0488-

2019-10-01 16:18:49,689|E|main|failure found; success rate is 91.67%
2019-10-01 16:18:49,699|I|main|End of Execution:
OUTPUT:       C:\projects\OrangeHRMWebApplication\output\20191001_161754
EXECUTION:    C:\projects\OrangeHRMWebApplication\output\20191001_161754\execution-output.html
JUNIT XML:    C:\projects\OrangeHRMWebApplication\output\20191001_161754\junit.xml
SUCCESS RATE: 91.67%
EXIT STATUS:  -13
2019-10-01 16:18:49,700|I|main|End of Execution:
NEXIAL_OUTPUT:         C:\projects\OrangeHRMWebApplication\output\20191001_161754
NEXIAL_EXECUTION_HTML: C:\projects\OrangeHRMWebApplication\output\20191001_161754\execution-output.html
NEXIAL_JUNIT_XML:      C:\projects\OrangeHRMWebApplication\output\20191001_161754\junit.xml
NEXIAL_SUCCESS_RATE:   91.67%
NEXIAL_EXIT_STATUS:    -13
