2019-10-03 12:31:21,164|I|Thread-1|(DELAYED) nexial-core 2.2_0488 starting up...
2019-10-03 12:31:21,177|I|Thread-1|(DELAYED) validating test script as C:\projects\OrangeHRMWebApplication\artifact\script\OHRM_01_signup.xlsx
2019-10-03 12:31:21,177|I|Thread-1|(DELAYED) validating data file as C:\projects\OrangeHRMWebApplication\artifact\data\OHRM_01_signup.data.xlsx
2019-10-03 12:31:21,177|I|Thread-1|(DELAYED) validating test script as C:\projects\OrangeHRMWebApplication\artifact\script\OHRM_02_features.xlsx
2019-10-03 12:31:21,177|I|Thread-1|(DELAYED) validating data file as C:\projects\OrangeHRMWebApplication\artifact\data\OHRM_02_features.data.xlsx
2019-10-03 12:31:21,178|I|Thread-1|(DELAYED) input files and output directory resolved...
2019-10-03 12:31:21,178|I|Thread-1|(DELAYED) No predefined nexial-setup found
2019-10-03 12:31:21,179|I|Thread-1|(DELAYED) [20191003_123120] [C:\projects\OrangeHRMWebApplication\artifact\script\OHRM_01_signup.xlsx] resolve RUN ID as 20191003_123120
2019-10-03 12:31:21,179|I|Thread-1|(DELAYED) [20191003_123120] [C:\projects\OrangeHRMWebApplication\artifact\script\OHRM_01_signup.xlsx] new thread started
2019-10-03 12:31:21,179|I|Thread-1|No predefined nexial-setup found
2019-10-03 12:31:21,353|I|Thread-1|outputBase not set; output-to-cloud DISABLED!
2019-10-03 12:31:21,353|I|Thread-1|accessKey not set; output-to-cloud DISABLED!
2019-10-03 12:31:21,353|I|Thread-1|secretKey not set; output-to-cloud DISABLED!
2019-10-03 12:31:21,426|I|Thread-1|missing REQUIRED configuration; sms DISABLED!
2019-10-03 12:31:22,572|I|Thread-1|[20191003_123120] executing C:\projects\OrangeHRMWebApplication\artifact\script\OHRM_01_signup.xlsx with 1 iteration(s)
2019-10-03 12:31:22,575|I|Thread-1|[20191003_123120] create directory C:\projects\OrangeHRMWebApplication\output\20191003_123120\captures
2019-10-03 12:31:22,576|I|Thread-1|[20191003_123120] create directory C:\projects\OrangeHRMWebApplication\output\20191003_123120\logs
2019-10-03 12:31:23,583|I|Thread-1|[20191003_123120] merging test data to tmp file C:\projects\OrangeHRMWebApplication\output\20191003_123120\OrangeHRMWebApplication-plan.001,OHRM_01_signup.20191003_123122.001.xlsx
2019-10-03 12:31:23,583|I|Thread-1|refetching data from C:\projects\OrangeHRMWebApplication\artifact\data\OHRM_01_signup.data.xlsx
2019-10-03 12:31:24,243|I|Thread-1|[20191003_123120] test script and test data merged to C:\projects\OrangeHRMWebApplication\output\20191003_123120\OrangeHRMWebApplication-plan.001,OHRM_01_signup.20191003_123122.001.xlsx
2019-10-03 12:31:24,987|I|Thread-1|STARTS
2019-10-03 12:31:25,013|I|Thread-1|OrangeHRMWebApplication-plan.001,OHRM_01_signup.20191003_123122.001 - executing iteration #1 of 1; Iteration Id 1
2019-10-03 12:31:25,068|I|Thread-1|OrangeHRMWebApplication-plan.001,OHRM_01_signup.20191003_123122.001|signup - executing test scenario
2019-10-03 12:31:25,069|I|Thread-1|OrangeHRMWebApplication-plan.001,OHRM_01_signup.20191003_123122.001|signup|Openurl - executing activity
2019-10-03 12:31:25,670|I|Thread-1|OrangeHRMWebApplication-plan.001,OHRM_01_signup.20191003_123122.001|signup|Openurl|#  5|web.open(url) - executing open(url)(${url})
2019-10-03 12:31:25,675|I|Thread-1|No valid instance of webdriver, initializing...
2019-10-03 12:31:25,679|I|Thread-1|init chrome
2019-10-03 12:31:25,987|I|Thread-1|OrangeHRMWebApplication-plan.001,OHRM_01_signup.20191003_123122.001|signup|Openurl|#  5|web.open(url) - Executing request GET https://chromedriver.storage.googleapis.com/LATEST_RELEASE HTTP/1.1
2019-10-03 12:31:25,988|I|Thread-1|Executing request GET https://chromedriver.storage.googleapis.com/LATEST_RELEASE HTTP/1.1
2019-10-03 12:31:26,807|I|Thread-1|OrangeHRMWebApplication-plan.001,OHRM_01_signup.20191003_123122.001|signup|Openurl|#  5|web.open(url) - Executed request GET https://chromedriver.storage.googleapis.com/LATEST_RELEASE HTTP/1.1: HTTP/1.1 200 OK
2019-10-03 12:31:26,808|I|Thread-1|Executed request GET https://chromedriver.storage.googleapis.com/LATEST_RELEASE HTTP/1.1: HTTP/1.1 200 OK
2019-10-03 12:31:26,808|I|Thread-1|OrangeHRMWebApplication-plan.001,OHRM_01_signup.20191003_123122.001|signup|Openurl|#  5|web.open(url) - Saving response payload as raw bytes to Response object
2019-10-03 12:31:26,808|I|Thread-1|Saving response payload as raw bytes to Response object
2019-10-03 12:31:26,819|I|Thread-1|[Chrome] derived download URL as https://chromedriver.storage.googleapis.com/77.0.3865.40/chromedriver_win32.zip
2019-10-03 12:31:26,829|I|Thread-1|OrangeHRMWebApplication-plan.001,OHRM_01_signup.20191003_123122.001|signup|Openurl|#  5|web.open(url) - Executing request GET https://chromedriver.storage.googleapis.com/77.0.3865.40/chromedriver_win32.zip HTTP/1.1
2019-10-03 12:31:26,830|I|Thread-1|Executing request GET https://chromedriver.storage.googleapis.com/77.0.3865.40/chromedriver_win32.zip HTTP/1.1
2019-10-03 12:31:26,959|I|Thread-1|OrangeHRMWebApplication-plan.001,OHRM_01_signup.20191003_123122.001|signup|Openurl|#  5|web.open(url) - Executed request GET https://chromedriver.storage.googleapis.com/77.0.3865.40/chromedriver_win32.zip HTTP/1.1: HTTP/1.1 200 OK
2019-10-03 12:31:26,960|I|Thread-1|Executed request GET https://chromedriver.storage.googleapis.com/77.0.3865.40/chromedriver_win32.zip HTTP/1.1: HTTP/1.1 200 OK
2019-10-03 12:31:26,960|I|Thread-1|OrangeHRMWebApplication-plan.001,OHRM_01_signup.20191003_123122.001|signup|Openurl|#  5|web.open(url) - Saving response payload to C:\Windows\system32\config\systemprofile\.nexial\chrome\chromedriver.exe.zip
2019-10-03 12:31:26,960|I|Thread-1|Saving response payload to C:\Windows\system32\config\systemprofile\.nexial\chrome\chromedriver.exe.zip
2019-10-03 12:31:29,787|I|Thread-1|[C:\Windows\system32\config\systemprofile\.nexial\chrome\chromedriver.exe.zip]: Unzipping to C:\Windows\system32\config\systemprofile\.nexial\chrome\chromedriver.exe
2019-10-03 12:31:29,950|I|Thread-1|[WebDriverHelper] webdriver for chrome downloaded to C:\Windows\system32\config\systemprofile\.nexial\chrome\chromedriver.exe
2019-10-03 12:31:35,515|I|Thread-1|browser initialization completed for 'chrome'
2019-10-03 12:31:35,546|I|Thread-1|setting browser polling wait time to 800 ms
2019-10-03 12:31:35,574|I|Thread-1|setting browser page load timeout to 10000 ms
2019-10-03 12:31:35,654|I|Thread-1|OrangeHRMWebApplication-plan.001,OHRM_01_signup.20191003_123122.001|signup|Openurl|#  5|web.open(url) - default browser stability wait time is 3000 ms
2019-10-03 12:31:44,512|I|Thread-1|current browser window handle:CDwindow-2B59960C6B82B57220E28CF892132392
2019-10-03 12:31:44,839|I|Thread-1|OrangeHRMWebApplication-plan.001,OHRM_01_signup.20191003_123122.001|signup|Openurl|#  5|web.open(url) - PASS opened URL https://www.orangehrm.com/
2019-10-03 12:31:44,840|I|Thread-1|OrangeHRMWebApplication-plan.001,OHRM_01_signup.20191003_123122.001|signup|MaximizeWindow - executing activity
2019-10-03 12:31:45,442|I|Thread-1|OrangeHRMWebApplication-plan.001,OHRM_01_signup.20191003_123122.001|signup|MaximizeWindow|#  6|web.maximizeWindow() - executing maximizeWindow()()
2019-10-03 12:31:46,619|I|Thread-1|OrangeHRMWebApplication-plan.001,OHRM_01_signup.20191003_123122.001|signup|MaximizeWindow|#  6|web.maximizeWindow() - PASS browser window maximized
2019-10-03 12:31:46,620|I|Thread-1|OrangeHRMWebApplication-plan.001,OHRM_01_signup.20191003_123122.001|signup|ClickUsername - executing activity
2019-10-03 12:31:47,220|I|Thread-1|OrangeHRMWebApplication-plan.001,OHRM_01_signup.20191003_123122.001|signup|ClickUsername|#  7|web.click(locator) - executing click(locator)(${btn.freetrial.loc})
2019-10-03 12:31:47,287|I|Thread-1|clicking '//nav[@class='navbar navbar-default header-nav']/div/div[2]/ul[2]/li[2]/a'...
2019-10-03 12:31:47,350|I|Thread-1|click target via JS, @id=
2019-10-03 12:31:49,969|I|Thread-1|clicked -> true
2019-10-03 12:31:49,971|I|Thread-1|OrangeHRMWebApplication-plan.001,OHRM_01_signup.20191003_123122.001|signup|ClickUsername|#  7|web.click(locator) - PASS click via JS event
2019-10-03 12:31:49,971|I|Thread-1|OrangeHRMWebApplication-plan.001,OHRM_01_signup.20191003_123122.001|signup|EnterFavoredUrl - executing activity
2019-10-03 12:31:50,573|I|Thread-1|OrangeHRMWebApplication-plan.001,OHRM_01_signup.20191003_123122.001|signup|EnterFavoredUrl|#  8|web.type(locator,value) - executing type(locator,value)(${txt.favoredurl.loc}, ${FavoredUrl})
2019-10-03 12:31:51,002|I|Thread-1|OrangeHRMWebApplication-plan.001,OHRM_01_signup.20191003_123122.001|signup|EnterFavoredUrl|#  8|web.type(locator,value) - PASS typed text at '//div[@id='Form_submitForm_subdomain_Holder']/input'
2019-10-03 12:31:51,002|I|Thread-1|OrangeHRMWebApplication-plan.001,OHRM_01_signup.20191003_123122.001|signup|EnterFirstName - executing activity
2019-10-03 12:31:51,604|I|Thread-1|OrangeHRMWebApplication-plan.001,OHRM_01_signup.20191003_123122.001|signup|EnterFirstName|#  9|web.type(locator,value) - executing type(locator,value)(${txt.firstname.loc}, ${FirstName})
2019-10-03 12:31:51,952|I|Thread-1|OrangeHRMWebApplication-plan.001,OHRM_01_signup.20191003_123122.001|signup|EnterFirstName|#  9|web.type(locator,value) - PASS typed text at '//div[@id='Form_submitForm_FirstName_Holder']/div/input'
2019-10-03 12:31:51,952|I|Thread-1|OrangeHRMWebApplication-plan.001,OHRM_01_signup.20191003_123122.001|signup|EnterLastName - executing activity
2019-10-03 12:31:52,553|I|Thread-1|OrangeHRMWebApplication-plan.001,OHRM_01_signup.20191003_123122.001|signup|EnterLastName|# 10|web.type(locator,value) - executing type(locator,value)(${txt.lastname.loc}, ${LastName})
2019-10-03 12:31:52,892|I|Thread-1|OrangeHRMWebApplication-plan.001,OHRM_01_signup.20191003_123122.001|signup|EnterLastName|# 10|web.type(locator,value) - PASS typed text at '//div[@id='Form_submitForm_LastName_Holder']/div/input'
2019-10-03 12:31:52,893|I|Thread-1|OrangeHRMWebApplication-plan.001,OHRM_01_signup.20191003_123122.001|signup|EnterEmail - executing activity
2019-10-03 12:31:53,494|I|Thread-1|OrangeHRMWebApplication-plan.001,OHRM_01_signup.20191003_123122.001|signup|EnterEmail|# 11|web.type(locator,value) - executing type(locator,value)(${txt.email.loc}, ${Email})
2019-10-03 12:31:53,964|I|Thread-1|OrangeHRMWebApplication-plan.001,OHRM_01_signup.20191003_123122.001|signup|EnterEmail|# 11|web.type(locator,value) - PASS typed text at '//div[@id='Form_submitForm_Email_Holder']/div/input'
2019-10-03 12:31:53,964|I|Thread-1|OrangeHRMWebApplication-plan.001,OHRM_01_signup.20191003_123122.001|signup|EnterJobTitle - executing activity
2019-10-03 12:31:54,564|I|Thread-1|OrangeHRMWebApplication-plan.001,OHRM_01_signup.20191003_123122.001|signup|EnterJobTitle|# 12|web.type(locator,value) - executing type(locator,value)(${txt.jobtitle.loc}, ${JobTitle})
2019-10-03 12:31:54,957|I|Thread-1|OrangeHRMWebApplication-plan.001,OHRM_01_signup.20191003_123122.001|signup|EnterJobTitle|# 12|web.type(locator,value) - PASS typed text at '//div[@id='Form_submitForm_JobTitle_Holder']/div/input'
2019-10-03 12:31:54,957|I|Thread-1|OrangeHRMWebApplication-plan.001,OHRM_01_signup.20191003_123122.001|signup|SelectNoOfEmployees - executing activity
2019-10-03 12:31:55,557|I|Thread-1|OrangeHRMWebApplication-plan.001,OHRM_01_signup.20191003_123122.001|signup|SelectNoOfEmployees|# 13|web.select(locator,text) - executing select(locator,text)(${btn.noofemployees.loc}, ${txt.dropdown.noofemployees.loc})
2019-10-03 12:31:55,753|I|Thread-1|OrangeHRMWebApplication-plan.001,OHRM_01_signup.20191003_123122.001|signup|SelectNoOfEmployees|# 13|web.select(locator,text) - PASS selected '201 - 250' from '//select[@id='Form_submitForm_NoOfEmployees']'
2019-10-03 12:31:55,753|I|Thread-1|OrangeHRMWebApplication-plan.001,OHRM_01_signup.20191003_123122.001|signup|AssertNoOfEmployee - executing activity
2019-10-03 12:31:56,355|I|Thread-1|OrangeHRMWebApplication-plan.001,OHRM_01_signup.20191003_123122.001|signup|AssertNoOfEmployee|# 14|web.assertVisible(locator - executing assertVisible(locator)(${btn.noofemployees.loc})
2019-10-03 12:31:56,503|I|Thread-1|OrangeHRMWebApplication-plan.001,OHRM_01_signup.20191003_123122.001|signup|AssertNoOfEmployee|# 14|web.assertVisible(locator - PASS EXPECTED visible element '//select[@id='Form_submitForm_NoOfEmployees']' found
2019-10-03 12:31:56,504|I|Thread-1|OrangeHRMWebApplication-plan.001,OHRM_01_signup.20191003_123122.001|signup|Entercompany - executing activity
2019-10-03 12:31:57,105|I|Thread-1|OrangeHRMWebApplication-plan.001,OHRM_01_signup.20191003_123122.001|signup|Entercompany|# 15|web.type(locator,value) - executing type(locator,value)(${txt.company.loc}, ${company})
2019-10-03 12:31:57,428|I|Thread-1|OrangeHRMWebApplication-plan.001,OHRM_01_signup.20191003_123122.001|signup|Entercompany|# 15|web.type(locator,value) - PASS typed text at '//div[@id='Form_submitForm_CompanyName_Holder']/div/input'
2019-10-03 12:31:57,428|I|Thread-1|OrangeHRMWebApplication-plan.001,OHRM_01_signup.20191003_123122.001|signup|SelectIndustry - executing activity
2019-10-03 12:31:58,029|I|Thread-1|OrangeHRMWebApplication-plan.001,OHRM_01_signup.20191003_123122.001|signup|SelectIndustry|# 16|web.select(locator,text) - executing select(locator,text)(${btn.industry.loc}, ${txt.dropdown.industry.loc})
2019-10-03 12:31:58,234|I|Thread-1|OrangeHRMWebApplication-plan.001,OHRM_01_signup.20191003_123122.001|signup|SelectIndustry|# 16|web.select(locator,text) - PASS selected 'Education' from '//select[@id='Form_submitForm_Industry']'
2019-10-03 12:31:58,235|I|Thread-1|OrangeHRMWebApplication-plan.001,OHRM_01_signup.20191003_123122.001|signup|AssertIndustry - executing activity
2019-10-03 12:31:58,836|I|Thread-1|OrangeHRMWebApplication-plan.001,OHRM_01_signup.20191003_123122.001|signup|AssertIndustry|# 17|web.assertVisible(locator - executing assertVisible(locator)(${btn.industry.loc})
2019-10-03 12:31:58,933|I|Thread-1|OrangeHRMWebApplication-plan.001,OHRM_01_signup.20191003_123122.001|signup|AssertIndustry|# 17|web.assertVisible(locator - PASS EXPECTED visible element '//select[@id='Form_submitForm_Industry']' found
2019-10-03 12:31:58,933|I|Thread-1|OrangeHRMWebApplication-plan.001,OHRM_01_signup.20191003_123122.001|signup|EnterPhoneNumber - executing activity
2019-10-03 12:31:59,534|I|Thread-1|OrangeHRMWebApplication-plan.001,OHRM_01_signup.20191003_123122.001|signup|EnterPhoneNumber|# 18|web.type(locator,value) - executing type(locator,value)(${txt.phonenumber.loc}, ${PhoneNumber})
2019-10-03 12:31:59,878|I|Thread-1|OrangeHRMWebApplication-plan.001,OHRM_01_signup.20191003_123122.001|signup|EnterPhoneNumber|# 18|web.type(locator,value) - PASS typed text at '//div[@id='Form_submitForm_Contact_Holder']/div/input'
2019-10-03 12:31:59,878|I|Thread-1|OrangeHRMWebApplication-plan.001,OHRM_01_signup.20191003_123122.001|signup|SelectCountry - executing activity
2019-10-03 12:32:00,479|I|Thread-1|OrangeHRMWebApplication-plan.001,OHRM_01_signup.20191003_123122.001|signup|SelectCountry|# 19|web.select(locator,text) - executing select(locator,text)(${btn.country.loc}, ${txt.dropdown.country.loc})
2019-10-03 12:32:00,859|I|Thread-1|OrangeHRMWebApplication-plan.001,OHRM_01_signup.20191003_123122.001|signup|SelectCountry|# 19|web.select(locator,text) - PASS selected 'India' from '//select[@id='Form_submitForm_Country']'
2019-10-03 12:32:00,859|I|Thread-1|OrangeHRMWebApplication-plan.001,OHRM_01_signup.20191003_123122.001|signup|AssertCountry - executing activity
2019-10-03 12:32:01,461|I|Thread-1|OrangeHRMWebApplication-plan.001,OHRM_01_signup.20191003_123122.001|signup|AssertCountry|# 20|web.assertVisible(locator - executing assertVisible(locator)(${btn.country.loc})
2019-10-03 12:32:01,553|I|Thread-1|OrangeHRMWebApplication-plan.001,OHRM_01_signup.20191003_123122.001|signup|AssertCountry|# 20|web.assertVisible(locator - PASS EXPECTED visible element '//select[@id='Form_submitForm_Country']' found
2019-10-03 12:32:01,554|I|Thread-1|OrangeHRMWebApplication-plan.001,OHRM_01_signup.20191003_123122.001|signup|SelectState - executing activity
2019-10-03 12:32:02,154|I|Thread-1|OrangeHRMWebApplication-plan.001,OHRM_01_signup.20191003_123122.001|signup|SelectState|# 21|web.select(locator,text) - executing select(locator,text)(${btn.state.loc}, ${txt.dropdown.state.loc})
2019-10-03 12:32:02,352|I|Thread-1|OrangeHRMWebApplication-plan.001,OHRM_01_signup.20191003_123122.001|signup|SelectState|# 21|web.select(locator,text) - PASS selected 'Tamil Nadu' from '//select[@id='Form_submitForm_State']'
2019-10-03 12:32:02,352|I|Thread-1|OrangeHRMWebApplication-plan.001,OHRM_01_signup.20191003_123122.001|signup|AssertCountry - executing activity
2019-10-03 12:32:02,952|I|Thread-1|OrangeHRMWebApplication-plan.001,OHRM_01_signup.20191003_123122.001|signup|AssertCountry|# 22|web.assertVisible(locator - executing assertVisible(locator)(${btn.state.loc})
2019-10-03 12:32:03,040|I|Thread-1|OrangeHRMWebApplication-plan.001,OHRM_01_signup.20191003_123122.001|signup|AssertCountry|# 22|web.assertVisible(locator - PASS EXPECTED visible element '//select[@id='Form_submitForm_State']' found
2019-10-03 12:32:03,041|I|Thread-1|OrangeHRMWebApplication-plan.001,OHRM_01_signup.20191003_123122.001|signup|ClickCheckbox - executing activity
2019-10-03 12:32:03,641|I|Thread-1|OrangeHRMWebApplication-plan.001,OHRM_01_signup.20191003_123122.001|signup|ClickCheckbox|# 23|web.click(locator) - executing click(locator)(${btn.checkbox.loc})
2019-10-03 12:32:03,684|I|Thread-1|clicking '//input[@id='Form_submitForm_SetDummyData']'...
2019-10-03 12:32:03,713|I|Thread-1|click target via JS, @id=Form_submitForm_SetDummyData
2019-10-03 12:32:03,755|I|Thread-1|clicked -> true
2019-10-03 12:32:03,757|I|Thread-1|OrangeHRMWebApplication-plan.001,OHRM_01_signup.20191003_123122.001|signup|ClickCheckbox|# 23|web.click(locator) - PASS click via JS event
2019-10-03 12:32:03,758|I|Thread-1|OrangeHRMWebApplication-plan.001,OHRM_01_signup.20191003_123122.001|signup|NotARobot - executing activity
2019-10-03 12:32:04,359|I|Thread-1|OrangeHRMWebApplication-plan.001,OHRM_01_signup.20191003_123122.001|signup|NotARobot|# 24|web.click(locator) - executing click(locator)(${btn.robot.checkbox.loc})
2019-10-03 12:32:05,298|I|Thread-1|OrangeHRMWebApplication-plan.001,OHRM_01_signup.20191003_123122.001|signup|NotARobot|# 24|web.click(locator) - FAIL No element via locator '//span[@id='recaptcha-anchor']'
2019-10-03 12:32:05,299|I|Thread-1|OrangeHRMWebApplication-plan.001,OHRM_01_signup.20191003_123122.001|signup|submit - executing activity
2019-10-03 12:32:05,901|I|Thread-1|OrangeHRMWebApplication-plan.001,OHRM_01_signup.20191003_123122.001|signup|submit|# 25|web.click(locator) - executing click(locator)(${btn.submit.loc})
2019-10-03 12:32:05,939|I|Thread-1|clicking '//input[@id='Form_submitForm_action_request']'...
2019-10-03 12:32:05,968|I|Thread-1|click target via JS, @id=Form_submitForm_action_request
2019-10-03 12:32:09,014|I|Thread-1|clicked -> true
2019-10-03 12:32:09,016|I|Thread-1|OrangeHRMWebApplication-plan.001,OHRM_01_signup.20191003_123122.001|signup|submit|# 25|web.click(locator) - PASS click via JS event
2019-10-03 12:32:09,414|I|Thread-1|[OrangeHRMWebApplication-plan.001,OHRM_01_signup.20191003_123122.001|signup] saving test scenario
2019-10-03 12:32:09,703|I|Thread-1|[20191003_123120] 
/-TEST COMPLETE-----------------------------------------------------------------
| Test Output:    C:\projects\OrangeHRMWebApplication\output\20191003_123120\OrangeHRMWebApplication-plan.001,OHRM_01_signup.20191003_123122.001.xlsx
| Iteration:      1
\-------------------------------------------------------------------------------
» Execution Time: 44687 ms
» Test Steps:     21
» Error(s):       1



2019-10-03 12:32:11,228|I|Thread-1|SKIPPING auto-open-result since Nexial is currently running in non-interactive environment
2019-10-03 12:32:11,239|I|Thread-1|[20191003_123120] 
/-TEST COMPLETE-----------------------------------------------------------------
| Test Script:    C:\projects\OrangeHRMWebApplication\artifact\script\OHRM_01_signup.xlsx
\-------------------------------------------------------------------------------
» Execution Time: 50308 ms
» Iterations:     [1] total 1
» Test Steps:     21
» Passed:         20
» Error(s):       1
» Iteration 1 of 1: C:\projects\OrangeHRMWebApplication\output\20191003_123120\OrangeHRMWebApplication-plan.001,OHRM_01_signup.20191003_123122.001.xlsx



2019-10-03 12:32:12,046|I|main|[20191003_123120] [C:\projects\OrangeHRMWebApplication\artifact\script\OHRM_01_signup.xlsx] now completed
2019-10-03 12:32:12,046|I|main|[20191003_123120] [C:\projects\OrangeHRMWebApplication\artifact\script\OHRM_02_features.xlsx] resolve RUN ID as 20191003_123120
2019-10-03 12:32:12,047|I|main|[20191003_123120] [C:\projects\OrangeHRMWebApplication\artifact\script\OHRM_02_features.xlsx] new thread started
2019-10-03 12:32:12,049|I|Thread-3|missing REQUIRED configuration; sms DISABLED!
2019-10-03 12:32:12,071|I|Thread-3|[20191003_123120] executing C:\projects\OrangeHRMWebApplication\artifact\script\OHRM_02_features.xlsx with 1 iteration(s)
2019-10-03 12:32:12,072|I|Thread-3|[20191003_123120] create directory C:\projects\OrangeHRMWebApplication\output\20191003_123120\captures
2019-10-03 12:32:12,072|I|Thread-3|[20191003_123120] create directory C:\projects\OrangeHRMWebApplication\output\20191003_123120\logs
2019-10-03 12:32:13,428|I|Thread-3|macro(s) found and merged; C:\projects\OrangeHRMWebApplication\output\20191003_123120\OrangeHRMWebApplication-plan.002,OHRM_02_features.20191003_123212.001.xlsx will need to be saved
2019-10-03 12:32:13,428|I|Thread-3|[20191003_123120] merging test data to tmp file C:\projects\OrangeHRMWebApplication\output\20191003_123120\OrangeHRMWebApplication-plan.002,OHRM_02_features.20191003_123212.001.xlsx
2019-10-03 12:32:13,428|I|Thread-3|refetching data from C:\projects\OrangeHRMWebApplication\artifact\data\OHRM_02_features.data.xlsx
2019-10-03 12:32:13,795|I|Thread-3|[20191003_123120] test script and test data merged to C:\projects\OrangeHRMWebApplication\output\20191003_123120\OrangeHRMWebApplication-plan.002,OHRM_02_features.20191003_123212.001.xlsx
2019-10-03 12:32:14,213|I|Thread-3|STARTS
2019-10-03 12:32:14,219|I|Thread-3|OrangeHRMWebApplication-plan.002,OHRM_02_features.20191003_123212.001 - executing iteration #1 of 1; Iteration Id 1
2019-10-03 12:32:14,220|I|Thread-3|OrangeHRMWebApplication-plan.002,OHRM_02_features.20191003_123212.001|Personnel Information Managemen - executing test scenario
2019-10-03 12:32:14,220|I|Thread-3|OrangeHRMWebApplication-plan.002,OHRM_02_features.20191003_123212.001|Personnel Information Managemen|Feature-Personnel Information Management (PIM) - executing activity
2019-10-03 12:32:14,820|I|Thread-3|OrangeHRMWebApplication-plan.002,OHRM_02_features.20191003_123212.001|Personnel Information Managemen|Feature-Personnel Information Management (PIM)|#  5|base.section(steps) - executing section(steps)(4)
2019-10-03 12:32:14,821|I|Thread-3|OrangeHRMWebApplication-plan.002,OHRM_02_features.20191003_123212.001|Personnel Information Managemen|Feature-Personnel Information Management (PIM)|#  5|base.section(steps) - PASS 
2019-10-03 12:32:15,423|I|Thread-3|OrangeHRMWebApplication-plan.002,OHRM_02_features.20191003_123212.001|Personnel Information Managemen|Feature-Personnel Information Management (PIM)|#  6|web.open(url) - executing open(url)(${url})
2019-10-03 12:32:17,656|I|Thread-3|current browser window handle:CDwindow-2B59960C6B82B57220E28CF892132392
2019-10-03 12:32:17,690|I|Thread-3|OrangeHRMWebApplication-plan.002,OHRM_02_features.20191003_123212.001|Personnel Information Managemen|Feature-Personnel Information Management (PIM)|#  6|web.open(url) - PASS opened URL https://www.orangehrm.com/
2019-10-03 12:32:18,292|I|Thread-3|OrangeHRMWebApplication-plan.002,OHRM_02_features.20191003_123212.001|Personnel Information Managemen|Feature-Personnel Information Management (PIM)|#  7|web.maximizeWindow() - executing maximizeWindow()()
2019-10-03 12:32:18,335|I|Thread-3|OrangeHRMWebApplication-plan.002,OHRM_02_features.20191003_123212.001|Personnel Information Managemen|Feature-Personnel Information Management (PIM)|#  7|web.maximizeWindow() - PASS browser window maximized
2019-10-03 12:32:18,936|I|Thread-3|OrangeHRMWebApplication-plan.002,OHRM_02_features.20191003_123212.001|Personnel Information Managemen|Feature-Personnel Information Management (PIM)|#  8|web.click(locator) - executing click(locator)(${btn.features.loc})
2019-10-03 12:32:19,000|I|Thread-3|clicking '//div[@id='header-navbar']/ul/li/a[text()='Features']'...
2019-10-03 12:32:19,031|I|Thread-3|click target via JS, @id=
2019-10-03 12:32:19,911|I|Thread-3|clicked -> true
2019-10-03 12:32:19,913|I|Thread-3|OrangeHRMWebApplication-plan.002,OHRM_02_features.20191003_123212.001|Personnel Information Managemen|Feature-Personnel Information Management (PIM)|#  8|web.click(locator) - PASS click via JS event
2019-10-03 12:32:20,515|I|Thread-3|OrangeHRMWebApplication-plan.002,OHRM_02_features.20191003_123212.001|Personnel Information Managemen|Feature-Personnel Information Management (PIM)|#  9|web.assertElementByText(l - executing assertElementByText(locator,text)(${btn.features.loc}, ${featuretext})
2019-10-03 12:32:20,593|I|Thread-3|OrangeHRMWebApplication-plan.002,OHRM_02_features.20191003_123212.001|Personnel Information Managemen|Feature-Personnel Information Management (PIM)|#  9|web.assertElementByText(l - PASS validated locator '//div[@id='header-navbar']/ul/li/a[text()='Features']' by text 'Features' as EXPECTED
2019-10-03 12:32:21,194|I|Thread-3|OrangeHRMWebApplication-plan.002,OHRM_02_features.20191003_123212.001|Personnel Information Managemen|Feature-Personnel Information Management (PIM)|# 10|web.assertAndClick(locato - executing assertAndClick(locator,label)(${btn.pim.loc}, ${PIMlabel})
2019-10-03 12:32:21,419|I|Thread-3|clicking '//h4[text()='Personnel Information Management (PIM)' and text() = 'Personnel Information Management (PIM)']'...
2019-10-03 12:32:21,461|I|Thread-3|click target via JS, @id=
2019-10-03 12:32:24,105|I|Thread-3|clicked -> true
2019-10-03 12:32:24,108|I|Thread-3|OrangeHRMWebApplication-plan.002,OHRM_02_features.20191003_123212.001|Personnel Information Managemen|Feature-Personnel Information Management (PIM)|# 10|web.assertAndClick(locato - PASS click via JS event
2019-10-03 12:32:24,708|I|Thread-3|OrangeHRMWebApplication-plan.002,OHRM_02_features.20191003_123212.001|Personnel Information Managemen|Feature-Personnel Information Management (PIM)|# 11|base.section(steps) - executing section(steps)(3)
2019-10-03 12:32:24,708|I|Thread-3|OrangeHRMWebApplication-plan.002,OHRM_02_features.20191003_123212.001|Personnel Information Managemen|Feature-Personnel Information Management (PIM)|# 11|base.section(steps) - PASS 
2019-10-03 12:32:25,309|I|Thread-3|OrangeHRMWebApplication-plan.002,OHRM_02_features.20191003_123212.001|Personnel Information Managemen|Feature-Personnel Information Management (PIM)|# 12|web.assertTextPresent(tex - executing assertTextPresent(text)(${TryItNow})
2019-10-03 12:32:25,363|I|Thread-3|OrangeHRMWebApplication-plan.002,OHRM_02_features.20191003_123212.001|Personnel Information Managemen|Feature-Personnel Information Management (PIM)|# 12|web.assertTextPresent(tex - PASS EXPECTED text 'Try It Now' found
2019-10-03 12:32:25,963|I|Thread-3|OrangeHRMWebApplication-plan.002,OHRM_02_features.20191003_123212.001|Personnel Information Managemen|Feature-Personnel Information Management (PIM)|# 13|web.click(locator) - executing click(locator)(${btn.tryitnow.loc})
2019-10-03 12:32:26,024|I|Thread-3|clicking '//a[text()='Try It Now']'...
2019-10-03 12:32:26,056|I|Thread-3|click target via JS, @id=
2019-10-03 12:32:27,732|I|Thread-3|clicked -> true
2019-10-03 12:32:27,734|I|Thread-3|OrangeHRMWebApplication-plan.002,OHRM_02_features.20191003_123212.001|Personnel Information Managemen|Feature-Personnel Information Management (PIM)|# 13|web.click(locator) - PASS click via JS event
2019-10-03 12:32:28,334|I|Thread-3|OrangeHRMWebApplication-plan.002,OHRM_02_features.20191003_123212.001|Personnel Information Managemen|Feature-Personnel Information Management (PIM)|# 14|web.goBack() - executing goBack()()
2019-10-03 12:32:28,945|I|Thread-3|OrangeHRMWebApplication-plan.002,OHRM_02_features.20191003_123212.001|Personnel Information Managemen|Feature-Personnel Information Management (PIM)|# 14|web.goBack() - PASS went back previous page
2019-10-03 12:32:29,545|I|Thread-3|OrangeHRMWebApplication-plan.002,OHRM_02_features.20191003_123212.001|Personnel Information Managemen|Feature-Personnel Information Management (PIM)|# 15|web.scrollTo(locator) - executing scrollTo(locator)(${btn.customfields.loc})
2019-10-03 12:32:29,814|I|Thread-3|OrangeHRMWebApplication-plan.002,OHRM_02_features.20191003_123212.001|Personnel Information Managemen|Feature-Personnel Information Management (PIM)|# 15|web.scrollTo(locator) - PASS scrolled to '//h4[text()='Custom Fields']/following-sibling::a'
2019-10-03 12:32:30,415|I|Thread-3|OrangeHRMWebApplication-plan.002,OHRM_02_features.20191003_123212.001|Personnel Information Managemen|Feature-Personnel Information Management (PIM)|# 16|web.assertTextPresent(tex - executing assertTextPresent(text)(${CustomFields})
2019-10-03 12:32:30,466|I|Thread-3|OrangeHRMWebApplication-plan.002,OHRM_02_features.20191003_123212.001|Personnel Information Managemen|Feature-Personnel Information Management (PIM)|# 16|web.assertTextPresent(tex - PASS EXPECTED text 'Custom Fields' found
2019-10-03 12:32:31,067|I|Thread-3|OrangeHRMWebApplication-plan.002,OHRM_02_features.20191003_123212.001|Personnel Information Managemen|Feature-Personnel Information Management (PIM)|# 17|web.click(locator) - executing click(locator)(${btn.customfields.loc})
2019-10-03 12:32:31,111|I|Thread-3|clicking '//h4[text()='Custom Fields']/following-sibling::a'...
2019-10-03 12:32:31,141|I|Thread-3|click target via JS, @id=
2019-10-03 12:32:31,192|I|Thread-3|clicked -> true
2019-10-03 12:32:31,193|I|Thread-3|OrangeHRMWebApplication-plan.002,OHRM_02_features.20191003_123212.001|Personnel Information Managemen|Feature-Personnel Information Management (PIM)|# 17|web.click(locator) - PASS click via JS event
2019-10-03 12:32:31,794|I|Thread-3|OrangeHRMWebApplication-plan.002,OHRM_02_features.20191003_123212.001|Personnel Information Managemen|Feature-Personnel Information Management (PIM)|# 18|web.scrollTo(locator) - executing scrollTo(locator)(${btn.addemployee.loc})
2019-10-03 12:32:31,923|I|Thread-3|OrangeHRMWebApplication-plan.002,OHRM_02_features.20191003_123212.001|Personnel Information Managemen|Feature-Personnel Information Management (PIM)|# 18|web.scrollTo(locator) - PASS scrolled to '//h4[text()='Add employee']/following-sibling::a'
2019-10-03 12:32:32,523|I|Thread-3|OrangeHRMWebApplication-plan.002,OHRM_02_features.20191003_123212.001|Personnel Information Managemen|Feature-Personnel Information Management (PIM)|# 19|web.assertTextPresent(tex - executing assertTextPresent(text)(${AddEmployee})
2019-10-03 12:32:32,668|I|Thread-3|OrangeHRMWebApplication-plan.002,OHRM_02_features.20191003_123212.001|Personnel Information Managemen|Feature-Personnel Information Management (PIM)|# 19|web.assertTextPresent(tex - PASS EXPECTED text 'Add employee' found
2019-10-03 12:32:33,270|I|Thread-3|OrangeHRMWebApplication-plan.002,OHRM_02_features.20191003_123212.001|Personnel Information Managemen|Feature-Personnel Information Management (PIM)|# 20|web.click(locator) - executing click(locator)(${btn.addemployee.loc})
2019-10-03 12:32:33,322|I|Thread-3|clicking '//h4[text()='Add employee']/following-sibling::a'...
2019-10-03 12:32:33,352|I|Thread-3|click target via JS, @id=
2019-10-03 12:32:33,419|I|Thread-3|clicked -> true
2019-10-03 12:32:33,420|I|Thread-3|OrangeHRMWebApplication-plan.002,OHRM_02_features.20191003_123212.001|Personnel Information Managemen|Feature-Personnel Information Management (PIM)|# 20|web.click(locator) - PASS click via JS event
2019-10-03 12:32:34,021|I|Thread-3|OrangeHRMWebApplication-plan.002,OHRM_02_features.20191003_123212.001|Personnel Information Managemen|Feature-Personnel Information Management (PIM)|# 21|web.scrollTo(locator) - executing scrollTo(locator)(${btn.bulkupdate.loc})
2019-10-03 12:32:34,122|I|Thread-3|OrangeHRMWebApplication-plan.002,OHRM_02_features.20191003_123212.001|Personnel Information Managemen|Feature-Personnel Information Management (PIM)|# 21|web.scrollTo(locator) - PASS scrolled to '//h4[text()='Bulk Update']/following-sibling::a'
2019-10-03 12:32:34,723|I|Thread-3|OrangeHRMWebApplication-plan.002,OHRM_02_features.20191003_123212.001|Personnel Information Managemen|Feature-Personnel Information Management (PIM)|# 22|web.assertTextPresent(tex - executing assertTextPresent(text)(${BulkUpdate})
2019-10-03 12:32:34,775|I|Thread-3|OrangeHRMWebApplication-plan.002,OHRM_02_features.20191003_123212.001|Personnel Information Managemen|Feature-Personnel Information Management (PIM)|# 22|web.assertTextPresent(tex - PASS EXPECTED text 'Bulk Update' found
2019-10-03 12:32:35,375|I|Thread-3|OrangeHRMWebApplication-plan.002,OHRM_02_features.20191003_123212.001|Personnel Information Managemen|Feature-Personnel Information Management (PIM)|# 23|web.click(locator) - executing click(locator)(${btn.bulkupdate.loc})
2019-10-03 12:32:35,416|I|Thread-3|clicking '//h4[text()='Bulk Update']/following-sibling::a'...
2019-10-03 12:32:35,445|I|Thread-3|click target via JS, @id=
2019-10-03 12:32:35,493|I|Thread-3|clicked -> true
2019-10-03 12:32:35,494|I|Thread-3|OrangeHRMWebApplication-plan.002,OHRM_02_features.20191003_123212.001|Personnel Information Managemen|Feature-Personnel Information Management (PIM)|# 23|web.click(locator) - PASS click via JS event
2019-10-03 12:32:36,094|I|Thread-3|OrangeHRMWebApplication-plan.002,OHRM_02_features.20191003_123212.001|Personnel Information Managemen|Feature-Personnel Information Management (PIM)|# 24|web.scrollTo(locator) - executing scrollTo(locator)(${btn.myshortcuts.loc})
2019-10-03 12:32:36,202|I|Thread-3|OrangeHRMWebApplication-plan.002,OHRM_02_features.20191003_123212.001|Personnel Information Managemen|Feature-Personnel Information Management (PIM)|# 24|web.scrollTo(locator) - PASS scrolled to '//h4[text()='My shortcuts']/following-sibling::a'
2019-10-03 12:32:36,802|I|Thread-3|OrangeHRMWebApplication-plan.002,OHRM_02_features.20191003_123212.001|Personnel Information Managemen|Feature-Personnel Information Management (PIM)|# 25|web.assertTextPresent(tex - executing assertTextPresent(text)(${MyShortcuts})
2019-10-03 12:32:36,881|I|Thread-3|OrangeHRMWebApplication-plan.002,OHRM_02_features.20191003_123212.001|Personnel Information Managemen|Feature-Personnel Information Management (PIM)|# 25|web.assertTextPresent(tex - PASS EXPECTED text 'My shortcuts' found
2019-10-03 12:32:37,481|I|Thread-3|OrangeHRMWebApplication-plan.002,OHRM_02_features.20191003_123212.001|Personnel Information Managemen|Feature-Personnel Information Management (PIM)|# 26|web.click(locator) - executing click(locator)(${btn.myshortcuts.loc})
2019-10-03 12:32:37,521|I|Thread-3|clicking '//h4[text()='My shortcuts']/following-sibling::a'...
2019-10-03 12:32:37,549|I|Thread-3|click target via JS, @id=
2019-10-03 12:32:37,597|I|Thread-3|clicked -> true
2019-10-03 12:32:37,598|I|Thread-3|OrangeHRMWebApplication-plan.002,OHRM_02_features.20191003_123212.001|Personnel Information Managemen|Feature-Personnel Information Management (PIM)|# 26|web.click(locator) - PASS click via JS event
2019-10-03 12:32:38,199|I|Thread-3|OrangeHRMWebApplication-plan.002,OHRM_02_features.20191003_123212.001|Personnel Information Managemen|Feature-Personnel Information Management (PIM)|# 27|web.scrollTo(locator) - executing scrollTo(locator)(${btn.reportingtools.loc})
2019-10-03 12:32:38,316|I|Thread-3|OrangeHRMWebApplication-plan.002,OHRM_02_features.20191003_123212.001|Personnel Information Managemen|Feature-Personnel Information Management (PIM)|# 27|web.scrollTo(locator) - PASS scrolled to '//h4[text()='Reporting tools']/following-sibling::a'
2019-10-03 12:32:38,918|I|Thread-3|OrangeHRMWebApplication-plan.002,OHRM_02_features.20191003_123212.001|Personnel Information Managemen|Feature-Personnel Information Management (PIM)|# 28|web.assertTextPresent(tex - executing assertTextPresent(text)(${ReportingTools})
2019-10-03 12:32:38,979|I|Thread-3|OrangeHRMWebApplication-plan.002,OHRM_02_features.20191003_123212.001|Personnel Information Managemen|Feature-Personnel Information Management (PIM)|# 28|web.assertTextPresent(tex - PASS EXPECTED text 'Reporting tools' found
2019-10-03 12:32:39,580|I|Thread-3|OrangeHRMWebApplication-plan.002,OHRM_02_features.20191003_123212.001|Personnel Information Managemen|Feature-Personnel Information Management (PIM)|# 29|web.click(locator) - executing click(locator)(${btn.reportingtools.loc})
2019-10-03 12:32:39,651|I|Thread-3|clicking '//h4[text()='Reporting tools']/following-sibling::a'...
2019-10-03 12:32:39,678|I|Thread-3|click target via JS, @id=
2019-10-03 12:32:39,735|I|Thread-3|clicked -> true
2019-10-03 12:32:39,736|I|Thread-3|OrangeHRMWebApplication-plan.002,OHRM_02_features.20191003_123212.001|Personnel Information Managemen|Feature-Personnel Information Management (PIM)|# 29|web.click(locator) - PASS click via JS event
2019-10-03 12:32:40,338|I|Thread-3|OrangeHRMWebApplication-plan.002,OHRM_02_features.20191003_123212.001|Personnel Information Managemen|Feature-Personnel Information Management (PIM)|# 30|base.section(steps) - executing section(steps)(1)
2019-10-03 12:32:40,339|I|Thread-3|OrangeHRMWebApplication-plan.002,OHRM_02_features.20191003_123212.001|Personnel Information Managemen|Feature-Personnel Information Management (PIM)|# 30|base.section(steps) - PASS 
2019-10-03 12:32:40,939|I|Thread-3|OrangeHRMWebApplication-plan.002,OHRM_02_features.20191003_123212.001|Personnel Information Managemen|Feature-Personnel Information Management (PIM)|# 31|base.verbose(text) - executing verbose(text)(Executed Successfully)
2019-10-03 12:32:40,939|I|Thread-3|OrangeHRMWebApplication-plan.002,OHRM_02_features.20191003_123212.001|Personnel Information Managemen|Feature-Personnel Information Management (PIM)|# 31|base.verbose(text) - Executed Successfully
2019-10-03 12:32:40,941|I|Thread-3|OrangeHRMWebApplication-plan.002,OHRM_02_features.20191003_123212.001|Personnel Information Managemen|Feature-Personnel Information Management (PIM)|# 31|base.verbose(text) - PASS 
2019-10-03 12:32:40,969|I|Thread-3|[OrangeHRMWebApplication-plan.002,OHRM_02_features.20191003_123212.001|Personnel Information Managemen] saving test scenario
2019-10-03 12:32:41,066|I|Thread-3|[20191003_123120] 
/-TEST COMPLETE-----------------------------------------------------------------
| Test Output:    C:\projects\OrangeHRMWebApplication\output\20191003_123120\OrangeHRMWebApplication-plan.002,OHRM_02_features.20191003_123212.001.xlsx
| Iteration:      1
\-------------------------------------------------------------------------------
» Execution Time: 26847 ms
» Test Steps:     27
» Error(s):       0



2019-10-03 12:32:41,557|I|Thread-3|SKIPPING auto-open-result since Nexial is currently running in non-interactive environment
2019-10-03 12:32:41,559|I|Thread-3|[20191003_123120] 
/-TEST COMPLETE-----------------------------------------------------------------
| Test Script:    C:\projects\OrangeHRMWebApplication\artifact\script\OHRM_02_features.xlsx
\-------------------------------------------------------------------------------
» Execution Time: 29510 ms
» Iterations:     [1] total 1
» Test Steps:     27
» Passed:         27
» Error(s):       0
» Iteration 1 of 1: C:\projects\OrangeHRMWebApplication\output\20191003_123120\OrangeHRMWebApplication-plan.002,OHRM_02_features.20191003_123212.001.xlsx



2019-10-03 12:32:42,082|I|main|[20191003_123120] [C:\projects\OrangeHRMWebApplication\artifact\script\OHRM_02_features.xlsx] now completed
2019-10-03 12:32:42,082|I|main|[20191003_123120] all execution thread(s) have terminated
2019-10-03 12:32:42,083|I|main|[20191003_123120] test run completed in about 81 seconds
2019-10-03 12:32:42,223|I|main|No predefined nexial-setup found
2019-10-03 12:32:42,253|I|main|outputBase not set; output-to-cloud DISABLED!
2019-10-03 12:32:42,253|I|main|accessKey not set; output-to-cloud DISABLED!
2019-10-03 12:32:42,254|I|main|secretKey not set; output-to-cloud DISABLED!
2019-10-03 12:32:42,255|I|main|SKIPPING auto-open-result since Nexial is currently running in non-interactive environment
2019-10-03 12:32:42,256|I|main|generating HTML output for this execution to C:\projects\OrangeHRMWebApplication\output\20191003_123120\execution-output.html
2019-10-03 12:32:43,332|I|main|generating JUnit XML output for this execution to C:\projects\OrangeHRMWebApplication\output\20191003_123120\junit.xml
2019-10-03 12:32:43,437|I|main|Generated JUnit report for this execution: C:\projects\OrangeHRMWebApplication\output\20191003_123120\junit.xml
2019-10-03 12:32:43,437|I|main|nexial mailer not enabled: nexial.enableEmail=false
2019-10-03 12:32:43,437|I|main|skipped email notification as configured
2019-10-03 12:32:43,438|I|main|Exiting Nexial...
2019-10-03 12:32:43,438|I|main|shutdown starts...
2019-10-03 12:32:43,440|I|main|Shutting down 'chrome' webdriver...
2019-10-03 12:32:50,238|I|main|shutdown ends...
2019-10-03 12:32:50,239|I|main|

/-END OF EXECUTION--------------------------------------------------------------
| » Execution Time: 81 sec.
| » Test Steps:     48
| » Passed:         47
| » Failed:         1
| » Success Rate:   97.92%
\---------------------------------------------------------------nexial-core 2.2_0488-

2019-10-03 12:32:50,239|E|main|failure found; success rate is 97.92%
2019-10-03 12:32:50,240|I|main|End of Execution:
OUTPUT:       C:\projects\OrangeHRMWebApplication\output\20191003_123120
EXECUTION:    C:\projects\OrangeHRMWebApplication\output\20191003_123120\execution-output.html
JUNIT XML:    C:\projects\OrangeHRMWebApplication\output\20191003_123120\junit.xml
SUCCESS RATE: 97.92%
EXIT STATUS:  -13
2019-10-03 12:32:50,240|I|main|End of Execution:
NEXIAL_OUTPUT:         C:\projects\OrangeHRMWebApplication\output\20191003_123120
NEXIAL_EXECUTION_HTML: C:\projects\OrangeHRMWebApplication\output\20191003_123120\execution-output.html
NEXIAL_JUNIT_XML:      C:\projects\OrangeHRMWebApplication\output\20191003_123120\junit.xml
NEXIAL_SUCCESS_RATE:   97.92%
NEXIAL_EXIT_STATUS:    -13
