2019-10-03 13:22:43,657|I|Thread-1|(DELAYED) nexial-core 2.2_0488 starting up...
2019-10-03 13:22:43,666|I|Thread-1|(DELAYED) data file resolved as C:\Windows\TEMP\urZGl\OHRM_02_features.data.xlsx
2019-10-03 13:22:43,666|I|Thread-1|(DELAYED) input files and output directory resolved...
2019-10-03 13:22:43,666|I|Thread-1|(DELAYED) No predefined nexial-setup found
2019-10-03 13:22:43,666|I|Thread-1|(DELAYED) [20191003_132243] [C:\projects\OrangeHRMWebApplication\artifact\script\OHRM_02_features.xlsx] resolve RUN ID as 20191003_132243
2019-10-03 13:22:43,666|I|Thread-1|(DELAYED) [20191003_132243] [C:\projects\OrangeHRMWebApplication\artifact\script\OHRM_02_features.xlsx] new thread started
2019-10-03 13:22:43,668|I|Thread-1|No predefined nexial-setup found
2019-10-03 13:22:43,870|I|Thread-1|outputBase not set; output-to-cloud DISABLED!
2019-10-03 13:22:43,871|I|Thread-1|accessKey not set; output-to-cloud DISABLED!
2019-10-03 13:22:43,871|I|Thread-1|secretKey not set; output-to-cloud DISABLED!
2019-10-03 13:22:43,948|I|Thread-1|missing REQUIRED configuration; sms DISABLED!
2019-10-03 13:22:45,112|I|Thread-1|[20191003_132243] executing C:\projects\OrangeHRMWebApplication\artifact\script\OHRM_02_features.xlsx with 1 iteration(s)
2019-10-03 13:22:45,117|I|Thread-1|[20191003_132243] create directory C:\projects\OrangeHRMWebApplication\output\20191003_132243\captures
2019-10-03 13:22:45,119|I|Thread-1|[20191003_132243] create directory C:\projects\OrangeHRMWebApplication\output\20191003_132243\logs
2019-10-03 13:22:47,689|I|Thread-1|macro(s) found and merged; C:\projects\OrangeHRMWebApplication\output\20191003_132243\OHRM_02_features.20191003_132245.001.xlsx will need to be saved
2019-10-03 13:22:47,689|I|Thread-1|[20191003_132243] merging test data to tmp file C:\projects\OrangeHRMWebApplication\output\20191003_132243\OHRM_02_features.20191003_132245.001.xlsx
2019-10-03 13:22:47,689|I|Thread-1|refetching data from C:\projects\OrangeHRMWebApplication\artifact\data\OHRM_02_features.data.xlsx
2019-10-03 13:22:48,246|I|Thread-1|[20191003_132243] test script and test data merged to C:\projects\OrangeHRMWebApplication\output\20191003_132243\OHRM_02_features.20191003_132245.001.xlsx
2019-10-03 13:22:49,917|I|Thread-1|STARTS
2019-10-03 13:22:49,969|I|Thread-1|OHRM_02_features.20191003_132245.001 - executing iteration #1 of 1; Iteration Id 1
2019-10-03 13:22:49,980|I|Thread-1|OHRM_02_features.20191003_132245.001|Personnel Information Managemen - executing test scenario
2019-10-03 13:22:49,981|I|Thread-1|OHRM_02_features.20191003_132245.001|Personnel Information Managemen|Feature-Personnel Information Management (PIM) - executing activity
2019-10-03 13:22:50,583|I|Thread-1|OHRM_02_features.20191003_132245.001|Personnel Information Managemen|Feature-Personnel Information Management (PIM)|#  5|base.section(steps) - executing section(steps)(4)
2019-10-03 13:22:50,593|I|Thread-1|OHRM_02_features.20191003_132245.001|Personnel Information Managemen|Feature-Personnel Information Management (PIM)|#  5|base.section(steps) - PASS 
2019-10-03 13:22:51,193|I|Thread-1|OHRM_02_features.20191003_132245.001|Personnel Information Managemen|Feature-Personnel Information Management (PIM)|#  6|web.open(url) - executing open(url)(${url})
2019-10-03 13:22:51,193|I|Thread-1|No valid instance of webdriver, initializing...
2019-10-03 13:22:51,194|I|Thread-1|init chrome
2019-10-03 13:22:54,334|I|Thread-1|browser initialization completed for 'chrome'
2019-10-03 13:22:54,354|I|Thread-1|setting browser polling wait time to 800 ms
2019-10-03 13:22:54,372|I|Thread-1|setting browser page load timeout to 10000 ms
2019-10-03 13:22:54,451|I|Thread-1|OHRM_02_features.20191003_132245.001|Personnel Information Managemen|Feature-Personnel Information Management (PIM)|#  6|web.open(url) - default browser stability wait time is 3000 ms
2019-10-03 13:23:00,670|I|Thread-1|current browser window handle:CDwindow-54B77E23C6A0DFA69EF8FE5AEC5A2218
2019-10-03 13:23:01,110|I|Thread-1|OHRM_02_features.20191003_132245.001|Personnel Information Managemen|Feature-Personnel Information Management (PIM)|#  6|web.open(url) - PASS opened URL https://www.orangehrm.com/
2019-10-03 13:23:01,714|I|Thread-1|OHRM_02_features.20191003_132245.001|Personnel Information Managemen|Feature-Personnel Information Management (PIM)|#  7|web.maximizeWindow() - executing maximizeWindow()()
2019-10-03 13:23:02,898|I|Thread-1|OHRM_02_features.20191003_132245.001|Personnel Information Managemen|Feature-Personnel Information Management (PIM)|#  7|web.maximizeWindow() - PASS browser window maximized
2019-10-03 13:23:03,499|I|Thread-1|OHRM_02_features.20191003_132245.001|Personnel Information Managemen|Feature-Personnel Information Management (PIM)|#  8|web.click(locator) - executing click(locator)(${btn.features.loc})
2019-10-03 13:23:03,570|I|Thread-1|clicking '//div[@id='header-navbar']/ul/li/a[text()='Features']'...
2019-10-03 13:23:03,620|I|Thread-1|click target via JS, @id=
2019-10-03 13:23:04,603|I|Thread-1|clicked -> true
2019-10-03 13:23:04,606|I|Thread-1|OHRM_02_features.20191003_132245.001|Personnel Information Managemen|Feature-Personnel Information Management (PIM)|#  8|web.click(locator) - PASS click via JS event
2019-10-03 13:23:05,207|I|Thread-1|OHRM_02_features.20191003_132245.001|Personnel Information Managemen|Feature-Personnel Information Management (PIM)|#  9|web.assertElementByText(l - executing assertElementByText(locator,text)(${btn.features.loc}, ${featuretext})
2019-10-03 13:23:05,308|I|Thread-1|OHRM_02_features.20191003_132245.001|Personnel Information Managemen|Feature-Personnel Information Management (PIM)|#  9|web.assertElementByText(l - PASS validated locator '//div[@id='header-navbar']/ul/li/a[text()='Features']' by text 'Features' as EXPECTED
2019-10-03 13:23:05,908|I|Thread-1|OHRM_02_features.20191003_132245.001|Personnel Information Managemen|Feature-Personnel Information Management (PIM)|# 10|web.assertAndClick(locato - executing assertAndClick(locator,label)(${btn.pim.loc}, ${PIMlabel})
2019-10-03 13:23:06,131|I|Thread-1|clicking '//h4[text()='Personnel Information Management (PIM)' and text() = 'Personnel Information Management (PIM)']'...
2019-10-03 13:23:06,173|I|Thread-1|click target via JS, @id=
2019-10-03 13:23:08,585|I|Thread-1|clicked -> true
2019-10-03 13:23:08,590|I|Thread-1|OHRM_02_features.20191003_132245.001|Personnel Information Managemen|Feature-Personnel Information Management (PIM)|# 10|web.assertAndClick(locato - PASS click via JS event
2019-10-03 13:23:09,192|I|Thread-1|OHRM_02_features.20191003_132245.001|Personnel Information Managemen|Feature-Personnel Information Management (PIM)|# 11|base.section(steps) - executing section(steps)(3)
2019-10-03 13:23:09,193|I|Thread-1|OHRM_02_features.20191003_132245.001|Personnel Information Managemen|Feature-Personnel Information Management (PIM)|# 11|base.section(steps) - PASS 
2019-10-03 13:23:09,793|I|Thread-1|OHRM_02_features.20191003_132245.001|Personnel Information Managemen|Feature-Personnel Information Management (PIM)|# 12|web.assertTextPresent(tex - executing assertTextPresent(text)(${TryItNow})
2019-10-03 13:23:09,848|I|Thread-1|OHRM_02_features.20191003_132245.001|Personnel Information Managemen|Feature-Personnel Information Management (PIM)|# 12|web.assertTextPresent(tex - PASS EXPECTED text 'Try It Now' found
2019-10-03 13:23:10,449|I|Thread-1|OHRM_02_features.20191003_132245.001|Personnel Information Managemen|Feature-Personnel Information Management (PIM)|# 13|web.click(locator) - executing click(locator)(${btn.tryitnow.loc})
2019-10-03 13:23:10,500|I|Thread-1|clicking '//a[text()='Try It Now']'...
2019-10-03 13:23:10,535|I|Thread-1|click target via JS, @id=
2019-10-03 13:23:12,673|I|Thread-1|clicked -> true
2019-10-03 13:23:12,676|I|Thread-1|OHRM_02_features.20191003_132245.001|Personnel Information Managemen|Feature-Personnel Information Management (PIM)|# 13|web.click(locator) - PASS click via JS event
2019-10-03 13:23:13,277|I|Thread-1|OHRM_02_features.20191003_132245.001|Personnel Information Managemen|Feature-Personnel Information Management (PIM)|# 14|web.goBack() - executing goBack()()
2019-10-03 13:23:14,496|I|Thread-1|OHRM_02_features.20191003_132245.001|Personnel Information Managemen|Feature-Personnel Information Management (PIM)|# 14|web.goBack() - PASS went back previous page
2019-10-03 13:23:15,098|I|Thread-1|OHRM_02_features.20191003_132245.001|Personnel Information Managemen|Feature-Personnel Information Management (PIM)|# 15|web.scrollTo(locator) - executing scrollTo(locator)(${btn.customfields.loc})
2019-10-03 13:23:15,198|I|Thread-1|OHRM_02_features.20191003_132245.001|Personnel Information Managemen|Feature-Personnel Information Management (PIM)|# 15|web.scrollTo(locator) - PASS scrolled to '//h4[text()='Custom Fields']/following-sibling::a'
2019-10-03 13:23:15,799|I|Thread-1|OHRM_02_features.20191003_132245.001|Personnel Information Managemen|Feature-Personnel Information Management (PIM)|# 16|web.assertTextPresent(tex - executing assertTextPresent(text)(${CustomFields})
2019-10-03 13:23:15,864|I|Thread-1|OHRM_02_features.20191003_132245.001|Personnel Information Managemen|Feature-Personnel Information Management (PIM)|# 16|web.assertTextPresent(tex - PASS EXPECTED text 'Custom Fields' found
2019-10-03 13:23:16,466|I|Thread-1|OHRM_02_features.20191003_132245.001|Personnel Information Managemen|Feature-Personnel Information Management (PIM)|# 17|web.click(locator) - executing click(locator)(${btn.customfields.loc})
2019-10-03 13:23:16,518|I|Thread-1|clicking '//h4[text()='Custom Fields']/following-sibling::a'...
2019-10-03 13:23:16,557|I|Thread-1|click target via JS, @id=
2019-10-03 13:23:16,619|I|Thread-1|clicked -> true
2019-10-03 13:23:16,621|I|Thread-1|OHRM_02_features.20191003_132245.001|Personnel Information Managemen|Feature-Personnel Information Management (PIM)|# 17|web.click(locator) - PASS click via JS event
2019-10-03 13:23:17,222|I|Thread-1|OHRM_02_features.20191003_132245.001|Personnel Information Managemen|Feature-Personnel Information Management (PIM)|# 18|web.scrollTo(locator) - executing scrollTo(locator)(${btn.addemployee.loc})
2019-10-03 13:23:17,401|I|Thread-1|OHRM_02_features.20191003_132245.001|Personnel Information Managemen|Feature-Personnel Information Management (PIM)|# 18|web.scrollTo(locator) - PASS scrolled to '//h4[text()='Add employee']/following-sibling::a'
2019-10-03 13:23:18,002|I|Thread-1|OHRM_02_features.20191003_132245.001|Personnel Information Managemen|Feature-Personnel Information Management (PIM)|# 19|web.assertTextPresent(tex - executing assertTextPresent(text)(${AddEmployee})
2019-10-03 13:23:18,055|I|Thread-1|OHRM_02_features.20191003_132245.001|Personnel Information Managemen|Feature-Personnel Information Management (PIM)|# 19|web.assertTextPresent(tex - PASS EXPECTED text 'Add employee' found
2019-10-03 13:23:18,657|I|Thread-1|OHRM_02_features.20191003_132245.001|Personnel Information Managemen|Feature-Personnel Information Management (PIM)|# 20|web.click(locator) - executing click(locator)(${btn.addemployee.loc})
2019-10-03 13:23:18,710|I|Thread-1|clicking '//h4[text()='Add employee']/following-sibling::a'...
2019-10-03 13:23:18,740|I|Thread-1|click target via JS, @id=
2019-10-03 13:23:18,796|I|Thread-1|clicked -> true
2019-10-03 13:23:18,798|I|Thread-1|OHRM_02_features.20191003_132245.001|Personnel Information Managemen|Feature-Personnel Information Management (PIM)|# 20|web.click(locator) - PASS click via JS event
2019-10-03 13:23:19,398|I|Thread-1|OHRM_02_features.20191003_132245.001|Personnel Information Managemen|Feature-Personnel Information Management (PIM)|# 21|web.scrollTo(locator) - executing scrollTo(locator)(${btn.bulkupdate.loc})
2019-10-03 13:23:19,502|I|Thread-1|OHRM_02_features.20191003_132245.001|Personnel Information Managemen|Feature-Personnel Information Management (PIM)|# 21|web.scrollTo(locator) - PASS scrolled to '//h4[text()='Bulk Update']/following-sibling::a'
2019-10-03 13:23:20,103|I|Thread-1|OHRM_02_features.20191003_132245.001|Personnel Information Managemen|Feature-Personnel Information Management (PIM)|# 22|web.assertTextPresent(tex - executing assertTextPresent(text)(${BulkUpdate})
2019-10-03 13:23:20,160|I|Thread-1|OHRM_02_features.20191003_132245.001|Personnel Information Managemen|Feature-Personnel Information Management (PIM)|# 22|web.assertTextPresent(tex - PASS EXPECTED text 'Bulk Update' found
2019-10-03 13:23:20,762|I|Thread-1|OHRM_02_features.20191003_132245.001|Personnel Information Managemen|Feature-Personnel Information Management (PIM)|# 23|web.click(locator) - executing click(locator)(${btn.bulkupdate.loc})
2019-10-03 13:23:20,838|I|Thread-1|clicking '//h4[text()='Bulk Update']/following-sibling::a'...
2019-10-03 13:23:20,869|I|Thread-1|click target via JS, @id=
2019-10-03 13:23:20,916|I|Thread-1|clicked -> true
2019-10-03 13:23:20,918|I|Thread-1|OHRM_02_features.20191003_132245.001|Personnel Information Managemen|Feature-Personnel Information Management (PIM)|# 23|web.click(locator) - PASS click via JS event
2019-10-03 13:23:21,519|I|Thread-1|OHRM_02_features.20191003_132245.001|Personnel Information Managemen|Feature-Personnel Information Management (PIM)|# 24|web.scrollTo(locator) - executing scrollTo(locator)(${btn.myshortcuts.loc})
2019-10-03 13:23:21,633|I|Thread-1|OHRM_02_features.20191003_132245.001|Personnel Information Managemen|Feature-Personnel Information Management (PIM)|# 24|web.scrollTo(locator) - PASS scrolled to '//h4[text()='My shortcuts']/following-sibling::a'
2019-10-03 13:23:22,234|I|Thread-1|OHRM_02_features.20191003_132245.001|Personnel Information Managemen|Feature-Personnel Information Management (PIM)|# 25|web.assertTextPresent(tex - executing assertTextPresent(text)(${MyShortcuts})
2019-10-03 13:23:22,303|I|Thread-1|OHRM_02_features.20191003_132245.001|Personnel Information Managemen|Feature-Personnel Information Management (PIM)|# 25|web.assertTextPresent(tex - PASS EXPECTED text 'My shortcuts' found
2019-10-03 13:23:22,904|I|Thread-1|OHRM_02_features.20191003_132245.001|Personnel Information Managemen|Feature-Personnel Information Management (PIM)|# 26|web.click(locator) - executing click(locator)(${btn.myshortcuts.loc})
2019-10-03 13:23:22,954|I|Thread-1|clicking '//h4[text()='My shortcuts']/following-sibling::a'...
2019-10-03 13:23:22,985|I|Thread-1|click target via JS, @id=
2019-10-03 13:23:23,031|I|Thread-1|clicked -> true
2019-10-03 13:23:23,033|I|Thread-1|OHRM_02_features.20191003_132245.001|Personnel Information Managemen|Feature-Personnel Information Management (PIM)|# 26|web.click(locator) - PASS click via JS event
2019-10-03 13:23:23,634|I|Thread-1|OHRM_02_features.20191003_132245.001|Personnel Information Managemen|Feature-Personnel Information Management (PIM)|# 27|web.scrollTo(locator) - executing scrollTo(locator)(${btn.reportingtools.loc})
2019-10-03 13:23:23,741|I|Thread-1|OHRM_02_features.20191003_132245.001|Personnel Information Managemen|Feature-Personnel Information Management (PIM)|# 27|web.scrollTo(locator) - PASS scrolled to '//h4[text()='Reporting tools']/following-sibling::a'
2019-10-03 13:23:24,341|I|Thread-1|OHRM_02_features.20191003_132245.001|Personnel Information Managemen|Feature-Personnel Information Management (PIM)|# 28|web.assertTextPresent(tex - executing assertTextPresent(text)(${ReportingTools})
2019-10-03 13:23:24,414|I|Thread-1|OHRM_02_features.20191003_132245.001|Personnel Information Managemen|Feature-Personnel Information Management (PIM)|# 28|web.assertTextPresent(tex - PASS EXPECTED text 'Reporting tools' found
2019-10-03 13:23:25,016|I|Thread-1|OHRM_02_features.20191003_132245.001|Personnel Information Managemen|Feature-Personnel Information Management (PIM)|# 29|web.click(locator) - executing click(locator)(${btn.reportingtools.loc})
2019-10-03 13:23:25,097|I|Thread-1|clicking '//h4[text()='Reporting tools']/following-sibling::a'...
2019-10-03 13:23:25,129|I|Thread-1|click target via JS, @id=
2019-10-03 13:23:25,179|I|Thread-1|clicked -> true
2019-10-03 13:23:25,181|I|Thread-1|OHRM_02_features.20191003_132245.001|Personnel Information Managemen|Feature-Personnel Information Management (PIM)|# 29|web.click(locator) - PASS click via JS event
2019-10-03 13:23:25,781|I|Thread-1|OHRM_02_features.20191003_132245.001|Personnel Information Managemen|Feature-Personnel Information Management (PIM)|# 30|base.section(steps) - executing section(steps)(1)
2019-10-03 13:23:25,783|I|Thread-1|OHRM_02_features.20191003_132245.001|Personnel Information Managemen|Feature-Personnel Information Management (PIM)|# 30|base.section(steps) - PASS 
2019-10-03 13:23:26,384|I|Thread-1|OHRM_02_features.20191003_132245.001|Personnel Information Managemen|Feature-Personnel Information Management (PIM)|# 31|base.verbose(text) - executing verbose(text)(Executed Successfully)
2019-10-03 13:23:26,384|I|Thread-1|OHRM_02_features.20191003_132245.001|Personnel Information Managemen|Feature-Personnel Information Management (PIM)|# 31|base.verbose(text) - Executed Successfully
2019-10-03 13:23:26,385|I|Thread-1|OHRM_02_features.20191003_132245.001|Personnel Information Managemen|Feature-Personnel Information Management (PIM)|# 31|base.verbose(text) - PASS 
2019-10-03 13:23:26,658|I|Thread-1|[OHRM_02_features.20191003_132245.001|Personnel Information Managemen] saving test scenario
2019-10-03 13:23:27,217|I|Thread-1|OHRM_02_features.20191003_132245.001|Leave or  Time off Management - executing test scenario
2019-10-03 13:23:27,218|I|Thread-1|OHRM_02_features.20191003_132245.001|Leave or  Time off Management|Feature-Leave/ Time off Management - executing activity
2019-10-03 13:23:27,819|I|Thread-1|OHRM_02_features.20191003_132245.001|Leave or  Time off Management|Feature-Leave/ Time off Management|#  5|base.section(steps) - executing section(steps)(4)
2019-10-03 13:23:27,820|I|Thread-1|OHRM_02_features.20191003_132245.001|Leave or  Time off Management|Feature-Leave/ Time off Management|#  5|base.section(steps) - PASS 
2019-10-03 13:23:28,422|I|Thread-1|OHRM_02_features.20191003_132245.001|Leave or  Time off Management|Feature-Leave/ Time off Management|#  6|web.open(url) - executing open(url)(${url})
2019-10-03 13:23:31,445|I|Thread-1|current browser window handle:CDwindow-54B77E23C6A0DFA69EF8FE5AEC5A2218
2019-10-03 13:23:31,488|I|Thread-1|OHRM_02_features.20191003_132245.001|Leave or  Time off Management|Feature-Leave/ Time off Management|#  6|web.open(url) - PASS opened URL https://www.orangehrm.com/
2019-10-03 13:23:32,089|I|Thread-1|OHRM_02_features.20191003_132245.001|Leave or  Time off Management|Feature-Leave/ Time off Management|#  7|web.maximizeWindow() - executing maximizeWindow()()
2019-10-03 13:23:32,172|I|Thread-1|OHRM_02_features.20191003_132245.001|Leave or  Time off Management|Feature-Leave/ Time off Management|#  7|web.maximizeWindow() - PASS browser window maximized
2019-10-03 13:23:32,772|I|Thread-1|OHRM_02_features.20191003_132245.001|Leave or  Time off Management|Feature-Leave/ Time off Management|#  8|web.click(locator) - executing click(locator)(${btn.features.loc})
2019-10-03 13:23:32,826|I|Thread-1|clicking '//div[@id='header-navbar']/ul/li/a[text()='Features']'...
2019-10-03 13:23:32,863|I|Thread-1|click target via JS, @id=
2019-10-03 13:23:33,756|I|Thread-1|clicked -> true
2019-10-03 13:23:33,758|I|Thread-1|OHRM_02_features.20191003_132245.001|Leave or  Time off Management|Feature-Leave/ Time off Management|#  8|web.click(locator) - PASS click via JS event
2019-10-03 13:23:34,359|I|Thread-1|OHRM_02_features.20191003_132245.001|Leave or  Time off Management|Feature-Leave/ Time off Management|#  9|web.assertElementByText(l - executing assertElementByText(locator,text)(${btn.features.loc}, ${featuretext})
2019-10-03 13:23:34,440|I|Thread-1|OHRM_02_features.20191003_132245.001|Leave or  Time off Management|Feature-Leave/ Time off Management|#  9|web.assertElementByText(l - PASS validated locator '//div[@id='header-navbar']/ul/li/a[text()='Features']' by text 'Features' as EXPECTED
2019-10-03 13:23:35,041|I|Thread-1|OHRM_02_features.20191003_132245.001|Leave or  Time off Management|Feature-Leave/ Time off Management|# 10|web.assertAndClick(locato - executing assertAndClick(locator,label)(${btn.leaveortime.loc}, ${LeaveOrTimeLabel})
2019-10-03 13:23:35,146|I|Thread-1|clicking '//h4[text()='Leave/ Time off Management' and text() = 'Leave/ Time off Management']'...
2019-10-03 13:23:35,176|I|Thread-1|click target via JS, @id=
2019-10-03 13:23:38,098|I|Thread-1|clicked -> true
2019-10-03 13:23:38,101|I|Thread-1|OHRM_02_features.20191003_132245.001|Leave or  Time off Management|Feature-Leave/ Time off Management|# 10|web.assertAndClick(locato - PASS click via JS event
2019-10-03 13:23:38,702|I|Thread-1|OHRM_02_features.20191003_132245.001|Leave or  Time off Management|Feature-Leave/ Time off Management|# 11|base.section(steps) - executing section(steps)(3)
2019-10-03 13:23:38,703|I|Thread-1|OHRM_02_features.20191003_132245.001|Leave or  Time off Management|Feature-Leave/ Time off Management|# 11|base.section(steps) - PASS 
2019-10-03 13:23:39,305|I|Thread-1|OHRM_02_features.20191003_132245.001|Leave or  Time off Management|Feature-Leave/ Time off Management|# 12|web.assertTextPresent(tex - executing assertTextPresent(text)(${TryItNow})
2019-10-03 13:23:39,381|I|Thread-1|OHRM_02_features.20191003_132245.001|Leave or  Time off Management|Feature-Leave/ Time off Management|# 12|web.assertTextPresent(tex - PASS EXPECTED text 'Try It Now' found
2019-10-03 13:23:39,981|I|Thread-1|OHRM_02_features.20191003_132245.001|Leave or  Time off Management|Feature-Leave/ Time off Management|# 13|web.click(locator) - executing click(locator)(${btn.tryitnow.loc})
2019-10-03 13:23:40,065|I|Thread-1|clicking '//a[text()='Try It Now']'...
2019-10-03 13:23:40,092|I|Thread-1|click target via JS, @id=
2019-10-03 13:23:41,296|I|Thread-1|clicked -> true
2019-10-03 13:23:41,298|I|Thread-1|OHRM_02_features.20191003_132245.001|Leave or  Time off Management|Feature-Leave/ Time off Management|# 13|web.click(locator) - PASS click via JS event
2019-10-03 13:23:41,900|I|Thread-1|OHRM_02_features.20191003_132245.001|Leave or  Time off Management|Feature-Leave/ Time off Management|# 14|web.goBack() - executing goBack()()
2019-10-03 13:23:42,806|I|Thread-1|OHRM_02_features.20191003_132245.001|Leave or  Time off Management|Feature-Leave/ Time off Management|# 14|web.goBack() - PASS went back previous page
2019-10-03 13:23:43,407|I|Thread-1|OHRM_02_features.20191003_132245.001|Leave or  Time off Management|Feature-Leave/ Time off Management|# 15|web.scrollTo(locator) - executing scrollTo(locator)(${txt.accural.loc})
2019-10-03 13:23:43,526|I|Thread-1|OHRM_02_features.20191003_132245.001|Leave or  Time off Management|Feature-Leave/ Time off Management|# 15|web.scrollTo(locator) - PASS scrolled to '//h3[text()='Leave Accrual and Carry Forward ']'
2019-10-03 13:23:44,126|I|Thread-1|OHRM_02_features.20191003_132245.001|Leave or  Time off Management|Feature-Leave/ Time off Management|# 16|web.assertTextPresent(tex - executing assertTextPresent(text)(${LeaveAccrualCarryForward})
2019-10-03 13:23:44,178|I|Thread-1|OHRM_02_features.20191003_132245.001|Leave or  Time off Management|Feature-Leave/ Time off Management|# 16|web.assertTextPresent(tex - PASS EXPECTED text 'Leave Accrual and Carry Forward' found
2019-10-03 13:23:44,779|I|Thread-1|OHRM_02_features.20191003_132245.001|Leave or  Time off Management|Feature-Leave/ Time off Management|# 17|web.scrollTo(locator) - executing scrollTo(locator)(${txt.calender.loc})
2019-10-03 13:23:44,892|I|Thread-1|OHRM_02_features.20191003_132245.001|Leave or  Time off Management|Feature-Leave/ Time off Management|# 17|web.scrollTo(locator) - PASS scrolled to '//h3[text()='Leave Calendar']'
2019-10-03 13:23:45,493|I|Thread-1|OHRM_02_features.20191003_132245.001|Leave or  Time off Management|Feature-Leave/ Time off Management|# 18|web.assertTextPresent(tex - executing assertTextPresent(text)(${LeaveCalendar})
2019-10-03 13:23:45,548|I|Thread-1|OHRM_02_features.20191003_132245.001|Leave or  Time off Management|Feature-Leave/ Time off Management|# 18|web.assertTextPresent(tex - PASS EXPECTED text 'Leave Calendar' found
2019-10-03 13:23:46,150|I|Thread-1|OHRM_02_features.20191003_132245.001|Leave or  Time off Management|Feature-Leave/ Time off Management|# 19|web.scrollTo(locator) - executing scrollTo(locator)(${txt.nominee.loc})
2019-10-03 13:23:46,355|I|Thread-1|OHRM_02_features.20191003_132245.001|Leave or  Time off Management|Feature-Leave/ Time off Management|# 19|web.scrollTo(locator) - PASS scrolled to '//h3[text()='Leave Nominee']'
2019-10-03 13:23:46,956|I|Thread-1|OHRM_02_features.20191003_132245.001|Leave or  Time off Management|Feature-Leave/ Time off Management|# 20|web.assertTextPresent(tex - executing assertTextPresent(text)(${LeaveNominee})
2019-10-03 13:23:47,024|I|Thread-1|OHRM_02_features.20191003_132245.001|Leave or  Time off Management|Feature-Leave/ Time off Management|# 20|web.assertTextPresent(tex - PASS EXPECTED text 'Leave Nominee' found
2019-10-03 13:23:47,625|I|Thread-1|OHRM_02_features.20191003_132245.001|Leave or  Time off Management|Feature-Leave/ Time off Management|# 21|web.scrollTo(locator) - executing scrollTo(locator)(${txt.reports.loc})
2019-10-03 13:23:47,732|I|Thread-1|OHRM_02_features.20191003_132245.001|Leave or  Time off Management|Feature-Leave/ Time off Management|# 21|web.scrollTo(locator) - PASS scrolled to '//h3[text()='Leave Reports']'
2019-10-03 13:23:48,333|I|Thread-1|OHRM_02_features.20191003_132245.001|Leave or  Time off Management|Feature-Leave/ Time off Management|# 22|web.assertTextPresent(tex - executing assertTextPresent(text)(${LeaveReports})
2019-10-03 13:23:48,409|I|Thread-1|OHRM_02_features.20191003_132245.001|Leave or  Time off Management|Feature-Leave/ Time off Management|# 22|web.assertTextPresent(tex - PASS EXPECTED text 'Leave Reports' found
2019-10-03 13:23:49,010|I|Thread-1|OHRM_02_features.20191003_132245.001|Leave or  Time off Management|Feature-Leave/ Time off Management|# 23|base.section(steps) - executing section(steps)(1)
2019-10-03 13:23:49,011|I|Thread-1|OHRM_02_features.20191003_132245.001|Leave or  Time off Management|Feature-Leave/ Time off Management|# 23|base.section(steps) - PASS 
2019-10-03 13:23:49,613|I|Thread-1|OHRM_02_features.20191003_132245.001|Leave or  Time off Management|Feature-Leave/ Time off Management|# 24|base.verbose(text) - executing verbose(text)(Executed Successfully)
2019-10-03 13:23:49,613|I|Thread-1|OHRM_02_features.20191003_132245.001|Leave or  Time off Management|Feature-Leave/ Time off Management|# 24|base.verbose(text) - Executed Successfully
2019-10-03 13:23:49,614|I|Thread-1|OHRM_02_features.20191003_132245.001|Leave or  Time off Management|Feature-Leave/ Time off Management|# 24|base.verbose(text) - PASS 
2019-10-03 13:23:49,670|I|Thread-1|[OHRM_02_features.20191003_132245.001|Leave or  Time off Management] saving test scenario
2019-10-03 13:23:50,129|I|Thread-1|OHRM_02_features.20191003_132245.001|Time & Attendance Management - executing test scenario
2019-10-03 13:23:50,129|I|Thread-1|OHRM_02_features.20191003_132245.001|Time & Attendance Management|Feature-Time & Attendance Management - executing activity
2019-10-03 13:23:50,730|I|Thread-1|OHRM_02_features.20191003_132245.001|Time & Attendance Management|Feature-Time & Attendance Management|#  5|base.section(steps) - executing section(steps)(4)
2019-10-03 13:23:50,732|I|Thread-1|OHRM_02_features.20191003_132245.001|Time & Attendance Management|Feature-Time & Attendance Management|#  5|base.section(steps) - PASS 
2019-10-03 13:23:51,333|I|Thread-1|OHRM_02_features.20191003_132245.001|Time & Attendance Management|Feature-Time & Attendance Management|#  6|web.open(url) - executing open(url)(${url})
2019-10-03 13:23:55,116|I|Thread-1|current browser window handle:CDwindow-54B77E23C6A0DFA69EF8FE5AEC5A2218
2019-10-03 13:23:55,151|I|Thread-1|OHRM_02_features.20191003_132245.001|Time & Attendance Management|Feature-Time & Attendance Management|#  6|web.open(url) - PASS opened URL https://www.orangehrm.com/
2019-10-03 13:23:55,752|I|Thread-1|OHRM_02_features.20191003_132245.001|Time & Attendance Management|Feature-Time & Attendance Management|#  7|web.maximizeWindow() - executing maximizeWindow()()
2019-10-03 13:23:55,813|I|Thread-1|OHRM_02_features.20191003_132245.001|Time & Attendance Management|Feature-Time & Attendance Management|#  7|web.maximizeWindow() - PASS browser window maximized
2019-10-03 13:23:56,413|I|Thread-1|OHRM_02_features.20191003_132245.001|Time & Attendance Management|Feature-Time & Attendance Management|#  8|web.click(locator) - executing click(locator)(${btn.features.loc})
2019-10-03 13:23:56,467|I|Thread-1|clicking '//div[@id='header-navbar']/ul/li/a[text()='Features']'...
2019-10-03 13:23:56,503|I|Thread-1|click target via JS, @id=
2019-10-03 13:23:58,060|I|Thread-1|clicked -> true
2019-10-03 13:23:58,062|I|Thread-1|OHRM_02_features.20191003_132245.001|Time & Attendance Management|Feature-Time & Attendance Management|#  8|web.click(locator) - PASS click via JS event
2019-10-03 13:23:58,662|I|Thread-1|OHRM_02_features.20191003_132245.001|Time & Attendance Management|Feature-Time & Attendance Management|#  9|web.assertElementByText(l - executing assertElementByText(locator,text)(${btn.features.loc}, ${featuretext})
2019-10-03 13:23:58,813|I|Thread-1|OHRM_02_features.20191003_132245.001|Time & Attendance Management|Feature-Time & Attendance Management|#  9|web.assertElementByText(l - PASS validated locator '//div[@id='header-navbar']/ul/li/a[text()='Features']' by text 'Features' as EXPECTED
2019-10-03 13:23:59,415|I|Thread-1|OHRM_02_features.20191003_132245.001|Time & Attendance Management|Feature-Time & Attendance Management|# 10|web.assertAndClick(locato - executing assertAndClick(locator,label)(${btn.leaveandattendence.loc}, ${TimeAndAttendence})
2019-10-03 13:23:59,588|I|Thread-1|clicking '//h4[text()='Time & Attendance Management' and text() = 'Time & Attendance Management']'...
2019-10-03 13:23:59,685|I|Thread-1|click target via JS, @id=
2019-10-03 13:24:01,294|I|Thread-1|clicked -> true
2019-10-03 13:24:01,296|I|Thread-1|OHRM_02_features.20191003_132245.001|Time & Attendance Management|Feature-Time & Attendance Management|# 10|web.assertAndClick(locato - PASS click via JS event
2019-10-03 13:24:01,898|I|Thread-1|OHRM_02_features.20191003_132245.001|Time & Attendance Management|Feature-Time & Attendance Management|# 11|base.section(steps) - executing section(steps)(3)
2019-10-03 13:24:01,898|I|Thread-1|OHRM_02_features.20191003_132245.001|Time & Attendance Management|Feature-Time & Attendance Management|# 11|base.section(steps) - PASS 
2019-10-03 13:24:02,499|I|Thread-1|OHRM_02_features.20191003_132245.001|Time & Attendance Management|Feature-Time & Attendance Management|# 12|web.assertTextPresent(tex - executing assertTextPresent(text)(${TryItNow})
2019-10-03 13:24:02,553|I|Thread-1|OHRM_02_features.20191003_132245.001|Time & Attendance Management|Feature-Time & Attendance Management|# 12|web.assertTextPresent(tex - PASS EXPECTED text 'Try It Now' found
2019-10-03 13:24:03,153|I|Thread-1|OHRM_02_features.20191003_132245.001|Time & Attendance Management|Feature-Time & Attendance Management|# 13|web.click(locator) - executing click(locator)(${btn.tryitnow.loc})
2019-10-03 13:24:03,200|I|Thread-1|clicking '//a[text()='Try It Now']'...
2019-10-03 13:24:03,230|I|Thread-1|click target via JS, @id=
2019-10-03 13:24:05,753|I|Thread-1|clicked -> true
2019-10-03 13:24:05,755|I|Thread-1|OHRM_02_features.20191003_132245.001|Time & Attendance Management|Feature-Time & Attendance Management|# 13|web.click(locator) - PASS click via JS event
2019-10-03 13:24:06,357|I|Thread-1|OHRM_02_features.20191003_132245.001|Time & Attendance Management|Feature-Time & Attendance Management|# 14|web.goBack() - executing goBack()()
2019-10-03 13:24:06,897|I|Thread-1|OHRM_02_features.20191003_132245.001|Time & Attendance Management|Feature-Time & Attendance Management|# 14|web.goBack() - PASS went back previous page
2019-10-03 13:24:07,498|I|Thread-1|OHRM_02_features.20191003_132245.001|Time & Attendance Management|Feature-Time & Attendance Management|# 15|web.scrollTo(locator) - executing scrollTo(locator)(${txt.timesheets.loc})
2019-10-03 13:24:07,607|I|Thread-1|OHRM_02_features.20191003_132245.001|Time & Attendance Management|Feature-Time & Attendance Management|# 15|web.scrollTo(locator) - PASS scrolled to '//h3[text()='Timesheets']'
2019-10-03 13:24:08,208|I|Thread-1|OHRM_02_features.20191003_132245.001|Time & Attendance Management|Feature-Time & Attendance Management|# 16|web.assertTextPresent(tex - executing assertTextPresent(text)(${Timesheets})
2019-10-03 13:24:08,337|I|Thread-1|OHRM_02_features.20191003_132245.001|Time & Attendance Management|Feature-Time & Attendance Management|# 16|web.assertTextPresent(tex - PASS EXPECTED text 'Timesheets' found
2019-10-03 13:24:08,937|I|Thread-1|OHRM_02_features.20191003_132245.001|Time & Attendance Management|Feature-Time & Attendance Management|# 17|web.scrollTo(locator) - executing scrollTo(locator)(${txt.paypolicy.loc})
2019-10-03 13:24:09,050|I|Thread-1|OHRM_02_features.20191003_132245.001|Time & Attendance Management|Feature-Time & Attendance Management|# 17|web.scrollTo(locator) - PASS scrolled to '//h3[text()='Pay policies and Overtime']'
2019-10-03 13:24:09,651|I|Thread-1|OHRM_02_features.20191003_132245.001|Time & Attendance Management|Feature-Time & Attendance Management|# 18|web.assertTextPresent(tex - executing assertTextPresent(text)(${PaypoliciesOvertime})
2019-10-03 13:24:09,699|I|Thread-1|OHRM_02_features.20191003_132245.001|Time & Attendance Management|Feature-Time & Attendance Management|# 18|web.assertTextPresent(tex - PASS EXPECTED text 'Pay policies and Overtime' found
2019-10-03 13:24:10,300|I|Thread-1|OHRM_02_features.20191003_132245.001|Time & Attendance Management|Feature-Time & Attendance Management|# 19|web.scrollTo(locator) - executing scrollTo(locator)(${txt.attendence.loc})
2019-10-03 13:24:10,402|I|Thread-1|OHRM_02_features.20191003_132245.001|Time & Attendance Management|Feature-Time & Attendance Management|# 19|web.scrollTo(locator) - PASS scrolled to '//h3[text()='Attendance']'
2019-10-03 13:24:11,003|I|Thread-1|OHRM_02_features.20191003_132245.001|Time & Attendance Management|Feature-Time & Attendance Management|# 20|web.assertTextPresent(tex - executing assertTextPresent(text)(${Attendance})
2019-10-03 13:24:11,056|I|Thread-1|OHRM_02_features.20191003_132245.001|Time & Attendance Management|Feature-Time & Attendance Management|# 20|web.assertTextPresent(tex - PASS EXPECTED text 'Attendance' found
2019-10-03 13:24:11,657|I|Thread-1|OHRM_02_features.20191003_132245.001|Time & Attendance Management|Feature-Time & Attendance Management|# 21|web.scrollTo(locator) - executing scrollTo(locator)(${txt.reportsanalytics.loc})
2019-10-03 13:24:11,768|I|Thread-1|OHRM_02_features.20191003_132245.001|Time & Attendance Management|Feature-Time & Attendance Management|# 21|web.scrollTo(locator) - PASS scrolled to '//h3[text()='Reports & Analytics']'
2019-10-03 13:24:12,369|I|Thread-1|OHRM_02_features.20191003_132245.001|Time & Attendance Management|Feature-Time & Attendance Management|# 22|web.assertTextPresent(tex - executing assertTextPresent(text)(${ReportsAnalytics})
2019-10-03 13:24:12,448|I|Thread-1|OHRM_02_features.20191003_132245.001|Time & Attendance Management|Feature-Time & Attendance Management|# 22|web.assertTextPresent(tex - PASS EXPECTED text 'Reports & Analytics' found
2019-10-03 13:24:13,049|I|Thread-1|OHRM_02_features.20191003_132245.001|Time & Attendance Management|Feature-Time & Attendance Management|# 23|base.section(steps) - executing section(steps)(1)
2019-10-03 13:24:13,051|I|Thread-1|OHRM_02_features.20191003_132245.001|Time & Attendance Management|Feature-Time & Attendance Management|# 23|base.section(steps) - PASS 
2019-10-03 13:24:13,652|I|Thread-1|OHRM_02_features.20191003_132245.001|Time & Attendance Management|Feature-Time & Attendance Management|# 24|base.verbose(text) - executing verbose(text)(Executed Successfully)
2019-10-03 13:24:13,652|I|Thread-1|OHRM_02_features.20191003_132245.001|Time & Attendance Management|Feature-Time & Attendance Management|# 24|base.verbose(text) - Executed Successfully
2019-10-03 13:24:13,654|I|Thread-1|OHRM_02_features.20191003_132245.001|Time & Attendance Management|Feature-Time & Attendance Management|# 24|base.verbose(text) - PASS 
2019-10-03 13:24:13,695|I|Thread-1|[OHRM_02_features.20191003_132245.001|Time & Attendance Management] saving test scenario
2019-10-03 13:24:13,881|I|Thread-1|[20191003_132243] 
/-TEST COMPLETE-----------------------------------------------------------------
| Test Output:    C:\projects\OrangeHRMWebApplication\output\20191003_132243\OHRM_02_features.20191003_132245.001.xlsx
| Iteration:      1
\-------------------------------------------------------------------------------
» Execution Time: 83910 ms
» Test Steps:     67
» Error(s):       0



2019-10-03 13:24:14,621|I|Thread-1|SKIPPING auto-open-result since Nexial is currently running in non-interactive environment
2019-10-03 13:24:14,626|I|Thread-1|[20191003_132243] 
/-TEST COMPLETE-----------------------------------------------------------------
| Test Script:    C:\projects\OrangeHRMWebApplication\artifact\script\OHRM_02_features.xlsx
\-------------------------------------------------------------------------------
» Execution Time: 91346 ms
» Iterations:     [1] total 1
» Test Steps:     67
» Passed:         67
» Error(s):       0
» Iteration 1 of 1: C:\projects\OrangeHRMWebApplication\output\20191003_132243\OHRM_02_features.20191003_132245.001.xlsx



2019-10-03 13:24:15,428|I|main|[20191003_132243] [C:\projects\OrangeHRMWebApplication\artifact\script\OHRM_02_features.xlsx] now completed
2019-10-03 13:24:15,431|I|main|[20191003_132243] all execution thread(s) have terminated
2019-10-03 13:24:15,431|I|main|[20191003_132243] test run completed in about 92 seconds
2019-10-03 13:24:15,552|I|main|No predefined nexial-setup found
2019-10-03 13:24:15,601|I|main|outputBase not set; output-to-cloud DISABLED!
2019-10-03 13:24:15,601|I|main|accessKey not set; output-to-cloud DISABLED!
2019-10-03 13:24:15,601|I|main|secretKey not set; output-to-cloud DISABLED!
2019-10-03 13:24:15,602|I|main|SKIPPING auto-open-result since Nexial is currently running in non-interactive environment
2019-10-03 13:24:15,602|I|main|generating HTML output for this execution to C:\projects\OrangeHRMWebApplication\output\20191003_132243\execution-output.html
2019-10-03 13:24:16,136|I|main|generating JUnit XML output for this execution to C:\projects\OrangeHRMWebApplication\output\20191003_132243\junit.xml
2019-10-03 13:24:16,172|I|main|Generated JUnit report for this execution: C:\projects\OrangeHRMWebApplication\output\20191003_132243\junit.xml
2019-10-03 13:24:16,172|I|main|nexial mailer not enabled: nexial.enableEmail=false
2019-10-03 13:24:16,172|I|main|skipped email notification as configured
2019-10-03 13:24:16,173|I|main|Exiting Nexial...
2019-10-03 13:24:16,173|I|main|shutdown starts...
2019-10-03 13:24:16,175|I|main|Shutting down 'chrome' webdriver...
2019-10-03 13:24:22,957|I|main|shutdown ends...
2019-10-03 13:24:22,959|I|main|

/-END OF EXECUTION--------------------------------------------------------------
| » Execution Time: 92 sec.
| » Test Steps:     67
| » Passed:         67
| » Failed:         0
| » Success Rate:   100.00%
\---------------------------------------------------------------nexial-core 2.2_0488-

2019-10-03 13:24:22,959|I|main|ALL PASSED!
2019-10-03 13:24:22,960|I|main|End of Execution:
OUTPUT:       C:\projects\OrangeHRMWebApplication\output\20191003_132243
EXECUTION:    C:\projects\OrangeHRMWebApplication\output\20191003_132243\execution-output.html
JUNIT XML:    C:\projects\OrangeHRMWebApplication\output\20191003_132243\junit.xml
SUCCESS RATE: 100.00%
EXIT STATUS:  0
2019-10-03 13:24:22,960|I|main|End of Execution:
NEXIAL_OUTPUT:         C:\projects\OrangeHRMWebApplication\output\20191003_132243
NEXIAL_EXECUTION_HTML: C:\projects\OrangeHRMWebApplication\output\20191003_132243\execution-output.html
NEXIAL_JUNIT_XML:      C:\projects\OrangeHRMWebApplication\output\20191003_132243\junit.xml
NEXIAL_SUCCESS_RATE:   100.00%
NEXIAL_EXIT_STATUS:    0
