2019-10-04 11:32:33,749|I|Thread-1|(DELAYED) nexial-core 2.2_0488 starting up...
2019-10-04 11:32:33,757|I|Thread-1|(DELAYED) validating test script as C:\projects\OrangeHRMWebApplication\artifact\script\OHRM_01_signup.xlsx
2019-10-04 11:32:33,757|I|Thread-1|(DELAYED) validating data file as C:\projects\OrangeHRMWebApplication\artifact\data\OHRM_01_signup.data.xlsx
2019-10-04 11:32:33,757|I|Thread-1|(DELAYED) validating test script as C:\projects\OrangeHRMWebApplication\artifact\script\OHRM_02_features.xlsx
2019-10-04 11:32:33,758|I|Thread-1|(DELAYED) validating data file as C:\projects\OrangeHRMWebApplication\artifact\data\OHRM_02_features.data.xlsx
2019-10-04 11:32:33,758|I|Thread-1|(DELAYED) input files and output directory resolved...
2019-10-04 11:32:33,758|I|Thread-1|(DELAYED) No predefined nexial-setup found
2019-10-04 11:32:33,758|I|Thread-1|(DELAYED) [20191004_113233] [C:\projects\OrangeHRMWebApplication\artifact\script\OHRM_01_signup.xlsx] resolve RUN ID as 20191004_113233
2019-10-04 11:32:33,759|I|Thread-1|(DELAYED) [20191004_113233] [C:\projects\OrangeHRMWebApplication\artifact\script\OHRM_01_signup.xlsx] new thread started
2019-10-04 11:32:33,759|I|Thread-1|No predefined nexial-setup found
2019-10-04 11:32:33,884|I|Thread-1|outputBase not set; output-to-cloud DISABLED!
2019-10-04 11:32:33,885|I|Thread-1|accessKey not set; output-to-cloud DISABLED!
2019-10-04 11:32:33,886|I|Thread-1|secretKey not set; output-to-cloud DISABLED!
2019-10-04 11:32:33,954|I|Thread-1|missing REQUIRED configuration; sms DISABLED!
2019-10-04 11:32:35,169|I|Thread-1|[20191004_113233] executing C:\projects\OrangeHRMWebApplication\artifact\script\OHRM_01_signup.xlsx with 1 iteration(s)
2019-10-04 11:32:35,174|I|Thread-1|[20191004_113233] create directory C:\projects\OrangeHRMWebApplication\output\20191004_113233\captures
2019-10-04 11:32:35,175|I|Thread-1|[20191004_113233] create directory C:\projects\OrangeHRMWebApplication\output\20191004_113233\logs
2019-10-04 11:32:36,086|I|Thread-1|[20191004_113233] merging test data to tmp file C:\projects\OrangeHRMWebApplication\output\20191004_113233\OrangeHRMWebApplication-plan.001,OHRM_01_signup.20191004_113235.001.xlsx
2019-10-04 11:32:36,088|I|Thread-1|refetching data from C:\projects\OrangeHRMWebApplication\artifact\data\OHRM_01_signup.data.xlsx
2019-10-04 11:32:36,537|I|Thread-1|[20191004_113233] test script and test data merged to C:\projects\OrangeHRMWebApplication\output\20191004_113233\OrangeHRMWebApplication-plan.001,OHRM_01_signup.20191004_113235.001.xlsx
2019-10-04 11:32:37,379|I|Thread-1|STARTS
2019-10-04 11:32:37,405|I|Thread-1|OrangeHRMWebApplication-plan.001,OHRM_01_signup.20191004_113235.001 - executing iteration #1 of 1; Iteration Id 1
2019-10-04 11:32:37,414|I|Thread-1|OrangeHRMWebApplication-plan.001,OHRM_01_signup.20191004_113235.001|signup - executing test scenario
2019-10-04 11:32:37,417|I|Thread-1|OrangeHRMWebApplication-plan.001,OHRM_01_signup.20191004_113235.001|signup|Openurl - executing activity
2019-10-04 11:32:38,022|I|Thread-1|OrangeHRMWebApplication-plan.001,OHRM_01_signup.20191004_113235.001|signup|Openurl|#  5|web.open(url) - executing open(url)(${url})
2019-10-04 11:32:38,027|I|Thread-1|No valid instance of webdriver, initializing...
2019-10-04 11:32:38,029|I|Thread-1|init browserstack
2019-10-04 11:32:38,034|E|Thread-1|Error initializing browser 'browserstack': Both nexial.browserstack.username and nexial.browserstack.automatekey are required to use BrowserStack
2019-10-04 11:32:38,036|E|Thread-1|Error initializing browser 'browserstack': Both nexial.browserstack.username and nexial.browserstack.automatekey are required to use BrowserStack
2019-10-04 11:32:38,238|I|Thread-1|OrangeHRMWebApplication-plan.001,OHRM_01_signup.20191004_113235.001|signup|Openurl|#  5|web.open(url) - FAIL Error initializing browser 'browserstack': Both nexial.browserstack.username and nexial.browserstack.automatekey are required to use BrowserStack
2019-10-04 11:32:38,242|I|Thread-1|OrangeHRMWebApplication-plan.001,OHRM_01_signup.20191004_113235.001|signup|Openurl|#  5|web.open(url) - test stopping due to failure on fail-fast command: web.open(url)
2019-10-04 11:32:38,245|I|Thread-1|OrangeHRMWebApplication-plan.001,OHRM_01_signup.20191004_113235.001|signup - test activity execution failed. Because of this, all subsequent test case will be skipped
2019-10-04 11:32:38,247|I|Thread-1|OrangeHRMWebApplication-plan.001,OHRM_01_signup.20191004_113235.001|signup - test activity execution ending due to EndLoopIf() flow control activated or unrecoverable execution failure.
2019-10-04 11:32:38,251|I|Thread-1|OrangeHRMWebApplication-plan.001,OHRM_01_signup.20191004_113235.001|signup - skipping test activity due to previous failure
2019-10-04 11:32:38,253|I|Thread-1|OrangeHRMWebApplication-plan.001,OHRM_01_signup.20191004_113235.001|signup - skipping test activity due to previous failure
2019-10-04 11:32:38,255|I|Thread-1|OrangeHRMWebApplication-plan.001,OHRM_01_signup.20191004_113235.001|signup - skipping test activity due to previous failure
2019-10-04 11:32:38,257|I|Thread-1|OrangeHRMWebApplication-plan.001,OHRM_01_signup.20191004_113235.001|signup - skipping test activity due to previous failure
2019-10-04 11:32:38,258|I|Thread-1|OrangeHRMWebApplication-plan.001,OHRM_01_signup.20191004_113235.001|signup - skipping test activity due to previous failure
2019-10-04 11:32:38,263|I|Thread-1|OrangeHRMWebApplication-plan.001,OHRM_01_signup.20191004_113235.001|signup - skipping test activity due to previous failure
2019-10-04 11:32:38,265|I|Thread-1|OrangeHRMWebApplication-plan.001,OHRM_01_signup.20191004_113235.001|signup - skipping test activity due to previous failure
2019-10-04 11:32:38,268|I|Thread-1|OrangeHRMWebApplication-plan.001,OHRM_01_signup.20191004_113235.001|signup - skipping test activity due to previous failure
2019-10-04 11:32:38,272|I|Thread-1|OrangeHRMWebApplication-plan.001,OHRM_01_signup.20191004_113235.001|signup - skipping test activity due to previous failure
2019-10-04 11:32:38,274|I|Thread-1|OrangeHRMWebApplication-plan.001,OHRM_01_signup.20191004_113235.001|signup - skipping test activity due to previous failure
2019-10-04 11:32:38,275|I|Thread-1|OrangeHRMWebApplication-plan.001,OHRM_01_signup.20191004_113235.001|signup - skipping test activity due to previous failure
2019-10-04 11:32:38,277|I|Thread-1|OrangeHRMWebApplication-plan.001,OHRM_01_signup.20191004_113235.001|signup - skipping test activity due to previous failure
2019-10-04 11:32:38,278|I|Thread-1|OrangeHRMWebApplication-plan.001,OHRM_01_signup.20191004_113235.001|signup - skipping test activity due to previous failure
2019-10-04 11:32:38,280|I|Thread-1|OrangeHRMWebApplication-plan.001,OHRM_01_signup.20191004_113235.001|signup - skipping test activity due to previous failure
2019-10-04 11:32:38,285|I|Thread-1|OrangeHRMWebApplication-plan.001,OHRM_01_signup.20191004_113235.001|signup - skipping test activity due to previous failure
2019-10-04 11:32:38,287|I|Thread-1|OrangeHRMWebApplication-plan.001,OHRM_01_signup.20191004_113235.001|signup - skipping test activity due to previous failure
2019-10-04 11:32:38,288|I|Thread-1|OrangeHRMWebApplication-plan.001,OHRM_01_signup.20191004_113235.001|signup - skipping test activity due to previous failure
2019-10-04 11:32:38,290|I|Thread-1|OrangeHRMWebApplication-plan.001,OHRM_01_signup.20191004_113235.001|signup - skipping test activity due to previous failure
2019-10-04 11:32:38,292|I|Thread-1|OrangeHRMWebApplication-plan.001,OHRM_01_signup.20191004_113235.001|signup - skipping test activity due to previous failure
2019-10-04 11:32:38,317|I|Thread-1|[OrangeHRMWebApplication-plan.001,OHRM_01_signup.20191004_113235.001|signup] saving test scenario
2019-10-04 11:32:38,478|I|Thread-1|OrangeHRMWebApplication-plan.001,OHRM_01_signup.20191004_113235.001|signup - test scenario execution failed, and fail-immediate in effect. Hence all subsequent test scenarios will be skipped
2019-10-04 11:32:38,484|I|Thread-1|[20191004_113233] 
/-TEST COMPLETE-----------------------------------------------------------------
| Test Output:    C:\projects\OrangeHRMWebApplication\output\20191004_113233\OrangeHRMWebApplication-plan.001,OHRM_01_signup.20191004_113235.001.xlsx
| Iteration:      1
\-------------------------------------------------------------------------------
» Execution Time: 1073 ms
» Test Steps:     1
» Error(s):       1



2019-10-04 11:32:38,485|I|Thread-1|OrangeHRMWebApplication-plan.001,OHRM_01_signup.20191004_113235.001 - fail-immediate in effect - test execution will stop now.
2019-10-04 11:32:40,379|I|Thread-1|[20191004_113233] 
/-TEST COMPLETE-----------------------------------------------------------------
| Test Script:    C:\projects\OrangeHRMWebApplication\artifact\script\OHRM_01_signup.xlsx
\-------------------------------------------------------------------------------
» Execution Time: 6843 ms
» Iterations:     [1] total 1
» Test Steps:     1
» Passed:         0
» Error(s):       1
» Iteration 1 of 1: C:\projects\OrangeHRMWebApplication\output\20191004_113233\OrangeHRMWebApplication-plan.001,OHRM_01_signup.20191004_113235.001.xlsx



2019-10-04 11:32:40,514|I|main|[20191004_113233] [C:\projects\OrangeHRMWebApplication\artifact\script\OHRM_01_signup.xlsx] now completed
2019-10-04 11:32:40,520|I|main|[20191004_113233] [C:\projects\OrangeHRMWebApplication\artifact\script\OHRM_02_features.xlsx] resolve RUN ID as 20191004_113233
2019-10-04 11:32:40,528|I|main|[20191004_113233] [C:\projects\OrangeHRMWebApplication\artifact\script\OHRM_02_features.xlsx] new thread started
2019-10-04 11:32:40,539|I|Thread-5|missing REQUIRED configuration; sms DISABLED!
2019-10-04 11:32:40,545|E|Thread-5|previous test scenario execution failed, and fail-immediate in effect. Hence all subsequent test scenarios will be skipped
2019-10-04 11:32:41,535|I|main|[20191004_113233] [C:\projects\OrangeHRMWebApplication\artifact\script\OHRM_02_features.xlsx] now completed
2019-10-04 11:32:41,537|I|main|[20191004_113233] all execution thread(s) have terminated
2019-10-04 11:32:41,540|I|main|[20191004_113233] test run completed in about 8 seconds
2019-10-04 11:32:41,672|I|main|No predefined nexial-setup found
2019-10-04 11:32:41,712|I|main|outputBase not set; output-to-cloud DISABLED!
2019-10-04 11:32:41,713|I|main|accessKey not set; output-to-cloud DISABLED!
2019-10-04 11:32:41,713|I|main|secretKey not set; output-to-cloud DISABLED!
2019-10-04 11:32:41,715|I|main|generating HTML output for this execution to C:\projects\OrangeHRMWebApplication\output\20191004_113233\execution-output.html
2019-10-04 11:32:42,261|I|main|generating JUnit XML output for this execution to C:\projects\OrangeHRMWebApplication\output\20191004_113233\junit.xml
2019-10-04 11:32:42,308|I|main|Generated JUnit report for this execution: C:\projects\OrangeHRMWebApplication\output\20191004_113233\junit.xml
2019-10-04 11:32:42,330|I|main|nexial mailer not enabled: nexial.enableEmail=false
2019-10-04 11:32:42,331|I|main|skipped email notification as configured
2019-10-04 11:32:42,337|I|main|Exiting Nexial...
2019-10-04 11:32:42,365|I|main|

/-END OF EXECUTION--------------------------------------------------------------
| » Execution Time: 8 sec.
| » Test Steps:     1
| » Passed:         0
| » Failed:         1
| » Success Rate:   0.00%
\---------------------------------------------------------------nexial-core 2.2_0488-

2019-10-04 11:32:42,368|E|main|failure found; success rate is 0.00%
2019-10-04 11:32:42,370|I|main|End of Execution:
OUTPUT:       C:\projects\OrangeHRMWebApplication\output\20191004_113233
EXECUTION:    C:\projects\OrangeHRMWebApplication\output\20191004_113233\execution-output.html
JUNIT XML:    C:\projects\OrangeHRMWebApplication\output\20191004_113233\junit.xml
SUCCESS RATE: 0.00%
EXIT STATUS:  -13
2019-10-04 11:32:42,372|I|main|End of Execution:
NEXIAL_OUTPUT:         C:\projects\OrangeHRMWebApplication\output\20191004_113233
NEXIAL_EXECUTION_HTML: C:\projects\OrangeHRMWebApplication\output\20191004_113233\execution-output.html
NEXIAL_JUNIT_XML:      C:\projects\OrangeHRMWebApplication\output\20191004_113233\junit.xml
NEXIAL_SUCCESS_RATE:   0.00%
NEXIAL_EXIT_STATUS:    -13
