2019-10-01 11:46:36,412|I|Thread-1|(DELAYED) nexial-core 2.2_0488 starting up...
2019-10-01 11:46:36,418|I|Thread-1|(DELAYED) data file resolved as C:\Users\SANDHI~1.MUN\AppData\Local\Temp\ZasNp\OHRM_02_features.data.xlsx
2019-10-01 11:46:36,418|I|Thread-1|(DELAYED) input files and output directory resolved...
2019-10-01 11:46:36,418|I|Thread-1|(DELAYED) No predefined nexial-setup found
2019-10-01 11:46:36,418|I|Thread-1|(DELAYED) [20191001_114636] [C:\projects\OrangeHRMWebApplication\artifact\script\OHRM_02_features.xlsx] resolve RUN ID as 20191001_114636
2019-10-01 11:46:36,418|I|Thread-1|(DELAYED) [20191001_114636] [C:\projects\OrangeHRMWebApplication\artifact\script\OHRM_02_features.xlsx] new thread started
2019-10-01 11:46:36,419|I|Thread-1|No predefined nexial-setup found
2019-10-01 11:46:36,556|I|Thread-1|outputBase not set; output-to-cloud DISABLED!
2019-10-01 11:46:36,558|I|Thread-1|accessKey not set; output-to-cloud DISABLED!
2019-10-01 11:46:36,560|I|Thread-1|secretKey not set; output-to-cloud DISABLED!
2019-10-01 11:46:36,606|I|Thread-1|missing REQUIRED configuration; sms DISABLED!
2019-10-01 11:46:37,927|I|Thread-1|[20191001_114636] executing C:\projects\OrangeHRMWebApplication\artifact\script\OHRM_02_features.xlsx with 1 iteration(s)
2019-10-01 11:46:37,935|I|Thread-1|[20191001_114636] create directory C:\projects\OrangeHRMWebApplication\output\20191001_114636\captures
2019-10-01 11:46:37,937|I|Thread-1|[20191001_114636] create directory C:\projects\OrangeHRMWebApplication\output\20191001_114636\logs
2019-10-01 11:46:38,995|I|Thread-1|[20191001_114636] merging test data to tmp file C:\projects\OrangeHRMWebApplication\output\20191001_114636\OHRM_02_features.20191001_114637.001.xlsx
2019-10-01 11:46:39,000|I|Thread-1|refetching data from C:\projects\OrangeHRMWebApplication\artifact\data\OHRM_02_features.data.xlsx
2019-10-01 11:46:39,529|I|Thread-1|[20191001_114636] test script and test data merged to C:\projects\OrangeHRMWebApplication\output\20191001_114636\OHRM_02_features.20191001_114637.001.xlsx
2019-10-01 11:46:40,864|I|Thread-1|STARTS
2019-10-01 11:46:40,896|I|Thread-1|OHRM_02_features.20191001_114637.001 - executing iteration #1 of 1; Iteration Id 1
2019-10-01 11:46:40,906|I|Thread-1|OHRM_02_features.20191001_114637.001|orangehrm - executing test scenario
2019-10-01 11:46:40,912|I|Thread-1|OHRM_02_features.20191001_114637.001|orangehrm|Features - executing activity
2019-10-01 11:46:41,518|I|Thread-1|OHRM_02_features.20191001_114637.001|orangehrm|Features|#  5|web.open(url) - executing open(url)(${url})
2019-10-01 11:46:41,522|I|Thread-1|No valid instance of webdriver, initializing...
2019-10-01 11:46:41,524|I|Thread-1|init chrome
2019-10-01 11:46:44,931|I|Thread-1|browser initialization completed for 'chrome'
2019-10-01 11:46:44,959|I|Thread-1|setting browser polling wait time to 800 ms
2019-10-01 11:46:44,983|I|Thread-1|setting browser page load timeout to 10000 ms
2019-10-01 11:46:45,063|I|Thread-1|OHRM_02_features.20191001_114637.001|orangehrm|Features|#  5|web.open(url) - default browser stability wait time is 3000 ms
2019-10-01 11:46:51,994|I|Thread-1|current browser window handle:CDwindow-CF84098D3E258C041BC1E52CF5B18AB9
2019-10-01 11:46:52,501|I|Thread-1|OHRM_02_features.20191001_114637.001|orangehrm|Features|#  5|web.open(url) - PASS opened URL https://www.orangehrm.com/
2019-10-01 11:46:53,107|I|Thread-1|OHRM_02_features.20191001_114637.001|orangehrm|Features|#  6|web.maximizeWindow() - executing maximizeWindow()()
2019-10-01 11:46:54,346|I|Thread-1|OHRM_02_features.20191001_114637.001|orangehrm|Features|#  6|web.maximizeWindow() - PASS browser window maximized
2019-10-01 11:46:54,955|I|Thread-1|OHRM_02_features.20191001_114637.001|orangehrm|Features|#  7|web.click(locator) - executing click(locator)(${btn.features.loc})
2019-10-01 11:46:55,039|I|Thread-1|clicking '//div[@id='header-navbar']/ul/li/a[text()='Features']'...
2019-10-01 11:46:55,101|I|Thread-1|click target via JS, @id=
2019-10-01 11:46:56,276|I|Thread-1|clicked -> true
2019-10-01 11:46:56,281|I|Thread-1|OHRM_02_features.20191001_114637.001|orangehrm|Features|#  7|web.click(locator) - PASS click via JS event
2019-10-01 11:46:56,885|I|Thread-1|OHRM_02_features.20191001_114637.001|orangehrm|Features|#  8|web.click(locator) - executing click(locator)(${btn.pim.loc})
2019-10-01 11:46:56,989|I|Thread-1|clicking '//h4[text()='Personnel Information Management (PIM)']'...
2019-10-01 11:46:57,053|I|Thread-1|click target via JS, @id=
2019-10-01 11:46:59,741|I|Thread-1|clicked -> true
2019-10-01 11:46:59,744|I|Thread-1|OHRM_02_features.20191001_114637.001|orangehrm|Features|#  8|web.click(locator) - PASS click via JS event
2019-10-01 11:47:00,357|I|Thread-1|OHRM_02_features.20191001_114637.001|orangehrm|Features|#  9|web.mouseOver(locator) - executing mouseOver(locator)(${btn.customfields.loc})
2019-10-01 11:47:00,641|I|Thread-1|OHRM_02_features.20191001_114637.001|orangehrm|Features|#  9|web.mouseOver(locator) - PASS mouse-over on '//h4[text()='Custom Fields']/following-sibling::a'
2019-10-01 11:47:01,004|I|Thread-1|[OHRM_02_features.20191001_114637.001|orangehrm] saving test scenario
2019-10-01 11:47:01,478|I|Thread-1|[20191001_114636] 
/-TEST COMPLETE-----------------------------------------------------------------
| Test Output:    C:\projects\OrangeHRMWebApplication\output\20191001_114636\OHRM_02_features.20191001_114637.001.xlsx
| Iteration:      1
\-------------------------------------------------------------------------------
» Execution Time: 20562 ms
» Test Steps:     5
» Error(s):       0



2019-10-01 11:47:04,701|I|Thread-1|[20191001_114636] 
/-TEST COMPLETE-----------------------------------------------------------------
| Test Script:    C:\projects\OrangeHRMWebApplication\artifact\script\OHRM_02_features.xlsx
\-------------------------------------------------------------------------------
» Execution Time: 28582 ms
» Iterations:     [1] total 1
» Test Steps:     5
» Passed:         5
» Error(s):       0
» Iteration 1 of 1: C:\projects\OrangeHRMWebApplication\output\20191001_114636\OHRM_02_features.20191001_114637.001.xlsx



2019-10-01 11:47:05,139|I|main|[20191001_114636] [C:\projects\OrangeHRMWebApplication\artifact\script\OHRM_02_features.xlsx] now completed
2019-10-01 11:47:05,140|I|main|[20191001_114636] all execution thread(s) have terminated
2019-10-01 11:47:05,141|I|main|[20191001_114636] test run completed in about 29 seconds
2019-10-01 11:47:05,340|I|main|No predefined nexial-setup found
2019-10-01 11:47:05,391|I|main|outputBase not set; output-to-cloud DISABLED!
2019-10-01 11:47:05,392|I|main|accessKey not set; output-to-cloud DISABLED!
2019-10-01 11:47:05,393|I|main|secretKey not set; output-to-cloud DISABLED!
2019-10-01 11:47:05,395|I|main|generating HTML output for this execution to C:\projects\OrangeHRMWebApplication\output\20191001_114636\execution-output.html
2019-10-01 11:47:06,338|I|main|generating JUnit XML output for this execution to C:\projects\OrangeHRMWebApplication\output\20191001_114636\junit.xml
2019-10-01 11:47:06,422|I|main|Generated JUnit report for this execution: C:\projects\OrangeHRMWebApplication\output\20191001_114636\junit.xml
2019-10-01 11:47:06,445|I|main|nexial mailer not enabled: nexial.enableEmail=false
2019-10-01 11:47:06,446|I|main|skipped email notification as configured
2019-10-01 11:47:06,448|I|main|Exiting Nexial...
2019-10-01 11:47:06,449|I|main|shutdown starts...
2019-10-01 11:47:06,452|I|main|Shutting down 'chrome' webdriver...
2019-10-01 11:47:13,443|I|main|shutdown ends...
2019-10-01 11:47:13,446|I|main|

/-END OF EXECUTION--------------------------------------------------------------
| » Execution Time: 29 sec.
| » Test Steps:     5
| » Passed:         5
| » Failed:         0
| » Success Rate:   100.00%
\---------------------------------------------------------------nexial-core 2.2_0488-

2019-10-01 11:47:13,448|I|main|ALL PASSED!
2019-10-01 11:47:13,453|I|main|End of Execution:
OUTPUT:       C:\projects\OrangeHRMWebApplication\output\20191001_114636
EXECUTION:    C:\projects\OrangeHRMWebApplication\output\20191001_114636\execution-output.html
JUNIT XML:    C:\projects\OrangeHRMWebApplication\output\20191001_114636\junit.xml
SUCCESS RATE: 100.00%
EXIT STATUS:  0
2019-10-01 11:47:13,462|I|main|End of Execution:
NEXIAL_OUTPUT:         C:\projects\OrangeHRMWebApplication\output\20191001_114636
NEXIAL_EXECUTION_HTML: C:\projects\OrangeHRMWebApplication\output\20191001_114636\execution-output.html
NEXIAL_JUNIT_XML:      C:\projects\OrangeHRMWebApplication\output\20191001_114636\junit.xml
NEXIAL_SUCCESS_RATE:   100.00%
NEXIAL_EXIT_STATUS:    0
