2019-10-04 12:01:11,046|I|Thread-1|(DELAYED) nexial-core 2.2_0488 starting up...
2019-10-04 12:01:11,054|I|Thread-1|(DELAYED) validating test script as C:\projects\OrangeHRMWebApplication\artifact\script\OHRM_01_signup.xlsx
2019-10-04 12:01:11,054|I|Thread-1|(DELAYED) validating data file as C:\projects\OrangeHRMWebApplication\artifact\data\OHRM_01_signup.data.xlsx
2019-10-04 12:01:11,054|I|Thread-1|(DELAYED) validating test script as C:\projects\OrangeHRMWebApplication\artifact\script\OHRM_02_features.xlsx
2019-10-04 12:01:11,054|I|Thread-1|(DELAYED) validating data file as C:\projects\OrangeHRMWebApplication\artifact\data\OHRM_02_features.data.xlsx
2019-10-04 12:01:11,055|I|Thread-1|(DELAYED) input files and output directory resolved...
2019-10-04 12:01:11,055|I|Thread-1|(DELAYED) No predefined nexial-setup found
2019-10-04 12:01:11,055|I|Thread-1|(DELAYED) [20191004_120110] [C:\projects\OrangeHRMWebApplication\artifact\script\OHRM_01_signup.xlsx] resolve RUN ID as 20191004_120110
2019-10-04 12:01:11,055|I|Thread-1|(DELAYED) [20191004_120110] [C:\projects\OrangeHRMWebApplication\artifact\script\OHRM_01_signup.xlsx] new thread started
2019-10-04 12:01:11,055|I|Thread-1|No predefined nexial-setup found
2019-10-04 12:01:11,176|I|Thread-1|outputBase not set; output-to-cloud DISABLED!
2019-10-04 12:01:11,177|I|Thread-1|accessKey not set; output-to-cloud DISABLED!
2019-10-04 12:01:11,177|I|Thread-1|secretKey not set; output-to-cloud DISABLED!
2019-10-04 12:01:11,227|I|Thread-1|missing REQUIRED configuration; sms DISABLED!
2019-10-04 12:01:12,635|I|Thread-1|[20191004_120110] executing C:\projects\OrangeHRMWebApplication\artifact\script\OHRM_01_signup.xlsx with 1 iteration(s)
2019-10-04 12:01:12,640|I|Thread-1|[20191004_120110] create directory C:\projects\OrangeHRMWebApplication\output\20191004_120110\captures
2019-10-04 12:01:12,642|I|Thread-1|[20191004_120110] create directory C:\projects\OrangeHRMWebApplication\output\20191004_120110\logs
2019-10-04 12:01:13,436|I|Thread-1|[20191004_120110] merging test data to tmp file C:\projects\OrangeHRMWebApplication\output\20191004_120110\OrangeHRMWebApplication-plan.001,OHRM_01_signup.20191004_120112.001.xlsx
2019-10-04 12:01:13,437|I|Thread-1|refetching data from C:\projects\OrangeHRMWebApplication\artifact\data\OHRM_01_signup.data.xlsx
2019-10-04 12:01:13,914|I|Thread-1|[20191004_120110] test script and test data merged to C:\projects\OrangeHRMWebApplication\output\20191004_120110\OrangeHRMWebApplication-plan.001,OHRM_01_signup.20191004_120112.001.xlsx
2019-10-04 12:01:14,790|I|Thread-1|STARTS
2019-10-04 12:01:14,818|I|Thread-1|OrangeHRMWebApplication-plan.001,OHRM_01_signup.20191004_120112.001 - executing iteration #1 of 1; Iteration Id 1
2019-10-04 12:01:14,827|I|Thread-1|OrangeHRMWebApplication-plan.001,OHRM_01_signup.20191004_120112.001|signup - executing test scenario
2019-10-04 12:01:14,830|I|Thread-1|OrangeHRMWebApplication-plan.001,OHRM_01_signup.20191004_120112.001|signup|Openurl - executing activity
2019-10-04 12:01:15,435|I|Thread-1|OrangeHRMWebApplication-plan.001,OHRM_01_signup.20191004_120112.001|signup|Openurl|#  5|web.open(url) - executing open(url)(${url})
2019-10-04 12:01:15,440|I|Thread-1|No valid instance of webdriver, initializing...
2019-10-04 12:01:15,442|I|Thread-1|init browserstack
2019-10-04 12:01:15,445|E|Thread-1|Error initializing browser 'browserstack': Both nexial.browserstack.username and nexial.browserstack.automatekey are required to use BrowserStack
2019-10-04 12:01:15,449|E|Thread-1|Error initializing browser 'browserstack': Both nexial.browserstack.username and nexial.browserstack.automatekey are required to use BrowserStack
2019-10-04 12:01:15,667|I|Thread-1|OrangeHRMWebApplication-plan.001,OHRM_01_signup.20191004_120112.001|signup|Openurl|#  5|web.open(url) - FAIL Error initializing browser 'browserstack': Both nexial.browserstack.username and nexial.browserstack.automatekey are required to use BrowserStack
2019-10-04 12:01:15,671|I|Thread-1|OrangeHRMWebApplication-plan.001,OHRM_01_signup.20191004_120112.001|signup|Openurl|#  5|web.open(url) - test stopping due to failure on fail-fast command: web.open(url)
2019-10-04 12:01:15,674|I|Thread-1|OrangeHRMWebApplication-plan.001,OHRM_01_signup.20191004_120112.001|signup - test activity execution failed. Because of this, all subsequent test case will be skipped
2019-10-04 12:01:15,676|I|Thread-1|OrangeHRMWebApplication-plan.001,OHRM_01_signup.20191004_120112.001|signup - test activity execution ending due to EndLoopIf() flow control activated or unrecoverable execution failure.
2019-10-04 12:01:15,678|I|Thread-1|OrangeHRMWebApplication-plan.001,OHRM_01_signup.20191004_120112.001|signup - skipping test activity due to previous failure
2019-10-04 12:01:15,681|I|Thread-1|OrangeHRMWebApplication-plan.001,OHRM_01_signup.20191004_120112.001|signup - skipping test activity due to previous failure
2019-10-04 12:01:15,683|I|Thread-1|OrangeHRMWebApplication-plan.001,OHRM_01_signup.20191004_120112.001|signup - skipping test activity due to previous failure
2019-10-04 12:01:15,685|I|Thread-1|OrangeHRMWebApplication-plan.001,OHRM_01_signup.20191004_120112.001|signup - skipping test activity due to previous failure
2019-10-04 12:01:15,687|I|Thread-1|OrangeHRMWebApplication-plan.001,OHRM_01_signup.20191004_120112.001|signup - skipping test activity due to previous failure
2019-10-04 12:01:15,688|I|Thread-1|OrangeHRMWebApplication-plan.001,OHRM_01_signup.20191004_120112.001|signup - skipping test activity due to previous failure
2019-10-04 12:01:15,695|I|Thread-1|OrangeHRMWebApplication-plan.001,OHRM_01_signup.20191004_120112.001|signup - skipping test activity due to previous failure
2019-10-04 12:01:15,697|I|Thread-1|OrangeHRMWebApplication-plan.001,OHRM_01_signup.20191004_120112.001|signup - skipping test activity due to previous failure
2019-10-04 12:01:15,699|I|Thread-1|OrangeHRMWebApplication-plan.001,OHRM_01_signup.20191004_120112.001|signup - skipping test activity due to previous failure
2019-10-04 12:01:15,702|I|Thread-1|OrangeHRMWebApplication-plan.001,OHRM_01_signup.20191004_120112.001|signup - skipping test activity due to previous failure
2019-10-04 12:01:15,704|I|Thread-1|OrangeHRMWebApplication-plan.001,OHRM_01_signup.20191004_120112.001|signup - skipping test activity due to previous failure
2019-10-04 12:01:15,706|I|Thread-1|OrangeHRMWebApplication-plan.001,OHRM_01_signup.20191004_120112.001|signup - skipping test activity due to previous failure
2019-10-04 12:01:15,708|I|Thread-1|OrangeHRMWebApplication-plan.001,OHRM_01_signup.20191004_120112.001|signup - skipping test activity due to previous failure
2019-10-04 12:01:15,715|I|Thread-1|OrangeHRMWebApplication-plan.001,OHRM_01_signup.20191004_120112.001|signup - skipping test activity due to previous failure
2019-10-04 12:01:15,717|I|Thread-1|OrangeHRMWebApplication-plan.001,OHRM_01_signup.20191004_120112.001|signup - skipping test activity due to previous failure
2019-10-04 12:01:15,719|I|Thread-1|OrangeHRMWebApplication-plan.001,OHRM_01_signup.20191004_120112.001|signup - skipping test activity due to previous failure
2019-10-04 12:01:15,723|I|Thread-1|OrangeHRMWebApplication-plan.001,OHRM_01_signup.20191004_120112.001|signup - skipping test activity due to previous failure
2019-10-04 12:01:15,725|I|Thread-1|OrangeHRMWebApplication-plan.001,OHRM_01_signup.20191004_120112.001|signup - skipping test activity due to previous failure
2019-10-04 12:01:15,727|I|Thread-1|OrangeHRMWebApplication-plan.001,OHRM_01_signup.20191004_120112.001|signup - skipping test activity due to previous failure
2019-10-04 12:01:15,748|I|Thread-1|[OrangeHRMWebApplication-plan.001,OHRM_01_signup.20191004_120112.001|signup] saving test scenario
2019-10-04 12:01:15,922|I|Thread-1|OrangeHRMWebApplication-plan.001,OHRM_01_signup.20191004_120112.001|signup - test scenario execution failed, and fail-immediate in effect. Hence all subsequent test scenarios will be skipped
2019-10-04 12:01:15,928|I|Thread-1|[20191004_120110] 
/-TEST COMPLETE-----------------------------------------------------------------
| Test Output:    C:\projects\OrangeHRMWebApplication\output\20191004_120110\OrangeHRMWebApplication-plan.001,OHRM_01_signup.20191004_120112.001.xlsx
| Iteration:      1
\-------------------------------------------------------------------------------
» Execution Time: 1105 ms
» Test Steps:     1
» Error(s):       1



2019-10-04 12:01:15,929|I|Thread-1|OrangeHRMWebApplication-plan.001,OHRM_01_signup.20191004_120112.001 - fail-immediate in effect - test execution will stop now.
2019-10-04 12:01:17,771|I|Thread-1|[20191004_120110] 
/-TEST COMPLETE-----------------------------------------------------------------
| Test Script:    C:\projects\OrangeHRMWebApplication\artifact\script\OHRM_01_signup.xlsx
\-------------------------------------------------------------------------------
» Execution Time: 6953 ms
» Iterations:     [1] total 1
» Test Steps:     1
» Passed:         0
» Error(s):       1
» Iteration 1 of 1: C:\projects\OrangeHRMWebApplication\output\20191004_120110\OrangeHRMWebApplication-plan.001,OHRM_01_signup.20191004_120112.001.xlsx



2019-10-04 12:01:17,798|I|main|[20191004_120110] [C:\projects\OrangeHRMWebApplication\artifact\script\OHRM_01_signup.xlsx] now completed
2019-10-04 12:01:17,800|I|main|[20191004_120110] [C:\projects\OrangeHRMWebApplication\artifact\script\OHRM_02_features.xlsx] resolve RUN ID as 20191004_120110
2019-10-04 12:01:17,802|I|main|[20191004_120110] [C:\projects\OrangeHRMWebApplication\artifact\script\OHRM_02_features.xlsx] new thread started
2019-10-04 12:01:17,807|I|Thread-5|missing REQUIRED configuration; sms DISABLED!
2019-10-04 12:01:17,809|E|Thread-5|previous test scenario execution failed, and fail-immediate in effect. Hence all subsequent test scenarios will be skipped
2019-10-04 12:01:18,811|I|main|[20191004_120110] [C:\projects\OrangeHRMWebApplication\artifact\script\OHRM_02_features.xlsx] now completed
2019-10-04 12:01:18,814|I|main|[20191004_120110] all execution thread(s) have terminated
2019-10-04 12:01:18,821|I|main|[20191004_120110] test run completed in about 8 seconds
2019-10-04 12:01:18,952|I|main|No predefined nexial-setup found
2019-10-04 12:01:18,986|I|main|outputBase not set; output-to-cloud DISABLED!
2019-10-04 12:01:18,987|I|main|accessKey not set; output-to-cloud DISABLED!
2019-10-04 12:01:18,988|I|main|secretKey not set; output-to-cloud DISABLED!
2019-10-04 12:01:18,989|I|main|generating HTML output for this execution to C:\projects\OrangeHRMWebApplication\output\20191004_120110\execution-output.html
2019-10-04 12:01:19,517|I|main|generating JUnit XML output for this execution to C:\projects\OrangeHRMWebApplication\output\20191004_120110\junit.xml
2019-10-04 12:01:19,562|I|main|Generated JUnit report for this execution: C:\projects\OrangeHRMWebApplication\output\20191004_120110\junit.xml
2019-10-04 12:01:19,578|I|main|nexial mailer not enabled: nexial.enableEmail=false
2019-10-04 12:01:19,580|I|main|skipped email notification as configured
2019-10-04 12:01:19,582|I|main|Exiting Nexial...
2019-10-04 12:01:19,585|I|main|

/-END OF EXECUTION--------------------------------------------------------------
| » Execution Time: 8 sec.
| » Test Steps:     1
| » Passed:         0
| » Failed:         1
| » Success Rate:   0.00%
\---------------------------------------------------------------nexial-core 2.2_0488-

2019-10-04 12:01:19,585|E|main|failure found; success rate is 0.00%
2019-10-04 12:01:19,587|I|main|End of Execution:
OUTPUT:       C:\projects\OrangeHRMWebApplication\output\20191004_120110
EXECUTION:    C:\projects\OrangeHRMWebApplication\output\20191004_120110\execution-output.html
JUNIT XML:    C:\projects\OrangeHRMWebApplication\output\20191004_120110\junit.xml
SUCCESS RATE: 0.00%
EXIT STATUS:  -13
2019-10-04 12:01:19,594|I|main|End of Execution:
NEXIAL_OUTPUT:         C:\projects\OrangeHRMWebApplication\output\20191004_120110
NEXIAL_EXECUTION_HTML: C:\projects\OrangeHRMWebApplication\output\20191004_120110\execution-output.html
NEXIAL_JUNIT_XML:      C:\projects\OrangeHRMWebApplication\output\20191004_120110\junit.xml
NEXIAL_SUCCESS_RATE:   0.00%
NEXIAL_EXIT_STATUS:    -13
