2019-10-04 12:09:45,104|I|Thread-1|(DELAYED) nexial-core 2.2_0488 starting up...
2019-10-04 12:09:45,109|I|Thread-1|(DELAYED) validating test script as C:\projects\OrangeHRMWebApplication\artifact\script\OHRM_01_signup.xlsx
2019-10-04 12:09:45,109|I|Thread-1|(DELAYED) validating data file as C:\projects\OrangeHRMWebApplication\artifact\data\OHRM_01_signup.data.xlsx
2019-10-04 12:09:45,109|I|Thread-1|(DELAYED) validating test script as C:\projects\OrangeHRMWebApplication\artifact\script\OHRM_02_features.xlsx
2019-10-04 12:09:45,109|I|Thread-1|(DELAYED) validating data file as C:\projects\OrangeHRMWebApplication\artifact\data\OHRM_02_features.data.xlsx
2019-10-04 12:09:45,109|I|Thread-1|(DELAYED) input files and output directory resolved...
2019-10-04 12:09:45,110|I|Thread-1|(DELAYED) No predefined nexial-setup found
2019-10-04 12:09:45,110|I|Thread-1|(DELAYED) [20191004_120944] [C:\projects\OrangeHRMWebApplication\artifact\script\OHRM_01_signup.xlsx] resolve RUN ID as 20191004_120944
2019-10-04 12:09:45,110|I|Thread-1|(DELAYED) [20191004_120944] [C:\projects\OrangeHRMWebApplication\artifact\script\OHRM_01_signup.xlsx] new thread started
2019-10-04 12:09:45,110|I|Thread-1|No predefined nexial-setup found
2019-10-04 12:09:45,205|I|Thread-1|outputBase not set; output-to-cloud DISABLED!
2019-10-04 12:09:45,206|I|Thread-1|accessKey not set; output-to-cloud DISABLED!
2019-10-04 12:09:45,206|I|Thread-1|secretKey not set; output-to-cloud DISABLED!
2019-10-04 12:09:45,229|I|Thread-1|missing REQUIRED configuration; sms DISABLED!
2019-10-04 12:09:46,286|I|Thread-1|[20191004_120944] executing C:\projects\OrangeHRMWebApplication\artifact\script\OHRM_01_signup.xlsx with 1 iteration(s)
2019-10-04 12:09:46,290|I|Thread-1|[20191004_120944] create directory C:\projects\OrangeHRMWebApplication\output\20191004_120944\captures
2019-10-04 12:09:46,292|I|Thread-1|[20191004_120944] create directory C:\projects\OrangeHRMWebApplication\output\20191004_120944\logs
2019-10-04 12:09:47,129|I|Thread-1|[20191004_120944] merging test data to tmp file C:\projects\OrangeHRMWebApplication\output\20191004_120944\OrangeHRMWebApplication-plan.001,OHRM_01_signup.20191004_120946.001.xlsx
2019-10-04 12:09:47,131|I|Thread-1|refetching data from C:\projects\OrangeHRMWebApplication\artifact\data\OHRM_01_signup.data.xlsx
2019-10-04 12:09:47,604|I|Thread-1|[20191004_120944] test script and test data merged to C:\projects\OrangeHRMWebApplication\output\20191004_120944\OrangeHRMWebApplication-plan.001,OHRM_01_signup.20191004_120946.001.xlsx
2019-10-04 12:09:48,445|I|Thread-1|STARTS
2019-10-04 12:09:48,474|I|Thread-1|OrangeHRMWebApplication-plan.001,OHRM_01_signup.20191004_120946.001 - executing iteration #1 of 1; Iteration Id 1
2019-10-04 12:09:48,481|I|Thread-1|OrangeHRMWebApplication-plan.001,OHRM_01_signup.20191004_120946.001|signup - executing test scenario
2019-10-04 12:09:48,484|I|Thread-1|OrangeHRMWebApplication-plan.001,OHRM_01_signup.20191004_120946.001|signup|Openurl - executing activity
2019-10-04 12:09:49,089|I|Thread-1|OrangeHRMWebApplication-plan.001,OHRM_01_signup.20191004_120946.001|signup|Openurl|#  5|web.open(url) - executing open(url)(${url})
2019-10-04 12:09:49,094|I|Thread-1|No valid instance of webdriver, initializing...
2019-10-04 12:09:49,097|I|Thread-1|init browserstack
2019-10-04 12:09:55,201|I|Thread-1|browser initialization completed for 'browserstack'
2019-10-04 12:09:56,618|I|Thread-1|OrangeHRMWebApplication-plan.001,OHRM_01_signup.20191004_120946.001|signup|Openurl|#  5|web.open(url) - default browser stability wait time is 3000 ms
2019-10-04 12:10:10,043|I|Thread-1|current browser window handle:CDwindow-54BB22A54D3DA7D4C2454A1CDF047339
2019-10-04 12:10:10,812|I|Thread-1|OrangeHRMWebApplication-plan.001,OHRM_01_signup.20191004_120946.001|signup|Openurl|#  5|web.open(url) - PASS opened URL https://www.orangehrm.com/
2019-10-04 12:10:10,814|I|Thread-1|OrangeHRMWebApplication-plan.001,OHRM_01_signup.20191004_120946.001|signup|MaximizeWindow - executing activity
2019-10-04 12:10:11,415|I|Thread-1|OrangeHRMWebApplication-plan.001,OHRM_01_signup.20191004_120946.001|signup|MaximizeWindow|#  6|web.maximizeWindow() - executing maximizeWindow()()
2019-10-04 12:10:13,610|I|Thread-1|OrangeHRMWebApplication-plan.001,OHRM_01_signup.20191004_120946.001|signup|MaximizeWindow|#  6|web.maximizeWindow() - PASS browser window maximized
2019-10-04 12:10:13,616|I|Thread-1|OrangeHRMWebApplication-plan.001,OHRM_01_signup.20191004_120946.001|signup|ClickUsername - executing activity
2019-10-04 12:10:14,218|I|Thread-1|OrangeHRMWebApplication-plan.001,OHRM_01_signup.20191004_120946.001|signup|ClickUsername|#  7|web.click(locator) - executing click(locator)(${btn.freetrial.loc})
2019-10-04 12:10:14,950|I|Thread-1|clicking '//nav[@class='navbar navbar-default header-nav']/div/div[2]/ul[2]/li[2]/a'...
2019-10-04 12:10:15,164|I|Thread-1|click target via JS, @id=
2019-10-04 12:10:18,608|I|Thread-1|clicked -> true
2019-10-04 12:10:18,619|I|Thread-1|OrangeHRMWebApplication-plan.001,OHRM_01_signup.20191004_120946.001|signup|ClickUsername|#  7|web.click(locator) - PASS click via JS event
2019-10-04 12:10:18,623|I|Thread-1|OrangeHRMWebApplication-plan.001,OHRM_01_signup.20191004_120946.001|signup|EnterFavoredUrl - executing activity
2019-10-04 12:10:19,226|I|Thread-1|OrangeHRMWebApplication-plan.001,OHRM_01_signup.20191004_120946.001|signup|EnterFavoredUrl|#  8|web.type(locator,value) - executing type(locator,value)(${txt.favoredurl.loc}, ${FavoredUrl})
2019-10-04 12:10:21,558|I|Thread-1|OrangeHRMWebApplication-plan.001,OHRM_01_signup.20191004_120946.001|signup|EnterFavoredUrl|#  8|web.type(locator,value) - PASS typed text at '//div[@id='Form_submitForm_subdomain_Holder']/input'
2019-10-04 12:10:21,563|I|Thread-1|OrangeHRMWebApplication-plan.001,OHRM_01_signup.20191004_120946.001|signup|EnterFirstName - executing activity
2019-10-04 12:10:22,165|I|Thread-1|OrangeHRMWebApplication-plan.001,OHRM_01_signup.20191004_120946.001|signup|EnterFirstName|#  9|web.type(locator,value) - executing type(locator,value)(${txt.firstname.loc}, ${FirstName})
2019-10-04 12:10:24,441|I|Thread-1|OrangeHRMWebApplication-plan.001,OHRM_01_signup.20191004_120946.001|signup|EnterFirstName|#  9|web.type(locator,value) - PASS typed text at '//div[@id='Form_submitForm_FirstName_Holder']/div/input'
2019-10-04 12:10:24,446|I|Thread-1|OrangeHRMWebApplication-plan.001,OHRM_01_signup.20191004_120946.001|signup|EnterLastName - executing activity
2019-10-04 12:10:25,049|I|Thread-1|OrangeHRMWebApplication-plan.001,OHRM_01_signup.20191004_120946.001|signup|EnterLastName|# 10|web.type(locator,value) - executing type(locator,value)(${txt.lastname.loc}, ${LastName})
2019-10-04 12:10:27,323|I|Thread-1|OrangeHRMWebApplication-plan.001,OHRM_01_signup.20191004_120946.001|signup|EnterLastName|# 10|web.type(locator,value) - PASS typed text at '//div[@id='Form_submitForm_LastName_Holder']/div/input'
2019-10-04 12:10:27,328|I|Thread-1|OrangeHRMWebApplication-plan.001,OHRM_01_signup.20191004_120946.001|signup|EnterEmail - executing activity
2019-10-04 12:10:27,930|I|Thread-1|OrangeHRMWebApplication-plan.001,OHRM_01_signup.20191004_120946.001|signup|EnterEmail|# 11|web.type(locator,value) - executing type(locator,value)(${txt.email.loc}, ${Email})
2019-10-04 12:10:30,239|I|Thread-1|OrangeHRMWebApplication-plan.001,OHRM_01_signup.20191004_120946.001|signup|EnterEmail|# 11|web.type(locator,value) - PASS typed text at '//div[@id='Form_submitForm_Email_Holder']/div/input'
2019-10-04 12:10:30,247|I|Thread-1|OrangeHRMWebApplication-plan.001,OHRM_01_signup.20191004_120946.001|signup|EnterJobTitle - executing activity
2019-10-04 12:10:30,851|I|Thread-1|OrangeHRMWebApplication-plan.001,OHRM_01_signup.20191004_120946.001|signup|EnterJobTitle|# 12|web.type(locator,value) - executing type(locator,value)(${txt.jobtitle.loc}, ${JobTitle})
2019-10-04 12:10:33,119|I|Thread-1|OrangeHRMWebApplication-plan.001,OHRM_01_signup.20191004_120946.001|signup|EnterJobTitle|# 12|web.type(locator,value) - PASS typed text at '//div[@id='Form_submitForm_JobTitle_Holder']/div/input'
2019-10-04 12:10:33,123|I|Thread-1|OrangeHRMWebApplication-plan.001,OHRM_01_signup.20191004_120946.001|signup|SelectNoOfEmployees - executing activity
2019-10-04 12:10:33,725|I|Thread-1|OrangeHRMWebApplication-plan.001,OHRM_01_signup.20191004_120946.001|signup|SelectNoOfEmployees|# 13|web.select(locator,text) - executing select(locator,text)(${btn.noofemployees.loc}, ${txt.dropdown.noofemployees.loc})
2019-10-04 12:10:35,230|I|Thread-1|OrangeHRMWebApplication-plan.001,OHRM_01_signup.20191004_120946.001|signup|SelectNoOfEmployees|# 13|web.select(locator,text) - PASS selected '201 - 250' from '//select[@id='Form_submitForm_NoOfEmployees']'
2019-10-04 12:10:35,235|I|Thread-1|OrangeHRMWebApplication-plan.001,OHRM_01_signup.20191004_120946.001|signup|AssertNoOfEmployee - executing activity
2019-10-04 12:10:35,838|I|Thread-1|OrangeHRMWebApplication-plan.001,OHRM_01_signup.20191004_120946.001|signup|AssertNoOfEmployee|# 14|web.assertVisible(locator - executing assertVisible(locator)(${btn.noofemployees.loc})
2019-10-04 12:10:36,772|I|Thread-1|OrangeHRMWebApplication-plan.001,OHRM_01_signup.20191004_120946.001|signup|AssertNoOfEmployee|# 14|web.assertVisible(locator - PASS EXPECTED visible element '//select[@id='Form_submitForm_NoOfEmployees']' found
2019-10-04 12:10:36,777|I|Thread-1|OrangeHRMWebApplication-plan.001,OHRM_01_signup.20191004_120946.001|signup|Entercompany - executing activity
2019-10-04 12:10:37,379|I|Thread-1|OrangeHRMWebApplication-plan.001,OHRM_01_signup.20191004_120946.001|signup|Entercompany|# 15|web.type(locator,value) - executing type(locator,value)(${txt.company.loc}, ${company})
2019-10-04 12:10:39,488|I|Thread-1|OrangeHRMWebApplication-plan.001,OHRM_01_signup.20191004_120946.001|signup|Entercompany|# 15|web.type(locator,value) - PASS typed text at '//div[@id='Form_submitForm_CompanyName_Holder']/div/input'
2019-10-04 12:10:39,491|I|Thread-1|OrangeHRMWebApplication-plan.001,OHRM_01_signup.20191004_120946.001|signup|SelectIndustry - executing activity
2019-10-04 12:10:40,094|I|Thread-1|OrangeHRMWebApplication-plan.001,OHRM_01_signup.20191004_120946.001|signup|SelectIndustry|# 16|web.select(locator,text) - executing select(locator,text)(${btn.industry.loc}, ${txt.dropdown.industry.loc})
2019-10-04 12:10:41,607|I|Thread-1|OrangeHRMWebApplication-plan.001,OHRM_01_signup.20191004_120946.001|signup|SelectIndustry|# 16|web.select(locator,text) - PASS selected 'Education' from '//select[@id='Form_submitForm_Industry']'
2019-10-04 12:10:41,611|I|Thread-1|OrangeHRMWebApplication-plan.001,OHRM_01_signup.20191004_120946.001|signup|AssertIndustry - executing activity
2019-10-04 12:10:42,212|I|Thread-1|OrangeHRMWebApplication-plan.001,OHRM_01_signup.20191004_120946.001|signup|AssertIndustry|# 17|web.assertVisible(locator - executing assertVisible(locator)(${btn.industry.loc})
2019-10-04 12:10:42,926|I|Thread-1|OrangeHRMWebApplication-plan.001,OHRM_01_signup.20191004_120946.001|signup|AssertIndustry|# 17|web.assertVisible(locator - PASS EXPECTED visible element '//select[@id='Form_submitForm_Industry']' found
2019-10-04 12:10:42,929|I|Thread-1|OrangeHRMWebApplication-plan.001,OHRM_01_signup.20191004_120946.001|signup|EnterPhoneNumber - executing activity
2019-10-04 12:10:43,532|I|Thread-1|OrangeHRMWebApplication-plan.001,OHRM_01_signup.20191004_120946.001|signup|EnterPhoneNumber|# 18|web.type(locator,value) - executing type(locator,value)(${txt.phonenumber.loc}, ${PhoneNumber})
2019-10-04 12:10:45,469|I|Thread-1|OrangeHRMWebApplication-plan.001,OHRM_01_signup.20191004_120946.001|signup|EnterPhoneNumber|# 18|web.type(locator,value) - PASS typed text at '//div[@id='Form_submitForm_Contact_Holder']/div/input'
2019-10-04 12:10:45,501|I|Thread-1|OrangeHRMWebApplication-plan.001,OHRM_01_signup.20191004_120946.001|signup|SelectCountry - executing activity
2019-10-04 12:10:46,117|I|Thread-1|OrangeHRMWebApplication-plan.001,OHRM_01_signup.20191004_120946.001|signup|SelectCountry|# 19|web.select(locator,text) - executing select(locator,text)(${btn.country.loc}, ${txt.dropdown.country.loc})
2019-10-04 12:10:47,898|I|Thread-1|OrangeHRMWebApplication-plan.001,OHRM_01_signup.20191004_120946.001|signup|SelectCountry|# 19|web.select(locator,text) - PASS selected 'India' from '//select[@id='Form_submitForm_Country']'
2019-10-04 12:10:47,930|I|Thread-1|OrangeHRMWebApplication-plan.001,OHRM_01_signup.20191004_120946.001|signup|AssertCountry - executing activity
2019-10-04 12:10:48,533|I|Thread-1|OrangeHRMWebApplication-plan.001,OHRM_01_signup.20191004_120946.001|signup|AssertCountry|# 20|web.assertVisible(locator - executing assertVisible(locator)(${btn.country.loc})
2019-10-04 12:10:49,234|I|Thread-1|OrangeHRMWebApplication-plan.001,OHRM_01_signup.20191004_120946.001|signup|AssertCountry|# 20|web.assertVisible(locator - PASS EXPECTED visible element '//select[@id='Form_submitForm_Country']' found
2019-10-04 12:10:49,237|I|Thread-1|OrangeHRMWebApplication-plan.001,OHRM_01_signup.20191004_120946.001|signup|SelectState - executing activity
2019-10-04 12:10:49,840|I|Thread-1|OrangeHRMWebApplication-plan.001,OHRM_01_signup.20191004_120946.001|signup|SelectState|# 21|web.select(locator,text) - executing select(locator,text)(${btn.state.loc}, ${txt.dropdown.state.loc})
2019-10-04 12:10:51,282|I|Thread-1|OrangeHRMWebApplication-plan.001,OHRM_01_signup.20191004_120946.001|signup|SelectState|# 21|web.select(locator,text) - PASS selected 'Tamil Nadu' from '//select[@id='Form_submitForm_State']'
2019-10-04 12:10:51,285|I|Thread-1|OrangeHRMWebApplication-plan.001,OHRM_01_signup.20191004_120946.001|signup|AssertCountry - executing activity
2019-10-04 12:10:51,886|I|Thread-1|OrangeHRMWebApplication-plan.001,OHRM_01_signup.20191004_120946.001|signup|AssertCountry|# 22|web.assertVisible(locator - executing assertVisible(locator)(${btn.state.loc})
2019-10-04 12:10:52,604|I|Thread-1|OrangeHRMWebApplication-plan.001,OHRM_01_signup.20191004_120946.001|signup|AssertCountry|# 22|web.assertVisible(locator - PASS EXPECTED visible element '//select[@id='Form_submitForm_State']' found
2019-10-04 12:10:52,609|I|Thread-1|OrangeHRMWebApplication-plan.001,OHRM_01_signup.20191004_120946.001|signup|ClickCheckbox - executing activity
2019-10-04 12:10:53,213|I|Thread-1|OrangeHRMWebApplication-plan.001,OHRM_01_signup.20191004_120946.001|signup|ClickCheckbox|# 23|web.click(locator) - executing click(locator)(${btn.checkbox.loc})
2019-10-04 12:10:53,731|I|Thread-1|clicking '//input[@id='Form_submitForm_SetDummyData']'...
2019-10-04 12:10:53,896|I|Thread-1|click target via JS, @id=Form_submitForm_SetDummyData
2019-10-04 12:10:54,295|I|Thread-1|clicked -> true
2019-10-04 12:10:54,297|I|Thread-1|OrangeHRMWebApplication-plan.001,OHRM_01_signup.20191004_120946.001|signup|ClickCheckbox|# 23|web.click(locator) - PASS click via JS event
2019-10-04 12:10:54,299|I|Thread-1|OrangeHRMWebApplication-plan.001,OHRM_01_signup.20191004_120946.001|signup|submit - executing activity
2019-10-04 12:10:54,901|I|Thread-1|OrangeHRMWebApplication-plan.001,OHRM_01_signup.20191004_120946.001|signup|submit|# 24|web.click(locator) - executing click(locator)(${btn.submit.loc})
2019-10-04 12:10:55,438|I|Thread-1|clicking '//input[@id='Form_submitForm_action_request']'...
2019-10-04 12:10:55,602|I|Thread-1|click target via JS, @id=Form_submitForm_action_request
2019-10-04 12:11:00,289|I|Thread-1|clicked -> true
2019-10-04 12:11:00,291|I|Thread-1|OrangeHRMWebApplication-plan.001,OHRM_01_signup.20191004_120946.001|signup|submit|# 24|web.click(locator) - PASS click via JS event
2019-10-04 12:11:00,786|I|Thread-1|[OrangeHRMWebApplication-plan.001,OHRM_01_signup.20191004_120946.001|signup] saving test scenario
2019-10-04 12:11:01,268|I|Thread-1|[20191004_120944] 
/-TEST COMPLETE-----------------------------------------------------------------
| Test Output:    C:\projects\OrangeHRMWebApplication\output\20191004_120944\OrangeHRMWebApplication-plan.001,OHRM_01_signup.20191004_120946.001.xlsx
| Iteration:      1
\-------------------------------------------------------------------------------
» Execution Time: 72745 ms
» Test Steps:     20
» Error(s):       0



2019-10-04 12:11:04,240|I|Thread-1|[20191004_120944] 
/-TEST COMPLETE-----------------------------------------------------------------
| Test Script:    C:\projects\OrangeHRMWebApplication\artifact\script\OHRM_01_signup.xlsx
\-------------------------------------------------------------------------------
» Execution Time: 79321 ms
» Iterations:     [1] total 1
» Test Steps:     20
» Passed:         20
» Error(s):       0
» Iteration 1 of 1: C:\projects\OrangeHRMWebApplication\output\20191004_120944\OrangeHRMWebApplication-plan.001,OHRM_01_signup.20191004_120946.001.xlsx



2019-10-04 12:11:05,034|I|main|[20191004_120944] [C:\projects\OrangeHRMWebApplication\artifact\script\OHRM_01_signup.xlsx] now completed
2019-10-04 12:11:05,037|I|main|[20191004_120944] [C:\projects\OrangeHRMWebApplication\artifact\script\OHRM_02_features.xlsx] resolve RUN ID as 20191004_120944
2019-10-04 12:11:05,038|I|main|[20191004_120944] [C:\projects\OrangeHRMWebApplication\artifact\script\OHRM_02_features.xlsx] new thread started
2019-10-04 12:11:05,041|I|Thread-5|missing REQUIRED configuration; sms DISABLED!
2019-10-04 12:11:05,552|I|Thread-5|[20191004_120944] executing C:\projects\OrangeHRMWebApplication\artifact\script\OHRM_02_features.xlsx with 1 iteration(s)
2019-10-04 12:11:05,553|I|Thread-5|[20191004_120944] create directory C:\projects\OrangeHRMWebApplication\output\20191004_120944\captures
2019-10-04 12:11:05,554|I|Thread-5|[20191004_120944] create directory C:\projects\OrangeHRMWebApplication\output\20191004_120944\logs
2019-10-04 12:11:08,003|I|Thread-5|macro(s) found and merged; C:\projects\OrangeHRMWebApplication\output\20191004_120944\OrangeHRMWebApplication-plan.002,OHRM_02_features.20191004_121105.001.xlsx will need to be saved
2019-10-04 12:11:08,005|I|Thread-5|[20191004_120944] merging test data to tmp file C:\projects\OrangeHRMWebApplication\output\20191004_120944\OrangeHRMWebApplication-plan.002,OHRM_02_features.20191004_121105.001.xlsx
2019-10-04 12:11:08,006|I|Thread-5|refetching data from C:\projects\OrangeHRMWebApplication\artifact\data\OHRM_02_features.data.xlsx
2019-10-04 12:11:08,471|I|Thread-5|[20191004_120944] test script and test data merged to C:\projects\OrangeHRMWebApplication\output\20191004_120944\OrangeHRMWebApplication-plan.002,OHRM_02_features.20191004_121105.001.xlsx
2019-10-04 12:11:09,207|I|Thread-5|STARTS
2019-10-04 12:11:09,240|I|Thread-5|OrangeHRMWebApplication-plan.002,OHRM_02_features.20191004_121105.001 - executing iteration #1 of 1; Iteration Id 1
2019-10-04 12:11:09,245|I|Thread-5|OrangeHRMWebApplication-plan.002,OHRM_02_features.20191004_121105.001|Personnel Information Managemen - executing test scenario
2019-10-04 12:11:09,247|I|Thread-5|OrangeHRMWebApplication-plan.002,OHRM_02_features.20191004_121105.001|Personnel Information Managemen|Feature-Personnel Information Management (PIM) - executing activity
2019-10-04 12:11:09,856|I|Thread-5|OrangeHRMWebApplication-plan.002,OHRM_02_features.20191004_121105.001|Personnel Information Managemen|Feature-Personnel Information Management (PIM)|#  5|base.section(steps) - executing section(steps)(4)
2019-10-04 12:11:09,861|I|Thread-5|OrangeHRMWebApplication-plan.002,OHRM_02_features.20191004_121105.001|Personnel Information Managemen|Feature-Personnel Information Management (PIM)|#  5|base.section(steps) - PASS 
2019-10-04 12:11:10,491|I|Thread-5|OrangeHRMWebApplication-plan.002,OHRM_02_features.20191004_121105.001|Personnel Information Managemen|Feature-Personnel Information Management (PIM)|#  6|web.open(url) - executing open(url)(${url})
2019-10-04 12:11:15,901|I|Thread-5|current browser window handle:CDwindow-54BB22A54D3DA7D4C2454A1CDF047339
2019-10-04 12:11:16,277|I|Thread-5|OrangeHRMWebApplication-plan.002,OHRM_02_features.20191004_121105.001|Personnel Information Managemen|Feature-Personnel Information Management (PIM)|#  6|web.open(url) - PASS opened URL https://www.orangehrm.com/
2019-10-04 12:11:16,884|I|Thread-5|OrangeHRMWebApplication-plan.002,OHRM_02_features.20191004_121105.001|Personnel Information Managemen|Feature-Personnel Information Management (PIM)|#  7|web.maximizeWindow() - executing maximizeWindow()()
2019-10-04 12:11:17,594|I|Thread-5|OrangeHRMWebApplication-plan.002,OHRM_02_features.20191004_121105.001|Personnel Information Managemen|Feature-Personnel Information Management (PIM)|#  7|web.maximizeWindow() - PASS browser window maximized
2019-10-04 12:11:18,199|I|Thread-5|OrangeHRMWebApplication-plan.002,OHRM_02_features.20191004_121105.001|Personnel Information Managemen|Feature-Personnel Information Management (PIM)|#  8|web.click(locator) - executing click(locator)(${btn.features.loc})
2019-10-04 12:11:18,861|I|Thread-5|clicking '//div[@id='header-navbar']/ul/li/a[text()='Features']'...
2019-10-04 12:11:19,026|I|Thread-5|click target via JS, @id=
2019-10-04 12:11:21,087|I|Thread-5|clicked -> true
2019-10-04 12:11:21,090|I|Thread-5|OrangeHRMWebApplication-plan.002,OHRM_02_features.20191004_121105.001|Personnel Information Managemen|Feature-Personnel Information Management (PIM)|#  8|web.click(locator) - PASS click via JS event
2019-10-04 12:11:21,694|I|Thread-5|OrangeHRMWebApplication-plan.002,OHRM_02_features.20191004_121105.001|Personnel Information Managemen|Feature-Personnel Information Management (PIM)|#  9|web.assertElementByText(l - executing assertElementByText(locator,text)(${btn.features.loc}, ${featuretext})
2019-10-04 12:11:22,454|I|Thread-5|OrangeHRMWebApplication-plan.002,OHRM_02_features.20191004_121105.001|Personnel Information Managemen|Feature-Personnel Information Management (PIM)|#  9|web.assertElementByText(l - PASS validated locator '//div[@id='header-navbar']/ul/li/a[text()='Features']' by text 'Features' as EXPECTED
2019-10-04 12:11:23,062|I|Thread-5|OrangeHRMWebApplication-plan.002,OHRM_02_features.20191004_121105.001|Personnel Information Managemen|Feature-Personnel Information Management (PIM)|# 10|web.assertAndClick(locato - executing assertAndClick(locator,label)(${btn.pim.loc}, ${PIMlabel})
2019-10-04 12:11:24,377|I|Thread-5|clicking '//h4[text()='Personnel Information Management (PIM)' and text() = 'Personnel Information Management (PIM)']'...
2019-10-04 12:11:24,542|I|Thread-5|click target via JS, @id=
2019-10-04 12:11:27,960|I|Thread-5|clicked -> true
2019-10-04 12:11:27,964|I|Thread-5|OrangeHRMWebApplication-plan.002,OHRM_02_features.20191004_121105.001|Personnel Information Managemen|Feature-Personnel Information Management (PIM)|# 10|web.assertAndClick(locato - PASS click via JS event
2019-10-04 12:11:28,568|I|Thread-5|OrangeHRMWebApplication-plan.002,OHRM_02_features.20191004_121105.001|Personnel Information Managemen|Feature-Personnel Information Management (PIM)|# 11|base.section(steps) - executing section(steps)(3)
2019-10-04 12:11:28,572|I|Thread-5|OrangeHRMWebApplication-plan.002,OHRM_02_features.20191004_121105.001|Personnel Information Managemen|Feature-Personnel Information Management (PIM)|# 11|base.section(steps) - PASS 
2019-10-04 12:11:29,208|I|Thread-5|OrangeHRMWebApplication-plan.002,OHRM_02_features.20191004_121105.001|Personnel Information Managemen|Feature-Personnel Information Management (PIM)|# 12|web.assertTextPresent(tex - executing assertTextPresent(text)(${TryItNow})
2019-10-04 12:11:29,768|I|Thread-5|OrangeHRMWebApplication-plan.002,OHRM_02_features.20191004_121105.001|Personnel Information Managemen|Feature-Personnel Information Management (PIM)|# 12|web.assertTextPresent(tex - PASS EXPECTED text 'Try It Now' found
2019-10-04 12:11:30,373|I|Thread-5|OrangeHRMWebApplication-plan.002,OHRM_02_features.20191004_121105.001|Personnel Information Managemen|Feature-Personnel Information Management (PIM)|# 13|web.click(locator) - executing click(locator)(${btn.tryitnow.loc})
2019-10-04 12:11:31,089|I|Thread-5|clicking '//a[text()='Try It Now']'...
2019-10-04 12:11:31,277|I|Thread-5|click target via JS, @id=
2019-10-04 12:11:33,516|I|Thread-5|clicked -> true
2019-10-04 12:11:33,518|I|Thread-5|OrangeHRMWebApplication-plan.002,OHRM_02_features.20191004_121105.001|Personnel Information Managemen|Feature-Personnel Information Management (PIM)|# 13|web.click(locator) - PASS click via JS event
2019-10-04 12:11:34,120|I|Thread-5|OrangeHRMWebApplication-plan.002,OHRM_02_features.20191004_121105.001|Personnel Information Managemen|Feature-Personnel Information Management (PIM)|# 14|web.goBack() - executing goBack()()
2019-10-04 12:11:37,213|I|Thread-5|OrangeHRMWebApplication-plan.002,OHRM_02_features.20191004_121105.001|Personnel Information Managemen|Feature-Personnel Information Management (PIM)|# 14|web.goBack() - PASS went back previous page
2019-10-04 12:11:37,816|I|Thread-5|OrangeHRMWebApplication-plan.002,OHRM_02_features.20191004_121105.001|Personnel Information Managemen|Feature-Personnel Information Management (PIM)|# 15|web.scrollTo(locator) - executing scrollTo(locator)(${btn.customfields.loc})
2019-10-04 12:11:38,784|I|Thread-5|OrangeHRMWebApplication-plan.002,OHRM_02_features.20191004_121105.001|Personnel Information Managemen|Feature-Personnel Information Management (PIM)|# 15|web.scrollTo(locator) - PASS scrolled to '//h4[text()='Custom Fields']/following-sibling::a'
2019-10-04 12:11:39,389|I|Thread-5|OrangeHRMWebApplication-plan.002,OHRM_02_features.20191004_121105.001|Personnel Information Managemen|Feature-Personnel Information Management (PIM)|# 16|web.assertTextPresent(tex - executing assertTextPresent(text)(${CustomFields})
2019-10-04 12:11:39,995|I|Thread-5|OrangeHRMWebApplication-plan.002,OHRM_02_features.20191004_121105.001|Personnel Information Managemen|Feature-Personnel Information Management (PIM)|# 16|web.assertTextPresent(tex - PASS EXPECTED text 'Custom Fields' found
2019-10-04 12:11:40,599|I|Thread-5|OrangeHRMWebApplication-plan.002,OHRM_02_features.20191004_121105.001|Personnel Information Managemen|Feature-Personnel Information Management (PIM)|# 17|web.click(locator) - executing click(locator)(${btn.customfields.loc})
2019-10-04 12:11:41,345|I|Thread-5|clicking '//h4[text()='Custom Fields']/following-sibling::a'...
2019-10-04 12:11:41,549|I|Thread-5|click target via JS, @id=
2019-10-04 12:11:42,008|I|Thread-5|clicked -> true
2019-10-04 12:11:42,009|I|Thread-5|OrangeHRMWebApplication-plan.002,OHRM_02_features.20191004_121105.001|Personnel Information Managemen|Feature-Personnel Information Management (PIM)|# 17|web.click(locator) - PASS click via JS event
2019-10-04 12:11:42,615|I|Thread-5|OrangeHRMWebApplication-plan.002,OHRM_02_features.20191004_121105.001|Personnel Information Managemen|Feature-Personnel Information Management (PIM)|# 18|web.scrollTo(locator) - executing scrollTo(locator)(${btn.addemployee.loc})
2019-10-04 12:11:43,617|I|Thread-5|OrangeHRMWebApplication-plan.002,OHRM_02_features.20191004_121105.001|Personnel Information Managemen|Feature-Personnel Information Management (PIM)|# 18|web.scrollTo(locator) - PASS scrolled to '//h4[text()='Add employee']/following-sibling::a'
2019-10-04 12:11:44,225|I|Thread-5|OrangeHRMWebApplication-plan.002,OHRM_02_features.20191004_121105.001|Personnel Information Managemen|Feature-Personnel Information Management (PIM)|# 19|web.assertTextPresent(tex - executing assertTextPresent(text)(${AddEmployee})
2019-10-04 12:11:44,778|I|Thread-5|OrangeHRMWebApplication-plan.002,OHRM_02_features.20191004_121105.001|Personnel Information Managemen|Feature-Personnel Information Management (PIM)|# 19|web.assertTextPresent(tex - PASS EXPECTED text 'Add employee' found
2019-10-04 12:11:45,381|I|Thread-5|OrangeHRMWebApplication-plan.002,OHRM_02_features.20191004_121105.001|Personnel Information Managemen|Feature-Personnel Information Management (PIM)|# 20|web.click(locator) - executing click(locator)(${btn.addemployee.loc})
2019-10-04 12:11:45,956|I|Thread-5|clicking '//h4[text()='Add employee']/following-sibling::a'...
2019-10-04 12:11:46,133|I|Thread-5|click target via JS, @id=
2019-10-04 12:11:46,547|I|Thread-5|clicked -> true
2019-10-04 12:11:46,549|I|Thread-5|OrangeHRMWebApplication-plan.002,OHRM_02_features.20191004_121105.001|Personnel Information Managemen|Feature-Personnel Information Management (PIM)|# 20|web.click(locator) - PASS click via JS event
2019-10-04 12:11:47,151|I|Thread-5|OrangeHRMWebApplication-plan.002,OHRM_02_features.20191004_121105.001|Personnel Information Managemen|Feature-Personnel Information Management (PIM)|# 21|web.scrollTo(locator) - executing scrollTo(locator)(${btn.bulkupdate.loc})
2019-10-04 12:11:48,209|I|Thread-5|OrangeHRMWebApplication-plan.002,OHRM_02_features.20191004_121105.001|Personnel Information Managemen|Feature-Personnel Information Management (PIM)|# 21|web.scrollTo(locator) - PASS scrolled to '//h4[text()='Bulk Update']/following-sibling::a'
2019-10-04 12:11:48,814|I|Thread-5|OrangeHRMWebApplication-plan.002,OHRM_02_features.20191004_121105.001|Personnel Information Managemen|Feature-Personnel Information Management (PIM)|# 22|web.assertTextPresent(tex - executing assertTextPresent(text)(${BulkUpdate})
2019-10-04 12:11:49,384|I|Thread-5|OrangeHRMWebApplication-plan.002,OHRM_02_features.20191004_121105.001|Personnel Information Managemen|Feature-Personnel Information Management (PIM)|# 22|web.assertTextPresent(tex - PASS EXPECTED text 'Bulk Update' found
2019-10-04 12:11:49,993|I|Thread-5|OrangeHRMWebApplication-plan.002,OHRM_02_features.20191004_121105.001|Personnel Information Managemen|Feature-Personnel Information Management (PIM)|# 23|web.click(locator) - executing click(locator)(${btn.bulkupdate.loc})
2019-10-04 12:11:50,575|I|Thread-5|clicking '//h4[text()='Bulk Update']/following-sibling::a'...
2019-10-04 12:11:50,763|I|Thread-5|click target via JS, @id=
2019-10-04 12:11:51,164|I|Thread-5|clicked -> true
2019-10-04 12:11:51,165|I|Thread-5|OrangeHRMWebApplication-plan.002,OHRM_02_features.20191004_121105.001|Personnel Information Managemen|Feature-Personnel Information Management (PIM)|# 23|web.click(locator) - PASS click via JS event
2019-10-04 12:11:51,768|I|Thread-5|OrangeHRMWebApplication-plan.002,OHRM_02_features.20191004_121105.001|Personnel Information Managemen|Feature-Personnel Information Management (PIM)|# 24|web.scrollTo(locator) - executing scrollTo(locator)(${btn.myshortcuts.loc})
2019-10-04 12:11:53,061|I|Thread-5|OrangeHRMWebApplication-plan.002,OHRM_02_features.20191004_121105.001|Personnel Information Managemen|Feature-Personnel Information Management (PIM)|# 24|web.scrollTo(locator) - PASS scrolled to '//h4[text()='My shortcuts']/following-sibling::a'
2019-10-04 12:11:53,672|I|Thread-5|OrangeHRMWebApplication-plan.002,OHRM_02_features.20191004_121105.001|Personnel Information Managemen|Feature-Personnel Information Management (PIM)|# 25|web.assertTextPresent(tex - executing assertTextPresent(text)(${MyShortcuts})
2019-10-04 12:11:54,224|I|Thread-5|OrangeHRMWebApplication-plan.002,OHRM_02_features.20191004_121105.001|Personnel Information Managemen|Feature-Personnel Information Management (PIM)|# 25|web.assertTextPresent(tex - PASS EXPECTED text 'My shortcuts' found
2019-10-04 12:11:54,832|I|Thread-5|OrangeHRMWebApplication-plan.002,OHRM_02_features.20191004_121105.001|Personnel Information Managemen|Feature-Personnel Information Management (PIM)|# 26|web.click(locator) - executing click(locator)(${btn.myshortcuts.loc})
2019-10-04 12:11:55,368|I|Thread-5|clicking '//h4[text()='My shortcuts']/following-sibling::a'...
2019-10-04 12:11:55,540|I|Thread-5|click target via JS, @id=
2019-10-04 12:11:55,932|I|Thread-5|clicked -> true
2019-10-04 12:11:55,934|I|Thread-5|OrangeHRMWebApplication-plan.002,OHRM_02_features.20191004_121105.001|Personnel Information Managemen|Feature-Personnel Information Management (PIM)|# 26|web.click(locator) - PASS click via JS event
2019-10-04 12:11:56,537|I|Thread-5|OrangeHRMWebApplication-plan.002,OHRM_02_features.20191004_121105.001|Personnel Information Managemen|Feature-Personnel Information Management (PIM)|# 27|web.scrollTo(locator) - executing scrollTo(locator)(${btn.reportingtools.loc})
2019-10-04 12:11:57,625|I|Thread-5|OrangeHRMWebApplication-plan.002,OHRM_02_features.20191004_121105.001|Personnel Information Managemen|Feature-Personnel Information Management (PIM)|# 27|web.scrollTo(locator) - PASS scrolled to '//h4[text()='Reporting tools']/following-sibling::a'
2019-10-04 12:11:58,229|I|Thread-5|OrangeHRMWebApplication-plan.002,OHRM_02_features.20191004_121105.001|Personnel Information Managemen|Feature-Personnel Information Management (PIM)|# 28|web.assertTextPresent(tex - executing assertTextPresent(text)(${ReportingTools})
2019-10-04 12:11:58,828|I|Thread-5|OrangeHRMWebApplication-plan.002,OHRM_02_features.20191004_121105.001|Personnel Information Managemen|Feature-Personnel Information Management (PIM)|# 28|web.assertTextPresent(tex - PASS EXPECTED text 'Reporting tools' found
2019-10-04 12:11:59,433|I|Thread-5|OrangeHRMWebApplication-plan.002,OHRM_02_features.20191004_121105.001|Personnel Information Managemen|Feature-Personnel Information Management (PIM)|# 29|web.click(locator) - executing click(locator)(${btn.reportingtools.loc})
2019-10-04 12:11:59,999|I|Thread-5|clicking '//h4[text()='Reporting tools']/following-sibling::a'...
2019-10-04 12:12:00,182|I|Thread-5|click target via JS, @id=
2019-10-04 12:12:00,580|I|Thread-5|clicked -> true
2019-10-04 12:12:00,581|I|Thread-5|OrangeHRMWebApplication-plan.002,OHRM_02_features.20191004_121105.001|Personnel Information Managemen|Feature-Personnel Information Management (PIM)|# 29|web.click(locator) - PASS click via JS event
2019-10-04 12:12:01,185|I|Thread-5|OrangeHRMWebApplication-plan.002,OHRM_02_features.20191004_121105.001|Personnel Information Managemen|Feature-Personnel Information Management (PIM)|# 30|base.section(steps) - executing section(steps)(1)
2019-10-04 12:12:01,189|I|Thread-5|OrangeHRMWebApplication-plan.002,OHRM_02_features.20191004_121105.001|Personnel Information Managemen|Feature-Personnel Information Management (PIM)|# 30|base.section(steps) - PASS 
2019-10-04 12:12:01,792|I|Thread-5|OrangeHRMWebApplication-plan.002,OHRM_02_features.20191004_121105.001|Personnel Information Managemen|Feature-Personnel Information Management (PIM)|# 31|base.verbose(text) - executing verbose(text)(Executed Successfully)
2019-10-04 12:12:01,798|I|Thread-5|OrangeHRMWebApplication-plan.002,OHRM_02_features.20191004_121105.001|Personnel Information Managemen|Feature-Personnel Information Management (PIM)|# 31|base.verbose(text) - Executed Successfully
2019-10-04 12:12:01,803|I|Thread-5|OrangeHRMWebApplication-plan.002,OHRM_02_features.20191004_121105.001|Personnel Information Managemen|Feature-Personnel Information Management (PIM)|# 31|base.verbose(text) - PASS 
2019-10-04 12:12:01,852|I|Thread-5|[OrangeHRMWebApplication-plan.002,OHRM_02_features.20191004_121105.001|Personnel Information Managemen] saving test scenario
2019-10-04 12:12:02,200|I|Thread-5|[20191004_120944] 
/-TEST COMPLETE-----------------------------------------------------------------
| Test Output:    C:\projects\OrangeHRMWebApplication\output\20191004_120944\OrangeHRMWebApplication-plan.002,OHRM_02_features.20191004_121105.001.xlsx
| Iteration:      1
\-------------------------------------------------------------------------------
» Execution Time: 52922 ms
» Test Steps:     27
» Error(s):       0



2019-10-04 12:12:04,878|I|Thread-5|[20191004_120944] 
/-TEST COMPLETE-----------------------------------------------------------------
| Test Script:    C:\projects\OrangeHRMWebApplication\artifact\script\OHRM_02_features.xlsx
\-------------------------------------------------------------------------------
» Execution Time: 59803 ms
» Iterations:     [1] total 1
» Test Steps:     27
» Passed:         27
» Error(s):       0
» Iteration 1 of 1: C:\projects\OrangeHRMWebApplication\output\20191004_120944\OrangeHRMWebApplication-plan.002,OHRM_02_features.20191004_121105.001.xlsx



2019-10-04 12:12:04,894|I|Thread-5|reporting execution status to BrowserStack...
2019-10-04 12:12:04,926|I|Thread-5|REQUEST  --> 'https://api.browserstack.com/automate/sessions/51c8d7816f43e281af00f76fbf80cd0f1c4a47fa.json', body length=79
2019-10-04 12:12:09,312|I|main|[20191004_120944] [C:\projects\OrangeHRMWebApplication\artifact\script\OHRM_02_features.xlsx] now completed
2019-10-04 12:12:09,314|I|main|[20191004_120944] all execution thread(s) have terminated
2019-10-04 12:12:09,315|I|main|[20191004_120944] test run completed in about 144 seconds
2019-10-04 12:12:09,476|I|main|No predefined nexial-setup found
2019-10-04 12:12:09,614|I|main|outputBase not set; output-to-cloud DISABLED!
2019-10-04 12:12:09,615|I|main|accessKey not set; output-to-cloud DISABLED!
2019-10-04 12:12:09,616|I|main|secretKey not set; output-to-cloud DISABLED!
2019-10-04 12:12:09,618|I|main|generating HTML output for this execution to C:\projects\OrangeHRMWebApplication\output\20191004_120944\execution-output.html
2019-10-04 12:12:10,200|I|main|generating JUnit XML output for this execution to C:\projects\OrangeHRMWebApplication\output\20191004_120944\junit.xml
2019-10-04 12:12:10,273|I|main|Generated JUnit report for this execution: C:\projects\OrangeHRMWebApplication\output\20191004_120944\junit.xml
2019-10-04 12:12:10,299|I|main|nexial mailer not enabled: nexial.enableEmail=false
2019-10-04 12:12:10,300|I|main|skipped email notification as configured
2019-10-04 12:12:10,302|I|main|Exiting Nexial...
2019-10-04 12:12:10,303|I|main|shutdown starts...
2019-10-04 12:12:10,305|I|main|Shutting down 'browserstack' webdriver...
2019-10-04 12:12:19,957|I|main|shutdown ends...
2019-10-04 12:12:19,959|I|main|

/-END OF EXECUTION--------------------------------------------------------------
| » Execution Time: 144 sec.
| » Test Steps:     47
| » Passed:         47
| » Failed:         0
| » Success Rate:   100.00%
\---------------------------------------------------------------nexial-core 2.2_0488-

2019-10-04 12:12:19,960|I|main|ALL PASSED!
2019-10-04 12:12:19,961|I|main|End of Execution:
OUTPUT:       C:\projects\OrangeHRMWebApplication\output\20191004_120944
EXECUTION:    C:\projects\OrangeHRMWebApplication\output\20191004_120944\execution-output.html
JUNIT XML:    C:\projects\OrangeHRMWebApplication\output\20191004_120944\junit.xml
SUCCESS RATE: 100.00%
EXIT STATUS:  0
2019-10-04 12:12:19,962|I|main|End of Execution:
NEXIAL_OUTPUT:         C:\projects\OrangeHRMWebApplication\output\20191004_120944
NEXIAL_EXECUTION_HTML: C:\projects\OrangeHRMWebApplication\output\20191004_120944\execution-output.html
NEXIAL_JUNIT_XML:      C:\projects\OrangeHRMWebApplication\output\20191004_120944\junit.xml
NEXIAL_SUCCESS_RATE:   100.00%
NEXIAL_EXIT_STATUS:    0
