2019-10-04 11:51:45,926|I|Thread-1|(DELAYED) nexial-core 2.2_0488 starting up...
2019-10-04 11:51:45,931|I|Thread-1|(DELAYED) data file resolved as C:\Users\SANDHI~1.MUN\AppData\Local\Temp\FfFXo\OHRM_01_signup.data.xlsx
2019-10-04 11:51:45,931|I|Thread-1|(DELAYED) input files and output directory resolved...
2019-10-04 11:51:45,931|I|Thread-1|(DELAYED) No predefined nexial-setup found
2019-10-04 11:51:45,931|I|Thread-1|(DELAYED) [20191004_115145] [C:\projects\OrangeHRMWebApplication\artifact\script\OHRM_01_signup.xlsx] resolve RUN ID as 20191004_115145
2019-10-04 11:51:45,931|I|Thread-1|(DELAYED) [20191004_115145] [C:\projects\OrangeHRMWebApplication\artifact\script\OHRM_01_signup.xlsx] new thread started
2019-10-04 11:51:45,932|I|Thread-1|No predefined nexial-setup found
2019-10-04 11:51:46,025|I|Thread-1|outputBase not set; output-to-cloud DISABLED!
2019-10-04 11:51:46,026|I|Thread-1|accessKey not set; output-to-cloud DISABLED!
2019-10-04 11:51:46,026|I|Thread-1|secretKey not set; output-to-cloud DISABLED!
2019-10-04 11:51:46,056|I|Thread-1|missing REQUIRED configuration; sms DISABLED!
2019-10-04 11:51:47,074|I|Thread-1|[20191004_115145] executing C:\projects\OrangeHRMWebApplication\artifact\script\OHRM_01_signup.xlsx with 1 iteration(s)
2019-10-04 11:51:47,079|I|Thread-1|[20191004_115145] create directory C:\projects\OrangeHRMWebApplication\output\20191004_115145\captures
2019-10-04 11:51:47,081|I|Thread-1|[20191004_115145] create directory C:\projects\OrangeHRMWebApplication\output\20191004_115145\logs
2019-10-04 11:51:47,845|I|Thread-1|[20191004_115145] merging test data to tmp file C:\projects\OrangeHRMWebApplication\output\20191004_115145\OHRM_01_signup.20191004_115147.001.xlsx
2019-10-04 11:51:47,846|I|Thread-1|refetching data from C:\projects\OrangeHRMWebApplication\artifact\data\OHRM_01_signup.data.xlsx
2019-10-04 11:51:48,261|I|Thread-1|[20191004_115145] test script and test data merged to C:\projects\OrangeHRMWebApplication\output\20191004_115145\OHRM_01_signup.20191004_115147.001.xlsx
2019-10-04 11:51:49,125|I|Thread-1|STARTS
2019-10-04 11:51:49,152|I|Thread-1|OHRM_01_signup.20191004_115147.001 - executing iteration #1 of 1; Iteration Id 1
2019-10-04 11:51:49,160|I|Thread-1|OHRM_01_signup.20191004_115147.001|signup - executing test scenario
2019-10-04 11:51:49,163|I|Thread-1|OHRM_01_signup.20191004_115147.001|signup|Openurl - executing activity
2019-10-04 11:51:49,765|I|Thread-1|OHRM_01_signup.20191004_115147.001|signup|Openurl|#  5|web.open(url) - executing open(url)(${url})
2019-10-04 11:51:49,781|I|Thread-1|No valid instance of webdriver, initializing...
2019-10-04 11:51:49,788|I|Thread-1|init browserstack
2019-10-04 11:51:49,811|E|Thread-1|Error initializing browser 'browserstack': Both nexial.browserstack.username and nexial.browserstack.automatekey are required to use BrowserStack
2019-10-04 11:51:49,815|E|Thread-1|Error initializing browser 'browserstack': Both nexial.browserstack.username and nexial.browserstack.automatekey are required to use BrowserStack
2019-10-04 11:51:50,061|I|Thread-1|OHRM_01_signup.20191004_115147.001|signup|Openurl|#  5|web.open(url) - FAIL Error initializing browser 'browserstack': Both nexial.browserstack.username and nexial.browserstack.automatekey are required to use BrowserStack
2019-10-04 11:51:50,065|I|Thread-1|OHRM_01_signup.20191004_115147.001|signup|Openurl|#  5|web.open(url) - test stopping due to failure on fail-fast command: web.open(url)
2019-10-04 11:51:50,067|I|Thread-1|OHRM_01_signup.20191004_115147.001|signup - test activity execution failed. Because of this, all subsequent test case will be skipped
2019-10-04 11:51:50,070|I|Thread-1|OHRM_01_signup.20191004_115147.001|signup - test activity execution ending due to EndLoopIf() flow control activated or unrecoverable execution failure.
2019-10-04 11:51:50,073|I|Thread-1|OHRM_01_signup.20191004_115147.001|signup - skipping test activity due to previous failure
2019-10-04 11:51:50,075|I|Thread-1|OHRM_01_signup.20191004_115147.001|signup - skipping test activity due to previous failure
2019-10-04 11:51:50,076|I|Thread-1|OHRM_01_signup.20191004_115147.001|signup - skipping test activity due to previous failure
2019-10-04 11:51:50,077|I|Thread-1|OHRM_01_signup.20191004_115147.001|signup - skipping test activity due to previous failure
2019-10-04 11:51:50,079|I|Thread-1|OHRM_01_signup.20191004_115147.001|signup - skipping test activity due to previous failure
2019-10-04 11:51:50,080|I|Thread-1|OHRM_01_signup.20191004_115147.001|signup - skipping test activity due to previous failure
2019-10-04 11:51:50,081|I|Thread-1|OHRM_01_signup.20191004_115147.001|signup - skipping test activity due to previous failure
2019-10-04 11:51:50,084|I|Thread-1|OHRM_01_signup.20191004_115147.001|signup - skipping test activity due to previous failure
2019-10-04 11:51:50,086|I|Thread-1|OHRM_01_signup.20191004_115147.001|signup - skipping test activity due to previous failure
2019-10-04 11:51:50,088|I|Thread-1|OHRM_01_signup.20191004_115147.001|signup - skipping test activity due to previous failure
2019-10-04 11:51:50,089|I|Thread-1|OHRM_01_signup.20191004_115147.001|signup - skipping test activity due to previous failure
2019-10-04 11:51:50,090|I|Thread-1|OHRM_01_signup.20191004_115147.001|signup - skipping test activity due to previous failure
2019-10-04 11:51:50,092|I|Thread-1|OHRM_01_signup.20191004_115147.001|signup - skipping test activity due to previous failure
2019-10-04 11:51:50,093|I|Thread-1|OHRM_01_signup.20191004_115147.001|signup - skipping test activity due to previous failure
2019-10-04 11:51:50,096|I|Thread-1|OHRM_01_signup.20191004_115147.001|signup - skipping test activity due to previous failure
2019-10-04 11:51:50,098|I|Thread-1|OHRM_01_signup.20191004_115147.001|signup - skipping test activity due to previous failure
2019-10-04 11:51:50,099|I|Thread-1|OHRM_01_signup.20191004_115147.001|signup - skipping test activity due to previous failure
2019-10-04 11:51:50,100|I|Thread-1|OHRM_01_signup.20191004_115147.001|signup - skipping test activity due to previous failure
2019-10-04 11:51:50,101|I|Thread-1|OHRM_01_signup.20191004_115147.001|signup - skipping test activity due to previous failure
2019-10-04 11:51:50,120|I|Thread-1|[OHRM_01_signup.20191004_115147.001|signup] saving test scenario
2019-10-04 11:51:50,306|I|Thread-1|OHRM_01_signup.20191004_115147.001|signup - test scenario execution failed, and fail-immediate in effect. Hence all subsequent test scenarios will be skipped
2019-10-04 11:51:50,325|I|Thread-1|[20191004_115145] 
/-TEST COMPLETE-----------------------------------------------------------------
| Test Output:    C:\projects\OrangeHRMWebApplication\output\20191004_115145\OHRM_01_signup.20191004_115147.001.xlsx
| Iteration:      1
\-------------------------------------------------------------------------------
» Execution Time: 1169 ms
» Test Steps:     1
» Error(s):       1



2019-10-04 11:51:50,326|I|Thread-1|OHRM_01_signup.20191004_115147.001 - fail-immediate in effect - test execution will stop now.
2019-10-04 11:51:52,301|I|Thread-1|[20191004_115145] 
/-TEST COMPLETE-----------------------------------------------------------------
| Test Script:    C:\projects\OrangeHRMWebApplication\artifact\script\OHRM_01_signup.xlsx
\-------------------------------------------------------------------------------
» Execution Time: 6610 ms
» Iterations:     [1] total 1
» Test Steps:     1
» Passed:         0
» Error(s):       1
» Iteration 1 of 1: C:\projects\OrangeHRMWebApplication\output\20191004_115145\OHRM_01_signup.20191004_115147.001.xlsx



2019-10-04 11:51:52,625|I|main|[20191004_115145] [C:\projects\OrangeHRMWebApplication\artifact\script\OHRM_01_signup.xlsx] now completed
2019-10-04 11:51:52,628|I|main|[20191004_115145] all execution thread(s) have terminated
2019-10-04 11:51:52,631|I|main|[20191004_115145] test run completed in about 7 seconds
2019-10-04 11:51:52,757|I|main|No predefined nexial-setup found
2019-10-04 11:51:52,790|I|main|outputBase not set; output-to-cloud DISABLED!
2019-10-04 11:51:52,791|I|main|accessKey not set; output-to-cloud DISABLED!
2019-10-04 11:51:52,792|I|main|secretKey not set; output-to-cloud DISABLED!
2019-10-04 11:51:52,794|I|main|generating HTML output for this execution to C:\projects\OrangeHRMWebApplication\output\20191004_115145\execution-output.html
2019-10-04 11:51:53,491|I|main|generating JUnit XML output for this execution to C:\projects\OrangeHRMWebApplication\output\20191004_115145\junit.xml
2019-10-04 11:51:53,529|I|main|Generated JUnit report for this execution: C:\projects\OrangeHRMWebApplication\output\20191004_115145\junit.xml
2019-10-04 11:51:53,543|I|main|nexial mailer not enabled: nexial.enableEmail=false
2019-10-04 11:51:53,544|I|main|skipped email notification as configured
2019-10-04 11:51:53,545|I|main|Exiting Nexial...
2019-10-04 11:51:53,550|I|main|

/-END OF EXECUTION--------------------------------------------------------------
| » Execution Time: 7 sec.
| » Test Steps:     1
| » Passed:         0
| » Failed:         1
| » Success Rate:   0.00%
\---------------------------------------------------------------nexial-core 2.2_0488-

2019-10-04 11:51:53,551|E|main|failure found; success rate is 0.00%
2019-10-04 11:51:53,552|I|main|End of Execution:
OUTPUT:       C:\projects\OrangeHRMWebApplication\output\20191004_115145
EXECUTION:    C:\projects\OrangeHRMWebApplication\output\20191004_115145\execution-output.html
JUNIT XML:    C:\projects\OrangeHRMWebApplication\output\20191004_115145\junit.xml
SUCCESS RATE: 0.00%
EXIT STATUS:  -13
2019-10-04 11:51:53,554|I|main|End of Execution:
NEXIAL_OUTPUT:         C:\projects\OrangeHRMWebApplication\output\20191004_115145
NEXIAL_EXECUTION_HTML: C:\projects\OrangeHRMWebApplication\output\20191004_115145\execution-output.html
NEXIAL_JUNIT_XML:      C:\projects\OrangeHRMWebApplication\output\20191004_115145\junit.xml
NEXIAL_SUCCESS_RATE:   0.00%
NEXIAL_EXIT_STATUS:    -13
