2019-10-01 16:59:21,117|I|Thread-1|(DELAYED) nexial-core 2.2_0488 starting up...
2019-10-01 16:59:21,123|I|Thread-1|(DELAYED) data file resolved as C:\Users\SANDHI~1.MUN\AppData\Local\Temp\hboXN\OHRM_02_features.data.xlsx
2019-10-01 16:59:21,123|I|Thread-1|(DELAYED) input files and output directory resolved...
2019-10-01 16:59:21,123|I|Thread-1|(DELAYED) No predefined nexial-setup found
2019-10-01 16:59:21,124|I|Thread-1|(DELAYED) [20191001_165920] [C:\projects\OrangeHRMWebApplication\artifact\script\OHRM_02_features.xlsx] resolve RUN ID as 20191001_165920
2019-10-01 16:59:21,124|I|Thread-1|(DELAYED) [20191001_165920] [C:\projects\OrangeHRMWebApplication\artifact\script\OHRM_02_features.xlsx] new thread started
2019-10-01 16:59:21,125|I|Thread-1|No predefined nexial-setup found
2019-10-01 16:59:21,294|I|Thread-1|outputBase not set; output-to-cloud DISABLED!
2019-10-01 16:59:21,295|I|Thread-1|accessKey not set; output-to-cloud DISABLED!
2019-10-01 16:59:21,298|I|Thread-1|secretKey not set; output-to-cloud DISABLED!
2019-10-01 16:59:21,345|I|Thread-1|missing REQUIRED configuration; sms DISABLED!
2019-10-01 16:59:22,565|I|Thread-1|[20191001_165920] executing C:\projects\OrangeHRMWebApplication\artifact\script\OHRM_02_features.xlsx with 1 iteration(s)
2019-10-01 16:59:22,572|I|Thread-1|[20191001_165920] create directory C:\projects\OrangeHRMWebApplication\output\20191001_165920\captures
2019-10-01 16:59:22,573|I|Thread-1|[20191001_165920] create directory C:\projects\OrangeHRMWebApplication\output\20191001_165920\logs
2019-10-01 16:59:25,294|I|Thread-1|macro(s) found and merged; C:\projects\OrangeHRMWebApplication\output\20191001_165920\OHRM_02_features.20191001_165922.001.xlsx will need to be saved
2019-10-01 16:59:25,302|I|Thread-1|[20191001_165920] merging test data to tmp file C:\projects\OrangeHRMWebApplication\output\20191001_165920\OHRM_02_features.20191001_165922.001.xlsx
2019-10-01 16:59:25,304|I|Thread-1|refetching data from C:\projects\OrangeHRMWebApplication\artifact\data\OHRM_02_features.data.xlsx
2019-10-01 16:59:25,980|I|Thread-1|[20191001_165920] test script and test data merged to C:\projects\OrangeHRMWebApplication\output\20191001_165920\OHRM_02_features.20191001_165922.001.xlsx
2019-10-01 16:59:27,630|I|Thread-1|STARTS
2019-10-01 16:59:27,674|I|Thread-1|OHRM_02_features.20191001_165922.001 - executing iteration #1 of 1; Iteration Id 1
2019-10-01 16:59:27,688|I|Thread-1|OHRM_02_features.20191001_165922.001|Personnel Information Managemen - executing test scenario
2019-10-01 16:59:27,690|I|Thread-1|OHRM_02_features.20191001_165922.001|Personnel Information Managemen|Feature-Personnel Information Management (PIM) - executing activity
2019-10-01 16:59:28,302|I|Thread-1|OHRM_02_features.20191001_165922.001|Personnel Information Managemen|Feature-Personnel Information Management (PIM)|#  5|base.section(steps) - executing section(steps)(4)
2019-10-01 16:59:28,335|I|Thread-1|OHRM_02_features.20191001_165922.001|Personnel Information Managemen|Feature-Personnel Information Management (PIM)|#  5|base.section(steps) - PASS 
2019-10-01 16:59:28,943|I|Thread-1|OHRM_02_features.20191001_165922.001|Personnel Information Managemen|Feature-Personnel Information Management (PIM)|#  6|web.open(url) - executing open(url)(${url})
2019-10-01 16:59:28,955|I|Thread-1|No valid instance of webdriver, initializing...
2019-10-01 16:59:28,961|I|Thread-1|init chrome
2019-10-01 16:59:32,365|I|Thread-1|browser initialization completed for 'chrome'
2019-10-01 16:59:32,394|I|Thread-1|setting browser polling wait time to 800 ms
2019-10-01 16:59:32,421|I|Thread-1|setting browser page load timeout to 10000 ms
2019-10-01 16:59:32,508|I|Thread-1|OHRM_02_features.20191001_165922.001|Personnel Information Managemen|Feature-Personnel Information Management (PIM)|#  6|web.open(url) - default browser stability wait time is 3000 ms
2019-10-01 16:59:39,545|I|Thread-1|current browser window handle:CDwindow-557A2C35DEB09A39F95577DBD1BF6C9D
2019-10-01 16:59:40,016|I|Thread-1|OHRM_02_features.20191001_165922.001|Personnel Information Managemen|Feature-Personnel Information Management (PIM)|#  6|web.open(url) - PASS opened URL https://www.orangehrm.com/
2019-10-01 16:59:40,627|I|Thread-1|OHRM_02_features.20191001_165922.001|Personnel Information Managemen|Feature-Personnel Information Management (PIM)|#  7|web.maximizeWindow() - executing maximizeWindow()()
2019-10-01 16:59:41,840|I|Thread-1|OHRM_02_features.20191001_165922.001|Personnel Information Managemen|Feature-Personnel Information Management (PIM)|#  7|web.maximizeWindow() - PASS browser window maximized
2019-10-01 16:59:42,446|I|Thread-1|OHRM_02_features.20191001_165922.001|Personnel Information Managemen|Feature-Personnel Information Management (PIM)|#  8|web.click(locator) - executing click(locator)(${btn.features.loc})
2019-10-01 16:59:42,544|I|Thread-1|clicking '//div[@id='header-navbar']/ul/li/a[text()='Features']'...
2019-10-01 16:59:42,614|I|Thread-1|click target via JS, @id=
2019-10-01 16:59:44,061|I|Thread-1|clicked -> true
2019-10-01 16:59:44,064|I|Thread-1|OHRM_02_features.20191001_165922.001|Personnel Information Managemen|Feature-Personnel Information Management (PIM)|#  8|web.click(locator) - PASS click via JS event
2019-10-01 16:59:44,703|I|Thread-1|OHRM_02_features.20191001_165922.001|Personnel Information Managemen|Feature-Personnel Information Management (PIM)|#  9|web.assertElementByText(l - executing assertElementByText(locator,text)(${btn.features.loc}, ${featuretext})
2019-10-01 16:59:44,864|I|Thread-1|OHRM_02_features.20191001_165922.001|Personnel Information Managemen|Feature-Personnel Information Management (PIM)|#  9|web.assertElementByText(l - PASS validated locator '//div[@id='header-navbar']/ul/li/a[text()='Features']' by text 'Features' as EXPECTED
2019-10-01 16:59:45,497|I|Thread-1|OHRM_02_features.20191001_165922.001|Personnel Information Managemen|Feature-Personnel Information Management (PIM)|# 10|web.assertAndClick(locato - executing assertAndClick(locator,label)(${btn.pim.loc}, ${PIMlabel})
2019-10-01 16:59:45,864|I|Thread-1|clicking '//h4[text()='Personnel Information Management (PIM)' and text() = 'Personnel Information Management (PIM)']'...
2019-10-01 16:59:45,928|I|Thread-1|click target via JS, @id=
2019-10-01 16:59:48,803|I|Thread-1|clicked -> true
2019-10-01 16:59:48,808|I|Thread-1|OHRM_02_features.20191001_165922.001|Personnel Information Managemen|Feature-Personnel Information Management (PIM)|# 10|web.assertAndClick(locato - PASS click via JS event
2019-10-01 16:59:49,411|I|Thread-1|OHRM_02_features.20191001_165922.001|Personnel Information Managemen|Feature-Personnel Information Management (PIM)|# 11|base.section(steps) - executing section(steps)(1)
2019-10-01 16:59:49,416|I|Thread-1|OHRM_02_features.20191001_165922.001|Personnel Information Managemen|Feature-Personnel Information Management (PIM)|# 11|base.section(steps) - PASS 
2019-10-01 16:59:50,024|I|Thread-1|OHRM_02_features.20191001_165922.001|Personnel Information Managemen|Feature-Personnel Information Management (PIM)|# 12|web.click(locator) - executing click(locator)(${btn.tryitnow.loc})
2019-10-01 16:59:50,112|I|Thread-1|clicking '//a[text()='Try It Now']'...
2019-10-01 16:59:50,171|I|Thread-1|click target via JS, @id=
2019-10-01 16:59:52,474|I|Thread-1|clicked -> true
2019-10-01 16:59:52,476|I|Thread-1|OHRM_02_features.20191001_165922.001|Personnel Information Managemen|Feature-Personnel Information Management (PIM)|# 12|web.click(locator) - PASS click via JS event
2019-10-01 16:59:53,082|I|Thread-1|OHRM_02_features.20191001_165922.001|Personnel Information Managemen|Feature-Personnel Information Management (PIM)|# 13|web.goBack() - executing goBack()()
2019-10-01 16:59:54,154|I|Thread-1|OHRM_02_features.20191001_165922.001|Personnel Information Managemen|Feature-Personnel Information Management (PIM)|# 13|web.goBack() - PASS went back previous page
2019-10-01 16:59:54,775|I|Thread-1|OHRM_02_features.20191001_165922.001|Personnel Information Managemen|Feature-Personnel Information Management (PIM)|# 14|web.scrollTo(locator) - executing scrollTo(locator)(${btn.customfields.loc})
2019-10-01 16:59:54,925|I|Thread-1|OHRM_02_features.20191001_165922.001|Personnel Information Managemen|Feature-Personnel Information Management (PIM)|# 14|web.scrollTo(locator) - PASS scrolled to '//h4[text()='Custom Fields']/following-sibling::a'
2019-10-01 16:59:55,535|I|Thread-1|OHRM_02_features.20191001_165922.001|Personnel Information Managemen|Feature-Personnel Information Management (PIM)|# 15|web.assertTextPresent(tex - executing assertTextPresent(text)(${CustomFields})
2019-10-01 16:59:55,605|I|Thread-1|OHRM_02_features.20191001_165922.001|Personnel Information Managemen|Feature-Personnel Information Management (PIM)|# 15|web.assertTextPresent(tex - PASS EXPECTED text 'Custom Fields' found
2019-10-01 16:59:56,213|I|Thread-1|OHRM_02_features.20191001_165922.001|Personnel Information Managemen|Feature-Personnel Information Management (PIM)|# 16|web.click(locator) - executing click(locator)(${btn.customfields.loc})
2019-10-01 16:59:56,297|I|Thread-1|clicking '//h4[text()='Custom Fields']/following-sibling::a'...
2019-10-01 16:59:56,344|I|Thread-1|click target via JS, @id=
2019-10-01 16:59:56,414|I|Thread-1|clicked -> true
2019-10-01 16:59:56,416|I|Thread-1|OHRM_02_features.20191001_165922.001|Personnel Information Managemen|Feature-Personnel Information Management (PIM)|# 16|web.click(locator) - PASS click via JS event
2019-10-01 16:59:57,020|I|Thread-1|OHRM_02_features.20191001_165922.001|Personnel Information Managemen|Feature-Personnel Information Management (PIM)|# 17|web.scrollTo(locator) - executing scrollTo(locator)(${btn.addemployee.loc})
2019-10-01 16:59:57,179|I|Thread-1|OHRM_02_features.20191001_165922.001|Personnel Information Managemen|Feature-Personnel Information Management (PIM)|# 17|web.scrollTo(locator) - PASS scrolled to '//h4[text()='Add employee']/following-sibling::a'
2019-10-01 16:59:57,786|I|Thread-1|OHRM_02_features.20191001_165922.001|Personnel Information Managemen|Feature-Personnel Information Management (PIM)|# 18|web.assertTextPresent(tex - executing assertTextPresent(text)(${AddEmployee})
2019-10-01 16:59:57,860|I|Thread-1|OHRM_02_features.20191001_165922.001|Personnel Information Managemen|Feature-Personnel Information Management (PIM)|# 18|web.assertTextPresent(tex - PASS EXPECTED text 'Add employee' found
2019-10-01 16:59:58,467|I|Thread-1|OHRM_02_features.20191001_165922.001|Personnel Information Managemen|Feature-Personnel Information Management (PIM)|# 19|web.click(locator) - executing click(locator)(${btn.addemployee.loc})
2019-10-01 16:59:58,534|I|Thread-1|clicking '//h4[text()='Add employee']/following-sibling::a'...
2019-10-01 16:59:58,578|I|Thread-1|click target via JS, @id=
2019-10-01 16:59:58,663|I|Thread-1|clicked -> true
2019-10-01 16:59:58,664|I|Thread-1|OHRM_02_features.20191001_165922.001|Personnel Information Managemen|Feature-Personnel Information Management (PIM)|# 19|web.click(locator) - PASS click via JS event
2019-10-01 16:59:59,268|I|Thread-1|OHRM_02_features.20191001_165922.001|Personnel Information Managemen|Feature-Personnel Information Management (PIM)|# 20|web.scrollTo(locator) - executing scrollTo(locator)(${btn.bulkupdate.loc})
2019-10-01 16:59:59,520|I|Thread-1|OHRM_02_features.20191001_165922.001|Personnel Information Managemen|Feature-Personnel Information Management (PIM)|# 20|web.scrollTo(locator) - PASS scrolled to '//h4[text()='Bulk Update']/following-sibling::a'
2019-10-01 17:00:00,128|I|Thread-1|OHRM_02_features.20191001_165922.001|Personnel Information Managemen|Feature-Personnel Information Management (PIM)|# 21|web.assertTextPresent(tex - executing assertTextPresent(text)(${BulkUpdate})
2019-10-01 17:00:00,203|I|Thread-1|OHRM_02_features.20191001_165922.001|Personnel Information Managemen|Feature-Personnel Information Management (PIM)|# 21|web.assertTextPresent(tex - PASS EXPECTED text 'Bulk Update' found
2019-10-01 17:00:00,807|I|Thread-1|OHRM_02_features.20191001_165922.001|Personnel Information Managemen|Feature-Personnel Information Management (PIM)|# 22|web.click(locator) - executing click(locator)(${btn.bulkupdate.loc})
2019-10-01 17:00:00,898|I|Thread-1|clicking '//h4[text()='Bulk Update']/following-sibling::a'...
2019-10-01 17:00:00,952|I|Thread-1|click target via JS, @id=
2019-10-01 17:00:01,053|I|Thread-1|clicked -> true
2019-10-01 17:00:01,058|I|Thread-1|OHRM_02_features.20191001_165922.001|Personnel Information Managemen|Feature-Personnel Information Management (PIM)|# 22|web.click(locator) - PASS click via JS event
2019-10-01 17:00:01,663|I|Thread-1|OHRM_02_features.20191001_165922.001|Personnel Information Managemen|Feature-Personnel Information Management (PIM)|# 23|web.scrollTo(locator) - executing scrollTo(locator)(${btn.myshortcuts.loc})
2019-10-01 17:00:01,818|I|Thread-1|OHRM_02_features.20191001_165922.001|Personnel Information Managemen|Feature-Personnel Information Management (PIM)|# 23|web.scrollTo(locator) - PASS scrolled to '//h4[text()='My shortcuts']/following-sibling::a'
2019-10-01 17:00:02,426|I|Thread-1|OHRM_02_features.20191001_165922.001|Personnel Information Managemen|Feature-Personnel Information Management (PIM)|# 24|web.assertTextPresent(tex - executing assertTextPresent(text)(${MyShortcuts})
2019-10-01 17:00:02,512|I|Thread-1|OHRM_02_features.20191001_165922.001|Personnel Information Managemen|Feature-Personnel Information Management (PIM)|# 24|web.assertTextPresent(tex - PASS EXPECTED text 'My shortcuts' found
2019-10-01 17:00:03,119|I|Thread-1|OHRM_02_features.20191001_165922.001|Personnel Information Managemen|Feature-Personnel Information Management (PIM)|# 25|web.click(locator) - executing click(locator)(${btn.myshortcuts.loc})
2019-10-01 17:00:03,205|I|Thread-1|clicking '//h4[text()='My shortcuts']/following-sibling::a'...
2019-10-01 17:00:03,268|I|Thread-1|click target via JS, @id=
2019-10-01 17:00:03,367|I|Thread-1|clicked -> true
2019-10-01 17:00:03,369|I|Thread-1|OHRM_02_features.20191001_165922.001|Personnel Information Managemen|Feature-Personnel Information Management (PIM)|# 25|web.click(locator) - PASS click via JS event
2019-10-01 17:00:03,972|I|Thread-1|OHRM_02_features.20191001_165922.001|Personnel Information Managemen|Feature-Personnel Information Management (PIM)|# 26|web.scrollTo(locator) - executing scrollTo(locator)(${btn.reportingtools.loc})
2019-10-01 17:00:04,277|I|Thread-1|OHRM_02_features.20191001_165922.001|Personnel Information Managemen|Feature-Personnel Information Management (PIM)|# 26|web.scrollTo(locator) - PASS scrolled to '//h4[text()='Reporting tools']/following-sibling::a'
2019-10-01 17:00:04,881|I|Thread-1|OHRM_02_features.20191001_165922.001|Personnel Information Managemen|Feature-Personnel Information Management (PIM)|# 27|web.assertTextPresent(tex - executing assertTextPresent(text)(${ReportingTools})
2019-10-01 17:00:04,959|I|Thread-1|OHRM_02_features.20191001_165922.001|Personnel Information Managemen|Feature-Personnel Information Management (PIM)|# 27|web.assertTextPresent(tex - PASS EXPECTED text 'Reporting tools' found
