2019-10-03 13:16:30,925|I|Thread-1|(DELAYED) nexial-core 2.2_0488 starting up...
2019-10-03 13:16:30,938|I|Thread-1|(DELAYED) data file resolved as C:\Windows\TEMP\nCPqr\OHRM_02_features.data.xlsx
2019-10-03 13:16:30,938|I|Thread-1|(DELAYED) input files and output directory resolved...
2019-10-03 13:16:30,939|I|Thread-1|(DELAYED) No predefined nexial-setup found
2019-10-03 13:16:30,939|I|Thread-1|(DELAYED) [20191003_131630] [C:\projects\OrangeHRMWebApplication\artifact\script\OHRM_02_features.xlsx] resolve RUN ID as 20191003_131630
2019-10-03 13:16:30,939|I|Thread-1|(DELAYED) [20191003_131630] [C:\projects\OrangeHRMWebApplication\artifact\script\OHRM_02_features.xlsx] new thread started
2019-10-03 13:16:30,939|I|Thread-1|No predefined nexial-setup found
2019-10-03 13:16:31,092|I|Thread-1|outputBase not set; output-to-cloud DISABLED!
2019-10-03 13:16:31,093|I|Thread-1|accessKey not set; output-to-cloud DISABLED!
2019-10-03 13:16:31,094|I|Thread-1|secretKey not set; output-to-cloud DISABLED!
2019-10-03 13:16:31,145|I|Thread-1|missing REQUIRED configuration; sms DISABLED!
2019-10-03 13:16:32,478|I|Thread-1|[20191003_131630] executing C:\projects\OrangeHRMWebApplication\artifact\script\OHRM_02_features.xlsx with 1 iteration(s)
2019-10-03 13:16:32,483|I|Thread-1|[20191003_131630] create directory C:\projects\OrangeHRMWebApplication\output\20191003_131630\captures
2019-10-03 13:16:32,484|I|Thread-1|[20191003_131630] create directory C:\projects\OrangeHRMWebApplication\output\20191003_131630\logs
2019-10-03 13:16:35,030|I|Thread-1|macro(s) found and merged; C:\projects\OrangeHRMWebApplication\output\20191003_131630\OHRM_02_features.20191003_131632.001.xlsx will need to be saved
2019-10-03 13:16:35,040|I|Thread-1|[20191003_131630] merging test data to tmp file C:\projects\OrangeHRMWebApplication\output\20191003_131630\OHRM_02_features.20191003_131632.001.xlsx
2019-10-03 13:16:35,041|I|Thread-1|refetching data from C:\projects\OrangeHRMWebApplication\artifact\data\OHRM_02_features.data.xlsx
2019-10-03 13:16:35,624|I|Thread-1|[20191003_131630] test script and test data merged to C:\projects\OrangeHRMWebApplication\output\20191003_131630\OHRM_02_features.20191003_131632.001.xlsx
2019-10-03 13:16:37,399|I|Thread-1|STARTS
2019-10-03 13:16:37,450|I|Thread-1|OHRM_02_features.20191003_131632.001 - executing iteration #1 of 1; Iteration Id 1
2019-10-03 13:16:37,465|I|Thread-1|OHRM_02_features.20191003_131632.001|Personnel Information Managemen - executing test scenario
2019-10-03 13:16:37,466|I|Thread-1|OHRM_02_features.20191003_131632.001|Personnel Information Managemen|Feature-Personnel Information Management (PIM) - executing activity
2019-10-03 13:16:38,069|I|Thread-1|OHRM_02_features.20191003_131632.001|Personnel Information Managemen|Feature-Personnel Information Management (PIM)|#  5|base.section(steps) - executing section(steps)(4)
2019-10-03 13:16:38,086|I|Thread-1|OHRM_02_features.20191003_131632.001|Personnel Information Managemen|Feature-Personnel Information Management (PIM)|#  5|base.section(steps) - PASS 
2019-10-03 13:16:38,687|I|Thread-1|OHRM_02_features.20191003_131632.001|Personnel Information Managemen|Feature-Personnel Information Management (PIM)|#  6|web.open(url) - executing open(url)(${url})
2019-10-03 13:16:38,688|I|Thread-1|No valid instance of webdriver, initializing...
2019-10-03 13:16:38,690|I|Thread-1|init chrome
2019-10-03 13:16:41,943|I|Thread-1|browser initialization completed for 'chrome'
2019-10-03 13:16:41,975|I|Thread-1|setting browser polling wait time to 800 ms
2019-10-03 13:16:42,000|I|Thread-1|setting browser page load timeout to 10000 ms
2019-10-03 13:16:42,076|I|Thread-1|OHRM_02_features.20191003_131632.001|Personnel Information Managemen|Feature-Personnel Information Management (PIM)|#  6|web.open(url) - default browser stability wait time is 3000 ms
2019-10-03 13:16:49,354|I|Thread-1|current browser window handle:CDwindow-C49EDD056953531E84CC876E0BAEF803
2019-10-03 13:16:49,835|I|Thread-1|OHRM_02_features.20191003_131632.001|Personnel Information Managemen|Feature-Personnel Information Management (PIM)|#  6|web.open(url) - PASS opened URL https://www.orangehrm.com/
2019-10-03 13:16:50,438|I|Thread-1|OHRM_02_features.20191003_131632.001|Personnel Information Managemen|Feature-Personnel Information Management (PIM)|#  7|web.maximizeWindow() - executing maximizeWindow()()
2019-10-03 13:16:51,906|I|Thread-1|OHRM_02_features.20191003_131632.001|Personnel Information Managemen|Feature-Personnel Information Management (PIM)|#  7|web.maximizeWindow() - PASS browser window maximized
2019-10-03 13:16:52,508|I|Thread-1|OHRM_02_features.20191003_131632.001|Personnel Information Managemen|Feature-Personnel Information Management (PIM)|#  8|web.click(locator) - executing click(locator)(${btn.features.loc})
2019-10-03 13:16:52,586|I|Thread-1|clicking '//div[@id='header-navbar']/ul/li/a[text()='Features']'...
2019-10-03 13:16:52,648|I|Thread-1|click target via JS, @id=
2019-10-03 13:16:53,781|I|Thread-1|clicked -> true
2019-10-03 13:16:53,784|I|Thread-1|OHRM_02_features.20191003_131632.001|Personnel Information Managemen|Feature-Personnel Information Management (PIM)|#  8|web.click(locator) - PASS click via JS event
2019-10-03 13:16:54,386|I|Thread-1|OHRM_02_features.20191003_131632.001|Personnel Information Managemen|Feature-Personnel Information Management (PIM)|#  9|web.assertElementByText(l - executing assertElementByText(locator,text)(${btn.features.loc}, ${featuretext})
2019-10-03 13:16:54,621|I|Thread-1|OHRM_02_features.20191003_131632.001|Personnel Information Managemen|Feature-Personnel Information Management (PIM)|#  9|web.assertElementByText(l - PASS validated locator '//div[@id='header-navbar']/ul/li/a[text()='Features']' by text 'Features' as EXPECTED
2019-10-03 13:16:55,223|I|Thread-1|OHRM_02_features.20191003_131632.001|Personnel Information Managemen|Feature-Personnel Information Management (PIM)|# 10|web.assertAndClick(locato - executing assertAndClick(locator,label)(${btn.pim.loc}, ${PIMlabel})
2019-10-03 13:16:55,501|I|Thread-1|clicking '//h4[text()='Personnel Information Management (PIM)' and text() = 'Personnel Information Management (PIM)']'...
2019-10-03 13:16:55,551|I|Thread-1|click target via JS, @id=
2019-10-03 13:16:58,422|I|Thread-1|clicked -> true
2019-10-03 13:16:58,426|I|Thread-1|OHRM_02_features.20191003_131632.001|Personnel Information Managemen|Feature-Personnel Information Management (PIM)|# 10|web.assertAndClick(locato - PASS click via JS event
2019-10-03 13:16:59,027|I|Thread-1|OHRM_02_features.20191003_131632.001|Personnel Information Managemen|Feature-Personnel Information Management (PIM)|# 11|base.section(steps) - executing section(steps)(3)
2019-10-03 13:16:59,028|I|Thread-1|OHRM_02_features.20191003_131632.001|Personnel Information Managemen|Feature-Personnel Information Management (PIM)|# 11|base.section(steps) - PASS 
2019-10-03 13:16:59,629|I|Thread-1|OHRM_02_features.20191003_131632.001|Personnel Information Managemen|Feature-Personnel Information Management (PIM)|# 12|web.assertTextPresent(tex - executing assertTextPresent(text)(${TryItNow})
2019-10-03 13:16:59,703|I|Thread-1|OHRM_02_features.20191003_131632.001|Personnel Information Managemen|Feature-Personnel Information Management (PIM)|# 12|web.assertTextPresent(tex - PASS EXPECTED text 'Try It Now' found
2019-10-03 13:17:00,303|I|Thread-1|OHRM_02_features.20191003_131632.001|Personnel Information Managemen|Feature-Personnel Information Management (PIM)|# 13|web.click(locator) - executing click(locator)(${btn.tryitnow.loc})
2019-10-03 13:17:00,358|I|Thread-1|clicking '//a[text()='Try It Now']'...
2019-10-03 13:17:00,396|I|Thread-1|click target via JS, @id=
2019-10-03 13:17:02,897|I|Thread-1|clicked -> true
2019-10-03 13:17:02,901|I|Thread-1|OHRM_02_features.20191003_131632.001|Personnel Information Managemen|Feature-Personnel Information Management (PIM)|# 13|web.click(locator) - PASS click via JS event
2019-10-03 13:17:03,501|I|Thread-1|OHRM_02_features.20191003_131632.001|Personnel Information Managemen|Feature-Personnel Information Management (PIM)|# 14|web.goBack() - executing goBack()()
2019-10-03 13:17:04,193|I|Thread-1|OHRM_02_features.20191003_131632.001|Personnel Information Managemen|Feature-Personnel Information Management (PIM)|# 14|web.goBack() - PASS went back previous page
2019-10-03 13:17:04,793|I|Thread-1|OHRM_02_features.20191003_131632.001|Personnel Information Managemen|Feature-Personnel Information Management (PIM)|# 15|web.scrollTo(locator) - executing scrollTo(locator)(${btn.customfields.loc})
2019-10-03 13:17:04,915|I|Thread-1|OHRM_02_features.20191003_131632.001|Personnel Information Managemen|Feature-Personnel Information Management (PIM)|# 15|web.scrollTo(locator) - PASS scrolled to '//h4[text()='Custom Fields']/following-sibling::a'
2019-10-03 13:17:05,517|I|Thread-1|OHRM_02_features.20191003_131632.001|Personnel Information Managemen|Feature-Personnel Information Management (PIM)|# 16|web.assertTextPresent(tex - executing assertTextPresent(text)(${CustomFields})
2019-10-03 13:17:05,589|I|Thread-1|OHRM_02_features.20191003_131632.001|Personnel Information Managemen|Feature-Personnel Information Management (PIM)|# 16|web.assertTextPresent(tex - PASS EXPECTED text 'Custom Fields' found
2019-10-03 13:17:06,190|I|Thread-1|OHRM_02_features.20191003_131632.001|Personnel Information Managemen|Feature-Personnel Information Management (PIM)|# 17|web.click(locator) - executing click(locator)(${btn.customfields.loc})
2019-10-03 13:17:06,254|I|Thread-1|clicking '//h4[text()='Custom Fields']/following-sibling::a'...
2019-10-03 13:17:06,291|I|Thread-1|click target via JS, @id=
2019-10-03 13:17:06,367|I|Thread-1|clicked -> true
2019-10-03 13:17:06,369|I|Thread-1|OHRM_02_features.20191003_131632.001|Personnel Information Managemen|Feature-Personnel Information Management (PIM)|# 17|web.click(locator) - PASS click via JS event
2019-10-03 13:17:06,969|I|Thread-1|OHRM_02_features.20191003_131632.001|Personnel Information Managemen|Feature-Personnel Information Management (PIM)|# 18|web.scrollTo(locator) - executing scrollTo(locator)(${btn.addemployee.loc})
2019-10-03 13:17:07,118|I|Thread-1|OHRM_02_features.20191003_131632.001|Personnel Information Managemen|Feature-Personnel Information Management (PIM)|# 18|web.scrollTo(locator) - PASS scrolled to '//h4[text()='Add employee']/following-sibling::a'
2019-10-03 13:17:07,718|I|Thread-1|OHRM_02_features.20191003_131632.001|Personnel Information Managemen|Feature-Personnel Information Management (PIM)|# 19|web.assertTextPresent(tex - executing assertTextPresent(text)(${AddEmployee})
2019-10-03 13:17:07,781|I|Thread-1|OHRM_02_features.20191003_131632.001|Personnel Information Managemen|Feature-Personnel Information Management (PIM)|# 19|web.assertTextPresent(tex - PASS EXPECTED text 'Add employee' found
2019-10-03 13:17:08,382|I|Thread-1|OHRM_02_features.20191003_131632.001|Personnel Information Managemen|Feature-Personnel Information Management (PIM)|# 20|web.click(locator) - executing click(locator)(${btn.addemployee.loc})
2019-10-03 13:17:08,443|I|Thread-1|clicking '//h4[text()='Add employee']/following-sibling::a'...
2019-10-03 13:17:08,486|I|Thread-1|click target via JS, @id=
2019-10-03 13:17:08,545|I|Thread-1|clicked -> true
2019-10-03 13:17:08,547|I|Thread-1|OHRM_02_features.20191003_131632.001|Personnel Information Managemen|Feature-Personnel Information Management (PIM)|# 20|web.click(locator) - PASS click via JS event
2019-10-03 13:17:09,148|I|Thread-1|OHRM_02_features.20191003_131632.001|Personnel Information Managemen|Feature-Personnel Information Management (PIM)|# 21|web.scrollTo(locator) - executing scrollTo(locator)(${btn.bulkupdate.loc})
2019-10-03 13:17:09,279|I|Thread-1|OHRM_02_features.20191003_131632.001|Personnel Information Managemen|Feature-Personnel Information Management (PIM)|# 21|web.scrollTo(locator) - PASS scrolled to '//h4[text()='Bulk Update']/following-sibling::a'
2019-10-03 13:17:09,880|I|Thread-1|OHRM_02_features.20191003_131632.001|Personnel Information Managemen|Feature-Personnel Information Management (PIM)|# 22|web.assertTextPresent(tex - executing assertTextPresent(text)(${BulkUpdate})
2019-10-03 13:17:09,940|I|Thread-1|OHRM_02_features.20191003_131632.001|Personnel Information Managemen|Feature-Personnel Information Management (PIM)|# 22|web.assertTextPresent(tex - PASS EXPECTED text 'Bulk Update' found
2019-10-03 13:17:10,541|I|Thread-1|OHRM_02_features.20191003_131632.001|Personnel Information Managemen|Feature-Personnel Information Management (PIM)|# 23|web.click(locator) - executing click(locator)(${btn.bulkupdate.loc})
2019-10-03 13:17:10,598|I|Thread-1|clicking '//h4[text()='Bulk Update']/following-sibling::a'...
2019-10-03 13:17:10,637|I|Thread-1|click target via JS, @id=
2019-10-03 13:17:10,703|I|Thread-1|clicked -> true
2019-10-03 13:17:10,705|I|Thread-1|OHRM_02_features.20191003_131632.001|Personnel Information Managemen|Feature-Personnel Information Management (PIM)|# 23|web.click(locator) - PASS click via JS event
2019-10-03 13:17:11,306|I|Thread-1|OHRM_02_features.20191003_131632.001|Personnel Information Managemen|Feature-Personnel Information Management (PIM)|# 24|web.scrollTo(locator) - executing scrollTo(locator)(${btn.myshortcuts.loc})
2019-10-03 13:17:11,425|I|Thread-1|OHRM_02_features.20191003_131632.001|Personnel Information Managemen|Feature-Personnel Information Management (PIM)|# 24|web.scrollTo(locator) - PASS scrolled to '//h4[text()='My shortcuts']/following-sibling::a'
2019-10-03 13:17:12,026|I|Thread-1|OHRM_02_features.20191003_131632.001|Personnel Information Managemen|Feature-Personnel Information Management (PIM)|# 25|web.assertTextPresent(tex - executing assertTextPresent(text)(${MyShortcuts})
2019-10-03 13:17:12,092|I|Thread-1|OHRM_02_features.20191003_131632.001|Personnel Information Managemen|Feature-Personnel Information Management (PIM)|# 25|web.assertTextPresent(tex - PASS EXPECTED text 'My shortcuts' found
2019-10-03 13:17:12,693|I|Thread-1|OHRM_02_features.20191003_131632.001|Personnel Information Managemen|Feature-Personnel Information Management (PIM)|# 26|web.click(locator) - executing click(locator)(${btn.myshortcuts.loc})
2019-10-03 13:17:12,762|I|Thread-1|clicking '//h4[text()='My shortcuts']/following-sibling::a'...
2019-10-03 13:17:12,801|I|Thread-1|click target via JS, @id=
2019-10-03 13:17:12,888|I|Thread-1|clicked -> true
2019-10-03 13:17:12,890|I|Thread-1|OHRM_02_features.20191003_131632.001|Personnel Information Managemen|Feature-Personnel Information Management (PIM)|# 26|web.click(locator) - PASS click via JS event
2019-10-03 13:17:13,491|I|Thread-1|OHRM_02_features.20191003_131632.001|Personnel Information Managemen|Feature-Personnel Information Management (PIM)|# 27|web.scrollTo(locator) - executing scrollTo(locator)(${btn.reportingtools.loc})
2019-10-03 13:17:13,655|I|Thread-1|OHRM_02_features.20191003_131632.001|Personnel Information Managemen|Feature-Personnel Information Management (PIM)|# 27|web.scrollTo(locator) - PASS scrolled to '//h4[text()='Reporting tools']/following-sibling::a'
2019-10-03 13:17:14,256|I|Thread-1|OHRM_02_features.20191003_131632.001|Personnel Information Managemen|Feature-Personnel Information Management (PIM)|# 28|web.assertTextPresent(tex - executing assertTextPresent(text)(${ReportingTools})
2019-10-03 13:17:14,333|I|Thread-1|OHRM_02_features.20191003_131632.001|Personnel Information Managemen|Feature-Personnel Information Management (PIM)|# 28|web.assertTextPresent(tex - PASS EXPECTED text 'Reporting tools' found
2019-10-03 13:17:14,933|I|Thread-1|OHRM_02_features.20191003_131632.001|Personnel Information Managemen|Feature-Personnel Information Management (PIM)|# 29|web.click(locator) - executing click(locator)(${btn.reportingtools.loc})
2019-10-03 13:17:14,994|I|Thread-1|clicking '//h4[text()='Reporting tools']/following-sibling::a'...
2019-10-03 13:17:15,040|I|Thread-1|click target via JS, @id=
2019-10-03 13:17:15,094|I|Thread-1|clicked -> true
2019-10-03 13:17:15,096|I|Thread-1|OHRM_02_features.20191003_131632.001|Personnel Information Managemen|Feature-Personnel Information Management (PIM)|# 29|web.click(locator) - PASS click via JS event
2019-10-03 13:17:15,697|I|Thread-1|OHRM_02_features.20191003_131632.001|Personnel Information Managemen|Feature-Personnel Information Management (PIM)|# 30|base.section(steps) - executing section(steps)(1)
2019-10-03 13:17:15,699|I|Thread-1|OHRM_02_features.20191003_131632.001|Personnel Information Managemen|Feature-Personnel Information Management (PIM)|# 30|base.section(steps) - PASS 
2019-10-03 13:17:16,300|I|Thread-1|OHRM_02_features.20191003_131632.001|Personnel Information Managemen|Feature-Personnel Information Management (PIM)|# 31|base.verbose(text) - executing verbose(text)(Executed Successfully)
2019-10-03 13:17:16,301|I|Thread-1|OHRM_02_features.20191003_131632.001|Personnel Information Managemen|Feature-Personnel Information Management (PIM)|# 31|base.verbose(text) - Executed Successfully
2019-10-03 13:17:16,303|I|Thread-1|OHRM_02_features.20191003_131632.001|Personnel Information Managemen|Feature-Personnel Information Management (PIM)|# 31|base.verbose(text) - PASS 
2019-10-03 13:17:16,588|I|Thread-1|[OHRM_02_features.20191003_131632.001|Personnel Information Managemen] saving test scenario
2019-10-03 13:17:17,161|I|Thread-1|OHRM_02_features.20191003_131632.001|Leave or  Time off Management - executing test scenario
2019-10-03 13:17:17,162|I|Thread-1|OHRM_02_features.20191003_131632.001|Leave or  Time off Management|Feature-Leave/ Time off Management - executing activity
2019-10-03 13:17:17,762|I|Thread-1|OHRM_02_features.20191003_131632.001|Leave or  Time off Management|Feature-Leave/ Time off Management|#  5|base.section(steps) - executing section(steps)(4)
2019-10-03 13:17:17,764|I|Thread-1|OHRM_02_features.20191003_131632.001|Leave or  Time off Management|Feature-Leave/ Time off Management|#  5|base.section(steps) - PASS 
2019-10-03 13:17:18,366|I|Thread-1|OHRM_02_features.20191003_131632.001|Leave or  Time off Management|Feature-Leave/ Time off Management|#  6|web.open(url) - executing open(url)(${url})
2019-10-03 13:17:21,298|I|Thread-1|current browser window handle:CDwindow-C49EDD056953531E84CC876E0BAEF803
2019-10-03 13:17:21,340|I|Thread-1|OHRM_02_features.20191003_131632.001|Leave or  Time off Management|Feature-Leave/ Time off Management|#  6|web.open(url) - PASS opened URL https://www.orangehrm.com/
2019-10-03 13:17:21,941|I|Thread-1|OHRM_02_features.20191003_131632.001|Leave or  Time off Management|Feature-Leave/ Time off Management|#  7|web.maximizeWindow() - executing maximizeWindow()()
2019-10-03 13:17:22,002|I|Thread-1|OHRM_02_features.20191003_131632.001|Leave or  Time off Management|Feature-Leave/ Time off Management|#  7|web.maximizeWindow() - PASS browser window maximized
2019-10-03 13:17:22,604|I|Thread-1|OHRM_02_features.20191003_131632.001|Leave or  Time off Management|Feature-Leave/ Time off Management|#  8|web.click(locator) - executing click(locator)(${btn.features.loc})
2019-10-03 13:17:22,674|I|Thread-1|clicking '//div[@id='header-navbar']/ul/li/a[text()='Features']'...
2019-10-03 13:17:22,711|I|Thread-1|click target via JS, @id=
2019-10-03 13:17:23,616|I|Thread-1|clicked -> true
2019-10-03 13:17:23,618|I|Thread-1|OHRM_02_features.20191003_131632.001|Leave or  Time off Management|Feature-Leave/ Time off Management|#  8|web.click(locator) - PASS click via JS event
2019-10-03 13:17:24,219|I|Thread-1|OHRM_02_features.20191003_131632.001|Leave or  Time off Management|Feature-Leave/ Time off Management|#  9|web.assertElementByText(l - executing assertElementByText(locator,text)(${btn.features.loc}, ${featuretext})
2019-10-03 13:17:24,313|I|Thread-1|OHRM_02_features.20191003_131632.001|Leave or  Time off Management|Feature-Leave/ Time off Management|#  9|web.assertElementByText(l - PASS validated locator '//div[@id='header-navbar']/ul/li/a[text()='Features']' by text 'Features' as EXPECTED
2019-10-03 13:17:24,915|I|Thread-1|OHRM_02_features.20191003_131632.001|Leave or  Time off Management|Feature-Leave/ Time off Management|# 10|web.assertAndClick(locato - executing assertAndClick(locator,label)(${btn.leaveortime.loc}, ${LeaveOrTimeLabel})
2019-10-03 13:17:25,050|I|Thread-1|clicking '//h4[text()='Leave/ Time off Management' and text() = 'Leave/ Time off Management']'...
2019-10-03 13:17:25,082|I|Thread-1|click target via JS, @id=
2019-10-03 13:17:27,896|I|Thread-1|clicked -> true
2019-10-03 13:17:27,899|I|Thread-1|OHRM_02_features.20191003_131632.001|Leave or  Time off Management|Feature-Leave/ Time off Management|# 10|web.assertAndClick(locato - PASS click via JS event
2019-10-03 13:17:28,500|I|Thread-1|OHRM_02_features.20191003_131632.001|Leave or  Time off Management|Feature-Leave/ Time off Management|# 11|base.section(steps) - executing section(steps)(3)
2019-10-03 13:17:28,501|I|Thread-1|OHRM_02_features.20191003_131632.001|Leave or  Time off Management|Feature-Leave/ Time off Management|# 11|base.section(steps) - PASS 
2019-10-03 13:17:29,101|I|Thread-1|OHRM_02_features.20191003_131632.001|Leave or  Time off Management|Feature-Leave/ Time off Management|# 12|web.assertTextPresent(tex - executing assertTextPresent(text)(${TryItNow})
2019-10-03 13:17:29,167|I|Thread-1|OHRM_02_features.20191003_131632.001|Leave or  Time off Management|Feature-Leave/ Time off Management|# 12|web.assertTextPresent(tex - PASS EXPECTED text 'Try It Now' found
2019-10-03 13:17:29,768|I|Thread-1|OHRM_02_features.20191003_131632.001|Leave or  Time off Management|Feature-Leave/ Time off Management|# 13|web.click(locator) - executing click(locator)(${btn.tryitnow.loc})
2019-10-03 13:17:29,824|I|Thread-1|clicking '//a[text()='Try It Now']'...
2019-10-03 13:17:29,860|I|Thread-1|click target via JS, @id=
2019-10-03 13:17:31,255|I|Thread-1|clicked -> true
2019-10-03 13:17:31,257|I|Thread-1|OHRM_02_features.20191003_131632.001|Leave or  Time off Management|Feature-Leave/ Time off Management|# 13|web.click(locator) - PASS click via JS event
2019-10-03 13:17:31,859|I|Thread-1|OHRM_02_features.20191003_131632.001|Leave or  Time off Management|Feature-Leave/ Time off Management|# 14|web.goBack() - executing goBack()()
2019-10-03 13:17:32,401|I|Thread-1|OHRM_02_features.20191003_131632.001|Leave or  Time off Management|Feature-Leave/ Time off Management|# 14|web.goBack() - PASS went back previous page
2019-10-03 13:17:33,002|I|Thread-1|OHRM_02_features.20191003_131632.001|Leave or  Time off Management|Feature-Leave/ Time off Management|# 15|web.scrollTo(locator) - executing scrollTo(locator)(${txt.accural.loc})
2019-10-03 13:17:33,118|I|Thread-1|OHRM_02_features.20191003_131632.001|Leave or  Time off Management|Feature-Leave/ Time off Management|# 15|web.scrollTo(locator) - PASS scrolled to '//h3[text()='Leave Accrual and Carry Forward ']'
2019-10-03 13:17:33,720|I|Thread-1|OHRM_02_features.20191003_131632.001|Leave or  Time off Management|Feature-Leave/ Time off Management|# 16|web.assertTextPresent(tex - executing assertTextPresent(text)(${LeaveAccrualCarryForward})
2019-10-03 13:17:33,777|I|Thread-1|OHRM_02_features.20191003_131632.001|Leave or  Time off Management|Feature-Leave/ Time off Management|# 16|web.assertTextPresent(tex - PASS EXPECTED text 'Leave Accrual and Carry Forward' found
2019-10-03 13:17:34,378|I|Thread-1|OHRM_02_features.20191003_131632.001|Leave or  Time off Management|Feature-Leave/ Time off Management|# 17|web.scrollTo(locator) - executing scrollTo(locator)(${txt.calender.loc})
2019-10-03 13:17:34,478|I|Thread-1|OHRM_02_features.20191003_131632.001|Leave or  Time off Management|Feature-Leave/ Time off Management|# 17|web.scrollTo(locator) - PASS scrolled to '//h3[text()='Leave Calendar']'
2019-10-03 13:17:35,080|I|Thread-1|OHRM_02_features.20191003_131632.001|Leave or  Time off Management|Feature-Leave/ Time off Management|# 18|web.assertTextPresent(tex - executing assertTextPresent(text)(${LeaveCalendar})
2019-10-03 13:17:35,135|I|Thread-1|OHRM_02_features.20191003_131632.001|Leave or  Time off Management|Feature-Leave/ Time off Management|# 18|web.assertTextPresent(tex - PASS EXPECTED text 'Leave Calendar' found
2019-10-03 13:17:35,736|I|Thread-1|OHRM_02_features.20191003_131632.001|Leave or  Time off Management|Feature-Leave/ Time off Management|# 19|web.scrollTo(locator) - executing scrollTo(locator)(${txt.nominee.loc})
2019-10-03 13:17:35,852|I|Thread-1|OHRM_02_features.20191003_131632.001|Leave or  Time off Management|Feature-Leave/ Time off Management|# 19|web.scrollTo(locator) - PASS scrolled to '//h3[text()='Leave Nominee']'
2019-10-03 13:17:36,452|I|Thread-1|OHRM_02_features.20191003_131632.001|Leave or  Time off Management|Feature-Leave/ Time off Management|# 20|web.assertTextPresent(tex - executing assertTextPresent(text)(${LeaveNominee})
2019-10-03 13:17:36,505|I|Thread-1|OHRM_02_features.20191003_131632.001|Leave or  Time off Management|Feature-Leave/ Time off Management|# 20|web.assertTextPresent(tex - PASS EXPECTED text 'Leave Nominee' found
2019-10-03 13:17:37,106|I|Thread-1|OHRM_02_features.20191003_131632.001|Leave or  Time off Management|Feature-Leave/ Time off Management|# 21|web.scrollTo(locator) - executing scrollTo(locator)(${txt.reports.loc})
2019-10-03 13:17:37,211|I|Thread-1|OHRM_02_features.20191003_131632.001|Leave or  Time off Management|Feature-Leave/ Time off Management|# 21|web.scrollTo(locator) - PASS scrolled to '//h3[text()='Leave Reports']'
2019-10-03 13:17:37,813|I|Thread-1|OHRM_02_features.20191003_131632.001|Leave or  Time off Management|Feature-Leave/ Time off Management|# 22|web.assertTextPresent(tex - executing assertTextPresent(text)(${LeaveReports})
2019-10-03 13:17:37,867|I|Thread-1|OHRM_02_features.20191003_131632.001|Leave or  Time off Management|Feature-Leave/ Time off Management|# 22|web.assertTextPresent(tex - PASS EXPECTED text 'Leave Reports' found
2019-10-03 13:17:38,467|I|Thread-1|OHRM_02_features.20191003_131632.001|Leave or  Time off Management|Feature-Leave/ Time off Management|# 23|base.section(steps) - executing section(steps)(1)
2019-10-03 13:17:38,467|I|Thread-1|OHRM_02_features.20191003_131632.001|Leave or  Time off Management|Feature-Leave/ Time off Management|# 23|base.section(steps) - PASS 
2019-10-03 13:17:39,068|I|Thread-1|OHRM_02_features.20191003_131632.001|Leave or  Time off Management|Feature-Leave/ Time off Management|# 24|base.verbose(text) - executing verbose(text)(Executed Successfully)
2019-10-03 13:17:39,068|I|Thread-1|OHRM_02_features.20191003_131632.001|Leave or  Time off Management|Feature-Leave/ Time off Management|# 24|base.verbose(text) - Executed Successfully
2019-10-03 13:17:39,069|I|Thread-1|OHRM_02_features.20191003_131632.001|Leave or  Time off Management|Feature-Leave/ Time off Management|# 24|base.verbose(text) - PASS 
2019-10-03 13:17:39,148|I|Thread-1|[OHRM_02_features.20191003_131632.001|Leave or  Time off Management] saving test scenario
2019-10-03 13:17:39,581|I|Thread-1|OHRM_02_features.20191003_131632.001|Time & Attendance Management - executing test scenario
2019-10-03 13:17:39,581|I|Thread-1|OHRM_02_features.20191003_131632.001|Time & Attendance Management|Feature-Time & Attendance Management - executing activity
2019-10-03 13:17:40,183|I|Thread-1|OHRM_02_features.20191003_131632.001|Time & Attendance Management|Feature-Time & Attendance Management|#  5|base.section(steps) - executing section(steps)(4)
2019-10-03 13:17:40,185|I|Thread-1|OHRM_02_features.20191003_131632.001|Time & Attendance Management|Feature-Time & Attendance Management|#  5|base.section(steps) - PASS 
2019-10-03 13:17:40,786|I|Thread-1|OHRM_02_features.20191003_131632.001|Time & Attendance Management|Feature-Time & Attendance Management|#  6|web.open(url) - executing open(url)(${url})
2019-10-03 13:17:43,737|I|Thread-1|current browser window handle:CDwindow-C49EDD056953531E84CC876E0BAEF803
2019-10-03 13:17:43,777|I|Thread-1|OHRM_02_features.20191003_131632.001|Time & Attendance Management|Feature-Time & Attendance Management|#  6|web.open(url) - PASS opened URL https://www.orangehrm.com/
2019-10-03 13:17:44,378|I|Thread-1|OHRM_02_features.20191003_131632.001|Time & Attendance Management|Feature-Time & Attendance Management|#  7|web.maximizeWindow() - executing maximizeWindow()()
2019-10-03 13:17:44,439|I|Thread-1|OHRM_02_features.20191003_131632.001|Time & Attendance Management|Feature-Time & Attendance Management|#  7|web.maximizeWindow() - PASS browser window maximized
2019-10-03 13:17:45,041|I|Thread-1|OHRM_02_features.20191003_131632.001|Time & Attendance Management|Feature-Time & Attendance Management|#  8|web.click(locator) - executing click(locator)(${btn.features.loc})
2019-10-03 13:17:45,110|I|Thread-1|clicking '//div[@id='header-navbar']/ul/li/a[text()='Features']'...
2019-10-03 13:17:45,149|I|Thread-1|click target via JS, @id=
2019-10-03 13:17:46,984|I|Thread-1|clicked -> true
2019-10-03 13:17:46,985|I|Thread-1|OHRM_02_features.20191003_131632.001|Time & Attendance Management|Feature-Time & Attendance Management|#  8|web.click(locator) - PASS click via JS event
2019-10-03 13:17:47,587|I|Thread-1|OHRM_02_features.20191003_131632.001|Time & Attendance Management|Feature-Time & Attendance Management|#  9|web.assertElementByText(l - executing assertElementByText(locator,text)(${btn.features.loc}, ${featuretext})
2019-10-03 13:17:47,680|I|Thread-1|OHRM_02_features.20191003_131632.001|Time & Attendance Management|Feature-Time & Attendance Management|#  9|web.assertElementByText(l - PASS validated locator '//div[@id='header-navbar']/ul/li/a[text()='Features']' by text 'Features' as EXPECTED
2019-10-03 13:17:48,281|I|Thread-1|OHRM_02_features.20191003_131632.001|Time & Attendance Management|Feature-Time & Attendance Management|# 10|web.assertAndClick(locato - executing assertAndClick(locator,label)(${btn.leaveandattendence.loc}, ${TimeAndAttendence})
2019-10-03 13:17:48,404|I|Thread-1|clicking '//h4[text()='Time & Attendance Management' and text() = 'Time & Attendance Management']'...
2019-10-03 13:17:48,441|I|Thread-1|click target via JS, @id=
2019-10-03 13:17:50,211|I|Thread-1|clicked -> true
2019-10-03 13:17:50,214|I|Thread-1|OHRM_02_features.20191003_131632.001|Time & Attendance Management|Feature-Time & Attendance Management|# 10|web.assertAndClick(locato - PASS click via JS event
2019-10-03 13:17:50,816|I|Thread-1|OHRM_02_features.20191003_131632.001|Time & Attendance Management|Feature-Time & Attendance Management|# 11|base.section(steps) - executing section(steps)(3)
2019-10-03 13:17:50,817|I|Thread-1|OHRM_02_features.20191003_131632.001|Time & Attendance Management|Feature-Time & Attendance Management|# 11|base.section(steps) - PASS 
2019-10-03 13:17:51,417|I|Thread-1|OHRM_02_features.20191003_131632.001|Time & Attendance Management|Feature-Time & Attendance Management|# 12|web.assertTextPresent(tex - executing assertTextPresent(text)(${TryItNow})
2019-10-03 13:17:51,487|I|Thread-1|OHRM_02_features.20191003_131632.001|Time & Attendance Management|Feature-Time & Attendance Management|# 12|web.assertTextPresent(tex - PASS EXPECTED text 'Try It Now' found
2019-10-03 13:17:52,089|I|Thread-1|OHRM_02_features.20191003_131632.001|Time & Attendance Management|Feature-Time & Attendance Management|# 13|web.click(locator) - executing click(locator)(${btn.tryitnow.loc})
2019-10-03 13:17:52,149|I|Thread-1|clicking '//a[text()='Try It Now']'...
2019-10-03 13:17:52,181|I|Thread-1|click target via JS, @id=
2019-10-03 13:17:53,584|I|Thread-1|clicked -> true
2019-10-03 13:17:53,585|I|Thread-1|OHRM_02_features.20191003_131632.001|Time & Attendance Management|Feature-Time & Attendance Management|# 13|web.click(locator) - PASS click via JS event
2019-10-03 13:17:54,186|I|Thread-1|OHRM_02_features.20191003_131632.001|Time & Attendance Management|Feature-Time & Attendance Management|# 14|web.goBack() - executing goBack()()
2019-10-03 13:17:54,704|I|Thread-1|OHRM_02_features.20191003_131632.001|Time & Attendance Management|Feature-Time & Attendance Management|# 14|web.goBack() - PASS went back previous page
2019-10-03 13:17:55,306|I|Thread-1|OHRM_02_features.20191003_131632.001|Time & Attendance Management|Feature-Time & Attendance Management|# 15|web.scrollTo(locator) - executing scrollTo(locator)(${txt.timesheets.loc})
2019-10-03 13:17:55,428|I|Thread-1|OHRM_02_features.20191003_131632.001|Time & Attendance Management|Feature-Time & Attendance Management|# 15|web.scrollTo(locator) - PASS scrolled to '//h3[text()='Timesheets']'
2019-10-03 13:17:56,028|I|Thread-1|OHRM_02_features.20191003_131632.001|Time & Attendance Management|Feature-Time & Attendance Management|# 16|web.assertTextPresent(tex - executing assertTextPresent(text)(${Timesheets})
2019-10-03 13:17:56,082|I|Thread-1|OHRM_02_features.20191003_131632.001|Time & Attendance Management|Feature-Time & Attendance Management|# 16|web.assertTextPresent(tex - PASS EXPECTED text 'Timesheets' found
2019-10-03 13:17:56,683|I|Thread-1|OHRM_02_features.20191003_131632.001|Time & Attendance Management|Feature-Time & Attendance Management|# 17|web.scrollTo(locator) - executing scrollTo(locator)(${txt.paypolicy.loc})
2019-10-03 13:17:56,820|I|Thread-1|OHRM_02_features.20191003_131632.001|Time & Attendance Management|Feature-Time & Attendance Management|# 17|web.scrollTo(locator) - PASS scrolled to '//h3[text()='Pay policies and Overtime']'
2019-10-03 13:17:57,421|I|Thread-1|OHRM_02_features.20191003_131632.001|Time & Attendance Management|Feature-Time & Attendance Management|# 18|web.assertTextPresent(tex - executing assertTextPresent(text)(${PaypoliciesOvertime})
2019-10-03 13:17:57,475|I|Thread-1|OHRM_02_features.20191003_131632.001|Time & Attendance Management|Feature-Time & Attendance Management|# 18|web.assertTextPresent(tex - PASS EXPECTED text 'Pay policies and Overtime' found
2019-10-03 13:17:58,076|I|Thread-1|OHRM_02_features.20191003_131632.001|Time & Attendance Management|Feature-Time & Attendance Management|# 19|web.scrollTo(locator) - executing scrollTo(locator)(${txt.attendence.loc})
2019-10-03 13:17:58,182|I|Thread-1|OHRM_02_features.20191003_131632.001|Time & Attendance Management|Feature-Time & Attendance Management|# 19|web.scrollTo(locator) - PASS scrolled to '//h3[text()='Attendance']'
2019-10-03 13:17:58,784|I|Thread-1|OHRM_02_features.20191003_131632.001|Time & Attendance Management|Feature-Time & Attendance Management|# 20|web.assertTextPresent(tex - executing assertTextPresent(text)(${Attendance})
2019-10-03 13:17:58,843|I|Thread-1|OHRM_02_features.20191003_131632.001|Time & Attendance Management|Feature-Time & Attendance Management|# 20|web.assertTextPresent(tex - PASS EXPECTED text 'Attendance' found
2019-10-03 13:17:59,443|I|Thread-1|OHRM_02_features.20191003_131632.001|Time & Attendance Management|Feature-Time & Attendance Management|# 21|web.scrollTo(locator) - executing scrollTo(locator)(${txt.reportsanalytics.loc})
2019-10-03 13:17:59,561|I|Thread-1|OHRM_02_features.20191003_131632.001|Time & Attendance Management|Feature-Time & Attendance Management|# 21|web.scrollTo(locator) - PASS scrolled to '//h3[text()='Reports & Analytics']'
2019-10-03 13:18:00,162|I|Thread-1|OHRM_02_features.20191003_131632.001|Time & Attendance Management|Feature-Time & Attendance Management|# 22|web.assertTextPresent(tex - executing assertTextPresent(text)(${ReportsAnalytics})
2019-10-03 13:18:00,223|I|Thread-1|OHRM_02_features.20191003_131632.001|Time & Attendance Management|Feature-Time & Attendance Management|# 22|web.assertTextPresent(tex - PASS EXPECTED text 'Reports & Analytics' found
2019-10-03 13:18:00,823|I|Thread-1|OHRM_02_features.20191003_131632.001|Time & Attendance Management|Feature-Time & Attendance Management|# 23|base.section(steps) - executing section(steps)(1)
2019-10-03 13:18:00,823|I|Thread-1|OHRM_02_features.20191003_131632.001|Time & Attendance Management|Feature-Time & Attendance Management|# 23|base.section(steps) - PASS 
2019-10-03 13:18:01,424|I|Thread-1|OHRM_02_features.20191003_131632.001|Time & Attendance Management|Feature-Time & Attendance Management|# 24|base.verbose(text) - executing verbose(text)(Executed Successfully)
2019-10-03 13:18:01,424|I|Thread-1|OHRM_02_features.20191003_131632.001|Time & Attendance Management|Feature-Time & Attendance Management|# 24|base.verbose(text) - Executed Successfully
2019-10-03 13:18:01,425|I|Thread-1|OHRM_02_features.20191003_131632.001|Time & Attendance Management|Feature-Time & Attendance Management|# 24|base.verbose(text) - PASS 
2019-10-03 13:18:01,485|I|Thread-1|[OHRM_02_features.20191003_131632.001|Time & Attendance Management] saving test scenario
2019-10-03 13:18:01,805|I|Thread-1|[20191003_131630] 
/-TEST COMPLETE-----------------------------------------------------------------
| Test Output:    C:\projects\OrangeHRMWebApplication\output\20191003_131630\OHRM_02_features.20191003_131632.001.xlsx
| Iteration:      1
\-------------------------------------------------------------------------------
» Execution Time: 84355 ms
» Test Steps:     67
» Error(s):       0



2019-10-03 13:18:02,799|I|Thread-1|SKIPPING auto-open-result since Nexial is currently running in non-interactive environment
2019-10-03 13:18:02,802|I|Thread-1|[20191003_131630] 
/-TEST COMPLETE-----------------------------------------------------------------
| Test Script:    C:\projects\OrangeHRMWebApplication\artifact\script\OHRM_02_features.xlsx
\-------------------------------------------------------------------------------
» Execution Time: 92201 ms
» Iterations:     [1] total 1
» Test Steps:     67
» Passed:         67
» Error(s):       0
» Iteration 1 of 1: C:\projects\OrangeHRMWebApplication\output\20191003_131630\OHRM_02_features.20191003_131632.001.xlsx



2019-10-03 13:18:03,706|I|main|[20191003_131630] [C:\projects\OrangeHRMWebApplication\artifact\script\OHRM_02_features.xlsx] now completed
2019-10-03 13:18:03,707|I|main|[20191003_131630] all execution thread(s) have terminated
2019-10-03 13:18:03,708|I|main|[20191003_131630] test run completed in about 93 seconds
2019-10-03 13:18:03,845|I|main|No predefined nexial-setup found
2019-10-03 13:18:03,890|I|main|outputBase not set; output-to-cloud DISABLED!
2019-10-03 13:18:03,891|I|main|accessKey not set; output-to-cloud DISABLED!
2019-10-03 13:18:03,891|I|main|secretKey not set; output-to-cloud DISABLED!
2019-10-03 13:18:03,891|I|main|SKIPPING auto-open-result since Nexial is currently running in non-interactive environment
2019-10-03 13:18:03,892|I|main|generating HTML output for this execution to C:\projects\OrangeHRMWebApplication\output\20191003_131630\execution-output.html
2019-10-03 13:18:04,412|I|main|generating JUnit XML output for this execution to C:\projects\OrangeHRMWebApplication\output\20191003_131630\junit.xml
2019-10-03 13:18:04,454|I|main|Generated JUnit report for this execution: C:\projects\OrangeHRMWebApplication\output\20191003_131630\junit.xml
2019-10-03 13:18:04,455|I|main|nexial mailer not enabled: nexial.enableEmail=false
2019-10-03 13:18:04,455|I|main|skipped email notification as configured
2019-10-03 13:18:04,456|I|main|Exiting Nexial...
2019-10-03 13:18:04,456|I|main|shutdown starts...
2019-10-03 13:18:04,458|I|main|Shutting down 'chrome' webdriver...
2019-10-03 13:18:11,226|I|main|shutdown ends...
2019-10-03 13:18:11,227|I|main|

/-END OF EXECUTION--------------------------------------------------------------
| » Execution Time: 93 sec.
| » Test Steps:     67
| » Passed:         67
| » Failed:         0
| » Success Rate:   100.00%
\---------------------------------------------------------------nexial-core 2.2_0488-

2019-10-03 13:18:11,227|I|main|ALL PASSED!
2019-10-03 13:18:11,227|I|main|End of Execution:
OUTPUT:       C:\projects\OrangeHRMWebApplication\output\20191003_131630
EXECUTION:    C:\projects\OrangeHRMWebApplication\output\20191003_131630\execution-output.html
JUNIT XML:    C:\projects\OrangeHRMWebApplication\output\20191003_131630\junit.xml
SUCCESS RATE: 100.00%
EXIT STATUS:  0
2019-10-03 13:18:11,228|I|main|End of Execution:
NEXIAL_OUTPUT:         C:\projects\OrangeHRMWebApplication\output\20191003_131630
NEXIAL_EXECUTION_HTML: C:\projects\OrangeHRMWebApplication\output\20191003_131630\execution-output.html
NEXIAL_JUNIT_XML:      C:\projects\OrangeHRMWebApplication\output\20191003_131630\junit.xml
NEXIAL_SUCCESS_RATE:   100.00%
NEXIAL_EXIT_STATUS:    0
