2019-10-04 12:09:17,672|I|Thread-1|(DELAYED) nexial-core 2.2_0488 starting up...
2019-10-04 12:09:17,679|I|Thread-1|(DELAYED) data file resolved as C:\Users\SANDHI~1.MUN\AppData\Local\Temp\XxGfm\OHRM_01_signup.data.xlsx
2019-10-04 12:09:17,679|I|Thread-1|(DELAYED) input files and output directory resolved...
2019-10-04 12:09:17,679|I|Thread-1|(DELAYED) No predefined nexial-setup found
2019-10-04 12:09:17,680|I|Thread-1|(DELAYED) [20191004_120917] [C:\projects\OrangeHRMWebApplication\artifact\script\OHRM_01_signup.xlsx] resolve RUN ID as 20191004_120917
2019-10-04 12:09:17,680|I|Thread-1|(DELAYED) [20191004_120917] [C:\projects\OrangeHRMWebApplication\artifact\script\OHRM_01_signup.xlsx] new thread started
2019-10-04 12:09:17,680|I|Thread-1|No predefined nexial-setup found
2019-10-04 12:09:17,808|I|Thread-1|outputBase not set; output-to-cloud DISABLED!
2019-10-04 12:09:17,810|I|Thread-1|accessKey not set; output-to-cloud DISABLED!
2019-10-04 12:09:17,811|I|Thread-1|secretKey not set; output-to-cloud DISABLED!
2019-10-04 12:09:17,841|I|Thread-1|missing REQUIRED configuration; sms DISABLED!
2019-10-04 12:09:18,833|I|Thread-1|[20191004_120917] executing C:\projects\OrangeHRMWebApplication\artifact\script\OHRM_01_signup.xlsx with 1 iteration(s)
2019-10-04 12:09:18,840|I|Thread-1|[20191004_120917] create directory C:\projects\OrangeHRMWebApplication\output\20191004_120917\captures
2019-10-04 12:09:18,843|I|Thread-1|[20191004_120917] create directory C:\projects\OrangeHRMWebApplication\output\20191004_120917\logs
2019-10-04 12:09:19,751|I|Thread-1|[20191004_120917] merging test data to tmp file C:\projects\OrangeHRMWebApplication\output\20191004_120917\OHRM_01_signup.20191004_120918.001.xlsx
2019-10-04 12:09:19,753|I|Thread-1|refetching data from C:\projects\OrangeHRMWebApplication\artifact\data\OHRM_01_signup.data.xlsx
2019-10-04 12:09:20,212|I|Thread-1|[20191004_120917] test script and test data merged to C:\projects\OrangeHRMWebApplication\output\20191004_120917\OHRM_01_signup.20191004_120918.001.xlsx
2019-10-04 12:09:21,656|I|Thread-1|STARTS
2019-10-04 12:09:21,691|I|Thread-1|OHRM_01_signup.20191004_120918.001 - executing iteration #1 of 1; Iteration Id 1
2019-10-04 12:09:21,700|I|Thread-1|OHRM_01_signup.20191004_120918.001|signup - executing test scenario
2019-10-04 12:09:21,702|I|Thread-1|OHRM_01_signup.20191004_120918.001|signup|Openurl - executing activity
2019-10-04 12:09:22,305|I|Thread-1|OHRM_01_signup.20191004_120918.001|signup|Openurl|#  5|web.open(url) - executing open(url)(${url})
2019-10-04 12:09:22,310|I|Thread-1|No valid instance of webdriver, initializing...
2019-10-04 12:09:22,313|I|Thread-1|init browserstack
