2019-10-01 15:18:31,230|I|Thread-1|(DELAYED) nexial-core 2.2_0488 starting up...
2019-10-01 15:18:31,238|I|Thread-1|(DELAYED) data file resolved as C:\Users\SANDHI~1.MUN\AppData\Local\Temp\HViTI\OHRM_02_features.data.xlsx
2019-10-01 15:18:31,238|I|Thread-1|(DELAYED) input files and output directory resolved...
2019-10-01 15:18:31,239|I|Thread-1|(DELAYED) No predefined nexial-setup found
2019-10-01 15:18:31,239|I|Thread-1|(DELAYED) [20191001_151830] [C:\projects\OrangeHRMWebApplication\artifact\script\OHRM_02_features.xlsx] resolve RUN ID as 20191001_151830
2019-10-01 15:18:31,239|I|Thread-1|(DELAYED) [20191001_151830] [C:\projects\OrangeHRMWebApplication\artifact\script\OHRM_02_features.xlsx] new thread started
2019-10-01 15:18:31,240|I|Thread-1|No predefined nexial-setup found
2019-10-01 15:18:31,384|I|Thread-1|outputBase not set; output-to-cloud DISABLED!
2019-10-01 15:18:31,385|I|Thread-1|accessKey not set; output-to-cloud DISABLED!
2019-10-01 15:18:31,386|I|Thread-1|secretKey not set; output-to-cloud DISABLED!
2019-10-01 15:18:31,430|I|Thread-1|missing REQUIRED configuration; sms DISABLED!
2019-10-01 15:18:32,711|I|Thread-1|[20191001_151830] executing C:\projects\OrangeHRMWebApplication\artifact\script\OHRM_02_features.xlsx with 1 iteration(s)
2019-10-01 15:18:32,718|I|Thread-1|[20191001_151830] create directory C:\projects\OrangeHRMWebApplication\output\20191001_151830\captures
2019-10-01 15:18:32,719|I|Thread-1|[20191001_151830] create directory C:\projects\OrangeHRMWebApplication\output\20191001_151830\logs
2019-10-01 15:18:34,754|I|Thread-1|macro(s) found and merged; C:\projects\OrangeHRMWebApplication\output\20191001_151830\OHRM_02_features.20191001_151832.001.xlsx will need to be saved
2019-10-01 15:18:34,765|I|Thread-1|[20191001_151830] merging test data to tmp file C:\projects\OrangeHRMWebApplication\output\20191001_151830\OHRM_02_features.20191001_151832.001.xlsx
2019-10-01 15:18:34,766|I|Thread-1|refetching data from C:\projects\OrangeHRMWebApplication\artifact\data\OHRM_02_features.data.xlsx
2019-10-01 15:18:35,391|I|Thread-1|[20191001_151830] test script and test data merged to C:\projects\OrangeHRMWebApplication\output\20191001_151830\OHRM_02_features.20191001_151832.001.xlsx
2019-10-01 15:18:36,935|I|Thread-1|STARTS
2019-10-01 15:18:36,979|I|Thread-1|OHRM_02_features.20191001_151832.001 - executing iteration #1 of 1; Iteration Id 1
2019-10-01 15:18:36,988|I|Thread-1|OHRM_02_features.20191001_151832.001|Personnel Information Managemen - executing test scenario
2019-10-01 15:18:36,995|I|Thread-1|OHRM_02_features.20191001_151832.001|Personnel Information Managemen|Feature-Personnel Information Management (PIM) - executing activity
2019-10-01 15:18:37,600|I|Thread-1|OHRM_02_features.20191001_151832.001|Personnel Information Managemen|Feature-Personnel Information Management (PIM)|#  5|base.section(steps) - executing section(steps)(4)
2019-10-01 15:18:37,621|I|Thread-1|OHRM_02_features.20191001_151832.001|Personnel Information Managemen|Feature-Personnel Information Management (PIM)|#  5|base.section(steps) - PASS 
2019-10-01 15:18:38,231|I|Thread-1|OHRM_02_features.20191001_151832.001|Personnel Information Managemen|Feature-Personnel Information Management (PIM)|#  6|web.open(url) - executing open(url)(${url})
2019-10-01 15:18:38,238|I|Thread-1|No valid instance of webdriver, initializing...
2019-10-01 15:18:38,246|I|Thread-1|init chrome
2019-10-01 15:18:41,599|I|Thread-1|browser initialization completed for 'chrome'
2019-10-01 15:18:41,628|I|Thread-1|setting browser polling wait time to 800 ms
2019-10-01 15:18:41,652|I|Thread-1|setting browser page load timeout to 10000 ms
2019-10-01 15:18:41,738|I|Thread-1|OHRM_02_features.20191001_151832.001|Personnel Information Managemen|Feature-Personnel Information Management (PIM)|#  6|web.open(url) - default browser stability wait time is 3000 ms
2019-10-01 15:18:49,365|I|Thread-1|current browser window handle:CDwindow-1E64A1D13944C5A04D793500D05C3896
2019-10-01 15:18:50,050|I|Thread-1|OHRM_02_features.20191001_151832.001|Personnel Information Managemen|Feature-Personnel Information Management (PIM)|#  6|web.open(url) - PASS opened URL https://www.orangehrm.com/
2019-10-01 15:18:50,667|I|Thread-1|OHRM_02_features.20191001_151832.001|Personnel Information Managemen|Feature-Personnel Information Management (PIM)|#  7|web.maximizeWindow() - executing maximizeWindow()()
2019-10-01 15:18:51,905|I|Thread-1|OHRM_02_features.20191001_151832.001|Personnel Information Managemen|Feature-Personnel Information Management (PIM)|#  7|web.maximizeWindow() - PASS browser window maximized
2019-10-01 15:18:52,509|I|Thread-1|OHRM_02_features.20191001_151832.001|Personnel Information Managemen|Feature-Personnel Information Management (PIM)|#  8|web.click(locator) - executing click(locator)(${btn.features.loc})
2019-10-01 15:18:52,609|I|Thread-1|clicking '//div[@id='header-navbar']/ul/li/a[text()='Features']'...
2019-10-01 15:18:52,689|I|Thread-1|click target via JS, @id=
2019-10-01 15:18:53,861|I|Thread-1|clicked -> true
2019-10-01 15:18:53,863|I|Thread-1|OHRM_02_features.20191001_151832.001|Personnel Information Managemen|Feature-Personnel Information Management (PIM)|#  8|web.click(locator) - PASS click via JS event
2019-10-01 15:18:54,483|I|Thread-1|OHRM_02_features.20191001_151832.001|Personnel Information Managemen|Feature-Personnel Information Management (PIM)|#  9|web.assertElementByText(l - executing assertElementByText(locator,text)(${btn.features.loc}, ${featuretext})
2019-10-01 15:18:54,626|I|Thread-1|OHRM_02_features.20191001_151832.001|Personnel Information Managemen|Feature-Personnel Information Management (PIM)|#  9|web.assertElementByText(l - PASS validated locator '//div[@id='header-navbar']/ul/li/a[text()='Features']' by text 'Features' as EXPECTED
2019-10-01 15:18:55,241|I|Thread-1|OHRM_02_features.20191001_151832.001|Personnel Information Managemen|Feature-Personnel Information Management (PIM)|# 10|web.assertAndClick(locato - executing assertAndClick(locator,label)(${btn.pim.loc}, ${PIMlabel})
2019-10-01 15:18:55,515|I|Thread-1|clicking '//h4[text()='Personnel Information Management (PIM)' and text() = 'Personnel Information Management (PIM)']'...
2019-10-01 15:18:55,574|I|Thread-1|click target via JS, @id=
2019-10-01 15:18:58,753|I|Thread-1|clicked -> true
2019-10-01 15:18:58,758|I|Thread-1|OHRM_02_features.20191001_151832.001|Personnel Information Managemen|Feature-Personnel Information Management (PIM)|# 10|web.assertAndClick(locato - PASS click via JS event
2019-10-01 15:18:59,375|I|Thread-1|OHRM_02_features.20191001_151832.001|Personnel Information Managemen|Feature-Personnel Information Management (PIM)|# 11|web.scrollTo(locator) - executing scrollTo(locator)(${btn.customfields.loc})
2019-10-01 15:18:59,541|I|Thread-1|OHRM_02_features.20191001_151832.001|Personnel Information Managemen|Feature-Personnel Information Management (PIM)|# 11|web.scrollTo(locator) - PASS scrolled to '//h4[text()='Custom Fields']/following-sibling::a'
2019-10-01 15:19:00,149|I|Thread-1|OHRM_02_features.20191001_151832.001|Personnel Information Managemen|Feature-Personnel Information Management (PIM)|# 12|web.assertTextPresent(tex - executing assertTextPresent(text)(${CustomFields})
2019-10-01 15:19:00,235|I|Thread-1|OHRM_02_features.20191001_151832.001|Personnel Information Managemen|Feature-Personnel Information Management (PIM)|# 12|web.assertTextPresent(tex - PASS EXPECTED text 'Custom Fields' found
2019-10-01 15:19:00,845|I|Thread-1|OHRM_02_features.20191001_151832.001|Personnel Information Managemen|Feature-Personnel Information Management (PIM)|# 13|web.click(locator) - executing click(locator)(${btn.customfields.loc})
2019-10-01 15:19:00,950|I|Thread-1|clicking '//h4[text()='Custom Fields']/following-sibling::a'...
2019-10-01 15:19:01,013|I|Thread-1|click target via JS, @id=
2019-10-01 15:19:01,124|I|Thread-1|clicked -> true
2019-10-01 15:19:01,126|I|Thread-1|OHRM_02_features.20191001_151832.001|Personnel Information Managemen|Feature-Personnel Information Management (PIM)|# 13|web.click(locator) - PASS click via JS event
2019-10-01 15:19:01,738|I|Thread-1|OHRM_02_features.20191001_151832.001|Personnel Information Managemen|Feature-Personnel Information Management (PIM)|# 14|web.scrollTo(locator) - executing scrollTo(locator)(${btn.addemployee.loc})
2019-10-01 15:19:01,947|I|Thread-1|OHRM_02_features.20191001_151832.001|Personnel Information Managemen|Feature-Personnel Information Management (PIM)|# 14|web.scrollTo(locator) - PASS scrolled to '//h4[text()='Add employee']/following-sibling::a'
2019-10-01 15:19:02,558|I|Thread-1|OHRM_02_features.20191001_151832.001|Personnel Information Managemen|Feature-Personnel Information Management (PIM)|# 15|web.assertTextPresent(tex - executing assertTextPresent(text)(${AddEmployee})
2019-10-01 15:19:02,641|I|Thread-1|OHRM_02_features.20191001_151832.001|Personnel Information Managemen|Feature-Personnel Information Management (PIM)|# 15|web.assertTextPresent(tex - PASS EXPECTED text 'Add employee' found
2019-10-01 15:19:03,245|I|Thread-1|OHRM_02_features.20191001_151832.001|Personnel Information Managemen|Feature-Personnel Information Management (PIM)|# 16|web.click(locator) - executing click(locator)(${btn.addemployee.loc})
2019-10-01 15:19:03,309|I|Thread-1|clicking '//h4[text()='Add employee']/following-sibling::a'...
2019-10-01 15:19:03,349|I|Thread-1|click target via JS, @id=
2019-10-01 15:19:03,423|I|Thread-1|clicked -> true
2019-10-01 15:19:03,425|I|Thread-1|OHRM_02_features.20191001_151832.001|Personnel Information Managemen|Feature-Personnel Information Management (PIM)|# 16|web.click(locator) - PASS click via JS event
2019-10-01 15:19:04,028|I|Thread-1|OHRM_02_features.20191001_151832.001|Personnel Information Managemen|Feature-Personnel Information Management (PIM)|# 17|web.scrollTo(locator) - executing scrollTo(locator)(${btn.bulkupdate.loc})
2019-10-01 15:19:04,219|I|Thread-1|OHRM_02_features.20191001_151832.001|Personnel Information Managemen|Feature-Personnel Information Management (PIM)|# 17|web.scrollTo(locator) - PASS scrolled to '//h4[text()='Bulk Update']/following-sibling::a'
2019-10-01 15:19:04,838|I|Thread-1|OHRM_02_features.20191001_151832.001|Personnel Information Managemen|Feature-Personnel Information Management (PIM)|# 18|web.assertTextPresent(tex - executing assertTextPresent(text)(${BulkUpdate})
2019-10-01 15:19:04,930|I|Thread-1|OHRM_02_features.20191001_151832.001|Personnel Information Managemen|Feature-Personnel Information Management (PIM)|# 18|web.assertTextPresent(tex - PASS EXPECTED text 'Bulk Update' found
2019-10-01 15:19:05,541|I|Thread-1|OHRM_02_features.20191001_151832.001|Personnel Information Managemen|Feature-Personnel Information Management (PIM)|# 19|web.click(locator) - executing click(locator)(${btn.bulkupdate.loc})
2019-10-01 15:19:05,615|I|Thread-1|clicking '//h4[text()='Bulk Update']/following-sibling::a'...
2019-10-01 15:19:05,659|I|Thread-1|click target via JS, @id=
2019-10-01 15:19:05,740|I|Thread-1|clicked -> true
2019-10-01 15:19:05,743|I|Thread-1|OHRM_02_features.20191001_151832.001|Personnel Information Managemen|Feature-Personnel Information Management (PIM)|# 19|web.click(locator) - PASS click via JS event
2019-10-01 15:19:06,346|I|Thread-1|OHRM_02_features.20191001_151832.001|Personnel Information Managemen|Feature-Personnel Information Management (PIM)|# 20|web.scrollTo(locator) - executing scrollTo(locator)(${btn.myshortcuts.loc})
2019-10-01 15:19:06,573|I|Thread-1|OHRM_02_features.20191001_151832.001|Personnel Information Managemen|Feature-Personnel Information Management (PIM)|# 20|web.scrollTo(locator) - PASS scrolled to '//h4[text()='My shortcuts']/following-sibling::a'
2019-10-01 15:19:07,180|I|Thread-1|OHRM_02_features.20191001_151832.001|Personnel Information Managemen|Feature-Personnel Information Management (PIM)|# 21|web.assertTextPresent(tex - executing assertTextPresent(text)(${MyShortcuts})
2019-10-01 15:19:07,245|I|Thread-1|OHRM_02_features.20191001_151832.001|Personnel Information Managemen|Feature-Personnel Information Management (PIM)|# 21|web.assertTextPresent(tex - PASS EXPECTED text 'My shortcuts' found
2019-10-01 15:19:07,849|I|Thread-1|OHRM_02_features.20191001_151832.001|Personnel Information Managemen|Feature-Personnel Information Management (PIM)|# 22|web.click(locator) - executing click(locator)(${btn.myshortcuts.loc})
2019-10-01 15:19:07,911|I|Thread-1|clicking '//h4[text()='My shortcuts']/following-sibling::a'...
2019-10-01 15:19:07,949|I|Thread-1|click target via JS, @id=
2019-10-01 15:19:08,015|I|Thread-1|clicked -> true
2019-10-01 15:19:08,016|I|Thread-1|OHRM_02_features.20191001_151832.001|Personnel Information Managemen|Feature-Personnel Information Management (PIM)|# 22|web.click(locator) - PASS click via JS event
2019-10-01 15:19:08,619|I|Thread-1|OHRM_02_features.20191001_151832.001|Personnel Information Managemen|Feature-Personnel Information Management (PIM)|# 23|web.scrollTo(locator) - executing scrollTo(locator)(${btn.reportingtools.loc})
2019-10-01 15:19:08,795|I|Thread-1|OHRM_02_features.20191001_151832.001|Personnel Information Managemen|Feature-Personnel Information Management (PIM)|# 23|web.scrollTo(locator) - PASS scrolled to '//h4[text()='Reporting tools']/following-sibling::a'
2019-10-01 15:19:09,403|I|Thread-1|OHRM_02_features.20191001_151832.001|Personnel Information Managemen|Feature-Personnel Information Management (PIM)|# 24|web.assertTextPresent(tex - executing assertTextPresent(text)(${ReportingTools})
2019-10-01 15:19:09,481|I|Thread-1|OHRM_02_features.20191001_151832.001|Personnel Information Managemen|Feature-Personnel Information Management (PIM)|# 24|web.assertTextPresent(tex - PASS EXPECTED text 'Reporting tools' found
2019-10-01 15:19:10,086|I|Thread-1|OHRM_02_features.20191001_151832.001|Personnel Information Managemen|Feature-Personnel Information Management (PIM)|# 25|web.click(locator) - executing click(locator)(${btn.reportingtools.loc})
2019-10-01 15:19:10,178|I|Thread-1|clicking '//h4[text()='Reporting tools']/following-sibling::a'...
2019-10-01 15:19:10,228|I|Thread-1|click target via JS, @id=
2019-10-01 15:19:10,304|I|Thread-1|clicked -> true
2019-10-01 15:19:10,307|I|Thread-1|OHRM_02_features.20191001_151832.001|Personnel Information Managemen|Feature-Personnel Information Management (PIM)|# 25|web.click(locator) - PASS click via JS event
2019-10-01 15:19:10,909|I|Thread-1|OHRM_02_features.20191001_151832.001|Personnel Information Managemen|Feature-Personnel Information Management (PIM)|# 26|base.section(steps) - executing section(steps)(1)
2019-10-01 15:19:10,913|I|Thread-1|OHRM_02_features.20191001_151832.001|Personnel Information Managemen|Feature-Personnel Information Management (PIM)|# 26|base.section(steps) - PASS 
2019-10-01 15:19:11,517|I|Thread-1|OHRM_02_features.20191001_151832.001|Personnel Information Managemen|Feature-Personnel Information Management (PIM)|# 27|base.verbose(text) - executing verbose(text)(Executed Successfully)
2019-10-01 15:19:11,524|I|Thread-1|OHRM_02_features.20191001_151832.001|Personnel Information Managemen|Feature-Personnel Information Management (PIM)|# 27|base.verbose(text) - Executed Successfully
2019-10-01 15:19:11,531|I|Thread-1|OHRM_02_features.20191001_151832.001|Personnel Information Managemen|Feature-Personnel Information Management (PIM)|# 27|base.verbose(text) - PASS 
2019-10-01 15:19:11,967|I|Thread-1|[OHRM_02_features.20191001_151832.001|Personnel Information Managemen] saving test scenario
2019-10-01 15:19:13,083|I|Thread-1|OHRM_02_features.20191001_151832.001|Leave or  Time off Management - executing test scenario
2019-10-01 15:19:13,109|I|Thread-1|OHRM_02_features.20191001_151832.001|Leave or  Time off Management|Feature-Leave/ Time off Management - executing activity
2019-10-01 15:19:13,713|I|Thread-1|OHRM_02_features.20191001_151832.001|Leave or  Time off Management|Feature-Leave/ Time off Management|#  5|base.section(steps) - executing section(steps)(4)
2019-10-01 15:19:13,718|I|Thread-1|OHRM_02_features.20191001_151832.001|Leave or  Time off Management|Feature-Leave/ Time off Management|#  5|base.section(steps) - PASS 
2019-10-01 15:19:14,327|I|Thread-1|OHRM_02_features.20191001_151832.001|Leave or  Time off Management|Feature-Leave/ Time off Management|#  6|web.open(url) - executing open(url)(${url})
2019-10-01 15:19:17,745|I|Thread-1|current browser window handle:CDwindow-1E64A1D13944C5A04D793500D05C3896
2019-10-01 15:19:17,805|I|Thread-1|OHRM_02_features.20191001_151832.001|Leave or  Time off Management|Feature-Leave/ Time off Management|#  6|web.open(url) - PASS opened URL https://www.orangehrm.com/
2019-10-01 15:19:18,416|I|Thread-1|OHRM_02_features.20191001_151832.001|Leave or  Time off Management|Feature-Leave/ Time off Management|#  7|web.maximizeWindow() - executing maximizeWindow()()
2019-10-01 15:19:18,500|I|Thread-1|OHRM_02_features.20191001_151832.001|Leave or  Time off Management|Feature-Leave/ Time off Management|#  7|web.maximizeWindow() - PASS browser window maximized
2019-10-01 15:19:19,107|I|Thread-1|OHRM_02_features.20191001_151832.001|Leave or  Time off Management|Feature-Leave/ Time off Management|#  8|web.click(locator) - executing click(locator)(${btn.features.loc})
2019-10-01 15:19:19,181|I|Thread-1|clicking '//div[@id='header-navbar']/ul/li/a[text()='Features']'...
2019-10-01 15:19:19,228|I|Thread-1|click target via JS, @id=
2019-10-01 15:19:20,302|I|Thread-1|clicked -> true
2019-10-01 15:19:20,306|I|Thread-1|OHRM_02_features.20191001_151832.001|Leave or  Time off Management|Feature-Leave/ Time off Management|#  8|web.click(locator) - PASS click via JS event
2019-10-01 15:19:20,946|I|Thread-1|OHRM_02_features.20191001_151832.001|Leave or  Time off Management|Feature-Leave/ Time off Management|#  9|web.assertElementByText(l - executing assertElementByText(locator,text)(${btn.features.loc}, ${featuretext})
2019-10-01 15:19:21,053|I|Thread-1|OHRM_02_features.20191001_151832.001|Leave or  Time off Management|Feature-Leave/ Time off Management|#  9|web.assertElementByText(l - PASS validated locator '//div[@id='header-navbar']/ul/li/a[text()='Features']' by text 'Features' as EXPECTED
2019-10-01 15:19:21,670|I|Thread-1|OHRM_02_features.20191001_151832.001|Leave or  Time off Management|Feature-Leave/ Time off Management|# 10|web.assertAndClick(locato - executing assertAndClick(locator,label)(${btn.leaveortime.loc}, ${LeaveOrTimeLabel})
2019-10-01 15:19:21,833|I|Thread-1|clicking '//h4[text()='Leave/ Time off Management' and text() = 'Leave/ Time off Management']'...
2019-10-01 15:19:21,881|I|Thread-1|click target via JS, @id=
2019-10-01 15:19:24,990|I|Thread-1|clicked -> true
2019-10-01 15:19:24,994|I|Thread-1|OHRM_02_features.20191001_151832.001|Leave or  Time off Management|Feature-Leave/ Time off Management|# 10|web.assertAndClick(locato - PASS click via JS event
2019-10-01 15:19:25,600|I|Thread-1|OHRM_02_features.20191001_151832.001|Leave or  Time off Management|Feature-Leave/ Time off Management|# 11|web.scrollTo(locator) - executing scrollTo(locator)(${txt.accural.loc})
2019-10-01 15:19:25,841|I|Thread-1|OHRM_02_features.20191001_151832.001|Leave or  Time off Management|Feature-Leave/ Time off Management|# 11|web.scrollTo(locator) - PASS scrolled to '//h3[text()='Leave Accrual and Carry Forward ']'
2019-10-01 15:19:26,446|I|Thread-1|OHRM_02_features.20191001_151832.001|Leave or  Time off Management|Feature-Leave/ Time off Management|# 12|web.assertTextPresent(tex - executing assertTextPresent(text)(${LeaveAccrualCarryForward})
2019-10-01 15:19:26,521|I|Thread-1|OHRM_02_features.20191001_151832.001|Leave or  Time off Management|Feature-Leave/ Time off Management|# 12|web.assertTextPresent(tex - PASS EXPECTED text 'Leave Accrual and Carry Forward' found
2019-10-01 15:19:27,126|I|Thread-1|OHRM_02_features.20191001_151832.001|Leave or  Time off Management|Feature-Leave/ Time off Management|# 13|web.scrollTo(locator) - executing scrollTo(locator)(${txt.calender.loc})
2019-10-01 15:19:27,243|I|Thread-1|OHRM_02_features.20191001_151832.001|Leave or  Time off Management|Feature-Leave/ Time off Management|# 13|web.scrollTo(locator) - PASS scrolled to '//h3[text()='Leave Calendar']'
2019-10-01 15:19:27,848|I|Thread-1|OHRM_02_features.20191001_151832.001|Leave or  Time off Management|Feature-Leave/ Time off Management|# 14|web.assertTextPresent(tex - executing assertTextPresent(text)(${LeaveCalendar})
2019-10-01 15:19:27,915|I|Thread-1|OHRM_02_features.20191001_151832.001|Leave or  Time off Management|Feature-Leave/ Time off Management|# 14|web.assertTextPresent(tex - PASS EXPECTED text 'Leave Calendar' found
2019-10-01 15:19:28,520|I|Thread-1|OHRM_02_features.20191001_151832.001|Leave or  Time off Management|Feature-Leave/ Time off Management|# 15|web.scrollTo(locator) - executing scrollTo(locator)(${txt.nominee.loc})
2019-10-01 15:19:28,643|I|Thread-1|OHRM_02_features.20191001_151832.001|Leave or  Time off Management|Feature-Leave/ Time off Management|# 15|web.scrollTo(locator) - PASS scrolled to '//h3[text()='Leave Nominee']'
2019-10-01 15:19:29,251|I|Thread-1|OHRM_02_features.20191001_151832.001|Leave or  Time off Management|Feature-Leave/ Time off Management|# 16|web.assertTextPresent(tex - executing assertTextPresent(text)(${LeaveNominee})
2019-10-01 15:19:29,311|I|Thread-1|OHRM_02_features.20191001_151832.001|Leave or  Time off Management|Feature-Leave/ Time off Management|# 16|web.assertTextPresent(tex - PASS EXPECTED text 'Leave Nominee' found
2019-10-01 15:19:29,915|I|Thread-1|OHRM_02_features.20191001_151832.001|Leave or  Time off Management|Feature-Leave/ Time off Management|# 17|web.scrollTo(locator) - executing scrollTo(locator)(${txt.reports.loc})
2019-10-01 15:19:30,022|I|Thread-1|OHRM_02_features.20191001_151832.001|Leave or  Time off Management|Feature-Leave/ Time off Management|# 17|web.scrollTo(locator) - PASS scrolled to '//h3[text()='Leave Reports']'
2019-10-01 15:19:30,628|I|Thread-1|OHRM_02_features.20191001_151832.001|Leave or  Time off Management|Feature-Leave/ Time off Management|# 18|web.assertTextPresent(tex - executing assertTextPresent(text)(${LeaveReports})
2019-10-01 15:19:30,682|I|Thread-1|OHRM_02_features.20191001_151832.001|Leave or  Time off Management|Feature-Leave/ Time off Management|# 18|web.assertTextPresent(tex - PASS EXPECTED text 'Leave Reports' found
2019-10-01 15:19:31,303|I|Thread-1|OHRM_02_features.20191001_151832.001|Leave or  Time off Management|Feature-Leave/ Time off Management|# 19|base.section(steps) - executing section(steps)(1)
2019-10-01 15:19:31,306|I|Thread-1|OHRM_02_features.20191001_151832.001|Leave or  Time off Management|Feature-Leave/ Time off Management|# 19|base.section(steps) - PASS 
2019-10-01 15:19:31,909|I|Thread-1|OHRM_02_features.20191001_151832.001|Leave or  Time off Management|Feature-Leave/ Time off Management|# 20|base.verbose(text) - executing verbose(text)(Executed Successfully)
2019-10-01 15:19:31,914|I|Thread-1|OHRM_02_features.20191001_151832.001|Leave or  Time off Management|Feature-Leave/ Time off Management|# 20|base.verbose(text) - Executed Successfully
2019-10-01 15:19:31,918|I|Thread-1|OHRM_02_features.20191001_151832.001|Leave or  Time off Management|Feature-Leave/ Time off Management|# 20|base.verbose(text) - PASS 
2019-10-01 15:19:32,017|I|Thread-1|[OHRM_02_features.20191001_151832.001|Leave or  Time off Management] saving test scenario
2019-10-01 15:19:32,299|I|Thread-1|OHRM_02_features.20191001_151832.001|Time & Attendance Management - executing test scenario
2019-10-01 15:19:32,301|I|Thread-1|OHRM_02_features.20191001_151832.001|Time & Attendance Management|Feature-Time & Attendance Management - executing activity
2019-10-01 15:19:32,904|I|Thread-1|OHRM_02_features.20191001_151832.001|Time & Attendance Management|Feature-Time & Attendance Management|#  5|base.section(steps) - executing section(steps)(4)
2019-10-01 15:19:32,908|I|Thread-1|OHRM_02_features.20191001_151832.001|Time & Attendance Management|Feature-Time & Attendance Management|#  5|base.section(steps) - PASS 
2019-10-01 15:19:33,510|I|Thread-1|OHRM_02_features.20191001_151832.001|Time & Attendance Management|Feature-Time & Attendance Management|#  6|web.open(url) - executing open(url)(${url})
2019-10-01 15:19:36,492|I|Thread-1|current browser window handle:CDwindow-1E64A1D13944C5A04D793500D05C3896
2019-10-01 15:19:36,540|I|Thread-1|OHRM_02_features.20191001_151832.001|Time & Attendance Management|Feature-Time & Attendance Management|#  6|web.open(url) - PASS opened URL https://www.orangehrm.com/
2019-10-01 15:19:37,146|I|Thread-1|OHRM_02_features.20191001_151832.001|Time & Attendance Management|Feature-Time & Attendance Management|#  7|web.maximizeWindow() - executing maximizeWindow()()
2019-10-01 15:19:37,205|I|Thread-1|OHRM_02_features.20191001_151832.001|Time & Attendance Management|Feature-Time & Attendance Management|#  7|web.maximizeWindow() - PASS browser window maximized
2019-10-01 15:19:37,808|I|Thread-1|OHRM_02_features.20191001_151832.001|Time & Attendance Management|Feature-Time & Attendance Management|#  8|web.click(locator) - executing click(locator)(${btn.features.loc})
2019-10-01 15:19:37,875|I|Thread-1|clicking '//div[@id='header-navbar']/ul/li/a[text()='Features']'...
2019-10-01 15:19:37,918|I|Thread-1|click target via JS, @id=
2019-10-01 15:19:38,988|I|Thread-1|clicked -> true
2019-10-01 15:19:38,990|I|Thread-1|OHRM_02_features.20191001_151832.001|Time & Attendance Management|Feature-Time & Attendance Management|#  8|web.click(locator) - PASS click via JS event
2019-10-01 15:19:39,600|I|Thread-1|OHRM_02_features.20191001_151832.001|Time & Attendance Management|Feature-Time & Attendance Management|#  9|web.assertElementByText(l - executing assertElementByText(locator,text)(${btn.features.loc}, ${featuretext})
2019-10-01 15:19:39,705|I|Thread-1|OHRM_02_features.20191001_151832.001|Time & Attendance Management|Feature-Time & Attendance Management|#  9|web.assertElementByText(l - PASS validated locator '//div[@id='header-navbar']/ul/li/a[text()='Features']' by text 'Features' as EXPECTED
2019-10-01 15:19:40,311|I|Thread-1|OHRM_02_features.20191001_151832.001|Time & Attendance Management|Feature-Time & Attendance Management|# 10|web.assertAndClick(locato - executing assertAndClick(locator,label)(${btn.leaveandattendence.loc}, ${TimeAndAttendence})
2019-10-01 15:19:40,464|I|Thread-1|clicking '//h4[text()='Time & Attendance Management' and text() = 'Time & Attendance Management']'...
2019-10-01 15:19:40,513|I|Thread-1|click target via JS, @id=
2019-10-01 15:19:43,054|I|Thread-1|clicked -> true
2019-10-01 15:19:43,057|I|Thread-1|OHRM_02_features.20191001_151832.001|Time & Attendance Management|Feature-Time & Attendance Management|# 10|web.assertAndClick(locato - PASS click via JS event
2019-10-01 15:19:43,659|I|Thread-1|OHRM_02_features.20191001_151832.001|Time & Attendance Management|Feature-Time & Attendance Management|# 11|web.scrollTo(locator) - executing scrollTo(locator)(${txt.timesheets.loc})
2019-10-01 15:19:43,832|I|Thread-1|OHRM_02_features.20191001_151832.001|Time & Attendance Management|Feature-Time & Attendance Management|# 11|web.scrollTo(locator) - PASS scrolled to '//h3[text()='Timesheets']'
2019-10-01 15:19:44,444|I|Thread-1|OHRM_02_features.20191001_151832.001|Time & Attendance Management|Feature-Time & Attendance Management|# 12|web.assertTextPresent(tex - executing assertTextPresent(text)(${Timesheets})
2019-10-01 15:19:44,516|I|Thread-1|OHRM_02_features.20191001_151832.001|Time & Attendance Management|Feature-Time & Attendance Management|# 12|web.assertTextPresent(tex - PASS EXPECTED text 'Timesheets' found
2019-10-01 15:19:45,120|I|Thread-1|OHRM_02_features.20191001_151832.001|Time & Attendance Management|Feature-Time & Attendance Management|# 13|web.scrollTo(locator) - executing scrollTo(locator)(${txt.paypolicy.loc})
2019-10-01 15:19:45,244|I|Thread-1|OHRM_02_features.20191001_151832.001|Time & Attendance Management|Feature-Time & Attendance Management|# 13|web.scrollTo(locator) - PASS scrolled to '//h3[text()='Pay policies and Overtime']'
2019-10-01 15:19:45,853|I|Thread-1|OHRM_02_features.20191001_151832.001|Time & Attendance Management|Feature-Time & Attendance Management|# 14|web.assertTextPresent(tex - executing assertTextPresent(text)(${PaypoliciesOvertime})
2019-10-01 15:19:45,916|I|Thread-1|OHRM_02_features.20191001_151832.001|Time & Attendance Management|Feature-Time & Attendance Management|# 14|web.assertTextPresent(tex - PASS EXPECTED text 'Pay policies and Overtime' found
2019-10-01 15:19:46,520|I|Thread-1|OHRM_02_features.20191001_151832.001|Time & Attendance Management|Feature-Time & Attendance Management|# 15|web.scrollTo(locator) - executing scrollTo(locator)(${txt.attendence.loc})
2019-10-01 15:19:46,644|I|Thread-1|OHRM_02_features.20191001_151832.001|Time & Attendance Management|Feature-Time & Attendance Management|# 15|web.scrollTo(locator) - PASS scrolled to '//h3[text()='Attendance']'
2019-10-01 15:19:47,248|I|Thread-1|OHRM_02_features.20191001_151832.001|Time & Attendance Management|Feature-Time & Attendance Management|# 16|web.assertTextPresent(tex - executing assertTextPresent(text)(${Attendance})
2019-10-01 15:19:47,314|I|Thread-1|OHRM_02_features.20191001_151832.001|Time & Attendance Management|Feature-Time & Attendance Management|# 16|web.assertTextPresent(tex - PASS EXPECTED text 'Attendance' found
2019-10-01 15:19:47,919|I|Thread-1|OHRM_02_features.20191001_151832.001|Time & Attendance Management|Feature-Time & Attendance Management|# 17|web.scrollTo(locator) - executing scrollTo(locator)(${txt.reportsanalytics.loc})
2019-10-01 15:19:48,012|I|Thread-1|OHRM_02_features.20191001_151832.001|Time & Attendance Management|Feature-Time & Attendance Management|# 17|web.scrollTo(locator) - PASS scrolled to '//h3[text()='Reports & Analytics']'
2019-10-01 15:19:48,617|I|Thread-1|OHRM_02_features.20191001_151832.001|Time & Attendance Management|Feature-Time & Attendance Management|# 18|web.assertTextPresent(tex - executing assertTextPresent(text)(${ReportsAnalytics})
2019-10-01 15:19:48,677|I|Thread-1|OHRM_02_features.20191001_151832.001|Time & Attendance Management|Feature-Time & Attendance Management|# 18|web.assertTextPresent(tex - PASS EXPECTED text 'Reports & Analytics' found
2019-10-01 15:19:49,285|I|Thread-1|OHRM_02_features.20191001_151832.001|Time & Attendance Management|Feature-Time & Attendance Management|# 19|base.section(steps) - executing section(steps)(1)
2019-10-01 15:19:49,288|I|Thread-1|OHRM_02_features.20191001_151832.001|Time & Attendance Management|Feature-Time & Attendance Management|# 19|base.section(steps) - PASS 
2019-10-01 15:19:49,892|I|Thread-1|OHRM_02_features.20191001_151832.001|Time & Attendance Management|Feature-Time & Attendance Management|# 20|base.verbose(text) - executing verbose(text)(Executed Successfully)
2019-10-01 15:19:49,894|I|Thread-1|OHRM_02_features.20191001_151832.001|Time & Attendance Management|Feature-Time & Attendance Management|# 20|base.verbose(text) - Executed Successfully
2019-10-01 15:19:49,904|I|Thread-1|OHRM_02_features.20191001_151832.001|Time & Attendance Management|Feature-Time & Attendance Management|# 20|base.verbose(text) - PASS 
2019-10-01 15:19:49,941|I|Thread-1|[OHRM_02_features.20191001_151832.001|Time & Attendance Management] saving test scenario
2019-10-01 15:19:50,195|I|Thread-1|[20191001_151830] 
/-TEST COMPLETE-----------------------------------------------------------------
| Test Output:    C:\projects\OrangeHRMWebApplication\output\20191001_151830\OHRM_02_features.20191001_151832.001.xlsx
| Iteration:      1
\-------------------------------------------------------------------------------
» Execution Time: 73209 ms
» Test Steps:     55
» Error(s):       0



2019-10-01 15:19:51,146|I|Thread-1|[20191001_151830] 
/-TEST COMPLETE-----------------------------------------------------------------
| Test Script:    C:\projects\OrangeHRMWebApplication\artifact\script\OHRM_02_features.xlsx
\-------------------------------------------------------------------------------
» Execution Time: 80193 ms
» Iterations:     [1] total 1
» Test Steps:     55
» Passed:         55
» Error(s):       0
» Iteration 1 of 1: C:\projects\OrangeHRMWebApplication\output\20191001_151830\OHRM_02_features.20191001_151832.001.xlsx



2019-10-01 15:19:52,057|I|main|[20191001_151830] [C:\projects\OrangeHRMWebApplication\artifact\script\OHRM_02_features.xlsx] now completed
2019-10-01 15:19:52,058|I|main|[20191001_151830] all execution thread(s) have terminated
2019-10-01 15:19:52,060|I|main|[20191001_151830] test run completed in about 81 seconds
2019-10-01 15:19:52,213|I|main|No predefined nexial-setup found
2019-10-01 15:19:52,270|I|main|outputBase not set; output-to-cloud DISABLED!
2019-10-01 15:19:52,271|I|main|accessKey not set; output-to-cloud DISABLED!
2019-10-01 15:19:52,272|I|main|secretKey not set; output-to-cloud DISABLED!
2019-10-01 15:19:52,273|I|main|generating HTML output for this execution to C:\projects\OrangeHRMWebApplication\output\20191001_151830\execution-output.html
2019-10-01 15:19:52,929|I|main|generating JUnit XML output for this execution to C:\projects\OrangeHRMWebApplication\output\20191001_151830\junit.xml
2019-10-01 15:19:52,987|I|main|Generated JUnit report for this execution: C:\projects\OrangeHRMWebApplication\output\20191001_151830\junit.xml
2019-10-01 15:19:52,988|I|main|nexial mailer not enabled: nexial.enableEmail=false
2019-10-01 15:19:52,989|I|main|skipped email notification as configured
2019-10-01 15:19:52,991|I|main|Exiting Nexial...
2019-10-01 15:19:52,991|I|main|shutdown starts...
2019-10-01 15:19:52,993|I|main|Shutting down 'chrome' webdriver...
2019-10-01 15:20:01,693|I|main|shutdown ends...
2019-10-01 15:20:01,696|I|main|

/-END OF EXECUTION--------------------------------------------------------------
| » Execution Time: 81 sec.
| » Test Steps:     55
| » Passed:         55
| » Failed:         0
| » Success Rate:   100.00%
\---------------------------------------------------------------nexial-core 2.2_0488-

2019-10-01 15:20:01,697|I|main|ALL PASSED!
2019-10-01 15:20:01,699|I|main|End of Execution:
OUTPUT:       C:\projects\OrangeHRMWebApplication\output\20191001_151830
EXECUTION:    C:\projects\OrangeHRMWebApplication\output\20191001_151830\execution-output.html
JUNIT XML:    C:\projects\OrangeHRMWebApplication\output\20191001_151830\junit.xml
SUCCESS RATE: 100.00%
EXIT STATUS:  0
2019-10-01 15:20:01,703|I|main|End of Execution:
NEXIAL_OUTPUT:         C:\projects\OrangeHRMWebApplication\output\20191001_151830
NEXIAL_EXECUTION_HTML: C:\projects\OrangeHRMWebApplication\output\20191001_151830\execution-output.html
NEXIAL_JUNIT_XML:      C:\projects\OrangeHRMWebApplication\output\20191001_151830\junit.xml
NEXIAL_SUCCESS_RATE:   100.00%
NEXIAL_EXIT_STATUS:    0
