2019-10-04 11:47:30,583|I|Thread-1|(DELAYED) nexial-core 2.2_0488 starting up...
2019-10-04 11:47:30,588|I|Thread-1|(DELAYED) validating test script as C:\projects\OrangeHRMWebApplication\artifact\script\OHRM_01_signup.xlsx
2019-10-04 11:47:30,588|I|Thread-1|(DELAYED) validating data file as C:\projects\OrangeHRMWebApplication\artifact\data\OHRM_01_signup.data.xlsx
2019-10-04 11:47:30,588|I|Thread-1|(DELAYED) validating test script as C:\projects\OrangeHRMWebApplication\artifact\script\OHRM_02_features.xlsx
2019-10-04 11:47:30,588|I|Thread-1|(DELAYED) validating data file as C:\projects\OrangeHRMWebApplication\artifact\data\OHRM_02_features.data.xlsx
2019-10-04 11:47:30,588|I|Thread-1|(DELAYED) input files and output directory resolved...
2019-10-04 11:47:30,588|I|Thread-1|(DELAYED) No predefined nexial-setup found
2019-10-04 11:47:30,589|I|Thread-1|(DELAYED) [20191004_114730] [C:\projects\OrangeHRMWebApplication\artifact\script\OHRM_01_signup.xlsx] resolve RUN ID as 20191004_114730
2019-10-04 11:47:30,589|I|Thread-1|(DELAYED) [20191004_114730] [C:\projects\OrangeHRMWebApplication\artifact\script\OHRM_01_signup.xlsx] new thread started
2019-10-04 11:47:30,589|I|Thread-1|No predefined nexial-setup found
2019-10-04 11:47:30,703|I|Thread-1|outputBase not set; output-to-cloud DISABLED!
2019-10-04 11:47:30,703|I|Thread-1|accessKey not set; output-to-cloud DISABLED!
2019-10-04 11:47:30,703|I|Thread-1|secretKey not set; output-to-cloud DISABLED!
2019-10-04 11:47:30,739|I|Thread-1|missing REQUIRED configuration; sms DISABLED!
2019-10-04 11:47:32,118|I|Thread-1|[20191004_114730] executing C:\projects\OrangeHRMWebApplication\artifact\script\OHRM_01_signup.xlsx with 1 iteration(s)
2019-10-04 11:47:32,156|I|Thread-1|[20191004_114730] create directory C:\projects\OrangeHRMWebApplication\output\20191004_114730\captures
2019-10-04 11:47:32,157|I|Thread-1|[20191004_114730] create directory C:\projects\OrangeHRMWebApplication\output\20191004_114730\logs
2019-10-04 11:47:33,374|I|Thread-1|[20191004_114730] merging test data to tmp file C:\projects\OrangeHRMWebApplication\output\20191004_114730\OrangeHRMWebApplication-plan.001,OHRM_01_signup.20191004_114732.001.xlsx
2019-10-04 11:47:33,375|I|Thread-1|refetching data from C:\projects\OrangeHRMWebApplication\artifact\data\OHRM_01_signup.data.xlsx
2019-10-04 11:47:33,848|I|Thread-1|[20191004_114730] test script and test data merged to C:\projects\OrangeHRMWebApplication\output\20191004_114730\OrangeHRMWebApplication-plan.001,OHRM_01_signup.20191004_114732.001.xlsx
2019-10-04 11:47:34,893|I|Thread-1|STARTS
2019-10-04 11:47:34,920|I|Thread-1|OrangeHRMWebApplication-plan.001,OHRM_01_signup.20191004_114732.001 - executing iteration #1 of 1; Iteration Id 1
2019-10-04 11:47:34,928|I|Thread-1|OrangeHRMWebApplication-plan.001,OHRM_01_signup.20191004_114732.001|signup - executing test scenario
2019-10-04 11:47:34,928|I|Thread-1|OrangeHRMWebApplication-plan.001,OHRM_01_signup.20191004_114732.001|signup|Openurl - executing activity
2019-10-04 11:47:35,530|I|Thread-1|OrangeHRMWebApplication-plan.001,OHRM_01_signup.20191004_114732.001|signup|Openurl|#  5|web.open(url) - executing open(url)(${url})
2019-10-04 11:47:35,533|I|Thread-1|No valid instance of webdriver, initializing...
2019-10-04 11:47:35,535|I|Thread-1|init browserstack
2019-10-04 11:47:35,537|E|Thread-1|Error initializing browser 'browserstack': Both nexial.browserstack.username and nexial.browserstack.automatekey are required to use BrowserStack
2019-10-04 11:47:35,537|E|Thread-1|Error initializing browser 'browserstack': Both nexial.browserstack.username and nexial.browserstack.automatekey are required to use BrowserStack
2019-10-04 11:47:35,761|I|Thread-1|OrangeHRMWebApplication-plan.001,OHRM_01_signup.20191004_114732.001|signup|Openurl|#  5|web.open(url) - FAIL Error initializing browser 'browserstack': Both nexial.browserstack.username and nexial.browserstack.automatekey are required to use BrowserStack
2019-10-04 11:47:35,761|I|Thread-1|OrangeHRMWebApplication-plan.001,OHRM_01_signup.20191004_114732.001|signup|Openurl|#  5|web.open(url) - test stopping due to failure on fail-fast command: web.open(url)
2019-10-04 11:47:35,762|I|Thread-1|OrangeHRMWebApplication-plan.001,OHRM_01_signup.20191004_114732.001|signup - test activity execution failed. Because of this, all subsequent test case will be skipped
2019-10-04 11:47:35,763|I|Thread-1|OrangeHRMWebApplication-plan.001,OHRM_01_signup.20191004_114732.001|signup - test activity execution ending due to EndLoopIf() flow control activated or unrecoverable execution failure.
2019-10-04 11:47:35,763|I|Thread-1|OrangeHRMWebApplication-plan.001,OHRM_01_signup.20191004_114732.001|signup - skipping test activity due to previous failure
2019-10-04 11:47:35,763|I|Thread-1|OrangeHRMWebApplication-plan.001,OHRM_01_signup.20191004_114732.001|signup - skipping test activity due to previous failure
2019-10-04 11:47:35,764|I|Thread-1|OrangeHRMWebApplication-plan.001,OHRM_01_signup.20191004_114732.001|signup - skipping test activity due to previous failure
2019-10-04 11:47:35,764|I|Thread-1|OrangeHRMWebApplication-plan.001,OHRM_01_signup.20191004_114732.001|signup - skipping test activity due to previous failure
2019-10-04 11:47:35,764|I|Thread-1|OrangeHRMWebApplication-plan.001,OHRM_01_signup.20191004_114732.001|signup - skipping test activity due to previous failure
2019-10-04 11:47:35,765|I|Thread-1|OrangeHRMWebApplication-plan.001,OHRM_01_signup.20191004_114732.001|signup - skipping test activity due to previous failure
2019-10-04 11:47:35,765|I|Thread-1|OrangeHRMWebApplication-plan.001,OHRM_01_signup.20191004_114732.001|signup - skipping test activity due to previous failure
2019-10-04 11:47:35,765|I|Thread-1|OrangeHRMWebApplication-plan.001,OHRM_01_signup.20191004_114732.001|signup - skipping test activity due to previous failure
2019-10-04 11:47:35,765|I|Thread-1|OrangeHRMWebApplication-plan.001,OHRM_01_signup.20191004_114732.001|signup - skipping test activity due to previous failure
2019-10-04 11:47:35,766|I|Thread-1|OrangeHRMWebApplication-plan.001,OHRM_01_signup.20191004_114732.001|signup - skipping test activity due to previous failure
2019-10-04 11:47:35,766|I|Thread-1|OrangeHRMWebApplication-plan.001,OHRM_01_signup.20191004_114732.001|signup - skipping test activity due to previous failure
2019-10-04 11:47:35,766|I|Thread-1|OrangeHRMWebApplication-plan.001,OHRM_01_signup.20191004_114732.001|signup - skipping test activity due to previous failure
2019-10-04 11:47:35,766|I|Thread-1|OrangeHRMWebApplication-plan.001,OHRM_01_signup.20191004_114732.001|signup - skipping test activity due to previous failure
2019-10-04 11:47:35,767|I|Thread-1|OrangeHRMWebApplication-plan.001,OHRM_01_signup.20191004_114732.001|signup - skipping test activity due to previous failure
2019-10-04 11:47:35,767|I|Thread-1|OrangeHRMWebApplication-plan.001,OHRM_01_signup.20191004_114732.001|signup - skipping test activity due to previous failure
2019-10-04 11:47:35,767|I|Thread-1|OrangeHRMWebApplication-plan.001,OHRM_01_signup.20191004_114732.001|signup - skipping test activity due to previous failure
2019-10-04 11:47:35,767|I|Thread-1|OrangeHRMWebApplication-plan.001,OHRM_01_signup.20191004_114732.001|signup - skipping test activity due to previous failure
2019-10-04 11:47:35,767|I|Thread-1|OrangeHRMWebApplication-plan.001,OHRM_01_signup.20191004_114732.001|signup - skipping test activity due to previous failure
2019-10-04 11:47:35,767|I|Thread-1|OrangeHRMWebApplication-plan.001,OHRM_01_signup.20191004_114732.001|signup - skipping test activity due to previous failure
2019-10-04 11:47:35,778|I|Thread-1|[OrangeHRMWebApplication-plan.001,OHRM_01_signup.20191004_114732.001|signup] saving test scenario
2019-10-04 11:47:35,919|I|Thread-1|OrangeHRMWebApplication-plan.001,OHRM_01_signup.20191004_114732.001|signup - test scenario execution failed, and fail-immediate in effect. Hence all subsequent test scenarios will be skipped
2019-10-04 11:47:35,920|I|Thread-1|[20191004_114730] 
/-TEST COMPLETE-----------------------------------------------------------------
| Test Output:    C:\projects\OrangeHRMWebApplication\output\20191004_114730\OrangeHRMWebApplication-plan.001,OHRM_01_signup.20191004_114732.001.xlsx
| Iteration:      1
\-------------------------------------------------------------------------------
» Execution Time: 998 ms
» Test Steps:     1
» Error(s):       1



2019-10-04 11:47:35,921|I|Thread-1|OrangeHRMWebApplication-plan.001,OHRM_01_signup.20191004_114732.001 - fail-immediate in effect - test execution will stop now.
2019-10-04 11:47:36,793|I|Thread-1|SKIPPING auto-open-result since Nexial is currently running in non-interactive environment
2019-10-04 11:47:36,800|I|Thread-1|[20191004_114730] 
/-TEST COMPLETE-----------------------------------------------------------------
| Test Script:    C:\projects\OrangeHRMWebApplication\artifact\script\OHRM_01_signup.xlsx
\-------------------------------------------------------------------------------
» Execution Time: 6579 ms
» Iterations:     [1] total 1
» Test Steps:     1
» Passed:         0
» Error(s):       1
» Iteration 1 of 1: C:\projects\OrangeHRMWebApplication\output\20191004_114730\OrangeHRMWebApplication-plan.001,OHRM_01_signup.20191004_114732.001.xlsx



2019-10-04 11:47:37,177|I|main|[20191004_114730] [C:\projects\OrangeHRMWebApplication\artifact\script\OHRM_01_signup.xlsx] now completed
2019-10-04 11:47:37,178|I|main|[20191004_114730] [C:\projects\OrangeHRMWebApplication\artifact\script\OHRM_02_features.xlsx] resolve RUN ID as 20191004_114730
2019-10-04 11:47:37,178|I|main|[20191004_114730] [C:\projects\OrangeHRMWebApplication\artifact\script\OHRM_02_features.xlsx] new thread started
2019-10-04 11:47:37,183|I|Thread-3|missing REQUIRED configuration; sms DISABLED!
2019-10-04 11:47:37,184|E|Thread-3|previous test scenario execution failed, and fail-immediate in effect. Hence all subsequent test scenarios will be skipped
2019-10-04 11:47:38,180|I|main|[20191004_114730] [C:\projects\OrangeHRMWebApplication\artifact\script\OHRM_02_features.xlsx] now completed
2019-10-04 11:47:38,182|I|main|[20191004_114730] all execution thread(s) have terminated
2019-10-04 11:47:38,185|I|main|[20191004_114730] test run completed in about 8 seconds
2019-10-04 11:47:38,304|I|main|No predefined nexial-setup found
2019-10-04 11:47:38,328|I|main|outputBase not set; output-to-cloud DISABLED!
2019-10-04 11:47:38,329|I|main|accessKey not set; output-to-cloud DISABLED!
2019-10-04 11:47:38,329|I|main|secretKey not set; output-to-cloud DISABLED!
2019-10-04 11:47:38,329|I|main|SKIPPING auto-open-result since Nexial is currently running in non-interactive environment
2019-10-04 11:47:38,329|I|main|generating HTML output for this execution to C:\projects\OrangeHRMWebApplication\output\20191004_114730\execution-output.html
2019-10-04 11:47:38,902|I|main|generating JUnit XML output for this execution to C:\projects\OrangeHRMWebApplication\output\20191004_114730\junit.xml
2019-10-04 11:47:38,950|I|main|Generated JUnit report for this execution: C:\projects\OrangeHRMWebApplication\output\20191004_114730\junit.xml
2019-10-04 11:47:38,950|I|main|nexial mailer not enabled: nexial.enableEmail=false
2019-10-04 11:47:38,951|I|main|skipped email notification as configured
2019-10-04 11:47:38,952|I|main|Exiting Nexial...
2019-10-04 11:47:38,953|I|main|

/-END OF EXECUTION--------------------------------------------------------------
| » Execution Time: 8 sec.
| » Test Steps:     1
| » Passed:         0
| » Failed:         1
| » Success Rate:   0.00%
\---------------------------------------------------------------nexial-core 2.2_0488-

2019-10-04 11:47:38,954|E|main|failure found; success rate is 0.00%
2019-10-04 11:47:38,954|I|main|End of Execution:
OUTPUT:       C:\projects\OrangeHRMWebApplication\output\20191004_114730
EXECUTION:    C:\projects\OrangeHRMWebApplication\output\20191004_114730\execution-output.html
JUNIT XML:    C:\projects\OrangeHRMWebApplication\output\20191004_114730\junit.xml
SUCCESS RATE: 0.00%
EXIT STATUS:  -13
2019-10-04 11:47:38,954|I|main|End of Execution:
NEXIAL_OUTPUT:         C:\projects\OrangeHRMWebApplication\output\20191004_114730
NEXIAL_EXECUTION_HTML: C:\projects\OrangeHRMWebApplication\output\20191004_114730\execution-output.html
NEXIAL_JUNIT_XML:      C:\projects\OrangeHRMWebApplication\output\20191004_114730\junit.xml
NEXIAL_SUCCESS_RATE:   0.00%
NEXIAL_EXIT_STATUS:    -13
