2019-10-04 12:02:11,592|I|Thread-1|(DELAYED) nexial-core 2.2_0488 starting up...
2019-10-04 12:02:11,600|I|Thread-1|(DELAYED) data file resolved as C:\Users\SANDHI~1.MUN\AppData\Local\Temp\RfCaR\OHRM_01_signup.data.xlsx
2019-10-04 12:02:11,600|I|Thread-1|(DELAYED) input files and output directory resolved...
2019-10-04 12:02:11,600|I|Thread-1|(DELAYED) No predefined nexial-setup found
2019-10-04 12:02:11,600|I|Thread-1|(DELAYED) [20191004_120211] [C:\projects\OrangeHRMWebApplication\artifact\script\OHRM_01_signup.xlsx] resolve RUN ID as 20191004_120211
2019-10-04 12:02:11,600|I|Thread-1|(DELAYED) [20191004_120211] [C:\projects\OrangeHRMWebApplication\artifact\script\OHRM_01_signup.xlsx] new thread started
2019-10-04 12:02:11,601|I|Thread-1|No predefined nexial-setup found
2019-10-04 12:02:11,706|I|Thread-1|outputBase not set; output-to-cloud DISABLED!
2019-10-04 12:02:11,707|I|Thread-1|accessKey not set; output-to-cloud DISABLED!
2019-10-04 12:02:11,708|I|Thread-1|secretKey not set; output-to-cloud DISABLED!
2019-10-04 12:02:11,740|I|Thread-1|missing REQUIRED configuration; sms DISABLED!
2019-10-04 12:02:12,867|I|Thread-1|[20191004_120211] executing C:\projects\OrangeHRMWebApplication\artifact\script\OHRM_01_signup.xlsx with 1 iteration(s)
2019-10-04 12:02:12,873|I|Thread-1|[20191004_120211] create directory C:\projects\OrangeHRMWebApplication\output\20191004_120211\captures
2019-10-04 12:02:12,875|I|Thread-1|[20191004_120211] create directory C:\projects\OrangeHRMWebApplication\output\20191004_120211\logs
2019-10-04 12:02:13,955|I|Thread-1|[20191004_120211] merging test data to tmp file C:\projects\OrangeHRMWebApplication\output\20191004_120211\OHRM_01_signup.20191004_120212.001.xlsx
2019-10-04 12:02:13,956|I|Thread-1|refetching data from C:\projects\OrangeHRMWebApplication\artifact\data\OHRM_01_signup.data.xlsx
2019-10-04 12:02:14,881|I|Thread-1|[20191004_120211] test script and test data merged to C:\projects\OrangeHRMWebApplication\output\20191004_120211\OHRM_01_signup.20191004_120212.001.xlsx
2019-10-04 12:02:15,670|I|Thread-1|STARTS
2019-10-04 12:02:15,700|I|Thread-1|OHRM_01_signup.20191004_120212.001 - executing iteration #1 of 1; Iteration Id 1
2019-10-04 12:02:15,709|I|Thread-1|OHRM_01_signup.20191004_120212.001|signup - executing test scenario
2019-10-04 12:02:15,712|I|Thread-1|OHRM_01_signup.20191004_120212.001|signup|Openurl - executing activity
2019-10-04 12:02:16,316|I|Thread-1|OHRM_01_signup.20191004_120212.001|signup|Openurl|#  5|web.open(url) - executing open(url)(${url})
2019-10-04 12:02:16,329|I|Thread-1|No valid instance of webdriver, initializing...
2019-10-04 12:02:16,338|I|Thread-1|init browserstack
2019-10-04 12:02:16,344|E|Thread-1|Error initializing browser 'browserstack': Both nexial.browserstack.username and nexial.browserstack.automatekey are required to use BrowserStack
2019-10-04 12:02:16,350|E|Thread-1|Error initializing browser 'browserstack': Both nexial.browserstack.username and nexial.browserstack.automatekey are required to use BrowserStack
2019-10-04 12:02:16,569|I|Thread-1|OHRM_01_signup.20191004_120212.001|signup|Openurl|#  5|web.open(url) - FAIL Error initializing browser 'browserstack': Both nexial.browserstack.username and nexial.browserstack.automatekey are required to use BrowserStack
2019-10-04 12:02:16,572|I|Thread-1|OHRM_01_signup.20191004_120212.001|signup|Openurl|#  5|web.open(url) - test stopping due to failure on fail-fast command: web.open(url)
2019-10-04 12:02:16,575|I|Thread-1|OHRM_01_signup.20191004_120212.001|signup - test activity execution failed. Because of this, all subsequent test case will be skipped
2019-10-04 12:02:16,580|I|Thread-1|OHRM_01_signup.20191004_120212.001|signup - test activity execution ending due to EndLoopIf() flow control activated or unrecoverable execution failure.
2019-10-04 12:02:16,582|I|Thread-1|OHRM_01_signup.20191004_120212.001|signup - skipping test activity due to previous failure
2019-10-04 12:02:16,583|I|Thread-1|OHRM_01_signup.20191004_120212.001|signup - skipping test activity due to previous failure
2019-10-04 12:02:16,584|I|Thread-1|OHRM_01_signup.20191004_120212.001|signup - skipping test activity due to previous failure
2019-10-04 12:02:16,585|I|Thread-1|OHRM_01_signup.20191004_120212.001|signup - skipping test activity due to previous failure
2019-10-04 12:02:16,586|I|Thread-1|OHRM_01_signup.20191004_120212.001|signup - skipping test activity due to previous failure
2019-10-04 12:02:16,587|I|Thread-1|OHRM_01_signup.20191004_120212.001|signup - skipping test activity due to previous failure
2019-10-04 12:02:16,588|I|Thread-1|OHRM_01_signup.20191004_120212.001|signup - skipping test activity due to previous failure
2019-10-04 12:02:16,592|I|Thread-1|OHRM_01_signup.20191004_120212.001|signup - skipping test activity due to previous failure
2019-10-04 12:02:16,593|I|Thread-1|OHRM_01_signup.20191004_120212.001|signup - skipping test activity due to previous failure
2019-10-04 12:02:16,597|I|Thread-1|OHRM_01_signup.20191004_120212.001|signup - skipping test activity due to previous failure
2019-10-04 12:02:16,598|I|Thread-1|OHRM_01_signup.20191004_120212.001|signup - skipping test activity due to previous failure
2019-10-04 12:02:16,599|I|Thread-1|OHRM_01_signup.20191004_120212.001|signup - skipping test activity due to previous failure
2019-10-04 12:02:16,602|I|Thread-1|OHRM_01_signup.20191004_120212.001|signup - skipping test activity due to previous failure
2019-10-04 12:02:16,603|I|Thread-1|OHRM_01_signup.20191004_120212.001|signup - skipping test activity due to previous failure
2019-10-04 12:02:16,604|I|Thread-1|OHRM_01_signup.20191004_120212.001|signup - skipping test activity due to previous failure
2019-10-04 12:02:16,605|I|Thread-1|OHRM_01_signup.20191004_120212.001|signup - skipping test activity due to previous failure
2019-10-04 12:02:16,606|I|Thread-1|OHRM_01_signup.20191004_120212.001|signup - skipping test activity due to previous failure
2019-10-04 12:02:16,607|I|Thread-1|OHRM_01_signup.20191004_120212.001|signup - skipping test activity due to previous failure
2019-10-04 12:02:16,608|I|Thread-1|OHRM_01_signup.20191004_120212.001|signup - skipping test activity due to previous failure
2019-10-04 12:02:16,625|I|Thread-1|[OHRM_01_signup.20191004_120212.001|signup] saving test scenario
2019-10-04 12:02:16,810|I|Thread-1|OHRM_01_signup.20191004_120212.001|signup - test scenario execution failed, and fail-immediate in effect. Hence all subsequent test scenarios will be skipped
2019-10-04 12:02:16,815|I|Thread-1|[20191004_120211] 
/-TEST COMPLETE-----------------------------------------------------------------
| Test Output:    C:\projects\OrangeHRMWebApplication\output\20191004_120211\OHRM_01_signup.20191004_120212.001.xlsx
| Iteration:      1
\-------------------------------------------------------------------------------
» Execution Time: 1110 ms
» Test Steps:     1
» Error(s):       1



2019-10-04 12:02:16,815|I|Thread-1|OHRM_01_signup.20191004_120212.001 - fail-immediate in effect - test execution will stop now.
2019-10-04 12:02:18,734|I|Thread-1|[20191004_120211] 
/-TEST COMPLETE-----------------------------------------------------------------
| Test Script:    C:\projects\OrangeHRMWebApplication\artifact\script\OHRM_01_signup.xlsx
\-------------------------------------------------------------------------------
» Execution Time: 7406 ms
» Iterations:     [1] total 1
» Test Steps:     1
» Passed:         0
» Error(s):       1
» Iteration 1 of 1: C:\projects\OrangeHRMWebApplication\output\20191004_120211\OHRM_01_signup.20191004_120212.001.xlsx



2019-10-04 12:02:19,292|I|main|[20191004_120211] [C:\projects\OrangeHRMWebApplication\artifact\script\OHRM_01_signup.xlsx] now completed
2019-10-04 12:02:19,297|I|main|[20191004_120211] all execution thread(s) have terminated
2019-10-04 12:02:19,299|I|main|[20191004_120211] test run completed in about 8 seconds
2019-10-04 12:02:19,442|I|main|No predefined nexial-setup found
2019-10-04 12:02:19,502|I|main|outputBase not set; output-to-cloud DISABLED!
2019-10-04 12:02:19,502|I|main|accessKey not set; output-to-cloud DISABLED!
2019-10-04 12:02:19,503|I|main|secretKey not set; output-to-cloud DISABLED!
2019-10-04 12:02:19,504|I|main|generating HTML output for this execution to C:\projects\OrangeHRMWebApplication\output\20191004_120211\execution-output.html
2019-10-04 12:02:20,242|I|main|generating JUnit XML output for this execution to C:\projects\OrangeHRMWebApplication\output\20191004_120211\junit.xml
2019-10-04 12:02:20,314|I|main|Generated JUnit report for this execution: C:\projects\OrangeHRMWebApplication\output\20191004_120211\junit.xml
2019-10-04 12:02:20,334|I|main|nexial mailer not enabled: nexial.enableEmail=false
2019-10-04 12:02:20,335|I|main|skipped email notification as configured
2019-10-04 12:02:20,337|I|main|Exiting Nexial...
2019-10-04 12:02:20,338|I|main|

/-END OF EXECUTION--------------------------------------------------------------
| » Execution Time: 8 sec.
| » Test Steps:     1
| » Passed:         0
| » Failed:         1
| » Success Rate:   0.00%
\---------------------------------------------------------------nexial-core 2.2_0488-

2019-10-04 12:02:20,341|E|main|failure found; success rate is 0.00%
2019-10-04 12:02:20,342|I|main|End of Execution:
OUTPUT:       C:\projects\OrangeHRMWebApplication\output\20191004_120211
EXECUTION:    C:\projects\OrangeHRMWebApplication\output\20191004_120211\execution-output.html
JUNIT XML:    C:\projects\OrangeHRMWebApplication\output\20191004_120211\junit.xml
SUCCESS RATE: 0.00%
EXIT STATUS:  -13
2019-10-04 12:02:20,348|I|main|End of Execution:
NEXIAL_OUTPUT:         C:\projects\OrangeHRMWebApplication\output\20191004_120211
NEXIAL_EXECUTION_HTML: C:\projects\OrangeHRMWebApplication\output\20191004_120211\execution-output.html
NEXIAL_JUNIT_XML:      C:\projects\OrangeHRMWebApplication\output\20191004_120211\junit.xml
NEXIAL_SUCCESS_RATE:   0.00%
NEXIAL_EXIT_STATUS:    -13
