2019-10-03 14:58:03,301|I|Thread-1|(DELAYED) nexial-core 2.2_0488 starting up...
2019-10-03 14:58:03,308|I|Thread-1|(DELAYED) validating test script as C:\projects\OrangeHRMWebApplication\artifact\script\OHRM_01_signup.xlsx
2019-10-03 14:58:03,309|I|Thread-1|(DELAYED) validating data file as C:\projects\OrangeHRMWebApplication\artifact\data\OHRM_01_signup.data.xlsx
2019-10-03 14:58:03,309|I|Thread-1|(DELAYED) validating test script as C:\projects\OrangeHRMWebApplication\artifact\script\OHRM_02_features.xlsx
2019-10-03 14:58:03,309|I|Thread-1|(DELAYED) validating data file as C:\projects\OrangeHRMWebApplication\artifact\data\OHRM_02_features.data.xlsx
2019-10-03 14:58:03,310|I|Thread-1|(DELAYED) input files and output directory resolved...
2019-10-03 14:58:03,312|I|Thread-1|(DELAYED) No predefined nexial-setup found
2019-10-03 14:58:03,312|I|Thread-1|(DELAYED) [20191003_145802] [C:\projects\OrangeHRMWebApplication\artifact\script\OHRM_01_signup.xlsx] resolve RUN ID as 20191003_145802
2019-10-03 14:58:03,312|I|Thread-1|(DELAYED) [20191003_145802] [C:\projects\OrangeHRMWebApplication\artifact\script\OHRM_01_signup.xlsx] new thread started
2019-10-03 14:58:03,312|I|Thread-1|No predefined nexial-setup found
2019-10-03 14:58:03,462|I|Thread-1|outputBase not set; output-to-cloud DISABLED!
2019-10-03 14:58:03,462|I|Thread-1|accessKey not set; output-to-cloud DISABLED!
2019-10-03 14:58:03,463|I|Thread-1|secretKey not set; output-to-cloud DISABLED!
2019-10-03 14:58:03,558|I|Thread-1|missing REQUIRED configuration; sms DISABLED!
2019-10-03 14:58:05,383|I|Thread-1|[20191003_145802] executing C:\projects\OrangeHRMWebApplication\artifact\script\OHRM_01_signup.xlsx with 1 iteration(s)
2019-10-03 14:58:05,387|I|Thread-1|[20191003_145802] create directory C:\projects\OrangeHRMWebApplication\output\20191003_145802\captures
2019-10-03 14:58:05,388|I|Thread-1|[20191003_145802] create directory C:\projects\OrangeHRMWebApplication\output\20191003_145802\logs
2019-10-03 14:58:06,664|I|Thread-1|[20191003_145802] merging test data to tmp file C:\projects\OrangeHRMWebApplication\output\20191003_145802\OrangeHRMWebApplication-plan.001,OHRM_01_signup.20191003_145805.001.xlsx
2019-10-03 14:58:06,665|I|Thread-1|refetching data from C:\projects\OrangeHRMWebApplication\artifact\data\OHRM_01_signup.data.xlsx
2019-10-03 14:58:07,623|I|Thread-1|[20191003_145802] test script and test data merged to C:\projects\OrangeHRMWebApplication\output\20191003_145802\OrangeHRMWebApplication-plan.001,OHRM_01_signup.20191003_145805.001.xlsx
2019-10-03 14:58:09,131|I|Thread-1|STARTS
2019-10-03 14:58:09,243|I|Thread-1|OrangeHRMWebApplication-plan.001,OHRM_01_signup.20191003_145805.001 - executing iteration #1 of 1; Iteration Id 1
2019-10-03 14:58:09,262|I|Thread-1|OrangeHRMWebApplication-plan.001,OHRM_01_signup.20191003_145805.001|signup - executing test scenario
2019-10-03 14:58:09,267|I|Thread-1|OrangeHRMWebApplication-plan.001,OHRM_01_signup.20191003_145805.001|signup|Openurl - executing activity
2019-10-03 14:58:09,870|I|Thread-1|OrangeHRMWebApplication-plan.001,OHRM_01_signup.20191003_145805.001|signup|Openurl|#  5|web.open(url) - executing open(url)(${url})
2019-10-03 14:58:09,873|I|Thread-1|No valid instance of webdriver, initializing...
2019-10-03 14:58:09,875|I|Thread-1|init chrome
2019-10-03 14:58:13,339|I|Thread-1|browser initialization completed for 'chrome'
2019-10-03 14:58:13,367|I|Thread-1|setting browser polling wait time to 800 ms
2019-10-03 14:58:13,391|I|Thread-1|setting browser page load timeout to 10000 ms
2019-10-03 14:58:13,477|I|Thread-1|OrangeHRMWebApplication-plan.001,OHRM_01_signup.20191003_145805.001|signup|Openurl|#  5|web.open(url) - default browser stability wait time is 3000 ms
2019-10-03 14:58:19,777|I|Thread-1|current browser window handle:CDwindow-DBD168A99536C164498B1163D0C935A5
2019-10-03 14:58:20,142|I|Thread-1|OrangeHRMWebApplication-plan.001,OHRM_01_signup.20191003_145805.001|signup|Openurl|#  5|web.open(url) - PASS opened URL https://www.orangehrm.com/
2019-10-03 14:58:20,143|I|Thread-1|OrangeHRMWebApplication-plan.001,OHRM_01_signup.20191003_145805.001|signup|MaximizeWindow - executing activity
2019-10-03 14:58:20,744|I|Thread-1|OrangeHRMWebApplication-plan.001,OHRM_01_signup.20191003_145805.001|signup|MaximizeWindow|#  6|web.maximizeWindow() - executing maximizeWindow()()
2019-10-03 14:58:21,937|I|Thread-1|OrangeHRMWebApplication-plan.001,OHRM_01_signup.20191003_145805.001|signup|MaximizeWindow|#  6|web.maximizeWindow() - PASS browser window maximized
2019-10-03 14:58:21,938|I|Thread-1|OrangeHRMWebApplication-plan.001,OHRM_01_signup.20191003_145805.001|signup|ClickUsername - executing activity
2019-10-03 14:58:22,538|I|Thread-1|OrangeHRMWebApplication-plan.001,OHRM_01_signup.20191003_145805.001|signup|ClickUsername|#  7|web.click(locator) - executing click(locator)(${btn.freetrial.loc})
2019-10-03 14:58:22,607|I|Thread-1|clicking '//nav[@class='navbar navbar-default header-nav']/div/div[2]/ul[2]/li[2]/a'...
2019-10-03 14:58:22,657|I|Thread-1|click target via JS, @id=
2019-10-03 14:58:25,427|I|Thread-1|clicked -> true
2019-10-03 14:58:25,429|I|Thread-1|OrangeHRMWebApplication-plan.001,OHRM_01_signup.20191003_145805.001|signup|ClickUsername|#  7|web.click(locator) - PASS click via JS event
2019-10-03 14:58:25,430|I|Thread-1|OrangeHRMWebApplication-plan.001,OHRM_01_signup.20191003_145805.001|signup|EnterFavoredUrl - executing activity
2019-10-03 14:58:26,031|I|Thread-1|OrangeHRMWebApplication-plan.001,OHRM_01_signup.20191003_145805.001|signup|EnterFavoredUrl|#  8|web.type(locator,value) - executing type(locator,value)(${txt.favoredurl.loc}, ${FavoredUrl})
2019-10-03 14:58:26,593|I|Thread-1|OrangeHRMWebApplication-plan.001,OHRM_01_signup.20191003_145805.001|signup|EnterFavoredUrl|#  8|web.type(locator,value) - PASS typed text at '//div[@id='Form_submitForm_subdomain_Holder']/input'
2019-10-03 14:58:26,593|I|Thread-1|OrangeHRMWebApplication-plan.001,OHRM_01_signup.20191003_145805.001|signup|EnterFirstName - executing activity
2019-10-03 14:58:27,195|I|Thread-1|OrangeHRMWebApplication-plan.001,OHRM_01_signup.20191003_145805.001|signup|EnterFirstName|#  9|web.type(locator,value) - executing type(locator,value)(${txt.firstname.loc}, ${FirstName})
2019-10-03 14:58:27,572|I|Thread-1|OrangeHRMWebApplication-plan.001,OHRM_01_signup.20191003_145805.001|signup|EnterFirstName|#  9|web.type(locator,value) - PASS typed text at '//div[@id='Form_submitForm_FirstName_Holder']/div/input'
2019-10-03 14:58:27,573|I|Thread-1|OrangeHRMWebApplication-plan.001,OHRM_01_signup.20191003_145805.001|signup|EnterLastName - executing activity
2019-10-03 14:58:28,174|I|Thread-1|OrangeHRMWebApplication-plan.001,OHRM_01_signup.20191003_145805.001|signup|EnterLastName|# 10|web.type(locator,value) - executing type(locator,value)(${txt.lastname.loc}, ${LastName})
2019-10-03 14:58:28,513|I|Thread-1|OrangeHRMWebApplication-plan.001,OHRM_01_signup.20191003_145805.001|signup|EnterLastName|# 10|web.type(locator,value) - PASS typed text at '//div[@id='Form_submitForm_LastName_Holder']/div/input'
2019-10-03 14:58:28,514|I|Thread-1|OrangeHRMWebApplication-plan.001,OHRM_01_signup.20191003_145805.001|signup|EnterEmail - executing activity
2019-10-03 14:58:29,115|I|Thread-1|OrangeHRMWebApplication-plan.001,OHRM_01_signup.20191003_145805.001|signup|EnterEmail|# 11|web.type(locator,value) - executing type(locator,value)(${txt.email.loc}, ${Email})
2019-10-03 14:58:29,590|I|Thread-1|OrangeHRMWebApplication-plan.001,OHRM_01_signup.20191003_145805.001|signup|EnterEmail|# 11|web.type(locator,value) - PASS typed text at '//div[@id='Form_submitForm_Email_Holder']/div/input'
2019-10-03 14:58:29,590|I|Thread-1|OrangeHRMWebApplication-plan.001,OHRM_01_signup.20191003_145805.001|signup|EnterJobTitle - executing activity
2019-10-03 14:58:30,192|I|Thread-1|OrangeHRMWebApplication-plan.001,OHRM_01_signup.20191003_145805.001|signup|EnterJobTitle|# 12|web.type(locator,value) - executing type(locator,value)(${txt.jobtitle.loc}, ${JobTitle})
2019-10-03 14:58:30,612|I|Thread-1|OrangeHRMWebApplication-plan.001,OHRM_01_signup.20191003_145805.001|signup|EnterJobTitle|# 12|web.type(locator,value) - PASS typed text at '//div[@id='Form_submitForm_JobTitle_Holder']/div/input'
2019-10-03 14:58:30,613|I|Thread-1|OrangeHRMWebApplication-plan.001,OHRM_01_signup.20191003_145805.001|signup|SelectNoOfEmployees - executing activity
2019-10-03 14:58:31,214|I|Thread-1|OrangeHRMWebApplication-plan.001,OHRM_01_signup.20191003_145805.001|signup|SelectNoOfEmployees|# 13|web.select(locator,text) - executing select(locator,text)(${btn.noofemployees.loc}, ${txt.dropdown.noofemployees.loc})
2019-10-03 14:58:31,420|I|Thread-1|OrangeHRMWebApplication-plan.001,OHRM_01_signup.20191003_145805.001|signup|SelectNoOfEmployees|# 13|web.select(locator,text) - PASS selected '201 - 250' from '//select[@id='Form_submitForm_NoOfEmployees']'
2019-10-03 14:58:31,420|I|Thread-1|OrangeHRMWebApplication-plan.001,OHRM_01_signup.20191003_145805.001|signup|AssertNoOfEmployee - executing activity
2019-10-03 14:58:32,020|I|Thread-1|OrangeHRMWebApplication-plan.001,OHRM_01_signup.20191003_145805.001|signup|AssertNoOfEmployee|# 14|web.assertVisible(locator - executing assertVisible(locator)(${btn.noofemployees.loc})
2019-10-03 14:58:32,119|I|Thread-1|OrangeHRMWebApplication-plan.001,OHRM_01_signup.20191003_145805.001|signup|AssertNoOfEmployee|# 14|web.assertVisible(locator - PASS EXPECTED visible element '//select[@id='Form_submitForm_NoOfEmployees']' found
2019-10-03 14:58:32,120|I|Thread-1|OrangeHRMWebApplication-plan.001,OHRM_01_signup.20191003_145805.001|signup|Entercompany - executing activity
2019-10-03 14:58:32,721|I|Thread-1|OrangeHRMWebApplication-plan.001,OHRM_01_signup.20191003_145805.001|signup|Entercompany|# 15|web.type(locator,value) - executing type(locator,value)(${txt.company.loc}, ${company})
2019-10-03 14:58:33,063|I|Thread-1|OrangeHRMWebApplication-plan.001,OHRM_01_signup.20191003_145805.001|signup|Entercompany|# 15|web.type(locator,value) - PASS typed text at '//div[@id='Form_submitForm_CompanyName_Holder']/div/input'
2019-10-03 14:58:33,064|I|Thread-1|OrangeHRMWebApplication-plan.001,OHRM_01_signup.20191003_145805.001|signup|SelectIndustry - executing activity
2019-10-03 14:58:33,664|I|Thread-1|OrangeHRMWebApplication-plan.001,OHRM_01_signup.20191003_145805.001|signup|SelectIndustry|# 16|web.select(locator,text) - executing select(locator,text)(${btn.industry.loc}, ${txt.dropdown.industry.loc})
2019-10-03 14:58:33,871|I|Thread-1|OrangeHRMWebApplication-plan.001,OHRM_01_signup.20191003_145805.001|signup|SelectIndustry|# 16|web.select(locator,text) - PASS selected 'Education' from '//select[@id='Form_submitForm_Industry']'
2019-10-03 14:58:33,872|I|Thread-1|OrangeHRMWebApplication-plan.001,OHRM_01_signup.20191003_145805.001|signup|AssertIndustry - executing activity
2019-10-03 14:58:34,473|I|Thread-1|OrangeHRMWebApplication-plan.001,OHRM_01_signup.20191003_145805.001|signup|AssertIndustry|# 17|web.assertVisible(locator - executing assertVisible(locator)(${btn.industry.loc})
2019-10-03 14:58:34,577|I|Thread-1|OrangeHRMWebApplication-plan.001,OHRM_01_signup.20191003_145805.001|signup|AssertIndustry|# 17|web.assertVisible(locator - PASS EXPECTED visible element '//select[@id='Form_submitForm_Industry']' found
2019-10-03 14:58:34,578|I|Thread-1|OrangeHRMWebApplication-plan.001,OHRM_01_signup.20191003_145805.001|signup|EnterPhoneNumber - executing activity
2019-10-03 14:58:35,178|I|Thread-1|OrangeHRMWebApplication-plan.001,OHRM_01_signup.20191003_145805.001|signup|EnterPhoneNumber|# 18|web.type(locator,value) - executing type(locator,value)(${txt.phonenumber.loc}, ${PhoneNumber})
2019-10-03 14:58:35,506|I|Thread-1|OrangeHRMWebApplication-plan.001,OHRM_01_signup.20191003_145805.001|signup|EnterPhoneNumber|# 18|web.type(locator,value) - PASS typed text at '//div[@id='Form_submitForm_Contact_Holder']/div/input'
2019-10-03 14:58:35,506|I|Thread-1|OrangeHRMWebApplication-plan.001,OHRM_01_signup.20191003_145805.001|signup|SelectCountry - executing activity
2019-10-03 14:58:36,107|I|Thread-1|OrangeHRMWebApplication-plan.001,OHRM_01_signup.20191003_145805.001|signup|SelectCountry|# 19|web.select(locator,text) - executing select(locator,text)(${btn.country.loc}, ${txt.dropdown.country.loc})
2019-10-03 14:58:36,339|I|Thread-1|OrangeHRMWebApplication-plan.001,OHRM_01_signup.20191003_145805.001|signup|SelectCountry|# 19|web.select(locator,text) - PASS selected 'India' from '//select[@id='Form_submitForm_Country']'
2019-10-03 14:58:36,340|I|Thread-1|OrangeHRMWebApplication-plan.001,OHRM_01_signup.20191003_145805.001|signup|AssertCountry - executing activity
2019-10-03 14:58:36,941|I|Thread-1|OrangeHRMWebApplication-plan.001,OHRM_01_signup.20191003_145805.001|signup|AssertCountry|# 20|web.assertVisible(locator - executing assertVisible(locator)(${btn.country.loc})
2019-10-03 14:58:37,049|I|Thread-1|OrangeHRMWebApplication-plan.001,OHRM_01_signup.20191003_145805.001|signup|AssertCountry|# 20|web.assertVisible(locator - PASS EXPECTED visible element '//select[@id='Form_submitForm_Country']' found
2019-10-03 14:58:37,049|I|Thread-1|OrangeHRMWebApplication-plan.001,OHRM_01_signup.20191003_145805.001|signup|SelectState - executing activity
2019-10-03 14:58:37,650|I|Thread-1|OrangeHRMWebApplication-plan.001,OHRM_01_signup.20191003_145805.001|signup|SelectState|# 21|web.select(locator,text) - executing select(locator,text)(${btn.state.loc}, ${txt.dropdown.state.loc})
2019-10-03 14:58:37,827|I|Thread-1|OrangeHRMWebApplication-plan.001,OHRM_01_signup.20191003_145805.001|signup|SelectState|# 21|web.select(locator,text) - PASS selected 'Tamil Nadu' from '//select[@id='Form_submitForm_State']'
2019-10-03 14:58:37,827|I|Thread-1|OrangeHRMWebApplication-plan.001,OHRM_01_signup.20191003_145805.001|signup|AssertCountry - executing activity
2019-10-03 14:58:38,427|I|Thread-1|OrangeHRMWebApplication-plan.001,OHRM_01_signup.20191003_145805.001|signup|AssertCountry|# 22|web.assertVisible(locator - executing assertVisible(locator)(${btn.state.loc})
2019-10-03 14:58:38,516|I|Thread-1|OrangeHRMWebApplication-plan.001,OHRM_01_signup.20191003_145805.001|signup|AssertCountry|# 22|web.assertVisible(locator - PASS EXPECTED visible element '//select[@id='Form_submitForm_State']' found
2019-10-03 14:58:38,516|I|Thread-1|OrangeHRMWebApplication-plan.001,OHRM_01_signup.20191003_145805.001|signup|ClickCheckbox - executing activity
2019-10-03 14:58:39,116|I|Thread-1|OrangeHRMWebApplication-plan.001,OHRM_01_signup.20191003_145805.001|signup|ClickCheckbox|# 23|web.click(locator) - executing click(locator)(${btn.checkbox.loc})
2019-10-03 14:58:39,154|I|Thread-1|clicking '//input[@id='Form_submitForm_SetDummyData']'...
2019-10-03 14:58:39,181|I|Thread-1|click target via JS, @id=Form_submitForm_SetDummyData
2019-10-03 14:58:39,234|I|Thread-1|clicked -> true
2019-10-03 14:58:39,236|I|Thread-1|OrangeHRMWebApplication-plan.001,OHRM_01_signup.20191003_145805.001|signup|ClickCheckbox|# 23|web.click(locator) - PASS click via JS event
2019-10-03 14:58:39,236|I|Thread-1|OrangeHRMWebApplication-plan.001,OHRM_01_signup.20191003_145805.001|signup|submit - executing activity
2019-10-03 14:58:39,837|I|Thread-1|OrangeHRMWebApplication-plan.001,OHRM_01_signup.20191003_145805.001|signup|submit|# 24|web.click(locator) - executing click(locator)(${btn.submit.loc})
2019-10-03 14:58:39,921|I|Thread-1|clicking '//input[@id='Form_submitForm_action_request']'...
2019-10-03 14:58:39,954|I|Thread-1|click target via JS, @id=Form_submitForm_action_request
2019-10-03 14:58:43,511|I|Thread-1|clicked -> true
2019-10-03 14:58:43,512|I|Thread-1|OrangeHRMWebApplication-plan.001,OHRM_01_signup.20191003_145805.001|signup|submit|# 24|web.click(locator) - PASS click via JS event
2019-10-03 14:58:43,853|I|Thread-1|[OrangeHRMWebApplication-plan.001,OHRM_01_signup.20191003_145805.001|signup] saving test scenario
2019-10-03 14:58:44,211|I|Thread-1|[20191003_145802] 
/-TEST COMPLETE-----------------------------------------------------------------
| Test Output:    C:\projects\OrangeHRMWebApplication\output\20191003_145802\OrangeHRMWebApplication-plan.001,OHRM_01_signup.20191003_145805.001.xlsx
| Iteration:      1
\-------------------------------------------------------------------------------
» Execution Time: 34966 ms
» Test Steps:     20
» Error(s):       0



2019-10-03 14:58:45,685|I|Thread-1|SKIPPING auto-open-result since Nexial is currently running in non-interactive environment
2019-10-03 14:58:45,692|I|Thread-1|[20191003_145802] 
/-TEST COMPLETE-----------------------------------------------------------------
| Test Script:    C:\projects\OrangeHRMWebApplication\artifact\script\OHRM_01_signup.xlsx
\-------------------------------------------------------------------------------
» Execution Time: 42866 ms
» Iterations:     [1] total 1
» Test Steps:     20
» Passed:         20
» Error(s):       0
» Iteration 1 of 1: C:\projects\OrangeHRMWebApplication\output\20191003_145802\OrangeHRMWebApplication-plan.001,OHRM_01_signup.20191003_145805.001.xlsx



2019-10-03 14:58:45,958|I|main|[20191003_145802] [C:\projects\OrangeHRMWebApplication\artifact\script\OHRM_01_signup.xlsx] now completed
2019-10-03 14:58:45,958|I|main|[20191003_145802] [C:\projects\OrangeHRMWebApplication\artifact\script\OHRM_02_features.xlsx] resolve RUN ID as 20191003_145802
2019-10-03 14:58:45,958|I|main|[20191003_145802] [C:\projects\OrangeHRMWebApplication\artifact\script\OHRM_02_features.xlsx] new thread started
2019-10-03 14:58:45,961|I|Thread-3|missing REQUIRED configuration; sms DISABLED!
2019-10-03 14:58:45,990|I|Thread-3|[20191003_145802] executing C:\projects\OrangeHRMWebApplication\artifact\script\OHRM_02_features.xlsx with 1 iteration(s)
2019-10-03 14:58:45,991|I|Thread-3|[20191003_145802] create directory C:\projects\OrangeHRMWebApplication\output\20191003_145802\captures
2019-10-03 14:58:45,991|I|Thread-3|[20191003_145802] create directory C:\projects\OrangeHRMWebApplication\output\20191003_145802\logs
2019-10-03 14:58:47,517|I|Thread-3|macro(s) found and merged; C:\projects\OrangeHRMWebApplication\output\20191003_145802\OrangeHRMWebApplication-plan.002,OHRM_02_features.20191003_145845.001.xlsx will need to be saved
2019-10-03 14:58:47,517|I|Thread-3|[20191003_145802] merging test data to tmp file C:\projects\OrangeHRMWebApplication\output\20191003_145802\OrangeHRMWebApplication-plan.002,OHRM_02_features.20191003_145845.001.xlsx
2019-10-03 14:58:47,517|I|Thread-3|refetching data from C:\projects\OrangeHRMWebApplication\artifact\data\OHRM_02_features.data.xlsx
2019-10-03 14:58:47,881|I|Thread-3|[20191003_145802] test script and test data merged to C:\projects\OrangeHRMWebApplication\output\20191003_145802\OrangeHRMWebApplication-plan.002,OHRM_02_features.20191003_145845.001.xlsx
2019-10-03 14:58:48,395|I|Thread-3|STARTS
2019-10-03 14:58:48,402|I|Thread-3|OrangeHRMWebApplication-plan.002,OHRM_02_features.20191003_145845.001 - executing iteration #1 of 1; Iteration Id 1
2019-10-03 14:58:48,403|I|Thread-3|OrangeHRMWebApplication-plan.002,OHRM_02_features.20191003_145845.001|Personnel Information Managemen - executing test scenario
2019-10-03 14:58:48,403|I|Thread-3|OrangeHRMWebApplication-plan.002,OHRM_02_features.20191003_145845.001|Personnel Information Managemen|Feature-Personnel Information Management (PIM) - executing activity
2019-10-03 14:58:49,003|I|Thread-3|OrangeHRMWebApplication-plan.002,OHRM_02_features.20191003_145845.001|Personnel Information Managemen|Feature-Personnel Information Management (PIM)|#  5|base.section(steps) - executing section(steps)(4)
2019-10-03 14:58:49,006|I|Thread-3|OrangeHRMWebApplication-plan.002,OHRM_02_features.20191003_145845.001|Personnel Information Managemen|Feature-Personnel Information Management (PIM)|#  5|base.section(steps) - PASS 
2019-10-03 14:58:49,608|I|Thread-3|OrangeHRMWebApplication-plan.002,OHRM_02_features.20191003_145845.001|Personnel Information Managemen|Feature-Personnel Information Management (PIM)|#  6|web.open(url) - executing open(url)(${url})
2019-10-03 14:58:52,910|I|Thread-3|current browser window handle:CDwindow-DBD168A99536C164498B1163D0C935A5
2019-10-03 14:58:52,950|I|Thread-3|OrangeHRMWebApplication-plan.002,OHRM_02_features.20191003_145845.001|Personnel Information Managemen|Feature-Personnel Information Management (PIM)|#  6|web.open(url) - PASS opened URL https://www.orangehrm.com/
2019-10-03 14:58:53,551|I|Thread-3|OrangeHRMWebApplication-plan.002,OHRM_02_features.20191003_145845.001|Personnel Information Managemen|Feature-Personnel Information Management (PIM)|#  7|web.maximizeWindow() - executing maximizeWindow()()
2019-10-03 14:58:53,606|I|Thread-3|OrangeHRMWebApplication-plan.002,OHRM_02_features.20191003_145845.001|Personnel Information Managemen|Feature-Personnel Information Management (PIM)|#  7|web.maximizeWindow() - PASS browser window maximized
2019-10-03 14:58:54,207|I|Thread-3|OrangeHRMWebApplication-plan.002,OHRM_02_features.20191003_145845.001|Personnel Information Managemen|Feature-Personnel Information Management (PIM)|#  8|web.click(locator) - executing click(locator)(${btn.features.loc})
2019-10-03 14:58:54,275|I|Thread-3|clicking '//div[@id='header-navbar']/ul/li/a[text()='Features']'...
2019-10-03 14:58:54,306|I|Thread-3|click target via JS, @id=
2019-10-03 14:58:55,215|I|Thread-3|clicked -> true
2019-10-03 14:58:55,217|I|Thread-3|OrangeHRMWebApplication-plan.002,OHRM_02_features.20191003_145845.001|Personnel Information Managemen|Feature-Personnel Information Management (PIM)|#  8|web.click(locator) - PASS click via JS event
2019-10-03 14:58:55,818|I|Thread-3|OrangeHRMWebApplication-plan.002,OHRM_02_features.20191003_145845.001|Personnel Information Managemen|Feature-Personnel Information Management (PIM)|#  9|web.assertElementByText(l - executing assertElementByText(locator,text)(${btn.features.loc}, ${featuretext})
2019-10-03 14:58:55,902|I|Thread-3|OrangeHRMWebApplication-plan.002,OHRM_02_features.20191003_145845.001|Personnel Information Managemen|Feature-Personnel Information Management (PIM)|#  9|web.assertElementByText(l - PASS validated locator '//div[@id='header-navbar']/ul/li/a[text()='Features']' by text 'Features' as EXPECTED
2019-10-03 14:58:56,502|I|Thread-3|OrangeHRMWebApplication-plan.002,OHRM_02_features.20191003_145845.001|Personnel Information Managemen|Feature-Personnel Information Management (PIM)|# 10|web.assertAndClick(locato - executing assertAndClick(locator,label)(${btn.pim.loc}, ${PIMlabel})
2019-10-03 14:58:56,695|I|Thread-3|clicking '//h4[text()='Personnel Information Management (PIM)' and text() = 'Personnel Information Management (PIM)']'...
2019-10-03 14:58:56,740|I|Thread-3|click target via JS, @id=
2019-10-03 14:58:59,164|I|Thread-3|clicked -> true
2019-10-03 14:58:59,166|I|Thread-3|OrangeHRMWebApplication-plan.002,OHRM_02_features.20191003_145845.001|Personnel Information Managemen|Feature-Personnel Information Management (PIM)|# 10|web.assertAndClick(locato - PASS click via JS event
2019-10-03 14:58:59,768|I|Thread-3|OrangeHRMWebApplication-plan.002,OHRM_02_features.20191003_145845.001|Personnel Information Managemen|Feature-Personnel Information Management (PIM)|# 11|base.section(steps) - executing section(steps)(3)
2019-10-03 14:58:59,769|I|Thread-3|OrangeHRMWebApplication-plan.002,OHRM_02_features.20191003_145845.001|Personnel Information Managemen|Feature-Personnel Information Management (PIM)|# 11|base.section(steps) - PASS 
2019-10-03 14:59:00,369|I|Thread-3|OrangeHRMWebApplication-plan.002,OHRM_02_features.20191003_145845.001|Personnel Information Managemen|Feature-Personnel Information Management (PIM)|# 12|web.assertTextPresent(tex - executing assertTextPresent(text)(${TryItNow})
2019-10-03 14:59:00,429|I|Thread-3|OrangeHRMWebApplication-plan.002,OHRM_02_features.20191003_145845.001|Personnel Information Managemen|Feature-Personnel Information Management (PIM)|# 12|web.assertTextPresent(tex - PASS EXPECTED text 'Try It Now' found
2019-10-03 14:59:01,029|I|Thread-3|OrangeHRMWebApplication-plan.002,OHRM_02_features.20191003_145845.001|Personnel Information Managemen|Feature-Personnel Information Management (PIM)|# 13|web.click(locator) - executing click(locator)(${btn.tryitnow.loc})
2019-10-03 14:59:01,075|I|Thread-3|clicking '//a[text()='Try It Now']'...
2019-10-03 14:59:01,105|I|Thread-3|click target via JS, @id=
2019-10-03 14:59:02,998|I|Thread-3|clicked -> true
2019-10-03 14:59:02,999|I|Thread-3|OrangeHRMWebApplication-plan.002,OHRM_02_features.20191003_145845.001|Personnel Information Managemen|Feature-Personnel Information Management (PIM)|# 13|web.click(locator) - PASS click via JS event
2019-10-03 14:59:03,600|I|Thread-3|OrangeHRMWebApplication-plan.002,OHRM_02_features.20191003_145845.001|Personnel Information Managemen|Feature-Personnel Information Management (PIM)|# 14|web.goBack() - executing goBack()()
2019-10-03 14:59:04,877|I|Thread-3|OrangeHRMWebApplication-plan.002,OHRM_02_features.20191003_145845.001|Personnel Information Managemen|Feature-Personnel Information Management (PIM)|# 14|web.goBack() - PASS went back previous page
2019-10-03 14:59:05,478|I|Thread-3|OrangeHRMWebApplication-plan.002,OHRM_02_features.20191003_145845.001|Personnel Information Managemen|Feature-Personnel Information Management (PIM)|# 15|web.scrollTo(locator) - executing scrollTo(locator)(${btn.customfields.loc})
2019-10-03 14:59:05,603|I|Thread-3|OrangeHRMWebApplication-plan.002,OHRM_02_features.20191003_145845.001|Personnel Information Managemen|Feature-Personnel Information Management (PIM)|# 15|web.scrollTo(locator) - PASS scrolled to '//h4[text()='Custom Fields']/following-sibling::a'
2019-10-03 14:59:06,204|I|Thread-3|OrangeHRMWebApplication-plan.002,OHRM_02_features.20191003_145845.001|Personnel Information Managemen|Feature-Personnel Information Management (PIM)|# 16|web.assertTextPresent(tex - executing assertTextPresent(text)(${CustomFields})
2019-10-03 14:59:06,261|I|Thread-3|OrangeHRMWebApplication-plan.002,OHRM_02_features.20191003_145845.001|Personnel Information Managemen|Feature-Personnel Information Management (PIM)|# 16|web.assertTextPresent(tex - PASS EXPECTED text 'Custom Fields' found
2019-10-03 14:59:06,861|I|Thread-3|OrangeHRMWebApplication-plan.002,OHRM_02_features.20191003_145845.001|Personnel Information Managemen|Feature-Personnel Information Management (PIM)|# 17|web.click(locator) - executing click(locator)(${btn.customfields.loc})
2019-10-03 14:59:06,907|I|Thread-3|clicking '//h4[text()='Custom Fields']/following-sibling::a'...
2019-10-03 14:59:06,940|I|Thread-3|click target via JS, @id=
2019-10-03 14:59:06,998|I|Thread-3|clicked -> true
2019-10-03 14:59:06,999|I|Thread-3|OrangeHRMWebApplication-plan.002,OHRM_02_features.20191003_145845.001|Personnel Information Managemen|Feature-Personnel Information Management (PIM)|# 17|web.click(locator) - PASS click via JS event
2019-10-03 14:59:07,601|I|Thread-3|OrangeHRMWebApplication-plan.002,OHRM_02_features.20191003_145845.001|Personnel Information Managemen|Feature-Personnel Information Management (PIM)|# 18|web.scrollTo(locator) - executing scrollTo(locator)(${btn.addemployee.loc})
2019-10-03 14:59:07,705|I|Thread-3|OrangeHRMWebApplication-plan.002,OHRM_02_features.20191003_145845.001|Personnel Information Managemen|Feature-Personnel Information Management (PIM)|# 18|web.scrollTo(locator) - PASS scrolled to '//h4[text()='Add employee']/following-sibling::a'
2019-10-03 14:59:08,305|I|Thread-3|OrangeHRMWebApplication-plan.002,OHRM_02_features.20191003_145845.001|Personnel Information Managemen|Feature-Personnel Information Management (PIM)|# 19|web.assertTextPresent(tex - executing assertTextPresent(text)(${AddEmployee})
2019-10-03 14:59:08,355|I|Thread-3|OrangeHRMWebApplication-plan.002,OHRM_02_features.20191003_145845.001|Personnel Information Managemen|Feature-Personnel Information Management (PIM)|# 19|web.assertTextPresent(tex - PASS EXPECTED text 'Add employee' found
2019-10-03 14:59:08,956|I|Thread-3|OrangeHRMWebApplication-plan.002,OHRM_02_features.20191003_145845.001|Personnel Information Managemen|Feature-Personnel Information Management (PIM)|# 20|web.click(locator) - executing click(locator)(${btn.addemployee.loc})
2019-10-03 14:59:09,003|I|Thread-3|clicking '//h4[text()='Add employee']/following-sibling::a'...
2019-10-03 14:59:09,033|I|Thread-3|click target via JS, @id=
2019-10-03 14:59:09,095|I|Thread-3|clicked -> true
2019-10-03 14:59:09,097|I|Thread-3|OrangeHRMWebApplication-plan.002,OHRM_02_features.20191003_145845.001|Personnel Information Managemen|Feature-Personnel Information Management (PIM)|# 20|web.click(locator) - PASS click via JS event
2019-10-03 14:59:09,697|I|Thread-3|OrangeHRMWebApplication-plan.002,OHRM_02_features.20191003_145845.001|Personnel Information Managemen|Feature-Personnel Information Management (PIM)|# 21|web.scrollTo(locator) - executing scrollTo(locator)(${btn.bulkupdate.loc})
2019-10-03 14:59:09,839|I|Thread-3|OrangeHRMWebApplication-plan.002,OHRM_02_features.20191003_145845.001|Personnel Information Managemen|Feature-Personnel Information Management (PIM)|# 21|web.scrollTo(locator) - PASS scrolled to '//h4[text()='Bulk Update']/following-sibling::a'
2019-10-03 14:59:10,440|I|Thread-3|OrangeHRMWebApplication-plan.002,OHRM_02_features.20191003_145845.001|Personnel Information Managemen|Feature-Personnel Information Management (PIM)|# 22|web.assertTextPresent(tex - executing assertTextPresent(text)(${BulkUpdate})
2019-10-03 14:59:10,490|I|Thread-3|OrangeHRMWebApplication-plan.002,OHRM_02_features.20191003_145845.001|Personnel Information Managemen|Feature-Personnel Information Management (PIM)|# 22|web.assertTextPresent(tex - PASS EXPECTED text 'Bulk Update' found
2019-10-03 14:59:11,090|I|Thread-3|OrangeHRMWebApplication-plan.002,OHRM_02_features.20191003_145845.001|Personnel Information Managemen|Feature-Personnel Information Management (PIM)|# 23|web.click(locator) - executing click(locator)(${btn.bulkupdate.loc})
2019-10-03 14:59:11,135|I|Thread-3|clicking '//h4[text()='Bulk Update']/following-sibling::a'...
2019-10-03 14:59:11,171|I|Thread-3|click target via JS, @id=
2019-10-03 14:59:11,232|I|Thread-3|clicked -> true
2019-10-03 14:59:11,233|I|Thread-3|OrangeHRMWebApplication-plan.002,OHRM_02_features.20191003_145845.001|Personnel Information Managemen|Feature-Personnel Information Management (PIM)|# 23|web.click(locator) - PASS click via JS event
2019-10-03 14:59:11,835|I|Thread-3|OrangeHRMWebApplication-plan.002,OHRM_02_features.20191003_145845.001|Personnel Information Managemen|Feature-Personnel Information Management (PIM)|# 24|web.scrollTo(locator) - executing scrollTo(locator)(${btn.myshortcuts.loc})
2019-10-03 14:59:11,940|I|Thread-3|OrangeHRMWebApplication-plan.002,OHRM_02_features.20191003_145845.001|Personnel Information Managemen|Feature-Personnel Information Management (PIM)|# 24|web.scrollTo(locator) - PASS scrolled to '//h4[text()='My shortcuts']/following-sibling::a'
2019-10-03 14:59:12,541|I|Thread-3|OrangeHRMWebApplication-plan.002,OHRM_02_features.20191003_145845.001|Personnel Information Managemen|Feature-Personnel Information Management (PIM)|# 25|web.assertTextPresent(tex - executing assertTextPresent(text)(${MyShortcuts})
2019-10-03 14:59:12,612|I|Thread-3|OrangeHRMWebApplication-plan.002,OHRM_02_features.20191003_145845.001|Personnel Information Managemen|Feature-Personnel Information Management (PIM)|# 25|web.assertTextPresent(tex - PASS EXPECTED text 'My shortcuts' found
2019-10-03 14:59:13,212|I|Thread-3|OrangeHRMWebApplication-plan.002,OHRM_02_features.20191003_145845.001|Personnel Information Managemen|Feature-Personnel Information Management (PIM)|# 26|web.click(locator) - executing click(locator)(${btn.myshortcuts.loc})
2019-10-03 14:59:13,282|I|Thread-3|clicking '//h4[text()='My shortcuts']/following-sibling::a'...
2019-10-03 14:59:13,312|I|Thread-3|click target via JS, @id=
2019-10-03 14:59:13,359|I|Thread-3|clicked -> true
2019-10-03 14:59:13,361|I|Thread-3|OrangeHRMWebApplication-plan.002,OHRM_02_features.20191003_145845.001|Personnel Information Managemen|Feature-Personnel Information Management (PIM)|# 26|web.click(locator) - PASS click via JS event
2019-10-03 14:59:13,961|I|Thread-3|OrangeHRMWebApplication-plan.002,OHRM_02_features.20191003_145845.001|Personnel Information Managemen|Feature-Personnel Information Management (PIM)|# 27|web.scrollTo(locator) - executing scrollTo(locator)(${btn.reportingtools.loc})
2019-10-03 14:59:14,067|I|Thread-3|OrangeHRMWebApplication-plan.002,OHRM_02_features.20191003_145845.001|Personnel Information Managemen|Feature-Personnel Information Management (PIM)|# 27|web.scrollTo(locator) - PASS scrolled to '//h4[text()='Reporting tools']/following-sibling::a'
2019-10-03 14:59:14,668|I|Thread-3|OrangeHRMWebApplication-plan.002,OHRM_02_features.20191003_145845.001|Personnel Information Managemen|Feature-Personnel Information Management (PIM)|# 28|web.assertTextPresent(tex - executing assertTextPresent(text)(${ReportingTools})
2019-10-03 14:59:14,728|I|Thread-3|OrangeHRMWebApplication-plan.002,OHRM_02_features.20191003_145845.001|Personnel Information Managemen|Feature-Personnel Information Management (PIM)|# 28|web.assertTextPresent(tex - PASS EXPECTED text 'Reporting tools' found
2019-10-03 14:59:15,328|I|Thread-3|OrangeHRMWebApplication-plan.002,OHRM_02_features.20191003_145845.001|Personnel Information Managemen|Feature-Personnel Information Management (PIM)|# 29|web.click(locator) - executing click(locator)(${btn.reportingtools.loc})
2019-10-03 14:59:15,400|I|Thread-3|clicking '//h4[text()='Reporting tools']/following-sibling::a'...
2019-10-03 14:59:15,427|I|Thread-3|click target via JS, @id=
2019-10-03 14:59:15,473|I|Thread-3|clicked -> true
2019-10-03 14:59:15,474|I|Thread-3|OrangeHRMWebApplication-plan.002,OHRM_02_features.20191003_145845.001|Personnel Information Managemen|Feature-Personnel Information Management (PIM)|# 29|web.click(locator) - PASS click via JS event
2019-10-03 14:59:16,075|I|Thread-3|OrangeHRMWebApplication-plan.002,OHRM_02_features.20191003_145845.001|Personnel Information Managemen|Feature-Personnel Information Management (PIM)|# 30|base.section(steps) - executing section(steps)(1)
2019-10-03 14:59:16,076|I|Thread-3|OrangeHRMWebApplication-plan.002,OHRM_02_features.20191003_145845.001|Personnel Information Managemen|Feature-Personnel Information Management (PIM)|# 30|base.section(steps) - PASS 
2019-10-03 14:59:16,676|I|Thread-3|OrangeHRMWebApplication-plan.002,OHRM_02_features.20191003_145845.001|Personnel Information Managemen|Feature-Personnel Information Management (PIM)|# 31|base.verbose(text) - executing verbose(text)(Executed Successfully)
2019-10-03 14:59:16,676|I|Thread-3|OrangeHRMWebApplication-plan.002,OHRM_02_features.20191003_145845.001|Personnel Information Managemen|Feature-Personnel Information Management (PIM)|# 31|base.verbose(text) - Executed Successfully
2019-10-03 14:59:16,679|I|Thread-3|OrangeHRMWebApplication-plan.002,OHRM_02_features.20191003_145845.001|Personnel Information Managemen|Feature-Personnel Information Management (PIM)|# 31|base.verbose(text) - PASS 
2019-10-03 14:59:16,732|I|Thread-3|[OrangeHRMWebApplication-plan.002,OHRM_02_features.20191003_145845.001|Personnel Information Managemen] saving test scenario
2019-10-03 14:59:16,817|I|Thread-3|[20191003_145802] 
/-TEST COMPLETE-----------------------------------------------------------------
| Test Output:    C:\projects\OrangeHRMWebApplication\output\20191003_145802\OrangeHRMWebApplication-plan.002,OHRM_02_features.20191003_145845.001.xlsx
| Iteration:      1
\-------------------------------------------------------------------------------
» Execution Time: 28413 ms
» Test Steps:     27
» Error(s):       0



2019-10-03 14:59:17,219|I|Thread-3|SKIPPING auto-open-result since Nexial is currently running in non-interactive environment
2019-10-03 14:59:17,220|I|Thread-3|[20191003_145802] 
/-TEST COMPLETE-----------------------------------------------------------------
| Test Script:    C:\projects\OrangeHRMWebApplication\artifact\script\OHRM_02_features.xlsx
\-------------------------------------------------------------------------------
» Execution Time: 31259 ms
» Iterations:     [1] total 1
» Test Steps:     27
» Passed:         27
» Error(s):       0
» Iteration 1 of 1: C:\projects\OrangeHRMWebApplication\output\20191003_145802\OrangeHRMWebApplication-plan.002,OHRM_02_features.20191003_145845.001.xlsx



2019-10-03 14:59:18,025|I|main|[20191003_145802] [C:\projects\OrangeHRMWebApplication\artifact\script\OHRM_02_features.xlsx] now completed
2019-10-03 14:59:18,026|I|main|[20191003_145802] all execution thread(s) have terminated
2019-10-03 14:59:18,026|I|main|[20191003_145802] test run completed in about 75 seconds
2019-10-03 14:59:18,155|I|main|No predefined nexial-setup found
2019-10-03 14:59:18,203|I|main|outputBase not set; output-to-cloud DISABLED!
2019-10-03 14:59:18,203|I|main|accessKey not set; output-to-cloud DISABLED!
2019-10-03 14:59:18,203|I|main|secretKey not set; output-to-cloud DISABLED!
2019-10-03 14:59:18,204|I|main|SKIPPING auto-open-result since Nexial is currently running in non-interactive environment
2019-10-03 14:59:18,204|I|main|generating HTML output for this execution to C:\projects\OrangeHRMWebApplication\output\20191003_145802\execution-output.html
2019-10-03 14:59:18,726|I|main|generating JUnit XML output for this execution to C:\projects\OrangeHRMWebApplication\output\20191003_145802\junit.xml
2019-10-03 14:59:18,783|I|main|Generated JUnit report for this execution: C:\projects\OrangeHRMWebApplication\output\20191003_145802\junit.xml
2019-10-03 14:59:18,783|I|main|nexial mailer not enabled: nexial.enableEmail=false
2019-10-03 14:59:18,783|I|main|skipped email notification as configured
2019-10-03 14:59:18,784|I|main|Exiting Nexial...
2019-10-03 14:59:18,785|I|main|shutdown starts...
2019-10-03 14:59:18,786|I|main|Shutting down 'chrome' webdriver...
2019-10-03 14:59:25,608|I|main|shutdown ends...
2019-10-03 14:59:25,608|I|main|

/-END OF EXECUTION--------------------------------------------------------------
| » Execution Time: 75 sec.
| » Test Steps:     47
| » Passed:         47
| » Failed:         0
| » Success Rate:   100.00%
\---------------------------------------------------------------nexial-core 2.2_0488-

2019-10-03 14:59:25,609|I|main|ALL PASSED!
2019-10-03 14:59:25,609|I|main|End of Execution:
OUTPUT:       C:\projects\OrangeHRMWebApplication\output\20191003_145802
EXECUTION:    C:\projects\OrangeHRMWebApplication\output\20191003_145802\execution-output.html
JUNIT XML:    C:\projects\OrangeHRMWebApplication\output\20191003_145802\junit.xml
SUCCESS RATE: 100.00%
EXIT STATUS:  0
2019-10-03 14:59:25,609|I|main|End of Execution:
NEXIAL_OUTPUT:         C:\projects\OrangeHRMWebApplication\output\20191003_145802
NEXIAL_EXECUTION_HTML: C:\projects\OrangeHRMWebApplication\output\20191003_145802\execution-output.html
NEXIAL_JUNIT_XML:      C:\projects\OrangeHRMWebApplication\output\20191003_145802\junit.xml
NEXIAL_SUCCESS_RATE:   100.00%
NEXIAL_EXIT_STATUS:    0
