2019-10-04 12:03:01,903|I|Thread-1|(DELAYED) nexial-core 2.2_0488 starting up...
2019-10-04 12:03:01,909|I|Thread-1|(DELAYED) data file resolved as C:\Users\SANDHI~1.MUN\AppData\Local\Temp\zOdzf\OHRM_01_signup.data.xlsx
2019-10-04 12:03:01,910|I|Thread-1|(DELAYED) input files and output directory resolved...
2019-10-04 12:03:01,910|I|Thread-1|(DELAYED) No predefined nexial-setup found
2019-10-04 12:03:01,910|I|Thread-1|(DELAYED) [20191004_120301] [C:\projects\OrangeHRMWebApplication\artifact\script\OHRM_01_signup.xlsx] resolve RUN ID as 20191004_120301
2019-10-04 12:03:01,910|I|Thread-1|(DELAYED) [20191004_120301] [C:\projects\OrangeHRMWebApplication\artifact\script\OHRM_01_signup.xlsx] new thread started
2019-10-04 12:03:01,911|I|Thread-1|No predefined nexial-setup found
2019-10-04 12:03:02,034|I|Thread-1|outputBase not set; output-to-cloud DISABLED!
2019-10-04 12:03:02,035|I|Thread-1|accessKey not set; output-to-cloud DISABLED!
2019-10-04 12:03:02,036|I|Thread-1|secretKey not set; output-to-cloud DISABLED!
2019-10-04 12:03:02,067|I|Thread-1|missing REQUIRED configuration; sms DISABLED!
2019-10-04 12:03:03,085|I|Thread-1|[20191004_120301] executing C:\projects\OrangeHRMWebApplication\artifact\script\OHRM_01_signup.xlsx with 1 iteration(s)
2019-10-04 12:03:03,093|I|Thread-1|[20191004_120301] create directory C:\projects\OrangeHRMWebApplication\output\20191004_120301\captures
2019-10-04 12:03:03,095|I|Thread-1|[20191004_120301] create directory C:\projects\OrangeHRMWebApplication\output\20191004_120301\logs
2019-10-04 12:03:03,906|I|Thread-1|[20191004_120301] merging test data to tmp file C:\projects\OrangeHRMWebApplication\output\20191004_120301\OHRM_01_signup.20191004_120303.001.xlsx
2019-10-04 12:03:03,907|I|Thread-1|refetching data from C:\projects\OrangeHRMWebApplication\artifact\data\OHRM_01_signup.data.xlsx
2019-10-04 12:03:04,336|I|Thread-1|[20191004_120301] test script and test data merged to C:\projects\OrangeHRMWebApplication\output\20191004_120301\OHRM_01_signup.20191004_120303.001.xlsx
2019-10-04 12:03:05,118|I|Thread-1|STARTS
2019-10-04 12:03:05,148|I|Thread-1|OHRM_01_signup.20191004_120303.001 - executing iteration #1 of 1; Iteration Id 1
2019-10-04 12:03:05,161|I|Thread-1|OHRM_01_signup.20191004_120303.001|signup - executing test scenario
2019-10-04 12:03:05,163|I|Thread-1|OHRM_01_signup.20191004_120303.001|signup|Openurl - executing activity
2019-10-04 12:03:05,768|I|Thread-1|OHRM_01_signup.20191004_120303.001|signup|Openurl|#  5|web.open(url) - executing open(url)(${url})
2019-10-04 12:03:05,809|I|Thread-1|No valid instance of webdriver, initializing...
2019-10-04 12:03:05,882|I|Thread-1|init browserstack
2019-10-04 12:03:05,892|E|Thread-1|Error initializing browser 'browserstack': Both nexial.browserstack.username and nexial.browserstack.automatekey are required to use BrowserStack
2019-10-04 12:03:05,893|E|Thread-1|Error initializing browser 'browserstack': Both nexial.browserstack.username and nexial.browserstack.automatekey are required to use BrowserStack
2019-10-04 12:03:06,266|I|Thread-1|OHRM_01_signup.20191004_120303.001|signup|Openurl|#  5|web.open(url) - FAIL Error initializing browser 'browserstack': Both nexial.browserstack.username and nexial.browserstack.automatekey are required to use BrowserStack
2019-10-04 12:03:06,271|I|Thread-1|OHRM_01_signup.20191004_120303.001|signup|Openurl|#  5|web.open(url) - test stopping due to failure on fail-fast command: web.open(url)
2019-10-04 12:03:06,273|I|Thread-1|OHRM_01_signup.20191004_120303.001|signup - test activity execution failed. Because of this, all subsequent test case will be skipped
2019-10-04 12:03:06,275|I|Thread-1|OHRM_01_signup.20191004_120303.001|signup - test activity execution ending due to EndLoopIf() flow control activated or unrecoverable execution failure.
2019-10-04 12:03:06,279|I|Thread-1|OHRM_01_signup.20191004_120303.001|signup - skipping test activity due to previous failure
2019-10-04 12:03:06,280|I|Thread-1|OHRM_01_signup.20191004_120303.001|signup - skipping test activity due to previous failure
2019-10-04 12:03:06,282|I|Thread-1|OHRM_01_signup.20191004_120303.001|signup - skipping test activity due to previous failure
2019-10-04 12:03:06,283|I|Thread-1|OHRM_01_signup.20191004_120303.001|signup - skipping test activity due to previous failure
2019-10-04 12:03:06,284|I|Thread-1|OHRM_01_signup.20191004_120303.001|signup - skipping test activity due to previous failure
2019-10-04 12:03:06,286|I|Thread-1|OHRM_01_signup.20191004_120303.001|signup - skipping test activity due to previous failure
2019-10-04 12:03:06,287|I|Thread-1|OHRM_01_signup.20191004_120303.001|signup - skipping test activity due to previous failure
2019-10-04 12:03:06,292|I|Thread-1|OHRM_01_signup.20191004_120303.001|signup - skipping test activity due to previous failure
2019-10-04 12:03:06,294|I|Thread-1|OHRM_01_signup.20191004_120303.001|signup - skipping test activity due to previous failure
2019-10-04 12:03:06,297|I|Thread-1|OHRM_01_signup.20191004_120303.001|signup - skipping test activity due to previous failure
2019-10-04 12:03:06,299|I|Thread-1|OHRM_01_signup.20191004_120303.001|signup - skipping test activity due to previous failure
2019-10-04 12:03:06,301|I|Thread-1|OHRM_01_signup.20191004_120303.001|signup - skipping test activity due to previous failure
2019-10-04 12:03:06,302|I|Thread-1|OHRM_01_signup.20191004_120303.001|signup - skipping test activity due to previous failure
2019-10-04 12:03:06,304|I|Thread-1|OHRM_01_signup.20191004_120303.001|signup - skipping test activity due to previous failure
2019-10-04 12:03:06,305|I|Thread-1|OHRM_01_signup.20191004_120303.001|signup - skipping test activity due to previous failure
2019-10-04 12:03:06,307|I|Thread-1|OHRM_01_signup.20191004_120303.001|signup - skipping test activity due to previous failure
2019-10-04 12:03:06,308|I|Thread-1|OHRM_01_signup.20191004_120303.001|signup - skipping test activity due to previous failure
2019-10-04 12:03:06,313|I|Thread-1|OHRM_01_signup.20191004_120303.001|signup - skipping test activity due to previous failure
2019-10-04 12:03:06,315|I|Thread-1|OHRM_01_signup.20191004_120303.001|signup - skipping test activity due to previous failure
2019-10-04 12:03:06,333|I|Thread-1|[OHRM_01_signup.20191004_120303.001|signup] saving test scenario
2019-10-04 12:03:06,528|I|Thread-1|OHRM_01_signup.20191004_120303.001|signup - test scenario execution failed, and fail-immediate in effect. Hence all subsequent test scenarios will be skipped
2019-10-04 12:03:06,533|I|Thread-1|[20191004_120301] 
/-TEST COMPLETE-----------------------------------------------------------------
| Test Output:    C:\projects\OrangeHRMWebApplication\output\20191004_120301\OHRM_01_signup.20191004_120303.001.xlsx
| Iteration:      1
\-------------------------------------------------------------------------------
» Execution Time: 1380 ms
» Test Steps:     1
» Error(s):       1



2019-10-04 12:03:06,534|I|Thread-1|OHRM_01_signup.20191004_120303.001 - fail-immediate in effect - test execution will stop now.
2019-10-04 12:03:08,433|I|Thread-1|[20191004_120301] 
/-TEST COMPLETE-----------------------------------------------------------------
| Test Script:    C:\projects\OrangeHRMWebApplication\artifact\script\OHRM_01_signup.xlsx
\-------------------------------------------------------------------------------
» Execution Time: 6759 ms
» Iterations:     [1] total 1
» Test Steps:     1
» Passed:         0
» Error(s):       1
» Iteration 1 of 1: C:\projects\OrangeHRMWebApplication\output\20191004_120301\OHRM_01_signup.20191004_120303.001.xlsx



2019-10-04 12:03:08,610|I|main|[20191004_120301] [C:\projects\OrangeHRMWebApplication\artifact\script\OHRM_01_signup.xlsx] now completed
2019-10-04 12:03:08,614|I|main|[20191004_120301] all execution thread(s) have terminated
2019-10-04 12:03:08,620|I|main|[20191004_120301] test run completed in about 7 seconds
2019-10-04 12:03:08,752|I|main|No predefined nexial-setup found
2019-10-04 12:03:08,783|I|main|outputBase not set; output-to-cloud DISABLED!
2019-10-04 12:03:08,784|I|main|accessKey not set; output-to-cloud DISABLED!
2019-10-04 12:03:08,785|I|main|secretKey not set; output-to-cloud DISABLED!
2019-10-04 12:03:08,787|I|main|generating HTML output for this execution to C:\projects\OrangeHRMWebApplication\output\20191004_120301\execution-output.html
2019-10-04 12:03:09,317|I|main|generating JUnit XML output for this execution to C:\projects\OrangeHRMWebApplication\output\20191004_120301\junit.xml
2019-10-04 12:03:09,373|I|main|Generated JUnit report for this execution: C:\projects\OrangeHRMWebApplication\output\20191004_120301\junit.xml
2019-10-04 12:03:09,398|I|main|nexial mailer not enabled: nexial.enableEmail=false
2019-10-04 12:03:09,399|I|main|skipped email notification as configured
2019-10-04 12:03:09,400|I|main|Exiting Nexial...
2019-10-04 12:03:09,402|I|main|

/-END OF EXECUTION--------------------------------------------------------------
| » Execution Time: 7 sec.
| » Test Steps:     1
| » Passed:         0
| » Failed:         1
| » Success Rate:   0.00%
\---------------------------------------------------------------nexial-core 2.2_0488-

2019-10-04 12:03:09,405|E|main|failure found; success rate is 0.00%
2019-10-04 12:03:09,413|I|main|End of Execution:
OUTPUT:       C:\projects\OrangeHRMWebApplication\output\20191004_120301
EXECUTION:    C:\projects\OrangeHRMWebApplication\output\20191004_120301\execution-output.html
JUNIT XML:    C:\projects\OrangeHRMWebApplication\output\20191004_120301\junit.xml
SUCCESS RATE: 0.00%
EXIT STATUS:  -13
2019-10-04 12:03:09,415|I|main|End of Execution:
NEXIAL_OUTPUT:         C:\projects\OrangeHRMWebApplication\output\20191004_120301
NEXIAL_EXECUTION_HTML: C:\projects\OrangeHRMWebApplication\output\20191004_120301\execution-output.html
NEXIAL_JUNIT_XML:      C:\projects\OrangeHRMWebApplication\output\20191004_120301\junit.xml
NEXIAL_SUCCESS_RATE:   0.00%
NEXIAL_EXIT_STATUS:    -13
