2019-10-01 12:01:06,596|I|Thread-1|(DELAYED) nexial-core 2.2_0488 starting up...
2019-10-01 12:01:06,603|I|Thread-1|(DELAYED) data file resolved as C:\Users\SANDHI~1.MUN\AppData\Local\Temp\scsUX\OHRM_02_features.data.xlsx
2019-10-01 12:01:06,603|I|Thread-1|(DELAYED) input files and output directory resolved...
2019-10-01 12:01:06,603|I|Thread-1|(DELAYED) No predefined nexial-setup found
2019-10-01 12:01:06,604|I|Thread-1|(DELAYED) [20191001_120106] [C:\projects\OrangeHRMWebApplication\artifact\script\OHRM_02_features.xlsx] resolve RUN ID as 20191001_120106
2019-10-01 12:01:06,604|I|Thread-1|(DELAYED) [20191001_120106] [C:\projects\OrangeHRMWebApplication\artifact\script\OHRM_02_features.xlsx] new thread started
2019-10-01 12:01:06,604|I|Thread-1|No predefined nexial-setup found
2019-10-01 12:01:06,740|I|Thread-1|outputBase not set; output-to-cloud DISABLED!
2019-10-01 12:01:06,741|I|Thread-1|accessKey not set; output-to-cloud DISABLED!
2019-10-01 12:01:06,742|I|Thread-1|secretKey not set; output-to-cloud DISABLED!
2019-10-01 12:01:06,792|I|Thread-1|missing REQUIRED configuration; sms DISABLED!
2019-10-01 12:01:07,984|I|Thread-1|[20191001_120106] executing C:\projects\OrangeHRMWebApplication\artifact\script\OHRM_02_features.xlsx with 1 iteration(s)
2019-10-01 12:01:07,993|I|Thread-1|[20191001_120106] create directory C:\projects\OrangeHRMWebApplication\output\20191001_120106\captures
2019-10-01 12:01:07,995|I|Thread-1|[20191001_120106] create directory C:\projects\OrangeHRMWebApplication\output\20191001_120106\logs
2019-10-01 12:01:09,147|I|Thread-1|[20191001_120106] merging test data to tmp file C:\projects\OrangeHRMWebApplication\output\20191001_120106\OHRM_02_features.20191001_120107.001.xlsx
2019-10-01 12:01:09,148|I|Thread-1|refetching data from C:\projects\OrangeHRMWebApplication\artifact\data\OHRM_02_features.data.xlsx
2019-10-01 12:01:09,666|I|Thread-1|[20191001_120106] test script and test data merged to C:\projects\OrangeHRMWebApplication\output\20191001_120106\OHRM_02_features.20191001_120107.001.xlsx
2019-10-01 12:01:10,872|I|Thread-1|STARTS
2019-10-01 12:01:10,905|I|Thread-1|OHRM_02_features.20191001_120107.001 - executing iteration #1 of 1; Iteration Id 1
2019-10-01 12:01:10,917|I|Thread-1|OHRM_02_features.20191001_120107.001|orangehrm - executing test scenario
2019-10-01 12:01:10,921|I|Thread-1|OHRM_02_features.20191001_120107.001|orangehrm|Features - executing activity
2019-10-01 12:01:11,527|I|Thread-1|OHRM_02_features.20191001_120107.001|orangehrm|Features|#  5|web.open(url) - executing open(url)(${url})
2019-10-01 12:01:11,539|I|Thread-1|No valid instance of webdriver, initializing...
2019-10-01 12:01:11,545|I|Thread-1|init chrome
2019-10-01 12:01:15,259|I|Thread-1|browser initialization completed for 'chrome'
2019-10-01 12:01:15,296|I|Thread-1|setting browser polling wait time to 800 ms
2019-10-01 12:01:15,320|I|Thread-1|setting browser page load timeout to 10000 ms
2019-10-01 12:01:15,397|I|Thread-1|OHRM_02_features.20191001_120107.001|orangehrm|Features|#  5|web.open(url) - default browser stability wait time is 3000 ms
2019-10-01 12:01:22,722|I|Thread-1|current browser window handle:CDwindow-AA5E428E9B93A7B603497339D3A9337C
2019-10-01 12:01:23,197|I|Thread-1|OHRM_02_features.20191001_120107.001|orangehrm|Features|#  5|web.open(url) - PASS opened URL https://www.orangehrm.com/
2019-10-01 12:01:23,803|I|Thread-1|OHRM_02_features.20191001_120107.001|orangehrm|Features|#  6|web.maximizeWindow() - executing maximizeWindow()()
2019-10-01 12:01:25,210|I|Thread-1|OHRM_02_features.20191001_120107.001|orangehrm|Features|#  6|web.maximizeWindow() - PASS browser window maximized
2019-10-01 12:01:25,818|I|Thread-1|OHRM_02_features.20191001_120107.001|orangehrm|Features|#  7|web.click(locator) - executing click(locator)(${btn.features.loc})
2019-10-01 12:01:25,936|I|Thread-1|clicking '//div[@id='header-navbar']/ul/li/a[text()='Features']'...
2019-10-01 12:01:26,013|I|Thread-1|click target via JS, @id=
2019-10-01 12:01:27,287|I|Thread-1|clicked -> true
2019-10-01 12:01:27,291|I|Thread-1|OHRM_02_features.20191001_120107.001|orangehrm|Features|#  7|web.click(locator) - PASS click via JS event
2019-10-01 12:01:27,894|I|Thread-1|OHRM_02_features.20191001_120107.001|orangehrm|Features|#  8|web.click(locator) - executing click(locator)(${btn.pim.loc})
2019-10-01 12:01:28,000|I|Thread-1|clicking '//h4[text()='Personnel Information Management (PIM)']'...
2019-10-01 12:01:28,081|I|Thread-1|click target via JS, @id=
2019-10-01 12:01:30,845|I|Thread-1|clicked -> true
2019-10-01 12:01:30,847|I|Thread-1|OHRM_02_features.20191001_120107.001|orangehrm|Features|#  8|web.click(locator) - PASS click via JS event
2019-10-01 12:01:31,457|I|Thread-1|OHRM_02_features.20191001_120107.001|orangehrm|Features|#  9|web.scrollTo(locator) - executing scrollTo(locator)(${btn.customfields.loc})
2019-10-01 12:01:31,604|I|Thread-1|OHRM_02_features.20191001_120107.001|orangehrm|Features|#  9|web.scrollTo(locator) - PASS scrolled to '//h4[text()='Custom Fields']/following-sibling::a'
2019-10-01 12:01:32,215|I|Thread-1|OHRM_02_features.20191001_120107.001|orangehrm|Features|# 10|web.click(locator) - executing click(locator)(${btn.customfields.loc})
2019-10-01 12:01:32,281|I|Thread-1|clicking '//h4[text()='Custom Fields']/following-sibling::a'...
2019-10-01 12:01:32,317|I|Thread-1|click target via JS, @id=
2019-10-01 12:01:32,402|I|Thread-1|clicked -> true
2019-10-01 12:01:32,405|I|Thread-1|OHRM_02_features.20191001_120107.001|orangehrm|Features|# 10|web.click(locator) - PASS click via JS event
2019-10-01 12:01:33,010|I|Thread-1|OHRM_02_features.20191001_120107.001|orangehrm|Features|# 11|web.scrollTo(locator) - executing scrollTo(locator)(${btn.addemployee.loc})
2019-10-01 12:01:33,172|I|Thread-1|OHRM_02_features.20191001_120107.001|orangehrm|Features|# 11|web.scrollTo(locator) - PASS scrolled to '//h4[text()='Add employee']/following-sibling::a'
2019-10-01 12:01:33,786|I|Thread-1|OHRM_02_features.20191001_120107.001|orangehrm|Features|# 12|web.click(locator) - executing click(locator)(${btn.addemployee.loc})
2019-10-01 12:01:33,848|I|Thread-1|clicking '//h4[text()='Add employee']/following-sibling::a'...
2019-10-01 12:01:33,887|I|Thread-1|click target via JS, @id=
2019-10-01 12:01:33,961|I|Thread-1|clicked -> true
2019-10-01 12:01:33,963|I|Thread-1|OHRM_02_features.20191001_120107.001|orangehrm|Features|# 12|web.click(locator) - PASS click via JS event
2019-10-01 12:01:34,568|I|Thread-1|OHRM_02_features.20191001_120107.001|orangehrm|Features|# 13|web.scrollTo(locator) - executing scrollTo(locator)(${btn.bulkupdate.loc})
2019-10-01 12:01:34,743|I|Thread-1|OHRM_02_features.20191001_120107.001|orangehrm|Features|# 13|web.scrollTo(locator) - PASS scrolled to '//h4[text()='Bulk Update']/following-sibling::a'
2019-10-01 12:01:35,362|I|Thread-1|OHRM_02_features.20191001_120107.001|orangehrm|Features|# 14|web.click(locator) - executing click(locator)(${btn.bulkupdate.loc})
2019-10-01 12:01:35,431|I|Thread-1|clicking '//h4[text()='Bulk Update']/following-sibling::a'...
2019-10-01 12:01:35,487|I|Thread-1|click target via JS, @id=
2019-10-01 12:01:35,597|I|Thread-1|clicked -> true
2019-10-01 12:01:35,600|I|Thread-1|OHRM_02_features.20191001_120107.001|orangehrm|Features|# 14|web.click(locator) - PASS click via JS event
2019-10-01 12:01:36,201|I|Thread-1|OHRM_02_features.20191001_120107.001|orangehrm|Features|# 15|web.scrollTo(locator) - executing scrollTo(locator)(${btn.myshortcuts.loc})
2019-10-01 12:01:36,353|I|Thread-1|OHRM_02_features.20191001_120107.001|orangehrm|Features|# 15|web.scrollTo(locator) - PASS scrolled to '//h4[text()='My shortcuts']/following-sibling::a'
2019-10-01 12:01:36,965|I|Thread-1|OHRM_02_features.20191001_120107.001|orangehrm|Features|# 16|web.click(locator) - executing click(locator)(${btn.myshortcuts.loc})
2019-10-01 12:01:37,041|I|Thread-1|clicking '//h4[text()='My shortcuts']/following-sibling::a'...
2019-10-01 12:01:37,096|I|Thread-1|click target via JS, @id=
2019-10-01 12:01:37,172|I|Thread-1|clicked -> true
2019-10-01 12:01:37,176|I|Thread-1|OHRM_02_features.20191001_120107.001|orangehrm|Features|# 16|web.click(locator) - PASS click via JS event
2019-10-01 12:01:37,779|I|Thread-1|OHRM_02_features.20191001_120107.001|orangehrm|Features|# 17|web.scrollTo(locator) - executing scrollTo(locator)(${btn.reportingtools.loc})
2019-10-01 12:01:37,954|I|Thread-1|OHRM_02_features.20191001_120107.001|orangehrm|Features|# 17|web.scrollTo(locator) - PASS scrolled to '//h4[text()='Reporting tools']/following-sibling::a'
2019-10-01 12:01:38,582|I|Thread-1|OHRM_02_features.20191001_120107.001|orangehrm|Features|# 18|web.click(locator) - executing click(locator)(${btn.reportingtools.loc})
2019-10-01 12:01:38,649|I|Thread-1|clicking '//h4[text()='Reporting tools']/following-sibling::a'...
2019-10-01 12:01:38,699|I|Thread-1|click target via JS, @id=
2019-10-01 12:01:38,773|I|Thread-1|clicked -> true
2019-10-01 12:01:38,778|I|Thread-1|OHRM_02_features.20191001_120107.001|orangehrm|Features|# 18|web.click(locator) - PASS click via JS event
2019-10-01 12:01:39,218|I|Thread-1|[OHRM_02_features.20191001_120107.001|orangehrm] saving test scenario
2019-10-01 12:01:39,785|I|Thread-1|[20191001_120106] 
/-TEST COMPLETE-----------------------------------------------------------------
| Test Output:    C:\projects\OrangeHRMWebApplication\output\20191001_120106\OHRM_02_features.20191001_120107.001.xlsx
| Iteration:      1
\-------------------------------------------------------------------------------
» Execution Time: 28844 ms
» Test Steps:     14
» Error(s):       0



2019-10-01 12:01:43,087|I|Thread-1|[20191001_120106] 
/-TEST COMPLETE-----------------------------------------------------------------
| Test Script:    C:\projects\OrangeHRMWebApplication\artifact\script\OHRM_02_features.xlsx
\-------------------------------------------------------------------------------
» Execution Time: 36778 ms
» Iterations:     [1] total 1
» Test Steps:     14
» Passed:         14
» Error(s):       0
» Iteration 1 of 1: C:\projects\OrangeHRMWebApplication\output\20191001_120106\OHRM_02_features.20191001_120107.001.xlsx



2019-10-01 12:01:43,337|I|main|[20191001_120106] [C:\projects\OrangeHRMWebApplication\artifact\script\OHRM_02_features.xlsx] now completed
2019-10-01 12:01:43,339|I|main|[20191001_120106] all execution thread(s) have terminated
2019-10-01 12:01:43,340|I|main|[20191001_120106] test run completed in about 37 seconds
2019-10-01 12:01:43,560|I|main|No predefined nexial-setup found
2019-10-01 12:01:43,623|I|main|outputBase not set; output-to-cloud DISABLED!
2019-10-01 12:01:43,628|I|main|accessKey not set; output-to-cloud DISABLED!
2019-10-01 12:01:43,629|I|main|secretKey not set; output-to-cloud DISABLED!
2019-10-01 12:01:43,634|I|main|generating HTML output for this execution to C:\projects\OrangeHRMWebApplication\output\20191001_120106\execution-output.html
2019-10-01 12:01:44,675|I|main|generating JUnit XML output for this execution to C:\projects\OrangeHRMWebApplication\output\20191001_120106\junit.xml
2019-10-01 12:01:44,746|I|main|Generated JUnit report for this execution: C:\projects\OrangeHRMWebApplication\output\20191001_120106\junit.xml
2019-10-01 12:01:44,771|I|main|nexial mailer not enabled: nexial.enableEmail=false
2019-10-01 12:01:44,772|I|main|skipped email notification as configured
2019-10-01 12:01:44,774|I|main|Exiting Nexial...
2019-10-01 12:01:44,775|I|main|shutdown starts...
2019-10-01 12:01:44,779|I|main|Shutting down 'chrome' webdriver...
2019-10-01 12:01:51,802|I|main|shutdown ends...
2019-10-01 12:01:51,804|I|main|

/-END OF EXECUTION--------------------------------------------------------------
| » Execution Time: 37 sec.
| » Test Steps:     14
| » Passed:         14
| » Failed:         0
| » Success Rate:   100.00%
\---------------------------------------------------------------nexial-core 2.2_0488-

2019-10-01 12:01:51,805|I|main|ALL PASSED!
2019-10-01 12:01:51,806|I|main|End of Execution:
OUTPUT:       C:\projects\OrangeHRMWebApplication\output\20191001_120106
EXECUTION:    C:\projects\OrangeHRMWebApplication\output\20191001_120106\execution-output.html
JUNIT XML:    C:\projects\OrangeHRMWebApplication\output\20191001_120106\junit.xml
SUCCESS RATE: 100.00%
EXIT STATUS:  0
2019-10-01 12:01:51,808|I|main|End of Execution:
NEXIAL_OUTPUT:         C:\projects\OrangeHRMWebApplication\output\20191001_120106
NEXIAL_EXECUTION_HTML: C:\projects\OrangeHRMWebApplication\output\20191001_120106\execution-output.html
NEXIAL_JUNIT_XML:      C:\projects\OrangeHRMWebApplication\output\20191001_120106\junit.xml
NEXIAL_SUCCESS_RATE:   100.00%
NEXIAL_EXIT_STATUS:    0
