2019-10-03 18:52:04,695|I|Thread-1|(DELAYED) nexial-core 2.2_0488 starting up...
2019-10-03 18:52:04,702|I|Thread-1|(DELAYED) validating test script as C:\projects\OrangeHRMWebApplication\artifact\script\OHRM_01_signup.xlsx
2019-10-03 18:52:04,702|I|Thread-1|(DELAYED) validating data file as C:\projects\OrangeHRMWebApplication\artifact\data\OHRM_01_signup.data.xlsx
2019-10-03 18:52:04,702|I|Thread-1|(DELAYED) validating test script as C:\projects\OrangeHRMWebApplication\artifact\script\OHRM_02_features.xlsx
2019-10-03 18:52:04,702|I|Thread-1|(DELAYED) validating data file as C:\projects\OrangeHRMWebApplication\artifact\data\OHRM_02_features.data.xlsx
2019-10-03 18:52:04,704|I|Thread-1|(DELAYED) input files and output directory resolved...
2019-10-03 18:52:04,704|I|Thread-1|(DELAYED) No predefined nexial-setup found
2019-10-03 18:52:04,704|I|Thread-1|(DELAYED) [20191003_185204] [C:\projects\OrangeHRMWebApplication\artifact\script\OHRM_01_signup.xlsx] resolve RUN ID as 20191003_185204
2019-10-03 18:52:04,704|I|Thread-1|(DELAYED) [20191003_185204] [C:\projects\OrangeHRMWebApplication\artifact\script\OHRM_01_signup.xlsx] new thread started
2019-10-03 18:52:04,704|I|Thread-1|No predefined nexial-setup found
2019-10-03 18:52:04,810|I|Thread-1|outputBase not set; output-to-cloud DISABLED!
2019-10-03 18:52:04,810|I|Thread-1|accessKey not set; output-to-cloud DISABLED!
2019-10-03 18:52:04,810|I|Thread-1|secretKey not set; output-to-cloud DISABLED!
2019-10-03 18:52:04,842|I|Thread-1|missing REQUIRED configuration; sms DISABLED!
2019-10-03 18:52:06,149|I|Thread-1|[20191003_185204] executing C:\projects\OrangeHRMWebApplication\artifact\script\OHRM_01_signup.xlsx with 1 iteration(s)
2019-10-03 18:52:06,156|I|Thread-1|[20191003_185204] create directory C:\projects\OrangeHRMWebApplication\output\20191003_185204\captures
2019-10-03 18:52:06,164|I|Thread-1|[20191003_185204] create directory C:\projects\OrangeHRMWebApplication\output\20191003_185204\logs
2019-10-03 18:52:07,138|I|Thread-1|[20191003_185204] merging test data to tmp file C:\projects\OrangeHRMWebApplication\output\20191003_185204\OrangeHRMWebApplication-plan.001,OHRM_01_signup.20191003_185206.001.xlsx
2019-10-03 18:52:07,139|I|Thread-1|refetching data from C:\projects\OrangeHRMWebApplication\artifact\data\OHRM_01_signup.data.xlsx
2019-10-03 18:52:07,559|I|Thread-1|[20191003_185204] test script and test data merged to C:\projects\OrangeHRMWebApplication\output\20191003_185204\OrangeHRMWebApplication-plan.001,OHRM_01_signup.20191003_185206.001.xlsx
2019-10-03 18:52:08,721|I|Thread-1|STARTS
2019-10-03 18:52:08,754|I|Thread-1|OrangeHRMWebApplication-plan.001,OHRM_01_signup.20191003_185206.001 - executing iteration #1 of 1; Iteration Id 1
2019-10-03 18:52:08,762|I|Thread-1|OrangeHRMWebApplication-plan.001,OHRM_01_signup.20191003_185206.001|signup - executing test scenario
2019-10-03 18:52:08,763|I|Thread-1|OrangeHRMWebApplication-plan.001,OHRM_01_signup.20191003_185206.001|signup|Openurl - executing activity
2019-10-03 18:52:09,365|I|Thread-1|OrangeHRMWebApplication-plan.001,OHRM_01_signup.20191003_185206.001|signup|Openurl|#  5|web.open(url) - executing open(url)(${url})
2019-10-03 18:52:09,368|I|Thread-1|No valid instance of webdriver, initializing...
2019-10-03 18:52:09,370|I|Thread-1|init chrome
2019-10-03 18:52:12,731|I|Thread-1|browser initialization completed for 'chrome'
2019-10-03 18:52:12,761|I|Thread-1|setting browser polling wait time to 800 ms
2019-10-03 18:52:12,781|I|Thread-1|setting browser page load timeout to 10000 ms
2019-10-03 18:52:12,852|I|Thread-1|OrangeHRMWebApplication-plan.001,OHRM_01_signup.20191003_185206.001|signup|Openurl|#  5|web.open(url) - default browser stability wait time is 3000 ms
2019-10-03 18:52:21,087|I|Thread-1|current browser window handle:CDwindow-281E9739B46D7F7C464EF012B2CF889B
2019-10-03 18:52:21,471|I|Thread-1|OrangeHRMWebApplication-plan.001,OHRM_01_signup.20191003_185206.001|signup|Openurl|#  5|web.open(url) - PASS opened URL https://www.orangehrm.com/
2019-10-03 18:52:21,471|I|Thread-1|OrangeHRMWebApplication-plan.001,OHRM_01_signup.20191003_185206.001|signup|MaximizeWindow - executing activity
2019-10-03 18:52:22,072|I|Thread-1|OrangeHRMWebApplication-plan.001,OHRM_01_signup.20191003_185206.001|signup|MaximizeWindow|#  6|web.maximizeWindow() - executing maximizeWindow()()
2019-10-03 18:52:23,550|I|Thread-1|OrangeHRMWebApplication-plan.001,OHRM_01_signup.20191003_185206.001|signup|MaximizeWindow|#  6|web.maximizeWindow() - PASS browser window maximized
2019-10-03 18:52:23,551|I|Thread-1|OrangeHRMWebApplication-plan.001,OHRM_01_signup.20191003_185206.001|signup|ClickUsername - executing activity
2019-10-03 18:52:24,152|I|Thread-1|OrangeHRMWebApplication-plan.001,OHRM_01_signup.20191003_185206.001|signup|ClickUsername|#  7|web.click(locator) - executing click(locator)(${btn.freetrial.loc})
2019-10-03 18:52:24,230|I|Thread-1|clicking '//nav[@class='navbar navbar-default header-nav']/div/div[2]/ul[2]/li[2]/a'...
2019-10-03 18:52:24,280|I|Thread-1|click target via JS, @id=
2019-10-03 18:52:26,913|I|Thread-1|clicked -> true
2019-10-03 18:52:26,915|I|Thread-1|OrangeHRMWebApplication-plan.001,OHRM_01_signup.20191003_185206.001|signup|ClickUsername|#  7|web.click(locator) - PASS click via JS event
2019-10-03 18:52:26,915|I|Thread-1|OrangeHRMWebApplication-plan.001,OHRM_01_signup.20191003_185206.001|signup|EnterFavoredUrl - executing activity
2019-10-03 18:52:27,516|I|Thread-1|OrangeHRMWebApplication-plan.001,OHRM_01_signup.20191003_185206.001|signup|EnterFavoredUrl|#  8|web.type(locator,value) - executing type(locator,value)(${txt.favoredurl.loc}, ${FavoredUrl})
2019-10-03 18:52:27,989|I|Thread-1|OrangeHRMWebApplication-plan.001,OHRM_01_signup.20191003_185206.001|signup|EnterFavoredUrl|#  8|web.type(locator,value) - PASS typed text at '//div[@id='Form_submitForm_subdomain_Holder']/input'
2019-10-03 18:52:27,990|I|Thread-1|OrangeHRMWebApplication-plan.001,OHRM_01_signup.20191003_185206.001|signup|EnterFirstName - executing activity
2019-10-03 18:52:28,590|I|Thread-1|OrangeHRMWebApplication-plan.001,OHRM_01_signup.20191003_185206.001|signup|EnterFirstName|#  9|web.type(locator,value) - executing type(locator,value)(${txt.firstname.loc}, ${FirstName})
2019-10-03 18:52:29,332|I|Thread-1|OrangeHRMWebApplication-plan.001,OHRM_01_signup.20191003_185206.001|signup|EnterFirstName|#  9|web.type(locator,value) - PASS typed text at '//div[@id='Form_submitForm_FirstName_Holder']/div/input'
2019-10-03 18:52:29,333|I|Thread-1|OrangeHRMWebApplication-plan.001,OHRM_01_signup.20191003_185206.001|signup|EnterLastName - executing activity
2019-10-03 18:52:29,938|I|Thread-1|OrangeHRMWebApplication-plan.001,OHRM_01_signup.20191003_185206.001|signup|EnterLastName|# 10|web.type(locator,value) - executing type(locator,value)(${txt.lastname.loc}, ${LastName})
2019-10-03 18:52:30,743|I|Thread-1|OrangeHRMWebApplication-plan.001,OHRM_01_signup.20191003_185206.001|signup|EnterLastName|# 10|web.type(locator,value) - PASS typed text at '//div[@id='Form_submitForm_LastName_Holder']/div/input'
2019-10-03 18:52:30,744|I|Thread-1|OrangeHRMWebApplication-plan.001,OHRM_01_signup.20191003_185206.001|signup|EnterEmail - executing activity
2019-10-03 18:52:31,345|I|Thread-1|OrangeHRMWebApplication-plan.001,OHRM_01_signup.20191003_185206.001|signup|EnterEmail|# 11|web.type(locator,value) - executing type(locator,value)(${txt.email.loc}, ${Email})
2019-10-03 18:52:31,974|I|Thread-1|OrangeHRMWebApplication-plan.001,OHRM_01_signup.20191003_185206.001|signup|EnterEmail|# 11|web.type(locator,value) - PASS typed text at '//div[@id='Form_submitForm_Email_Holder']/div/input'
2019-10-03 18:52:31,975|I|Thread-1|OrangeHRMWebApplication-plan.001,OHRM_01_signup.20191003_185206.001|signup|EnterJobTitle - executing activity
2019-10-03 18:52:32,576|I|Thread-1|OrangeHRMWebApplication-plan.001,OHRM_01_signup.20191003_185206.001|signup|EnterJobTitle|# 12|web.type(locator,value) - executing type(locator,value)(${txt.jobtitle.loc}, ${JobTitle})
2019-10-03 18:52:33,072|I|Thread-1|OrangeHRMWebApplication-plan.001,OHRM_01_signup.20191003_185206.001|signup|EnterJobTitle|# 12|web.type(locator,value) - PASS typed text at '//div[@id='Form_submitForm_JobTitle_Holder']/div/input'
2019-10-03 18:52:33,073|I|Thread-1|OrangeHRMWebApplication-plan.001,OHRM_01_signup.20191003_185206.001|signup|SelectNoOfEmployees - executing activity
2019-10-03 18:52:33,673|I|Thread-1|OrangeHRMWebApplication-plan.001,OHRM_01_signup.20191003_185206.001|signup|SelectNoOfEmployees|# 13|web.select(locator,text) - executing select(locator,text)(${btn.noofemployees.loc}, ${txt.dropdown.noofemployees.loc})
2019-10-03 18:52:33,990|I|Thread-1|OrangeHRMWebApplication-plan.001,OHRM_01_signup.20191003_185206.001|signup|SelectNoOfEmployees|# 13|web.select(locator,text) - PASS selected '201 - 250' from '//select[@id='Form_submitForm_NoOfEmployees']'
2019-10-03 18:52:33,990|I|Thread-1|OrangeHRMWebApplication-plan.001,OHRM_01_signup.20191003_185206.001|signup|AssertNoOfEmployee - executing activity
2019-10-03 18:52:34,591|I|Thread-1|OrangeHRMWebApplication-plan.001,OHRM_01_signup.20191003_185206.001|signup|AssertNoOfEmployee|# 14|web.assertVisible(locator - executing assertVisible(locator)(${btn.noofemployees.loc})
2019-10-03 18:52:34,777|I|Thread-1|OrangeHRMWebApplication-plan.001,OHRM_01_signup.20191003_185206.001|signup|AssertNoOfEmployee|# 14|web.assertVisible(locator - PASS EXPECTED visible element '//select[@id='Form_submitForm_NoOfEmployees']' found
2019-10-03 18:52:34,778|I|Thread-1|OrangeHRMWebApplication-plan.001,OHRM_01_signup.20191003_185206.001|signup|Entercompany - executing activity
2019-10-03 18:52:35,378|I|Thread-1|OrangeHRMWebApplication-plan.001,OHRM_01_signup.20191003_185206.001|signup|Entercompany|# 15|web.type(locator,value) - executing type(locator,value)(${txt.company.loc}, ${company})
2019-10-03 18:52:36,002|I|Thread-1|OrangeHRMWebApplication-plan.001,OHRM_01_signup.20191003_185206.001|signup|Entercompany|# 15|web.type(locator,value) - PASS typed text at '//div[@id='Form_submitForm_CompanyName_Holder']/div/input'
2019-10-03 18:52:36,003|I|Thread-1|OrangeHRMWebApplication-plan.001,OHRM_01_signup.20191003_185206.001|signup|SelectIndustry - executing activity
2019-10-03 18:52:36,604|I|Thread-1|OrangeHRMWebApplication-plan.001,OHRM_01_signup.20191003_185206.001|signup|SelectIndustry|# 16|web.select(locator,text) - executing select(locator,text)(${btn.industry.loc}, ${txt.dropdown.industry.loc})
2019-10-03 18:52:36,939|I|Thread-1|OrangeHRMWebApplication-plan.001,OHRM_01_signup.20191003_185206.001|signup|SelectIndustry|# 16|web.select(locator,text) - PASS selected 'Education' from '//select[@id='Form_submitForm_Industry']'
2019-10-03 18:52:36,940|I|Thread-1|OrangeHRMWebApplication-plan.001,OHRM_01_signup.20191003_185206.001|signup|AssertIndustry - executing activity
2019-10-03 18:52:37,542|I|Thread-1|OrangeHRMWebApplication-plan.001,OHRM_01_signup.20191003_185206.001|signup|AssertIndustry|# 17|web.assertVisible(locator - executing assertVisible(locator)(${btn.industry.loc})
2019-10-03 18:52:37,667|I|Thread-1|OrangeHRMWebApplication-plan.001,OHRM_01_signup.20191003_185206.001|signup|AssertIndustry|# 17|web.assertVisible(locator - PASS EXPECTED visible element '//select[@id='Form_submitForm_Industry']' found
2019-10-03 18:52:37,668|I|Thread-1|OrangeHRMWebApplication-plan.001,OHRM_01_signup.20191003_185206.001|signup|EnterPhoneNumber - executing activity
2019-10-03 18:52:38,269|I|Thread-1|OrangeHRMWebApplication-plan.001,OHRM_01_signup.20191003_185206.001|signup|EnterPhoneNumber|# 18|web.type(locator,value) - executing type(locator,value)(${txt.phonenumber.loc}, ${PhoneNumber})
2019-10-03 18:52:39,337|I|Thread-1|OrangeHRMWebApplication-plan.001,OHRM_01_signup.20191003_185206.001|signup|EnterPhoneNumber|# 18|web.type(locator,value) - PASS typed text at '//div[@id='Form_submitForm_Contact_Holder']/div/input'
2019-10-03 18:52:39,337|I|Thread-1|OrangeHRMWebApplication-plan.001,OHRM_01_signup.20191003_185206.001|signup|SelectCountry - executing activity
2019-10-03 18:52:39,938|I|Thread-1|OrangeHRMWebApplication-plan.001,OHRM_01_signup.20191003_185206.001|signup|SelectCountry|# 19|web.select(locator,text) - executing select(locator,text)(${btn.country.loc}, ${txt.dropdown.country.loc})
2019-10-03 18:52:40,178|I|Thread-1|OrangeHRMWebApplication-plan.001,OHRM_01_signup.20191003_185206.001|signup|SelectCountry|# 19|web.select(locator,text) - PASS selected 'India' from '//select[@id='Form_submitForm_Country']'
2019-10-03 18:52:40,178|I|Thread-1|OrangeHRMWebApplication-plan.001,OHRM_01_signup.20191003_185206.001|signup|AssertCountry - executing activity
2019-10-03 18:52:40,779|I|Thread-1|OrangeHRMWebApplication-plan.001,OHRM_01_signup.20191003_185206.001|signup|AssertCountry|# 20|web.assertVisible(locator - executing assertVisible(locator)(${btn.country.loc})
2019-10-03 18:52:41,025|I|Thread-1|OrangeHRMWebApplication-plan.001,OHRM_01_signup.20191003_185206.001|signup|AssertCountry|# 20|web.assertVisible(locator - PASS EXPECTED visible element '//select[@id='Form_submitForm_Country']' found
2019-10-03 18:52:41,025|I|Thread-1|OrangeHRMWebApplication-plan.001,OHRM_01_signup.20191003_185206.001|signup|SelectState - executing activity
2019-10-03 18:52:41,627|I|Thread-1|OrangeHRMWebApplication-plan.001,OHRM_01_signup.20191003_185206.001|signup|SelectState|# 21|web.select(locator,text) - executing select(locator,text)(${btn.state.loc}, ${txt.dropdown.state.loc})
2019-10-03 18:52:41,840|I|Thread-1|OrangeHRMWebApplication-plan.001,OHRM_01_signup.20191003_185206.001|signup|SelectState|# 21|web.select(locator,text) - PASS selected 'Tamil Nadu' from '//select[@id='Form_submitForm_State']'
2019-10-03 18:52:41,841|I|Thread-1|OrangeHRMWebApplication-plan.001,OHRM_01_signup.20191003_185206.001|signup|AssertCountry - executing activity
2019-10-03 18:52:42,441|I|Thread-1|OrangeHRMWebApplication-plan.001,OHRM_01_signup.20191003_185206.001|signup|AssertCountry|# 22|web.assertVisible(locator - executing assertVisible(locator)(${btn.state.loc})
2019-10-03 18:52:42,580|I|Thread-1|OrangeHRMWebApplication-plan.001,OHRM_01_signup.20191003_185206.001|signup|AssertCountry|# 22|web.assertVisible(locator - PASS EXPECTED visible element '//select[@id='Form_submitForm_State']' found
2019-10-03 18:52:42,581|I|Thread-1|OrangeHRMWebApplication-plan.001,OHRM_01_signup.20191003_185206.001|signup|ClickCheckbox - executing activity
2019-10-03 18:52:43,182|I|Thread-1|OrangeHRMWebApplication-plan.001,OHRM_01_signup.20191003_185206.001|signup|ClickCheckbox|# 23|web.click(locator) - executing click(locator)(${btn.checkbox.loc})
2019-10-03 18:52:43,269|I|Thread-1|clicking '//input[@id='Form_submitForm_SetDummyData']'...
2019-10-03 18:52:43,316|I|Thread-1|click target via JS, @id=Form_submitForm_SetDummyData
2019-10-03 18:52:43,381|I|Thread-1|clicked -> true
2019-10-03 18:52:43,384|I|Thread-1|OrangeHRMWebApplication-plan.001,OHRM_01_signup.20191003_185206.001|signup|ClickCheckbox|# 23|web.click(locator) - PASS click via JS event
2019-10-03 18:52:43,385|I|Thread-1|OrangeHRMWebApplication-plan.001,OHRM_01_signup.20191003_185206.001|signup|submit - executing activity
2019-10-03 18:52:43,985|I|Thread-1|OrangeHRMWebApplication-plan.001,OHRM_01_signup.20191003_185206.001|signup|submit|# 24|web.click(locator) - executing click(locator)(${btn.submit.loc})
2019-10-03 18:52:44,034|I|Thread-1|clicking '//input[@id='Form_submitForm_action_request']'...
2019-10-03 18:52:44,072|I|Thread-1|click target via JS, @id=Form_submitForm_action_request
2019-10-03 18:52:47,614|I|Thread-1|clicked -> true
2019-10-03 18:52:47,616|I|Thread-1|OrangeHRMWebApplication-plan.001,OHRM_01_signup.20191003_185206.001|signup|submit|# 24|web.click(locator) - PASS click via JS event
2019-10-03 18:52:48,260|I|Thread-1|[OrangeHRMWebApplication-plan.001,OHRM_01_signup.20191003_185206.001|signup] saving test scenario
2019-10-03 18:52:48,837|I|Thread-1|[20191003_185204] 
/-TEST COMPLETE-----------------------------------------------------------------
| Test Output:    C:\projects\OrangeHRMWebApplication\output\20191003_185204\OrangeHRMWebApplication-plan.001,OHRM_01_signup.20191003_185206.001.xlsx
| Iteration:      1
\-------------------------------------------------------------------------------
» Execution Time: 40081 ms
» Test Steps:     20
» Error(s):       0



2019-10-03 18:52:50,805|I|Thread-1|SKIPPING auto-open-result since Nexial is currently running in non-interactive environment
2019-10-03 18:52:50,812|I|Thread-1|[20191003_185204] 
/-TEST COMPLETE-----------------------------------------------------------------
| Test Script:    C:\projects\OrangeHRMWebApplication\artifact\script\OHRM_01_signup.xlsx
\-------------------------------------------------------------------------------
» Execution Time: 46386 ms
» Iterations:     [1] total 1
» Test Steps:     20
» Passed:         20
» Error(s):       0
» Iteration 1 of 1: C:\projects\OrangeHRMWebApplication\output\20191003_185204\OrangeHRMWebApplication-plan.001,OHRM_01_signup.20191003_185206.001.xlsx



2019-10-03 18:52:51,665|I|main|[20191003_185204] [C:\projects\OrangeHRMWebApplication\artifact\script\OHRM_01_signup.xlsx] now completed
2019-10-03 18:52:51,666|I|main|[20191003_185204] [C:\projects\OrangeHRMWebApplication\artifact\script\OHRM_02_features.xlsx] resolve RUN ID as 20191003_185204
2019-10-03 18:52:51,666|I|main|[20191003_185204] [C:\projects\OrangeHRMWebApplication\artifact\script\OHRM_02_features.xlsx] new thread started
2019-10-03 18:52:51,680|I|Thread-3|missing REQUIRED configuration; sms DISABLED!
2019-10-03 18:52:51,713|I|Thread-3|[20191003_185204] executing C:\projects\OrangeHRMWebApplication\artifact\script\OHRM_02_features.xlsx with 1 iteration(s)
2019-10-03 18:52:51,713|I|Thread-3|[20191003_185204] create directory C:\projects\OrangeHRMWebApplication\output\20191003_185204\captures
2019-10-03 18:52:51,714|I|Thread-3|[20191003_185204] create directory C:\projects\OrangeHRMWebApplication\output\20191003_185204\logs
2019-10-03 18:52:53,780|I|Thread-3|macro(s) found and merged; C:\projects\OrangeHRMWebApplication\output\20191003_185204\OrangeHRMWebApplication-plan.002,OHRM_02_features.20191003_185251.001.xlsx will need to be saved
2019-10-03 18:52:53,781|I|Thread-3|[20191003_185204] merging test data to tmp file C:\projects\OrangeHRMWebApplication\output\20191003_185204\OrangeHRMWebApplication-plan.002,OHRM_02_features.20191003_185251.001.xlsx
2019-10-03 18:52:53,781|I|Thread-3|refetching data from C:\projects\OrangeHRMWebApplication\artifact\data\OHRM_02_features.data.xlsx
2019-10-03 18:52:54,439|I|Thread-3|[20191003_185204] test script and test data merged to C:\projects\OrangeHRMWebApplication\output\20191003_185204\OrangeHRMWebApplication-plan.002,OHRM_02_features.20191003_185251.001.xlsx
2019-10-03 18:52:54,867|I|Thread-3|STARTS
2019-10-03 18:52:54,872|I|Thread-3|OrangeHRMWebApplication-plan.002,OHRM_02_features.20191003_185251.001 - executing iteration #1 of 1; Iteration Id 1
2019-10-03 18:52:54,873|I|Thread-3|OrangeHRMWebApplication-plan.002,OHRM_02_features.20191003_185251.001|Personnel Information Managemen - executing test scenario
2019-10-03 18:52:54,874|I|Thread-3|OrangeHRMWebApplication-plan.002,OHRM_02_features.20191003_185251.001|Personnel Information Managemen|Feature-Personnel Information Management (PIM) - executing activity
2019-10-03 18:52:55,474|I|Thread-3|OrangeHRMWebApplication-plan.002,OHRM_02_features.20191003_185251.001|Personnel Information Managemen|Feature-Personnel Information Management (PIM)|#  5|base.section(steps) - executing section(steps)(4)
2019-10-03 18:52:55,475|I|Thread-3|OrangeHRMWebApplication-plan.002,OHRM_02_features.20191003_185251.001|Personnel Information Managemen|Feature-Personnel Information Management (PIM)|#  5|base.section(steps) - PASS 
2019-10-03 18:52:56,077|I|Thread-3|OrangeHRMWebApplication-plan.002,OHRM_02_features.20191003_185251.001|Personnel Information Managemen|Feature-Personnel Information Management (PIM)|#  6|web.open(url) - executing open(url)(${url})
2019-10-03 18:52:59,138|I|Thread-3|current browser window handle:CDwindow-281E9739B46D7F7C464EF012B2CF889B
2019-10-03 18:52:59,182|I|Thread-3|OrangeHRMWebApplication-plan.002,OHRM_02_features.20191003_185251.001|Personnel Information Managemen|Feature-Personnel Information Management (PIM)|#  6|web.open(url) - PASS opened URL https://www.orangehrm.com/
2019-10-03 18:52:59,782|I|Thread-3|OrangeHRMWebApplication-plan.002,OHRM_02_features.20191003_185251.001|Personnel Information Managemen|Feature-Personnel Information Management (PIM)|#  7|web.maximizeWindow() - executing maximizeWindow()()
2019-10-03 18:52:59,834|I|Thread-3|OrangeHRMWebApplication-plan.002,OHRM_02_features.20191003_185251.001|Personnel Information Managemen|Feature-Personnel Information Management (PIM)|#  7|web.maximizeWindow() - PASS browser window maximized
2019-10-03 18:53:00,436|I|Thread-3|OrangeHRMWebApplication-plan.002,OHRM_02_features.20191003_185251.001|Personnel Information Managemen|Feature-Personnel Information Management (PIM)|#  8|web.click(locator) - executing click(locator)(${btn.features.loc})
2019-10-03 18:53:00,487|I|Thread-3|clicking '//div[@id='header-navbar']/ul/li/a[text()='Features']'...
2019-10-03 18:53:00,520|I|Thread-3|click target via JS, @id=
2019-10-03 18:53:01,383|I|Thread-3|clicked -> true
2019-10-03 18:53:01,385|I|Thread-3|OrangeHRMWebApplication-plan.002,OHRM_02_features.20191003_185251.001|Personnel Information Managemen|Feature-Personnel Information Management (PIM)|#  8|web.click(locator) - PASS click via JS event
2019-10-03 18:53:01,986|I|Thread-3|OrangeHRMWebApplication-plan.002,OHRM_02_features.20191003_185251.001|Personnel Information Managemen|Feature-Personnel Information Management (PIM)|#  9|web.assertElementByText(l - executing assertElementByText(locator,text)(${btn.features.loc}, ${featuretext})
2019-10-03 18:53:02,070|I|Thread-3|OrangeHRMWebApplication-plan.002,OHRM_02_features.20191003_185251.001|Personnel Information Managemen|Feature-Personnel Information Management (PIM)|#  9|web.assertElementByText(l - PASS validated locator '//div[@id='header-navbar']/ul/li/a[text()='Features']' by text 'Features' as EXPECTED
2019-10-03 18:53:02,670|I|Thread-3|OrangeHRMWebApplication-plan.002,OHRM_02_features.20191003_185251.001|Personnel Information Managemen|Feature-Personnel Information Management (PIM)|# 10|web.assertAndClick(locato - executing assertAndClick(locator,label)(${btn.pim.loc}, ${PIMlabel})
2019-10-03 18:53:02,875|I|Thread-3|clicking '//h4[text()='Personnel Information Management (PIM)' and text() = 'Personnel Information Management (PIM)']'...
2019-10-03 18:53:02,912|I|Thread-3|click target via JS, @id=
2019-10-03 18:53:05,179|I|Thread-3|clicked -> true
2019-10-03 18:53:05,181|I|Thread-3|OrangeHRMWebApplication-plan.002,OHRM_02_features.20191003_185251.001|Personnel Information Managemen|Feature-Personnel Information Management (PIM)|# 10|web.assertAndClick(locato - PASS click via JS event
2019-10-03 18:53:05,783|I|Thread-3|OrangeHRMWebApplication-plan.002,OHRM_02_features.20191003_185251.001|Personnel Information Managemen|Feature-Personnel Information Management (PIM)|# 11|base.section(steps) - executing section(steps)(3)
2019-10-03 18:53:05,783|I|Thread-3|OrangeHRMWebApplication-plan.002,OHRM_02_features.20191003_185251.001|Personnel Information Managemen|Feature-Personnel Information Management (PIM)|# 11|base.section(steps) - PASS 
2019-10-03 18:53:06,384|I|Thread-3|OrangeHRMWebApplication-plan.002,OHRM_02_features.20191003_185251.001|Personnel Information Managemen|Feature-Personnel Information Management (PIM)|# 12|web.assertTextPresent(tex - executing assertTextPresent(text)(${TryItNow})
2019-10-03 18:53:06,437|I|Thread-3|OrangeHRMWebApplication-plan.002,OHRM_02_features.20191003_185251.001|Personnel Information Managemen|Feature-Personnel Information Management (PIM)|# 12|web.assertTextPresent(tex - PASS EXPECTED text 'Try It Now' found
2019-10-03 18:53:07,037|I|Thread-3|OrangeHRMWebApplication-plan.002,OHRM_02_features.20191003_185251.001|Personnel Information Managemen|Feature-Personnel Information Management (PIM)|# 13|web.click(locator) - executing click(locator)(${btn.tryitnow.loc})
2019-10-03 18:53:07,085|I|Thread-3|clicking '//a[text()='Try It Now']'...
2019-10-03 18:53:07,122|I|Thread-3|click target via JS, @id=
2019-10-03 18:53:08,925|I|Thread-3|clicked -> true
2019-10-03 18:53:08,926|I|Thread-3|OrangeHRMWebApplication-plan.002,OHRM_02_features.20191003_185251.001|Personnel Information Managemen|Feature-Personnel Information Management (PIM)|# 13|web.click(locator) - PASS click via JS event
2019-10-03 18:53:09,528|I|Thread-3|OrangeHRMWebApplication-plan.002,OHRM_02_features.20191003_185251.001|Personnel Information Managemen|Feature-Personnel Information Management (PIM)|# 14|web.goBack() - executing goBack()()
2019-10-03 18:53:10,861|I|Thread-3|OrangeHRMWebApplication-plan.002,OHRM_02_features.20191003_185251.001|Personnel Information Managemen|Feature-Personnel Information Management (PIM)|# 14|web.goBack() - PASS went back previous page
2019-10-03 18:53:11,462|I|Thread-3|OrangeHRMWebApplication-plan.002,OHRM_02_features.20191003_185251.001|Personnel Information Managemen|Feature-Personnel Information Management (PIM)|# 15|web.scrollTo(locator) - executing scrollTo(locator)(${btn.customfields.loc})
2019-10-03 18:53:11,565|I|Thread-3|OrangeHRMWebApplication-plan.002,OHRM_02_features.20191003_185251.001|Personnel Information Managemen|Feature-Personnel Information Management (PIM)|# 15|web.scrollTo(locator) - PASS scrolled to '//h4[text()='Custom Fields']/following-sibling::a'
2019-10-03 18:53:12,165|I|Thread-3|OrangeHRMWebApplication-plan.002,OHRM_02_features.20191003_185251.001|Personnel Information Managemen|Feature-Personnel Information Management (PIM)|# 16|web.assertTextPresent(tex - executing assertTextPresent(text)(${CustomFields})
2019-10-03 18:53:12,212|I|Thread-3|OrangeHRMWebApplication-plan.002,OHRM_02_features.20191003_185251.001|Personnel Information Managemen|Feature-Personnel Information Management (PIM)|# 16|web.assertTextPresent(tex - PASS EXPECTED text 'Custom Fields' found
2019-10-03 18:53:12,814|I|Thread-3|OrangeHRMWebApplication-plan.002,OHRM_02_features.20191003_185251.001|Personnel Information Managemen|Feature-Personnel Information Management (PIM)|# 17|web.click(locator) - executing click(locator)(${btn.customfields.loc})
2019-10-03 18:53:12,858|I|Thread-3|clicking '//h4[text()='Custom Fields']/following-sibling::a'...
2019-10-03 18:53:12,890|I|Thread-3|click target via JS, @id=
2019-10-03 18:53:12,945|I|Thread-3|clicked -> true
2019-10-03 18:53:12,946|I|Thread-3|OrangeHRMWebApplication-plan.002,OHRM_02_features.20191003_185251.001|Personnel Information Managemen|Feature-Personnel Information Management (PIM)|# 17|web.click(locator) - PASS click via JS event
2019-10-03 18:53:13,547|I|Thread-3|OrangeHRMWebApplication-plan.002,OHRM_02_features.20191003_185251.001|Personnel Information Managemen|Feature-Personnel Information Management (PIM)|# 18|web.scrollTo(locator) - executing scrollTo(locator)(${btn.addemployee.loc})
2019-10-03 18:53:13,647|I|Thread-3|OrangeHRMWebApplication-plan.002,OHRM_02_features.20191003_185251.001|Personnel Information Managemen|Feature-Personnel Information Management (PIM)|# 18|web.scrollTo(locator) - PASS scrolled to '//h4[text()='Add employee']/following-sibling::a'
2019-10-03 18:53:14,249|I|Thread-3|OrangeHRMWebApplication-plan.002,OHRM_02_features.20191003_185251.001|Personnel Information Managemen|Feature-Personnel Information Management (PIM)|# 19|web.assertTextPresent(tex - executing assertTextPresent(text)(${AddEmployee})
2019-10-03 18:53:14,306|I|Thread-3|OrangeHRMWebApplication-plan.002,OHRM_02_features.20191003_185251.001|Personnel Information Managemen|Feature-Personnel Information Management (PIM)|# 19|web.assertTextPresent(tex - PASS EXPECTED text 'Add employee' found
2019-10-03 18:53:14,908|I|Thread-3|OrangeHRMWebApplication-plan.002,OHRM_02_features.20191003_185251.001|Personnel Information Managemen|Feature-Personnel Information Management (PIM)|# 20|web.click(locator) - executing click(locator)(${btn.addemployee.loc})
2019-10-03 18:53:14,955|I|Thread-3|clicking '//h4[text()='Add employee']/following-sibling::a'...
2019-10-03 18:53:14,988|I|Thread-3|click target via JS, @id=
2019-10-03 18:53:15,038|I|Thread-3|clicked -> true
2019-10-03 18:53:15,040|I|Thread-3|OrangeHRMWebApplication-plan.002,OHRM_02_features.20191003_185251.001|Personnel Information Managemen|Feature-Personnel Information Management (PIM)|# 20|web.click(locator) - PASS click via JS event
2019-10-03 18:53:15,641|I|Thread-3|OrangeHRMWebApplication-plan.002,OHRM_02_features.20191003_185251.001|Personnel Information Managemen|Feature-Personnel Information Management (PIM)|# 21|web.scrollTo(locator) - executing scrollTo(locator)(${btn.bulkupdate.loc})
2019-10-03 18:53:15,751|I|Thread-3|OrangeHRMWebApplication-plan.002,OHRM_02_features.20191003_185251.001|Personnel Information Managemen|Feature-Personnel Information Management (PIM)|# 21|web.scrollTo(locator) - PASS scrolled to '//h4[text()='Bulk Update']/following-sibling::a'
2019-10-03 18:53:16,351|I|Thread-3|OrangeHRMWebApplication-plan.002,OHRM_02_features.20191003_185251.001|Personnel Information Managemen|Feature-Personnel Information Management (PIM)|# 22|web.assertTextPresent(tex - executing assertTextPresent(text)(${BulkUpdate})
2019-10-03 18:53:16,411|I|Thread-3|OrangeHRMWebApplication-plan.002,OHRM_02_features.20191003_185251.001|Personnel Information Managemen|Feature-Personnel Information Management (PIM)|# 22|web.assertTextPresent(tex - PASS EXPECTED text 'Bulk Update' found
2019-10-03 18:53:17,012|I|Thread-3|OrangeHRMWebApplication-plan.002,OHRM_02_features.20191003_185251.001|Personnel Information Managemen|Feature-Personnel Information Management (PIM)|# 23|web.click(locator) - executing click(locator)(${btn.bulkupdate.loc})
2019-10-03 18:53:17,101|I|Thread-3|clicking '//h4[text()='Bulk Update']/following-sibling::a'...
2019-10-03 18:53:17,130|I|Thread-3|click target via JS, @id=
2019-10-03 18:53:17,179|I|Thread-3|clicked -> true
2019-10-03 18:53:17,180|I|Thread-3|OrangeHRMWebApplication-plan.002,OHRM_02_features.20191003_185251.001|Personnel Information Managemen|Feature-Personnel Information Management (PIM)|# 23|web.click(locator) - PASS click via JS event
2019-10-03 18:53:17,780|I|Thread-3|OrangeHRMWebApplication-plan.002,OHRM_02_features.20191003_185251.001|Personnel Information Managemen|Feature-Personnel Information Management (PIM)|# 24|web.scrollTo(locator) - executing scrollTo(locator)(${btn.myshortcuts.loc})
2019-10-03 18:53:17,888|I|Thread-3|OrangeHRMWebApplication-plan.002,OHRM_02_features.20191003_185251.001|Personnel Information Managemen|Feature-Personnel Information Management (PIM)|# 24|web.scrollTo(locator) - PASS scrolled to '//h4[text()='My shortcuts']/following-sibling::a'
2019-10-03 18:53:18,489|I|Thread-3|OrangeHRMWebApplication-plan.002,OHRM_02_features.20191003_185251.001|Personnel Information Managemen|Feature-Personnel Information Management (PIM)|# 25|web.assertTextPresent(tex - executing assertTextPresent(text)(${MyShortcuts})
2019-10-03 18:53:18,541|I|Thread-3|OrangeHRMWebApplication-plan.002,OHRM_02_features.20191003_185251.001|Personnel Information Managemen|Feature-Personnel Information Management (PIM)|# 25|web.assertTextPresent(tex - PASS EXPECTED text 'My shortcuts' found
2019-10-03 18:53:19,142|I|Thread-3|OrangeHRMWebApplication-plan.002,OHRM_02_features.20191003_185251.001|Personnel Information Managemen|Feature-Personnel Information Management (PIM)|# 26|web.click(locator) - executing click(locator)(${btn.myshortcuts.loc})
2019-10-03 18:53:19,207|I|Thread-3|clicking '//h4[text()='My shortcuts']/following-sibling::a'...
2019-10-03 18:53:19,233|I|Thread-3|click target via JS, @id=
2019-10-03 18:53:19,281|I|Thread-3|clicked -> true
2019-10-03 18:53:19,282|I|Thread-3|OrangeHRMWebApplication-plan.002,OHRM_02_features.20191003_185251.001|Personnel Information Managemen|Feature-Personnel Information Management (PIM)|# 26|web.click(locator) - PASS click via JS event
2019-10-03 18:53:19,883|I|Thread-3|OrangeHRMWebApplication-plan.002,OHRM_02_features.20191003_185251.001|Personnel Information Managemen|Feature-Personnel Information Management (PIM)|# 27|web.scrollTo(locator) - executing scrollTo(locator)(${btn.reportingtools.loc})
2019-10-03 18:53:19,987|I|Thread-3|OrangeHRMWebApplication-plan.002,OHRM_02_features.20191003_185251.001|Personnel Information Managemen|Feature-Personnel Information Management (PIM)|# 27|web.scrollTo(locator) - PASS scrolled to '//h4[text()='Reporting tools']/following-sibling::a'
2019-10-03 18:53:20,588|I|Thread-3|OrangeHRMWebApplication-plan.002,OHRM_02_features.20191003_185251.001|Personnel Information Managemen|Feature-Personnel Information Management (PIM)|# 28|web.assertTextPresent(tex - executing assertTextPresent(text)(${ReportingTools})
2019-10-03 18:53:20,643|I|Thread-3|OrangeHRMWebApplication-plan.002,OHRM_02_features.20191003_185251.001|Personnel Information Managemen|Feature-Personnel Information Management (PIM)|# 28|web.assertTextPresent(tex - PASS EXPECTED text 'Reporting tools' found
2019-10-03 18:53:21,244|I|Thread-3|OrangeHRMWebApplication-plan.002,OHRM_02_features.20191003_185251.001|Personnel Information Managemen|Feature-Personnel Information Management (PIM)|# 29|web.click(locator) - executing click(locator)(${btn.reportingtools.loc})
2019-10-03 18:53:21,309|I|Thread-3|clicking '//h4[text()='Reporting tools']/following-sibling::a'...
2019-10-03 18:53:21,339|I|Thread-3|click target via JS, @id=
2019-10-03 18:53:21,384|I|Thread-3|clicked -> true
2019-10-03 18:53:21,385|I|Thread-3|OrangeHRMWebApplication-plan.002,OHRM_02_features.20191003_185251.001|Personnel Information Managemen|Feature-Personnel Information Management (PIM)|# 29|web.click(locator) - PASS click via JS event
2019-10-03 18:53:21,986|I|Thread-3|OrangeHRMWebApplication-plan.002,OHRM_02_features.20191003_185251.001|Personnel Information Managemen|Feature-Personnel Information Management (PIM)|# 30|base.section(steps) - executing section(steps)(1)
2019-10-03 18:53:21,987|I|Thread-3|OrangeHRMWebApplication-plan.002,OHRM_02_features.20191003_185251.001|Personnel Information Managemen|Feature-Personnel Information Management (PIM)|# 30|base.section(steps) - PASS 
2019-10-03 18:53:22,587|I|Thread-3|OrangeHRMWebApplication-plan.002,OHRM_02_features.20191003_185251.001|Personnel Information Managemen|Feature-Personnel Information Management (PIM)|# 31|base.verbose(text) - executing verbose(text)(Executed Successfully)
2019-10-03 18:53:22,587|I|Thread-3|OrangeHRMWebApplication-plan.002,OHRM_02_features.20191003_185251.001|Personnel Information Managemen|Feature-Personnel Information Management (PIM)|# 31|base.verbose(text) - Executed Successfully
2019-10-03 18:53:22,589|I|Thread-3|OrangeHRMWebApplication-plan.002,OHRM_02_features.20191003_185251.001|Personnel Information Managemen|Feature-Personnel Information Management (PIM)|# 31|base.verbose(text) - PASS 
2019-10-03 18:53:22,612|I|Thread-3|[OrangeHRMWebApplication-plan.002,OHRM_02_features.20191003_185251.001|Personnel Information Managemen] saving test scenario
2019-10-03 18:53:22,721|I|Thread-3|[20191003_185204] 
/-TEST COMPLETE-----------------------------------------------------------------
| Test Output:    C:\projects\OrangeHRMWebApplication\output\20191003_185204\OrangeHRMWebApplication-plan.002,OHRM_02_features.20191003_185251.001.xlsx
| Iteration:      1
\-------------------------------------------------------------------------------
» Execution Time: 27848 ms
» Test Steps:     27
» Error(s):       0



2019-10-03 18:53:23,258|I|Thread-3|SKIPPING auto-open-result since Nexial is currently running in non-interactive environment
2019-10-03 18:53:23,260|I|Thread-3|[20191003_185204] 
/-TEST COMPLETE-----------------------------------------------------------------
| Test Script:    C:\projects\OrangeHRMWebApplication\artifact\script\OHRM_02_features.xlsx
\-------------------------------------------------------------------------------
» Execution Time: 31582 ms
» Iterations:     [1] total 1
» Test Steps:     27
» Passed:         27
» Error(s):       0
» Iteration 1 of 1: C:\projects\OrangeHRMWebApplication\output\20191003_185204\OrangeHRMWebApplication-plan.002,OHRM_02_features.20191003_185251.001.xlsx



2019-10-03 18:53:23,701|I|main|[20191003_185204] [C:\projects\OrangeHRMWebApplication\artifact\script\OHRM_02_features.xlsx] now completed
2019-10-03 18:53:23,702|I|main|[20191003_185204] all execution thread(s) have terminated
2019-10-03 18:53:23,702|I|main|[20191003_185204] test run completed in about 79 seconds
2019-10-03 18:53:23,832|I|main|No predefined nexial-setup found
2019-10-03 18:53:23,880|I|main|outputBase not set; output-to-cloud DISABLED!
2019-10-03 18:53:23,880|I|main|accessKey not set; output-to-cloud DISABLED!
2019-10-03 18:53:23,881|I|main|secretKey not set; output-to-cloud DISABLED!
2019-10-03 18:53:23,881|I|main|SKIPPING auto-open-result since Nexial is currently running in non-interactive environment
2019-10-03 18:53:23,881|I|main|generating HTML output for this execution to C:\projects\OrangeHRMWebApplication\output\20191003_185204\execution-output.html
2019-10-03 18:53:24,480|I|main|generating JUnit XML output for this execution to C:\projects\OrangeHRMWebApplication\output\20191003_185204\junit.xml
2019-10-03 18:53:24,523|I|main|Generated JUnit report for this execution: C:\projects\OrangeHRMWebApplication\output\20191003_185204\junit.xml
2019-10-03 18:53:24,524|I|main|nexial mailer not enabled: nexial.enableEmail=false
2019-10-03 18:53:24,524|I|main|skipped email notification as configured
2019-10-03 18:53:24,525|I|main|Exiting Nexial...
2019-10-03 18:53:24,525|I|main|shutdown starts...
2019-10-03 18:53:24,528|I|main|Shutting down 'chrome' webdriver...
2019-10-03 18:53:33,488|I|main|shutdown ends...
2019-10-03 18:53:33,489|I|main|

/-END OF EXECUTION--------------------------------------------------------------
| » Execution Time: 79 sec.
| » Test Steps:     47
| » Passed:         47
| » Failed:         0
| » Success Rate:   100.00%
\---------------------------------------------------------------nexial-core 2.2_0488-

2019-10-03 18:53:33,489|I|main|ALL PASSED!
2019-10-03 18:53:33,490|I|main|End of Execution:
OUTPUT:       C:\projects\OrangeHRMWebApplication\output\20191003_185204
EXECUTION:    C:\projects\OrangeHRMWebApplication\output\20191003_185204\execution-output.html
JUNIT XML:    C:\projects\OrangeHRMWebApplication\output\20191003_185204\junit.xml
SUCCESS RATE: 100.00%
EXIT STATUS:  0
2019-10-03 18:53:33,490|I|main|End of Execution:
NEXIAL_OUTPUT:         C:\projects\OrangeHRMWebApplication\output\20191003_185204
NEXIAL_EXECUTION_HTML: C:\projects\OrangeHRMWebApplication\output\20191003_185204\execution-output.html
NEXIAL_JUNIT_XML:      C:\projects\OrangeHRMWebApplication\output\20191003_185204\junit.xml
NEXIAL_SUCCESS_RATE:   100.00%
NEXIAL_EXIT_STATUS:    0
