2019-10-01 11:44:55,211|I|Thread-1|(DELAYED) nexial-core 2.2_0488 starting up...
2019-10-01 11:44:55,218|I|Thread-1|(DELAYED) data file resolved as C:\Users\SANDHI~1.MUN\AppData\Local\Temp\fCJDk\OHRM_02_features.data.xlsx
2019-10-01 11:44:55,218|I|Thread-1|(DELAYED) input files and output directory resolved...
2019-10-01 11:44:55,218|I|Thread-1|(DELAYED) No predefined nexial-setup found
2019-10-01 11:44:55,218|I|Thread-1|(DELAYED) [20191001_114454] [C:\projects\OrangeHRMWebApplication\artifact\script\OHRM_02_features.xlsx] resolve RUN ID as 20191001_114454
2019-10-01 11:44:55,219|I|Thread-1|(DELAYED) [20191001_114454] [C:\projects\OrangeHRMWebApplication\artifact\script\OHRM_02_features.xlsx] new thread started
2019-10-01 11:44:55,219|I|Thread-1|No predefined nexial-setup found
2019-10-01 11:44:55,334|I|Thread-1|outputBase not set; output-to-cloud DISABLED!
2019-10-01 11:44:55,336|I|Thread-1|accessKey not set; output-to-cloud DISABLED!
2019-10-01 11:44:55,336|I|Thread-1|secretKey not set; output-to-cloud DISABLED!
2019-10-01 11:44:55,370|I|Thread-1|missing REQUIRED configuration; sms DISABLED!
2019-10-01 11:44:56,397|I|Thread-1|[20191001_114454] executing C:\projects\OrangeHRMWebApplication\artifact\script\OHRM_02_features.xlsx with 1 iteration(s)
2019-10-01 11:44:56,403|I|Thread-1|[20191001_114454] create directory C:\projects\OrangeHRMWebApplication\output\20191001_114454\captures
2019-10-01 11:44:56,404|I|Thread-1|[20191001_114454] create directory C:\projects\OrangeHRMWebApplication\output\20191001_114454\logs
2019-10-01 11:44:57,297|I|Thread-1|[20191001_114454] merging test data to tmp file C:\projects\OrangeHRMWebApplication\output\20191001_114454\OHRM_02_features.20191001_114456.001.xlsx
2019-10-01 11:44:57,299|I|Thread-1|refetching data from C:\projects\OrangeHRMWebApplication\artifact\data\OHRM_02_features.data.xlsx
2019-10-01 11:44:57,856|I|Thread-1|[20191001_114454] test script and test data merged to C:\projects\OrangeHRMWebApplication\output\20191001_114454\OHRM_02_features.20191001_114456.001.xlsx
2019-10-01 11:44:58,824|I|Thread-1|STARTS
2019-10-01 11:44:58,849|I|Thread-1|OHRM_02_features.20191001_114456.001 - executing iteration #1 of 1; Iteration Id 1
2019-10-01 11:44:58,857|I|Thread-1|OHRM_02_features.20191001_114456.001|orangehrm - executing test scenario
2019-10-01 11:44:58,860|I|Thread-1|OHRM_02_features.20191001_114456.001|orangehrm|Features - executing activity
2019-10-01 11:44:59,463|I|Thread-1|OHRM_02_features.20191001_114456.001|orangehrm|Features|#  5|web.open(url) - executing open(url)(${url})
2019-10-01 11:44:59,467|I|Thread-1|No valid instance of webdriver, initializing...
2019-10-01 11:44:59,470|I|Thread-1|init chrome
2019-10-01 11:45:02,566|I|Thread-1|browser initialization completed for 'chrome'
2019-10-01 11:45:02,608|I|Thread-1|setting browser polling wait time to 800 ms
2019-10-01 11:45:02,631|I|Thread-1|setting browser page load timeout to 10000 ms
2019-10-01 11:45:02,706|I|Thread-1|OHRM_02_features.20191001_114456.001|orangehrm|Features|#  5|web.open(url) - default browser stability wait time is 3000 ms
2019-10-01 11:45:09,765|I|Thread-1|current browser window handle:CDwindow-FF7F608A11D12AA314F0CF2EB17D3E7F
2019-10-01 11:45:10,175|I|Thread-1|OHRM_02_features.20191001_114456.001|orangehrm|Features|#  5|web.open(url) - PASS opened URL https://www.orangehrm.com/
2019-10-01 11:45:10,790|I|Thread-1|OHRM_02_features.20191001_114456.001|orangehrm|Features|#  6|web.maximizeWindow() - executing maximizeWindow()()
2019-10-01 11:45:11,986|I|Thread-1|OHRM_02_features.20191001_114456.001|orangehrm|Features|#  6|web.maximizeWindow() - PASS browser window maximized
2019-10-01 11:45:12,600|I|Thread-1|OHRM_02_features.20191001_114456.001|orangehrm|Features|#  7|web.click(locator) - executing click(locator)(${btn.features.loc})
2019-10-01 11:45:12,686|I|Thread-1|clicking '//div[@id='header-navbar']/ul/li/a[text()='Features']'...
2019-10-01 11:45:12,809|I|Thread-1|click target via JS, @id=
2019-10-01 11:45:14,142|I|Thread-1|clicked -> true
2019-10-01 11:45:14,145|I|Thread-1|OHRM_02_features.20191001_114456.001|orangehrm|Features|#  7|web.click(locator) - PASS click via JS event
2019-10-01 11:45:14,771|I|Thread-1|OHRM_02_features.20191001_114456.001|orangehrm|Features|#  8|web.click(locator) - executing click(locator)(${btn.pim.loc})
2019-10-01 11:45:14,858|I|Thread-1|clicking '//h4[text()='Personnel Information Management (PIM)']'...
2019-10-01 11:45:14,910|I|Thread-1|click target via JS, @id=
2019-10-01 11:45:17,625|I|Thread-1|clicked -> true
2019-10-01 11:45:17,629|I|Thread-1|OHRM_02_features.20191001_114456.001|orangehrm|Features|#  8|web.click(locator) - PASS click via JS event
2019-10-01 11:45:18,231|I|Thread-1|OHRM_02_features.20191001_114456.001|orangehrm|Features|#  9|web.click(locator) - executing click(locator)(${btn.customfields.loc})
2019-10-01 11:45:18,329|I|Thread-1|clicking '//h4[text()='Custom Fields']/following-sibling::a'...
2019-10-01 11:45:18,385|I|Thread-1|click target via JS, @id=
2019-10-01 11:45:18,486|I|Thread-1|clicked -> true
2019-10-01 11:45:18,490|I|Thread-1|OHRM_02_features.20191001_114456.001|orangehrm|Features|#  9|web.click(locator) - PASS click via JS event
2019-10-01 11:45:18,899|I|Thread-1|[OHRM_02_features.20191001_114456.001|orangehrm] saving test scenario
2019-10-01 11:45:19,353|I|Thread-1|[20191001_114454] 
/-TEST COMPLETE-----------------------------------------------------------------
| Test Output:    C:\projects\OrangeHRMWebApplication\output\20191001_114454\OHRM_02_features.20191001_114456.001.xlsx
| Iteration:      1
\-------------------------------------------------------------------------------
» Execution Time: 20480 ms
» Test Steps:     5
» Error(s):       0



2019-10-01 11:45:21,920|I|Thread-1|[20191001_114454] 
/-TEST COMPLETE-----------------------------------------------------------------
| Test Script:    C:\projects\OrangeHRMWebApplication\artifact\script\OHRM_02_features.xlsx
\-------------------------------------------------------------------------------
» Execution Time: 26945 ms
» Iterations:     [1] total 1
» Test Steps:     5
» Passed:         5
» Error(s):       0
» Iteration 1 of 1: C:\projects\OrangeHRMWebApplication\output\20191001_114454\OHRM_02_features.20191001_114456.001.xlsx



2019-10-01 11:45:22,062|I|main|[20191001_114454] [C:\projects\OrangeHRMWebApplication\artifact\script\OHRM_02_features.xlsx] now completed
2019-10-01 11:45:22,063|I|main|[20191001_114454] all execution thread(s) have terminated
2019-10-01 11:45:22,064|I|main|[20191001_114454] test run completed in about 27 seconds
2019-10-01 11:45:22,309|I|main|No predefined nexial-setup found
2019-10-01 11:45:22,367|I|main|outputBase not set; output-to-cloud DISABLED!
2019-10-01 11:45:22,370|I|main|accessKey not set; output-to-cloud DISABLED!
2019-10-01 11:45:22,371|I|main|secretKey not set; output-to-cloud DISABLED!
2019-10-01 11:45:22,373|I|main|generating HTML output for this execution to C:\projects\OrangeHRMWebApplication\output\20191001_114454\execution-output.html
2019-10-01 11:45:23,153|I|main|generating JUnit XML output for this execution to C:\projects\OrangeHRMWebApplication\output\20191001_114454\junit.xml
2019-10-01 11:45:23,210|I|main|Generated JUnit report for this execution: C:\projects\OrangeHRMWebApplication\output\20191001_114454\junit.xml
2019-10-01 11:45:23,231|I|main|nexial mailer not enabled: nexial.enableEmail=false
2019-10-01 11:45:23,232|I|main|skipped email notification as configured
2019-10-01 11:45:23,235|I|main|Exiting Nexial...
2019-10-01 11:45:23,236|I|main|shutdown starts...
2019-10-01 11:45:23,238|I|main|Shutting down 'chrome' webdriver...
2019-10-01 11:45:30,215|I|main|shutdown ends...
2019-10-01 11:45:30,218|I|main|

/-END OF EXECUTION--------------------------------------------------------------
| » Execution Time: 27 sec.
| » Test Steps:     5
| » Passed:         5
| » Failed:         0
| » Success Rate:   100.00%
\---------------------------------------------------------------nexial-core 2.2_0488-

2019-10-01 11:45:30,220|I|main|ALL PASSED!
2019-10-01 11:45:30,223|I|main|End of Execution:
OUTPUT:       C:\projects\OrangeHRMWebApplication\output\20191001_114454
EXECUTION:    C:\projects\OrangeHRMWebApplication\output\20191001_114454\execution-output.html
JUNIT XML:    C:\projects\OrangeHRMWebApplication\output\20191001_114454\junit.xml
SUCCESS RATE: 100.00%
EXIT STATUS:  0
2019-10-01 11:45:30,232|I|main|End of Execution:
NEXIAL_OUTPUT:         C:\projects\OrangeHRMWebApplication\output\20191001_114454
NEXIAL_EXECUTION_HTML: C:\projects\OrangeHRMWebApplication\output\20191001_114454\execution-output.html
NEXIAL_JUNIT_XML:      C:\projects\OrangeHRMWebApplication\output\20191001_114454\junit.xml
NEXIAL_SUCCESS_RATE:   100.00%
NEXIAL_EXIT_STATUS:    0
