2019-10-01 12:05:03,684|I|Thread-1|(DELAYED) nexial-core 2.2_0488 starting up...
2019-10-01 12:05:03,690|I|Thread-1|(DELAYED) data file resolved as C:\Users\SANDHI~1.MUN\AppData\Local\Temp\shqJB\OHRM_02_features.data.xlsx
2019-10-01 12:05:03,690|I|Thread-1|(DELAYED) input files and output directory resolved...
2019-10-01 12:05:03,690|I|Thread-1|(DELAYED) No predefined nexial-setup found
2019-10-01 12:05:03,691|I|Thread-1|(DELAYED) [20191001_120503] [C:\projects\OrangeHRMWebApplication\artifact\script\OHRM_02_features.xlsx] resolve RUN ID as 20191001_120503
2019-10-01 12:05:03,691|I|Thread-1|(DELAYED) [20191001_120503] [C:\projects\OrangeHRMWebApplication\artifact\script\OHRM_02_features.xlsx] new thread started
2019-10-01 12:05:03,691|I|Thread-1|No predefined nexial-setup found
2019-10-01 12:05:03,788|I|Thread-1|outputBase not set; output-to-cloud DISABLED!
2019-10-01 12:05:03,789|I|Thread-1|accessKey not set; output-to-cloud DISABLED!
2019-10-01 12:05:03,790|I|Thread-1|secretKey not set; output-to-cloud DISABLED!
2019-10-01 12:05:03,814|I|Thread-1|missing REQUIRED configuration; sms DISABLED!
2019-10-01 12:05:04,775|I|Thread-1|[20191001_120503] executing C:\projects\OrangeHRMWebApplication\artifact\script\OHRM_02_features.xlsx with 1 iteration(s)
2019-10-01 12:05:04,780|I|Thread-1|[20191001_120503] create directory C:\projects\OrangeHRMWebApplication\output\20191001_120503\captures
2019-10-01 12:05:04,781|I|Thread-1|[20191001_120503] create directory C:\projects\OrangeHRMWebApplication\output\20191001_120503\logs
2019-10-01 12:05:05,573|I|Thread-1|[20191001_120503] merging test data to tmp file C:\projects\OrangeHRMWebApplication\output\20191001_120503\OHRM_02_features.20191001_120504.001.xlsx
2019-10-01 12:05:05,575|I|Thread-1|refetching data from C:\projects\OrangeHRMWebApplication\artifact\data\OHRM_02_features.data.xlsx
2019-10-01 12:05:05,951|I|Thread-1|[20191001_120503] test script and test data merged to C:\projects\OrangeHRMWebApplication\output\20191001_120503\OHRM_02_features.20191001_120504.001.xlsx
2019-10-01 12:05:06,787|I|Thread-1|STARTS
2019-10-01 12:05:06,815|I|Thread-1|OHRM_02_features.20191001_120504.001 - executing iteration #1 of 1; Iteration Id 1
2019-10-01 12:05:06,824|I|Thread-1|OHRM_02_features.20191001_120504.001|orangehrm - executing test scenario
2019-10-01 12:05:06,826|I|Thread-1|OHRM_02_features.20191001_120504.001|orangehrm|Features - executing activity
2019-10-01 12:05:07,430|I|Thread-1|OHRM_02_features.20191001_120504.001|orangehrm|Features|#  5|web.open(url) - executing open(url)(${url})
2019-10-01 12:05:07,435|I|Thread-1|No valid instance of webdriver, initializing...
2019-10-01 12:05:07,438|I|Thread-1|init chrome
2019-10-01 12:05:10,617|I|Thread-1|browser initialization completed for 'chrome'
2019-10-01 12:05:10,662|I|Thread-1|setting browser polling wait time to 800 ms
2019-10-01 12:05:10,690|I|Thread-1|setting browser page load timeout to 10000 ms
2019-10-01 12:05:10,754|I|Thread-1|OHRM_02_features.20191001_120504.001|orangehrm|Features|#  5|web.open(url) - default browser stability wait time is 3000 ms
2019-10-01 12:05:18,217|I|Thread-1|current browser window handle:CDwindow-E7477CA589BBA07099574C11A429B429
2019-10-01 12:05:18,631|I|Thread-1|OHRM_02_features.20191001_120504.001|orangehrm|Features|#  5|web.open(url) - PASS opened URL https://www.orangehrm.com/
2019-10-01 12:05:19,266|I|Thread-1|OHRM_02_features.20191001_120504.001|orangehrm|Features|#  6|web.maximizeWindow() - executing maximizeWindow()()
2019-10-01 12:05:20,541|I|Thread-1|OHRM_02_features.20191001_120504.001|orangehrm|Features|#  6|web.maximizeWindow() - PASS browser window maximized
2019-10-01 12:05:21,148|I|Thread-1|OHRM_02_features.20191001_120504.001|orangehrm|Features|#  7|web.click(locator) - executing click(locator)(${btn.features.loc})
2019-10-01 12:05:21,237|I|Thread-1|clicking '//div[@id='header-navbar']/ul/li/a[text()='Features']'...
2019-10-01 12:05:21,299|I|Thread-1|click target via JS, @id=
2019-10-01 12:05:22,274|I|Thread-1|clicked -> true
2019-10-01 12:05:22,277|I|Thread-1|OHRM_02_features.20191001_120504.001|orangehrm|Features|#  7|web.click(locator) - PASS click via JS event
2019-10-01 12:05:22,886|I|Thread-1|OHRM_02_features.20191001_120504.001|orangehrm|Features|#  8|web.assertElementByText(l - executing assertElementByText(locator,text)(${btn.features.loc}, Features)
2019-10-01 12:05:23,022|I|Thread-1|OHRM_02_features.20191001_120504.001|orangehrm|Features|#  8|web.assertElementByText(l - PASS validated locator '//div[@id='header-navbar']/ul/li/a[text()='Features']' by text 'Features' as EXPECTED
2019-10-01 12:05:23,626|I|Thread-1|OHRM_02_features.20191001_120504.001|orangehrm|Features|#  9|web.click(locator) - executing click(locator)(${btn.pim.loc})
2019-10-01 12:05:23,684|I|Thread-1|clicking '//h4[text()='Personnel Information Management (PIM)']'...
2019-10-01 12:05:23,723|I|Thread-1|click target via JS, @id=
2019-10-01 12:05:26,319|I|Thread-1|clicked -> true
2019-10-01 12:05:26,323|I|Thread-1|OHRM_02_features.20191001_120504.001|orangehrm|Features|#  9|web.click(locator) - PASS click via JS event
2019-10-01 12:05:26,936|I|Thread-1|OHRM_02_features.20191001_120504.001|orangehrm|Features|# 10|web.scrollTo(locator) - executing scrollTo(locator)(${btn.customfields.loc})
2019-10-01 12:05:27,057|I|Thread-1|OHRM_02_features.20191001_120504.001|orangehrm|Features|# 10|web.scrollTo(locator) - PASS scrolled to '//h4[text()='Custom Fields']/following-sibling::a'
2019-10-01 12:05:27,662|I|Thread-1|OHRM_02_features.20191001_120504.001|orangehrm|Features|# 11|web.click(locator) - executing click(locator)(${btn.customfields.loc})
2019-10-01 12:05:27,727|I|Thread-1|clicking '//h4[text()='Custom Fields']/following-sibling::a'...
2019-10-01 12:05:27,772|I|Thread-1|click target via JS, @id=
2019-10-01 12:05:27,854|I|Thread-1|clicked -> true
2019-10-01 12:05:27,857|I|Thread-1|OHRM_02_features.20191001_120504.001|orangehrm|Features|# 11|web.click(locator) - PASS click via JS event
2019-10-01 12:05:28,458|I|Thread-1|OHRM_02_features.20191001_120504.001|orangehrm|Features|# 12|web.scrollTo(locator) - executing scrollTo(locator)(${btn.addemployee.loc})
2019-10-01 12:05:28,595|I|Thread-1|OHRM_02_features.20191001_120504.001|orangehrm|Features|# 12|web.scrollTo(locator) - PASS scrolled to '//h4[text()='Add employee']/following-sibling::a'
2019-10-01 12:05:29,201|I|Thread-1|OHRM_02_features.20191001_120504.001|orangehrm|Features|# 13|web.click(locator) - executing click(locator)(${btn.addemployee.loc})
2019-10-01 12:05:29,256|I|Thread-1|clicking '//h4[text()='Add employee']/following-sibling::a'...
2019-10-01 12:05:29,289|I|Thread-1|click target via JS, @id=
2019-10-01 12:05:29,352|I|Thread-1|clicked -> true
2019-10-01 12:05:29,356|I|Thread-1|OHRM_02_features.20191001_120504.001|orangehrm|Features|# 13|web.click(locator) - PASS click via JS event
2019-10-01 12:05:29,965|I|Thread-1|OHRM_02_features.20191001_120504.001|orangehrm|Features|# 14|web.scrollTo(locator) - executing scrollTo(locator)(${btn.bulkupdate.loc})
2019-10-01 12:05:30,106|I|Thread-1|OHRM_02_features.20191001_120504.001|orangehrm|Features|# 14|web.scrollTo(locator) - PASS scrolled to '//h4[text()='Bulk Update']/following-sibling::a'
2019-10-01 12:05:30,711|I|Thread-1|OHRM_02_features.20191001_120504.001|orangehrm|Features|# 15|web.click(locator) - executing click(locator)(${btn.bulkupdate.loc})
2019-10-01 12:05:30,771|I|Thread-1|clicking '//h4[text()='Bulk Update']/following-sibling::a'...
2019-10-01 12:05:30,806|I|Thread-1|click target via JS, @id=
2019-10-01 12:05:30,871|I|Thread-1|clicked -> true
2019-10-01 12:05:30,873|I|Thread-1|OHRM_02_features.20191001_120504.001|orangehrm|Features|# 15|web.click(locator) - PASS click via JS event
2019-10-01 12:05:31,475|I|Thread-1|OHRM_02_features.20191001_120504.001|orangehrm|Features|# 16|web.scrollTo(locator) - executing scrollTo(locator)(${btn.myshortcuts.loc})
2019-10-01 12:05:31,617|I|Thread-1|OHRM_02_features.20191001_120504.001|orangehrm|Features|# 16|web.scrollTo(locator) - PASS scrolled to '//h4[text()='My shortcuts']/following-sibling::a'
2019-10-01 12:05:32,222|I|Thread-1|OHRM_02_features.20191001_120504.001|orangehrm|Features|# 17|web.click(locator) - executing click(locator)(${btn.myshortcuts.loc})
2019-10-01 12:05:32,280|I|Thread-1|clicking '//h4[text()='My shortcuts']/following-sibling::a'...
2019-10-01 12:05:32,331|I|Thread-1|click target via JS, @id=
2019-10-01 12:05:32,396|I|Thread-1|clicked -> true
2019-10-01 12:05:32,400|I|Thread-1|OHRM_02_features.20191001_120504.001|orangehrm|Features|# 17|web.click(locator) - PASS click via JS event
2019-10-01 12:05:33,004|I|Thread-1|OHRM_02_features.20191001_120504.001|orangehrm|Features|# 18|web.scrollTo(locator) - executing scrollTo(locator)(${btn.reportingtools.loc})
2019-10-01 12:05:33,124|I|Thread-1|OHRM_02_features.20191001_120504.001|orangehrm|Features|# 18|web.scrollTo(locator) - PASS scrolled to '//h4[text()='Reporting tools']/following-sibling::a'
2019-10-01 12:05:33,730|I|Thread-1|OHRM_02_features.20191001_120504.001|orangehrm|Features|# 19|web.click(locator) - executing click(locator)(${btn.reportingtools.loc})
2019-10-01 12:05:33,791|I|Thread-1|clicking '//h4[text()='Reporting tools']/following-sibling::a'...
2019-10-01 12:05:33,828|I|Thread-1|click target via JS, @id=
2019-10-01 12:05:33,893|I|Thread-1|clicked -> true
2019-10-01 12:05:33,895|I|Thread-1|OHRM_02_features.20191001_120504.001|orangehrm|Features|# 19|web.click(locator) - PASS click via JS event
2019-10-01 12:05:34,290|I|Thread-1|[OHRM_02_features.20191001_120504.001|orangehrm] saving test scenario
2019-10-01 12:05:34,828|I|Thread-1|[20191001_120503] 
/-TEST COMPLETE-----------------------------------------------------------------
| Test Output:    C:\projects\OrangeHRMWebApplication\output\20191001_120503\OHRM_02_features.20191001_120504.001.xlsx
| Iteration:      1
\-------------------------------------------------------------------------------
» Execution Time: 27990 ms
» Test Steps:     15
» Error(s):       0



2019-10-01 12:05:37,728|I|Thread-1|[20191001_120503] 
/-TEST COMPLETE-----------------------------------------------------------------
| Test Script:    C:\projects\OrangeHRMWebApplication\artifact\script\OHRM_02_features.xlsx
\-------------------------------------------------------------------------------
» Execution Time: 34311 ms
» Iterations:     [1] total 1
» Test Steps:     15
» Passed:         15
» Error(s):       0
» Iteration 1 of 1: C:\projects\OrangeHRMWebApplication\output\20191001_120503\OHRM_02_features.20191001_120504.001.xlsx



2019-10-01 12:05:38,437|I|main|[20191001_120503] [C:\projects\OrangeHRMWebApplication\artifact\script\OHRM_02_features.xlsx] now completed
2019-10-01 12:05:38,438|I|main|[20191001_120503] all execution thread(s) have terminated
2019-10-01 12:05:38,439|I|main|[20191001_120503] test run completed in about 35 seconds
2019-10-01 12:05:38,609|I|main|No predefined nexial-setup found
2019-10-01 12:05:38,674|I|main|outputBase not set; output-to-cloud DISABLED!
2019-10-01 12:05:38,675|I|main|accessKey not set; output-to-cloud DISABLED!
2019-10-01 12:05:38,678|I|main|secretKey not set; output-to-cloud DISABLED!
2019-10-01 12:05:38,680|I|main|generating HTML output for this execution to C:\projects\OrangeHRMWebApplication\output\20191001_120503\execution-output.html
2019-10-01 12:05:39,497|I|main|generating JUnit XML output for this execution to C:\projects\OrangeHRMWebApplication\output\20191001_120503\junit.xml
2019-10-01 12:05:39,557|I|main|Generated JUnit report for this execution: C:\projects\OrangeHRMWebApplication\output\20191001_120503\junit.xml
2019-10-01 12:05:39,579|I|main|nexial mailer not enabled: nexial.enableEmail=false
2019-10-01 12:05:39,580|I|main|skipped email notification as configured
2019-10-01 12:05:39,582|I|main|Exiting Nexial...
2019-10-01 12:05:39,583|I|main|shutdown starts...
2019-10-01 12:05:39,589|I|main|Shutting down 'chrome' webdriver...
2019-10-01 12:05:48,368|I|main|shutdown ends...
2019-10-01 12:05:48,372|I|main|

/-END OF EXECUTION--------------------------------------------------------------
| » Execution Time: 35 sec.
| » Test Steps:     15
| » Passed:         15
| » Failed:         0
| » Success Rate:   100.00%
\---------------------------------------------------------------nexial-core 2.2_0488-

2019-10-01 12:05:48,374|I|main|ALL PASSED!
2019-10-01 12:05:48,379|I|main|End of Execution:
OUTPUT:       C:\projects\OrangeHRMWebApplication\output\20191001_120503
EXECUTION:    C:\projects\OrangeHRMWebApplication\output\20191001_120503\execution-output.html
JUNIT XML:    C:\projects\OrangeHRMWebApplication\output\20191001_120503\junit.xml
SUCCESS RATE: 100.00%
EXIT STATUS:  0
2019-10-01 12:05:48,382|I|main|End of Execution:
NEXIAL_OUTPUT:         C:\projects\OrangeHRMWebApplication\output\20191001_120503
NEXIAL_EXECUTION_HTML: C:\projects\OrangeHRMWebApplication\output\20191001_120503\execution-output.html
NEXIAL_JUNIT_XML:      C:\projects\OrangeHRMWebApplication\output\20191001_120503\junit.xml
NEXIAL_SUCCESS_RATE:   100.00%
NEXIAL_EXIT_STATUS:    0
