2019-10-01 16:42:19,371|I|Thread-1|(DELAYED) nexial-core 2.2_0488 starting up...
2019-10-01 16:42:19,379|I|Thread-1|(DELAYED) data file resolved as C:\Users\SANDHI~1.MUN\AppData\Local\Temp\YNIpj\OHRM_02_features.data.xlsx
2019-10-01 16:42:19,379|I|Thread-1|(DELAYED) input files and output directory resolved...
2019-10-01 16:42:19,379|I|Thread-1|(DELAYED) No predefined nexial-setup found
2019-10-01 16:42:19,379|I|Thread-1|(DELAYED) [20191001_164218] [C:\projects\OrangeHRMWebApplication\artifact\script\OHRM_02_features.xlsx] resolve RUN ID as 20191001_164218
2019-10-01 16:42:19,379|I|Thread-1|(DELAYED) [20191001_164218] [C:\projects\OrangeHRMWebApplication\artifact\script\OHRM_02_features.xlsx] new thread started
2019-10-01 16:42:19,380|I|Thread-1|No predefined nexial-setup found
2019-10-01 16:42:19,531|I|Thread-1|outputBase not set; output-to-cloud DISABLED!
2019-10-01 16:42:19,532|I|Thread-1|accessKey not set; output-to-cloud DISABLED!
2019-10-01 16:42:19,533|I|Thread-1|secretKey not set; output-to-cloud DISABLED!
2019-10-01 16:42:19,581|I|Thread-1|missing REQUIRED configuration; sms DISABLED!
2019-10-01 16:42:20,909|I|Thread-1|[20191001_164218] executing C:\projects\OrangeHRMWebApplication\artifact\script\OHRM_02_features.xlsx with 1 iteration(s)
2019-10-01 16:42:20,917|I|Thread-1|[20191001_164218] create directory C:\projects\OrangeHRMWebApplication\output\20191001_164218\captures
2019-10-01 16:42:20,919|I|Thread-1|[20191001_164218] create directory C:\projects\OrangeHRMWebApplication\output\20191001_164218\logs
2019-10-01 16:42:23,516|I|Thread-1|macro(s) found and merged; C:\projects\OrangeHRMWebApplication\output\20191001_164218\OHRM_02_features.20191001_164220.001.xlsx will need to be saved
2019-10-01 16:42:23,519|I|Thread-1|[20191001_164218] merging test data to tmp file C:\projects\OrangeHRMWebApplication\output\20191001_164218\OHRM_02_features.20191001_164220.001.xlsx
2019-10-01 16:42:23,527|I|Thread-1|refetching data from C:\projects\OrangeHRMWebApplication\artifact\data\OHRM_02_features.data.xlsx
2019-10-01 16:42:24,161|I|Thread-1|[20191001_164218] test script and test data merged to C:\projects\OrangeHRMWebApplication\output\20191001_164218\OHRM_02_features.20191001_164220.001.xlsx
2019-10-01 16:42:25,876|I|Thread-1|STARTS
2019-10-01 16:42:25,939|I|Thread-1|OHRM_02_features.20191001_164220.001 - executing iteration #1 of 1; Iteration Id 1
2019-10-01 16:42:25,962|I|Thread-1|OHRM_02_features.20191001_164220.001|Personnel Information Managemen - executing test scenario
2019-10-01 16:42:25,980|I|Thread-1|OHRM_02_features.20191001_164220.001|Personnel Information Managemen|Feature-Personnel Information Management (PIM) - executing activity
2019-10-01 16:42:26,604|I|Thread-1|OHRM_02_features.20191001_164220.001|Personnel Information Managemen|Feature-Personnel Information Management (PIM)|#  5|base.section(steps) - executing section(steps)(4)
2019-10-01 16:42:26,614|I|Thread-1|OHRM_02_features.20191001_164220.001|Personnel Information Managemen|Feature-Personnel Information Management (PIM)|#  5|base.section(steps) - PASS 
2019-10-01 16:42:27,218|I|Thread-1|OHRM_02_features.20191001_164220.001|Personnel Information Managemen|Feature-Personnel Information Management (PIM)|#  6|web.open(url) - executing open(url)(${url})
2019-10-01 16:42:27,228|I|Thread-1|No valid instance of webdriver, initializing...
2019-10-01 16:42:27,237|I|Thread-1|init chrome
2019-10-01 16:42:30,839|I|Thread-1|browser initialization completed for 'chrome'
2019-10-01 16:42:30,870|I|Thread-1|setting browser polling wait time to 800 ms
2019-10-01 16:42:30,892|I|Thread-1|setting browser page load timeout to 10000 ms
2019-10-01 16:42:30,984|I|Thread-1|OHRM_02_features.20191001_164220.001|Personnel Information Managemen|Feature-Personnel Information Management (PIM)|#  6|web.open(url) - default browser stability wait time is 3000 ms
2019-10-01 16:42:37,870|I|Thread-1|current browser window handle:CDwindow-2F30A16B2B3B6A17C6C41F0C0C8FA581
2019-10-01 16:42:38,457|I|Thread-1|OHRM_02_features.20191001_164220.001|Personnel Information Managemen|Feature-Personnel Information Management (PIM)|#  6|web.open(url) - PASS opened URL https://www.orangehrm.com/
2019-10-01 16:42:39,074|I|Thread-1|OHRM_02_features.20191001_164220.001|Personnel Information Managemen|Feature-Personnel Information Management (PIM)|#  7|web.maximizeWindow() - executing maximizeWindow()()
2019-10-01 16:42:40,401|I|Thread-1|OHRM_02_features.20191001_164220.001|Personnel Information Managemen|Feature-Personnel Information Management (PIM)|#  7|web.maximizeWindow() - PASS browser window maximized
2019-10-01 16:42:41,008|I|Thread-1|OHRM_02_features.20191001_164220.001|Personnel Information Managemen|Feature-Personnel Information Management (PIM)|#  8|web.click(locator) - executing click(locator)(${btn.features.loc})
2019-10-01 16:42:41,116|I|Thread-1|clicking '//div[@id='header-navbar']/ul/li/a[text()='Features']'...
2019-10-01 16:42:41,189|I|Thread-1|click target via JS, @id=
2019-10-01 16:42:42,298|I|Thread-1|clicked -> true
2019-10-01 16:42:42,301|I|Thread-1|OHRM_02_features.20191001_164220.001|Personnel Information Managemen|Feature-Personnel Information Management (PIM)|#  8|web.click(locator) - PASS click via JS event
2019-10-01 16:42:42,908|I|Thread-1|OHRM_02_features.20191001_164220.001|Personnel Information Managemen|Feature-Personnel Information Management (PIM)|#  9|web.assertElementByText(l - executing assertElementByText(locator,text)(${btn.features.loc}, ${featuretext})
2019-10-01 16:42:43,071|I|Thread-1|OHRM_02_features.20191001_164220.001|Personnel Information Managemen|Feature-Personnel Information Management (PIM)|#  9|web.assertElementByText(l - PASS validated locator '//div[@id='header-navbar']/ul/li/a[text()='Features']' by text 'Features' as EXPECTED
2019-10-01 16:42:43,707|I|Thread-1|OHRM_02_features.20191001_164220.001|Personnel Information Managemen|Feature-Personnel Information Management (PIM)|# 10|web.assertAndClick(locato - executing assertAndClick(locator,label)(${btn.pim.loc}, ${PIMlabel})
2019-10-01 16:42:44,013|I|Thread-1|clicking '//h4[text()='Personnel Information Management (PIM)' and text() = 'Personnel Information Management (PIM)']'...
2019-10-01 16:42:44,083|I|Thread-1|click target via JS, @id=
2019-10-01 16:42:46,971|I|Thread-1|clicked -> true
2019-10-01 16:42:46,976|I|Thread-1|OHRM_02_features.20191001_164220.001|Personnel Information Managemen|Feature-Personnel Information Management (PIM)|# 10|web.assertAndClick(locato - PASS click via JS event
2019-10-01 16:42:47,594|I|Thread-1|OHRM_02_features.20191001_164220.001|Personnel Information Managemen|Feature-Personnel Information Management (PIM)|# 11|web.scrollTo(locator) - executing scrollTo(locator)(${btn.customfields.loc})
2019-10-01 16:42:47,749|I|Thread-1|OHRM_02_features.20191001_164220.001|Personnel Information Managemen|Feature-Personnel Information Management (PIM)|# 11|web.scrollTo(locator) - PASS scrolled to '//h4[text()='Custom Fields']/following-sibling::a'
2019-10-01 16:42:48,358|I|Thread-1|OHRM_02_features.20191001_164220.001|Personnel Information Managemen|Feature-Personnel Information Management (PIM)|# 12|web.assertTextPresent(tex - executing assertTextPresent(text)(${CustomFields})
2019-10-01 16:42:48,425|I|Thread-1|OHRM_02_features.20191001_164220.001|Personnel Information Managemen|Feature-Personnel Information Management (PIM)|# 12|web.assertTextPresent(tex - PASS EXPECTED text 'Custom Fields' found
2019-10-01 16:42:49,030|I|Thread-1|OHRM_02_features.20191001_164220.001|Personnel Information Managemen|Feature-Personnel Information Management (PIM)|# 13|web.click(locator) - executing click(locator)(${btn.customfields.loc})
2019-10-01 16:42:49,093|I|Thread-1|clicking '//h4[text()='Custom Fields']/following-sibling::a'...
2019-10-01 16:42:49,132|I|Thread-1|click target via JS, @id=
2019-10-01 16:42:49,210|I|Thread-1|clicked -> true
2019-10-01 16:42:49,211|I|Thread-1|OHRM_02_features.20191001_164220.001|Personnel Information Managemen|Feature-Personnel Information Management (PIM)|# 13|web.click(locator) - PASS click via JS event
2019-10-01 16:42:49,815|I|Thread-1|OHRM_02_features.20191001_164220.001|Personnel Information Managemen|Feature-Personnel Information Management (PIM)|# 14|web.scrollTo(locator) - executing scrollTo(locator)(${btn.addemployee.loc})
2019-10-01 16:42:49,987|I|Thread-1|OHRM_02_features.20191001_164220.001|Personnel Information Managemen|Feature-Personnel Information Management (PIM)|# 14|web.scrollTo(locator) - PASS scrolled to '//h4[text()='Add employee']/following-sibling::a'
2019-10-01 16:42:50,605|I|Thread-1|OHRM_02_features.20191001_164220.001|Personnel Information Managemen|Feature-Personnel Information Management (PIM)|# 15|web.assertTextPresent(tex - executing assertTextPresent(text)(${AddEmployee})
2019-10-01 16:42:50,681|I|Thread-1|OHRM_02_features.20191001_164220.001|Personnel Information Managemen|Feature-Personnel Information Management (PIM)|# 15|web.assertTextPresent(tex - PASS EXPECTED text 'Add employee' found
2019-10-01 16:42:51,293|I|Thread-1|OHRM_02_features.20191001_164220.001|Personnel Information Managemen|Feature-Personnel Information Management (PIM)|# 16|web.click(locator) - executing click(locator)(${btn.addemployee.loc})
2019-10-01 16:42:51,369|I|Thread-1|clicking '//h4[text()='Add employee']/following-sibling::a'...
2019-10-01 16:42:51,422|I|Thread-1|click target via JS, @id=
2019-10-01 16:42:51,528|I|Thread-1|clicked -> true
2019-10-01 16:42:51,531|I|Thread-1|OHRM_02_features.20191001_164220.001|Personnel Information Managemen|Feature-Personnel Information Management (PIM)|# 16|web.click(locator) - PASS click via JS event
2019-10-01 16:42:52,138|I|Thread-1|OHRM_02_features.20191001_164220.001|Personnel Information Managemen|Feature-Personnel Information Management (PIM)|# 17|web.scrollTo(locator) - executing scrollTo(locator)(${btn.bulkupdate.loc})
2019-10-01 16:42:52,317|I|Thread-1|OHRM_02_features.20191001_164220.001|Personnel Information Managemen|Feature-Personnel Information Management (PIM)|# 17|web.scrollTo(locator) - PASS scrolled to '//h4[text()='Bulk Update']/following-sibling::a'
2019-10-01 16:42:52,930|I|Thread-1|OHRM_02_features.20191001_164220.001|Personnel Information Managemen|Feature-Personnel Information Management (PIM)|# 18|web.assertTextPresent(tex - executing assertTextPresent(text)(${BulkUpdate})
2019-10-01 16:42:53,012|I|Thread-1|OHRM_02_features.20191001_164220.001|Personnel Information Managemen|Feature-Personnel Information Management (PIM)|# 18|web.assertTextPresent(tex - PASS EXPECTED text 'Bulk Update' found
2019-10-01 16:42:53,619|I|Thread-1|OHRM_02_features.20191001_164220.001|Personnel Information Managemen|Feature-Personnel Information Management (PIM)|# 19|web.click(locator) - executing click(locator)(${btn.bulkupdate.loc})
2019-10-01 16:42:53,696|I|Thread-1|clicking '//h4[text()='Bulk Update']/following-sibling::a'...
2019-10-01 16:42:53,745|I|Thread-1|click target via JS, @id=
2019-10-01 16:42:53,841|I|Thread-1|clicked -> true
2019-10-01 16:42:53,845|I|Thread-1|OHRM_02_features.20191001_164220.001|Personnel Information Managemen|Feature-Personnel Information Management (PIM)|# 19|web.click(locator) - PASS click via JS event
2019-10-01 16:42:54,452|I|Thread-1|OHRM_02_features.20191001_164220.001|Personnel Information Managemen|Feature-Personnel Information Management (PIM)|# 20|web.scrollTo(locator) - executing scrollTo(locator)(${btn.myshortcuts.loc})
2019-10-01 16:42:54,621|I|Thread-1|OHRM_02_features.20191001_164220.001|Personnel Information Managemen|Feature-Personnel Information Management (PIM)|# 20|web.scrollTo(locator) - PASS scrolled to '//h4[text()='My shortcuts']/following-sibling::a'
2019-10-01 16:42:55,248|I|Thread-1|OHRM_02_features.20191001_164220.001|Personnel Information Managemen|Feature-Personnel Information Management (PIM)|# 21|web.assertTextPresent(tex - executing assertTextPresent(text)(${MyShortcuts})
2019-10-01 16:42:55,345|I|Thread-1|OHRM_02_features.20191001_164220.001|Personnel Information Managemen|Feature-Personnel Information Management (PIM)|# 21|web.assertTextPresent(tex - PASS EXPECTED text 'My shortcuts' found
2019-10-01 16:42:55,950|I|Thread-1|OHRM_02_features.20191001_164220.001|Personnel Information Managemen|Feature-Personnel Information Management (PIM)|# 22|web.click(locator) - executing click(locator)(${btn.myshortcuts.loc})
2019-10-01 16:42:56,027|I|Thread-1|clicking '//h4[text()='My shortcuts']/following-sibling::a'...
2019-10-01 16:42:56,078|I|Thread-1|click target via JS, @id=
2019-10-01 16:42:56,159|I|Thread-1|clicked -> true
2019-10-01 16:42:56,160|I|Thread-1|OHRM_02_features.20191001_164220.001|Personnel Information Managemen|Feature-Personnel Information Management (PIM)|# 22|web.click(locator) - PASS click via JS event
2019-10-01 16:42:56,764|I|Thread-1|OHRM_02_features.20191001_164220.001|Personnel Information Managemen|Feature-Personnel Information Management (PIM)|# 23|web.scrollTo(locator) - executing scrollTo(locator)(${btn.reportingtools.loc})
2019-10-01 16:42:56,936|I|Thread-1|OHRM_02_features.20191001_164220.001|Personnel Information Managemen|Feature-Personnel Information Management (PIM)|# 23|web.scrollTo(locator) - PASS scrolled to '//h4[text()='Reporting tools']/following-sibling::a'
2019-10-01 16:42:57,545|I|Thread-1|OHRM_02_features.20191001_164220.001|Personnel Information Managemen|Feature-Personnel Information Management (PIM)|# 24|web.assertTextPresent(tex - executing assertTextPresent(text)(${ReportingTools})
2019-10-01 16:42:57,627|I|Thread-1|OHRM_02_features.20191001_164220.001|Personnel Information Managemen|Feature-Personnel Information Management (PIM)|# 24|web.assertTextPresent(tex - PASS EXPECTED text 'Reporting tools' found
2019-10-01 16:42:58,234|I|Thread-1|OHRM_02_features.20191001_164220.001|Personnel Information Managemen|Feature-Personnel Information Management (PIM)|# 25|web.click(locator) - executing click(locator)(${btn.reportingtools.loc})
2019-10-01 16:42:58,315|I|Thread-1|clicking '//h4[text()='Reporting tools']/following-sibling::a'...
2019-10-01 16:42:58,364|I|Thread-1|click target via JS, @id=
2019-10-01 16:42:58,459|I|Thread-1|clicked -> true
2019-10-01 16:42:58,462|I|Thread-1|OHRM_02_features.20191001_164220.001|Personnel Information Managemen|Feature-Personnel Information Management (PIM)|# 25|web.click(locator) - PASS click via JS event
2019-10-01 16:42:59,064|I|Thread-1|OHRM_02_features.20191001_164220.001|Personnel Information Managemen|Feature-Personnel Information Management (PIM)|# 26|base.macro(file,sheet,nam - executing macro(file,sheet,name)(nexial-macro.xlsx, Macros, Display_Message)
2019-10-01 16:42:59,073|I|Thread-1|OHRM_02_features.20191001_164220.001|Personnel Information Managemen|Feature-Personnel Information Management (PIM)|# 26|base.macro(file,sheet,nam - FAIL Runtime error: Macro reference (nexial-macro.xlsx,Macros,Display_Message) not expanded
2019-10-01 16:42:59,081|I|Thread-1|OHRM_02_features.20191001_164220.001|Personnel Information Managemen|Feature-Personnel Information Management (PIM)|# 26|base.macro(file,sheet,nam - test stopping due fail-immediate in effect
2019-10-01 16:42:59,088|I|Thread-1|OHRM_02_features.20191001_164220.001|Personnel Information Managemen - test activity execution failed. Because of this, all subsequent test case will be skipped
2019-10-01 16:42:59,093|I|Thread-1|OHRM_02_features.20191001_164220.001|Personnel Information Managemen - test activity execution ending due to EndLoopIf() flow control activated or unrecoverable execution failure.
2019-10-01 16:42:59,598|I|Thread-1|[OHRM_02_features.20191001_164220.001|Personnel Information Managemen] saving test scenario
2019-10-01 16:43:00,591|I|Thread-1|OHRM_02_features.20191001_164220.001|Personnel Information Managemen - test scenario execution failed, and fail-immediate in effect. Hence all subsequent test scenarios will be skipped
2019-10-01 16:43:00,605|I|Thread-1|[20191001_164218] 
/-TEST COMPLETE-----------------------------------------------------------------
| Test Output:    C:\projects\OrangeHRMWebApplication\output\20191001_164218\OHRM_02_features.20191001_164220.001.xlsx
| Iteration:      1
\-------------------------------------------------------------------------------
» Execution Time: 34647 ms
» Test Steps:     22
» Error(s):       1



2019-10-01 16:43:00,608|I|Thread-1|OHRM_02_features.20191001_164220.001 - fail-immediate in effect - test execution will stop now.
2019-10-01 16:43:02,080|I|Thread-1|[20191001_164218] 
/-TEST COMPLETE-----------------------------------------------------------------
| Test Script:    C:\projects\OrangeHRMWebApplication\artifact\script\OHRM_02_features.xlsx
\-------------------------------------------------------------------------------
» Execution Time: 43013 ms
» Iterations:     [1] total 1
» Test Steps:     22
» Passed:         21
» Error(s):       1
» Iteration 1 of 1: C:\projects\OrangeHRMWebApplication\output\20191001_164218\OHRM_02_features.20191001_164220.001.xlsx



2019-10-01 16:43:02,127|I|main|[20191001_164218] [C:\projects\OrangeHRMWebApplication\artifact\script\OHRM_02_features.xlsx] now completed
2019-10-01 16:43:02,129|I|main|[20191001_164218] all execution thread(s) have terminated
2019-10-01 16:43:02,130|I|main|[20191001_164218] test run completed in about 43 seconds
2019-10-01 16:43:02,366|I|main|No predefined nexial-setup found
2019-10-01 16:43:02,421|I|main|outputBase not set; output-to-cloud DISABLED!
2019-10-01 16:43:02,422|I|main|accessKey not set; output-to-cloud DISABLED!
2019-10-01 16:43:02,423|I|main|secretKey not set; output-to-cloud DISABLED!
2019-10-01 16:43:02,425|I|main|generating HTML output for this execution to C:\projects\OrangeHRMWebApplication\output\20191001_164218\execution-output.html
2019-10-01 16:43:03,476|I|main|generating JUnit XML output for this execution to C:\projects\OrangeHRMWebApplication\output\20191001_164218\junit.xml
2019-10-01 16:43:03,559|I|main|Generated JUnit report for this execution: C:\projects\OrangeHRMWebApplication\output\20191001_164218\junit.xml
2019-10-01 16:43:03,561|I|main|nexial mailer not enabled: nexial.enableEmail=false
2019-10-01 16:43:03,563|I|main|skipped email notification as configured
2019-10-01 16:43:03,564|I|main|Exiting Nexial...
2019-10-01 16:43:03,565|I|main|shutdown starts...
2019-10-01 16:43:03,567|I|main|Shutting down 'chrome' webdriver...
2019-10-01 16:43:10,701|I|main|shutdown ends...
2019-10-01 16:43:10,707|I|main|

/-END OF EXECUTION--------------------------------------------------------------
| » Execution Time: 43 sec.
| » Test Steps:     22
| » Passed:         21
| » Failed:         1
| » Success Rate:   95.45%
\---------------------------------------------------------------nexial-core 2.2_0488-

2019-10-01 16:43:10,708|E|main|failure found; success rate is 95.45%
2019-10-01 16:43:10,716|I|main|End of Execution:
OUTPUT:       C:\projects\OrangeHRMWebApplication\output\20191001_164218
EXECUTION:    C:\projects\OrangeHRMWebApplication\output\20191001_164218\execution-output.html
JUNIT XML:    C:\projects\OrangeHRMWebApplication\output\20191001_164218\junit.xml
SUCCESS RATE: 95.45%
EXIT STATUS:  -13
2019-10-01 16:43:10,718|I|main|End of Execution:
NEXIAL_OUTPUT:         C:\projects\OrangeHRMWebApplication\output\20191001_164218
NEXIAL_EXECUTION_HTML: C:\projects\OrangeHRMWebApplication\output\20191001_164218\execution-output.html
NEXIAL_JUNIT_XML:      C:\projects\OrangeHRMWebApplication\output\20191001_164218\junit.xml
NEXIAL_SUCCESS_RATE:   95.45%
NEXIAL_EXIT_STATUS:    -13
