2019-10-03 19:01:05,905|I|Thread-1|(DELAYED) nexial-core 2.2_0488 starting up...
2019-10-03 19:01:05,911|I|Thread-1|(DELAYED) data file resolved as C:\Users\SANDHI~1.MUN\AppData\Local\Temp\VScRd\OHRM_01_signup.data.xlsx
2019-10-03 19:01:05,911|I|Thread-1|(DELAYED) input files and output directory resolved...
2019-10-03 19:01:05,911|I|Thread-1|(DELAYED) No predefined nexial-setup found
2019-10-03 19:01:05,911|I|Thread-1|(DELAYED) [20191003_190105] [C:\projects\OrangeHRMWebApplication\artifact\script\OHRM_01_signup.xlsx] resolve RUN ID as 20191003_190105
2019-10-03 19:01:05,911|I|Thread-1|(DELAYED) [20191003_190105] [C:\projects\OrangeHRMWebApplication\artifact\script\OHRM_01_signup.xlsx] new thread started
2019-10-03 19:01:05,912|I|Thread-1|No predefined nexial-setup found
2019-10-03 19:01:06,021|I|Thread-1|outputBase not set; output-to-cloud DISABLED!
2019-10-03 19:01:06,022|I|Thread-1|accessKey not set; output-to-cloud DISABLED!
2019-10-03 19:01:06,023|I|Thread-1|secretKey not set; output-to-cloud DISABLED!
2019-10-03 19:01:06,048|I|Thread-1|missing REQUIRED configuration; sms DISABLED!
2019-10-03 19:01:07,234|I|Thread-1|[20191003_190105] executing C:\projects\OrangeHRMWebApplication\artifact\script\OHRM_01_signup.xlsx with 1 iteration(s)
2019-10-03 19:01:07,240|I|Thread-1|[20191003_190105] create directory C:\projects\OrangeHRMWebApplication\output\20191003_190105\captures
2019-10-03 19:01:07,242|I|Thread-1|[20191003_190105] create directory C:\projects\OrangeHRMWebApplication\output\20191003_190105\logs
2019-10-03 19:01:08,346|I|Thread-1|[20191003_190105] merging test data to tmp file C:\projects\OrangeHRMWebApplication\output\20191003_190105\OHRM_01_signup.20191003_190107.001.xlsx
2019-10-03 19:01:08,347|I|Thread-1|refetching data from C:\projects\OrangeHRMWebApplication\artifact\data\OHRM_01_signup.data.xlsx
2019-10-03 19:01:08,933|I|Thread-1|[20191003_190105] test script and test data merged to C:\projects\OrangeHRMWebApplication\output\20191003_190105\OHRM_01_signup.20191003_190107.001.xlsx
2019-10-03 19:01:10,003|I|Thread-1|STARTS
2019-10-03 19:01:10,039|I|Thread-1|OHRM_01_signup.20191003_190107.001 - executing iteration #1 of 1; Iteration Id 1
2019-10-03 19:01:10,047|I|Thread-1|OHRM_01_signup.20191003_190107.001|signup - executing test scenario
2019-10-03 19:01:10,049|I|Thread-1|OHRM_01_signup.20191003_190107.001|signup|Openurl - executing activity
2019-10-03 19:01:10,652|I|Thread-1|OHRM_01_signup.20191003_190107.001|signup|Openurl|#  5|web.open(url) - executing open(url)(${url})
2019-10-03 19:01:10,656|I|Thread-1|No valid instance of webdriver, initializing...
2019-10-03 19:01:10,658|I|Thread-1|init chrome
2019-10-03 19:01:14,720|I|Thread-1|browser initialization completed for 'chrome'
2019-10-03 19:01:14,747|I|Thread-1|setting browser polling wait time to 800 ms
2019-10-03 19:01:14,773|I|Thread-1|setting browser page load timeout to 10000 ms
2019-10-03 19:01:14,866|I|Thread-1|OHRM_01_signup.20191003_190107.001|signup|Openurl|#  5|web.open(url) - default browser stability wait time is 3000 ms
2019-10-03 19:01:24,946|E|Thread-1|[20191003_190105] EXECUTING COMMAND: web.open(url)('https://www.orangehrm.com/')
UNKNOWN ERROR: timeout   (Session info: chrome=77.0.3865.90)...
2019-10-03 19:01:25,372|I|Thread-1|OHRM_01_signup.20191003_190107.001|signup|Openurl|#  5|web.open(url) - FAIL EXECUTING COMMAND: web.open(url)('https://www.orangehrm.com/')
UNKNOWN ERROR: timeout   (Session info: chrome=77.0.3865.90)...
2019-10-03 19:01:25,376|I|Thread-1|OHRM_01_signup.20191003_190107.001|signup|Openurl|#  5|web.open(url) - test stopping due to failure on fail-fast command: web.open(url)
2019-10-03 19:01:25,378|I|Thread-1|OHRM_01_signup.20191003_190107.001|signup - test activity execution failed. Because of this, all subsequent test case will be skipped
2019-10-03 19:01:25,379|I|Thread-1|OHRM_01_signup.20191003_190107.001|signup - test activity execution ending due to EndLoopIf() flow control activated or unrecoverable execution failure.
2019-10-03 19:01:25,382|I|Thread-1|OHRM_01_signup.20191003_190107.001|signup - skipping test activity due to previous failure
2019-10-03 19:01:25,384|I|Thread-1|OHRM_01_signup.20191003_190107.001|signup - skipping test activity due to previous failure
2019-10-03 19:01:25,385|I|Thread-1|OHRM_01_signup.20191003_190107.001|signup - skipping test activity due to previous failure
2019-10-03 19:01:25,386|I|Thread-1|OHRM_01_signup.20191003_190107.001|signup - skipping test activity due to previous failure
2019-10-03 19:01:25,388|I|Thread-1|OHRM_01_signup.20191003_190107.001|signup - skipping test activity due to previous failure
2019-10-03 19:01:25,390|I|Thread-1|OHRM_01_signup.20191003_190107.001|signup - skipping test activity due to previous failure
2019-10-03 19:01:25,391|I|Thread-1|OHRM_01_signup.20191003_190107.001|signup - skipping test activity due to previous failure
2019-10-03 19:01:25,398|I|Thread-1|OHRM_01_signup.20191003_190107.001|signup - skipping test activity due to previous failure
2019-10-03 19:01:25,399|I|Thread-1|OHRM_01_signup.20191003_190107.001|signup - skipping test activity due to previous failure
2019-10-03 19:01:25,401|I|Thread-1|OHRM_01_signup.20191003_190107.001|signup - skipping test activity due to previous failure
2019-10-03 19:01:25,403|I|Thread-1|OHRM_01_signup.20191003_190107.001|signup - skipping test activity due to previous failure
2019-10-03 19:01:25,403|I|Thread-1|OHRM_01_signup.20191003_190107.001|signup - skipping test activity due to previous failure
2019-10-03 19:01:25,404|I|Thread-1|OHRM_01_signup.20191003_190107.001|signup - skipping test activity due to previous failure
2019-10-03 19:01:25,405|I|Thread-1|OHRM_01_signup.20191003_190107.001|signup - skipping test activity due to previous failure
2019-10-03 19:01:25,406|I|Thread-1|OHRM_01_signup.20191003_190107.001|signup - skipping test activity due to previous failure
2019-10-03 19:01:25,407|I|Thread-1|OHRM_01_signup.20191003_190107.001|signup - skipping test activity due to previous failure
2019-10-03 19:01:25,407|I|Thread-1|OHRM_01_signup.20191003_190107.001|signup - skipping test activity due to previous failure
2019-10-03 19:01:25,408|I|Thread-1|OHRM_01_signup.20191003_190107.001|signup - skipping test activity due to previous failure
2019-10-03 19:01:25,409|I|Thread-1|OHRM_01_signup.20191003_190107.001|signup - skipping test activity due to previous failure
2019-10-03 19:01:25,981|I|Thread-1|[OHRM_01_signup.20191003_190107.001|signup] saving test scenario
2019-10-03 19:01:26,762|I|Thread-1|OHRM_01_signup.20191003_190107.001|signup - test scenario execution failed, and fail-immediate in effect. Hence all subsequent test scenarios will be skipped
2019-10-03 19:01:26,817|I|Thread-1|[20191003_190105] 
/-TEST COMPLETE-----------------------------------------------------------------
| Test Output:    C:\projects\OrangeHRMWebApplication\output\20191003_190105\OHRM_01_signup.20191003_190107.001.xlsx
| Iteration:      1
\-------------------------------------------------------------------------------
» Execution Time: 16741 ms
» Test Steps:     1
» Error(s):       1



2019-10-03 19:01:26,833|I|Thread-1|OHRM_01_signup.20191003_190107.001 - fail-immediate in effect - test execution will stop now.
2019-10-03 19:01:30,308|I|Thread-1|[20191003_190105] 
/-TEST COMPLETE-----------------------------------------------------------------
| Test Script:    C:\projects\OrangeHRMWebApplication\artifact\script\OHRM_01_signup.xlsx
\-------------------------------------------------------------------------------
» Execution Time: 24652 ms
» Iterations:     [1] total 1
» Test Steps:     1
» Passed:         0
» Error(s):       1
» Iteration 1 of 1: C:\projects\OrangeHRMWebApplication\output\20191003_190105\OHRM_01_signup.20191003_190107.001.xlsx



2019-10-03 19:01:30,773|I|main|[20191003_190105] [C:\projects\OrangeHRMWebApplication\artifact\script\OHRM_01_signup.xlsx] now completed
2019-10-03 19:01:30,774|I|main|[20191003_190105] all execution thread(s) have terminated
2019-10-03 19:01:30,774|I|main|[20191003_190105] test run completed in about 25 seconds
2019-10-03 19:01:30,939|I|main|No predefined nexial-setup found
2019-10-03 19:01:30,971|I|main|outputBase not set; output-to-cloud DISABLED!
2019-10-03 19:01:30,972|I|main|accessKey not set; output-to-cloud DISABLED!
2019-10-03 19:01:30,972|I|main|secretKey not set; output-to-cloud DISABLED!
2019-10-03 19:01:30,973|I|main|generating HTML output for this execution to C:\projects\OrangeHRMWebApplication\output\20191003_190105\execution-output.html
2019-10-03 19:01:31,751|I|main|generating JUnit XML output for this execution to C:\projects\OrangeHRMWebApplication\output\20191003_190105\junit.xml
2019-10-03 19:01:31,816|I|main|Generated JUnit report for this execution: C:\projects\OrangeHRMWebApplication\output\20191003_190105\junit.xml
2019-10-03 19:01:31,836|I|main|nexial mailer not enabled: nexial.enableEmail=false
2019-10-03 19:01:31,837|I|main|skipped email notification as configured
2019-10-03 19:01:31,838|I|main|Exiting Nexial...
2019-10-03 19:01:31,839|I|main|shutdown starts...
2019-10-03 19:01:31,843|I|main|Shutting down 'chrome' webdriver...
2019-10-03 19:01:38,743|I|main|shutdown ends...
2019-10-03 19:01:38,744|I|main|

/-END OF EXECUTION--------------------------------------------------------------
| » Execution Time: 25 sec.
| » Test Steps:     1
| » Passed:         0
| » Failed:         1
| » Success Rate:   0.00%
\---------------------------------------------------------------nexial-core 2.2_0488-

2019-10-03 19:01:38,745|E|main|failure found; success rate is 0.00%
2019-10-03 19:01:38,746|I|main|End of Execution:
OUTPUT:       C:\projects\OrangeHRMWebApplication\output\20191003_190105
EXECUTION:    C:\projects\OrangeHRMWebApplication\output\20191003_190105\execution-output.html
JUNIT XML:    C:\projects\OrangeHRMWebApplication\output\20191003_190105\junit.xml
SUCCESS RATE: 0.00%
EXIT STATUS:  -13
2019-10-03 19:01:38,747|I|main|End of Execution:
NEXIAL_OUTPUT:         C:\projects\OrangeHRMWebApplication\output\20191003_190105
NEXIAL_EXECUTION_HTML: C:\projects\OrangeHRMWebApplication\output\20191003_190105\execution-output.html
NEXIAL_JUNIT_XML:      C:\projects\OrangeHRMWebApplication\output\20191003_190105\junit.xml
NEXIAL_SUCCESS_RATE:   0.00%
NEXIAL_EXIT_STATUS:    -13
