2019-10-04 11:53:09,468|I|Thread-1|(DELAYED) nexial-core 2.2_0488 starting up...
2019-10-04 11:53:09,472|I|Thread-1|(DELAYED) data file resolved as C:\Users\SANDHI~1.MUN\AppData\Local\Temp\BcZIB\OHRM_01_signup.data.xlsx
2019-10-04 11:53:09,473|I|Thread-1|(DELAYED) input files and output directory resolved...
2019-10-04 11:53:09,473|I|Thread-1|(DELAYED) No predefined nexial-setup found
2019-10-04 11:53:09,473|I|Thread-1|(DELAYED) [20191004_115309] [C:\projects\OrangeHRMWebApplication\artifact\script\OHRM_01_signup.xlsx] resolve RUN ID as 20191004_115309
2019-10-04 11:53:09,473|I|Thread-1|(DELAYED) [20191004_115309] [C:\projects\OrangeHRMWebApplication\artifact\script\OHRM_01_signup.xlsx] new thread started
2019-10-04 11:53:09,474|I|Thread-1|No predefined nexial-setup found
2019-10-04 11:53:09,595|I|Thread-1|outputBase not set; output-to-cloud DISABLED!
2019-10-04 11:53:09,596|I|Thread-1|accessKey not set; output-to-cloud DISABLED!
2019-10-04 11:53:09,596|I|Thread-1|secretKey not set; output-to-cloud DISABLED!
2019-10-04 11:53:09,629|I|Thread-1|missing REQUIRED configuration; sms DISABLED!
2019-10-04 11:53:10,675|I|Thread-1|[20191004_115309] executing C:\projects\OrangeHRMWebApplication\artifact\script\OHRM_01_signup.xlsx with 1 iteration(s)
2019-10-04 11:53:10,681|I|Thread-1|[20191004_115309] create directory C:\projects\OrangeHRMWebApplication\output\20191004_115309\captures
2019-10-04 11:53:10,682|I|Thread-1|[20191004_115309] create directory C:\projects\OrangeHRMWebApplication\output\20191004_115309\logs
2019-10-04 11:53:11,492|I|Thread-1|[20191004_115309] merging test data to tmp file C:\projects\OrangeHRMWebApplication\output\20191004_115309\OHRM_01_signup.20191004_115310.001.xlsx
2019-10-04 11:53:11,494|I|Thread-1|refetching data from C:\projects\OrangeHRMWebApplication\artifact\data\OHRM_01_signup.data.xlsx
2019-10-04 11:53:11,902|I|Thread-1|[20191004_115309] test script and test data merged to C:\projects\OrangeHRMWebApplication\output\20191004_115309\OHRM_01_signup.20191004_115310.001.xlsx
2019-10-04 11:53:12,624|I|Thread-1|STARTS
2019-10-04 11:53:12,655|I|Thread-1|OHRM_01_signup.20191004_115310.001 - executing iteration #1 of 1; Iteration Id 1
2019-10-04 11:53:12,666|I|Thread-1|OHRM_01_signup.20191004_115310.001|signup - executing test scenario
2019-10-04 11:53:12,667|I|Thread-1|OHRM_01_signup.20191004_115310.001|signup|Openurl - executing activity
2019-10-04 11:53:13,273|I|Thread-1|OHRM_01_signup.20191004_115310.001|signup|Openurl|#  5|web.open(url) - executing open(url)(${url})
2019-10-04 11:53:13,282|I|Thread-1|No valid instance of webdriver, initializing...
2019-10-04 11:53:13,288|I|Thread-1|init browserstack
2019-10-04 11:53:19,786|I|Thread-1|browser initialization completed for 'browserstack'
2019-10-04 11:53:21,140|I|Thread-1|OHRM_01_signup.20191004_115310.001|signup|Openurl|#  5|web.open(url) - default browser stability wait time is 3000 ms
2019-10-04 11:53:34,295|I|Thread-1|current browser window handle:CDwindow-DC9A78C286B53DFFA41F530179B524E4
2019-10-04 11:53:35,001|I|Thread-1|OHRM_01_signup.20191004_115310.001|signup|Openurl|#  5|web.open(url) - PASS opened URL https://www.orangehrm.com/
2019-10-04 11:53:35,004|I|Thread-1|OHRM_01_signup.20191004_115310.001|signup|MaximizeWindow - executing activity
2019-10-04 11:53:35,606|I|Thread-1|OHRM_01_signup.20191004_115310.001|signup|MaximizeWindow|#  6|web.maximizeWindow() - executing maximizeWindow()()
2019-10-04 11:53:37,601|I|Thread-1|OHRM_01_signup.20191004_115310.001|signup|MaximizeWindow|#  6|web.maximizeWindow() - PASS browser window maximized
2019-10-04 11:53:37,605|I|Thread-1|OHRM_01_signup.20191004_115310.001|signup|ClickUsername - executing activity
2019-10-04 11:53:38,207|I|Thread-1|OHRM_01_signup.20191004_115310.001|signup|ClickUsername|#  7|web.click(locator) - executing click(locator)(${btn.freetrial.loc})
2019-10-04 11:53:38,826|I|Thread-1|clicking '//nav[@class='navbar navbar-default header-nav']/div/div[2]/ul[2]/li[2]/a'...
2019-10-04 11:53:39,008|I|Thread-1|click target via JS, @id=
2019-10-04 11:53:42,059|I|Thread-1|clicked -> true
2019-10-04 11:53:42,065|I|Thread-1|OHRM_01_signup.20191004_115310.001|signup|ClickUsername|#  7|web.click(locator) - PASS click via JS event
2019-10-04 11:53:42,068|I|Thread-1|OHRM_01_signup.20191004_115310.001|signup|EnterFavoredUrl - executing activity
2019-10-04 11:53:42,670|I|Thread-1|OHRM_01_signup.20191004_115310.001|signup|EnterFavoredUrl|#  8|web.type(locator,value) - executing type(locator,value)(${txt.favoredurl.loc}, ${FavoredUrl})
2019-10-04 11:53:44,897|I|Thread-1|OHRM_01_signup.20191004_115310.001|signup|EnterFavoredUrl|#  8|web.type(locator,value) - PASS typed text at '//div[@id='Form_submitForm_subdomain_Holder']/input'
2019-10-04 11:53:44,903|I|Thread-1|OHRM_01_signup.20191004_115310.001|signup|EnterFirstName - executing activity
2019-10-04 11:53:45,505|I|Thread-1|OHRM_01_signup.20191004_115310.001|signup|EnterFirstName|#  9|web.type(locator,value) - executing type(locator,value)(${txt.firstname.loc}, ${FirstName})
2019-10-04 11:53:47,733|I|Thread-1|OHRM_01_signup.20191004_115310.001|signup|EnterFirstName|#  9|web.type(locator,value) - PASS typed text at '//div[@id='Form_submitForm_FirstName_Holder']/div/input'
2019-10-04 11:53:47,742|I|Thread-1|OHRM_01_signup.20191004_115310.001|signup|EnterLastName - executing activity
2019-10-04 11:53:48,345|I|Thread-1|OHRM_01_signup.20191004_115310.001|signup|EnterLastName|# 10|web.type(locator,value) - executing type(locator,value)(${txt.lastname.loc}, ${LastName})
2019-10-04 11:53:50,532|I|Thread-1|OHRM_01_signup.20191004_115310.001|signup|EnterLastName|# 10|web.type(locator,value) - PASS typed text at '//div[@id='Form_submitForm_LastName_Holder']/div/input'
2019-10-04 11:53:50,537|I|Thread-1|OHRM_01_signup.20191004_115310.001|signup|EnterEmail - executing activity
2019-10-04 11:53:51,139|I|Thread-1|OHRM_01_signup.20191004_115310.001|signup|EnterEmail|# 11|web.type(locator,value) - executing type(locator,value)(${txt.email.loc}, ${Email})
2019-10-04 11:53:53,558|I|Thread-1|OHRM_01_signup.20191004_115310.001|signup|EnterEmail|# 11|web.type(locator,value) - PASS typed text at '//div[@id='Form_submitForm_Email_Holder']/div/input'
2019-10-04 11:53:53,564|I|Thread-1|OHRM_01_signup.20191004_115310.001|signup|EnterJobTitle - executing activity
2019-10-04 11:53:54,165|I|Thread-1|OHRM_01_signup.20191004_115310.001|signup|EnterJobTitle|# 12|web.type(locator,value) - executing type(locator,value)(${txt.jobtitle.loc}, ${JobTitle})
2019-10-04 11:53:56,347|I|Thread-1|OHRM_01_signup.20191004_115310.001|signup|EnterJobTitle|# 12|web.type(locator,value) - PASS typed text at '//div[@id='Form_submitForm_JobTitle_Holder']/div/input'
2019-10-04 11:53:56,355|I|Thread-1|OHRM_01_signup.20191004_115310.001|signup|SelectNoOfEmployees - executing activity
2019-10-04 11:53:56,957|I|Thread-1|OHRM_01_signup.20191004_115310.001|signup|SelectNoOfEmployees|# 13|web.select(locator,text) - executing select(locator,text)(${btn.noofemployees.loc}, ${txt.dropdown.noofemployees.loc})
2019-10-04 11:53:58,572|I|Thread-1|OHRM_01_signup.20191004_115310.001|signup|SelectNoOfEmployees|# 13|web.select(locator,text) - PASS selected '201 - 250' from '//select[@id='Form_submitForm_NoOfEmployees']'
2019-10-04 11:53:58,577|I|Thread-1|OHRM_01_signup.20191004_115310.001|signup|AssertNoOfEmployee - executing activity
2019-10-04 11:53:59,178|I|Thread-1|OHRM_01_signup.20191004_115310.001|signup|AssertNoOfEmployee|# 14|web.assertVisible(locator - executing assertVisible(locator)(${btn.noofemployees.loc})
2019-10-04 11:54:00,008|I|Thread-1|OHRM_01_signup.20191004_115310.001|signup|AssertNoOfEmployee|# 14|web.assertVisible(locator - PASS EXPECTED visible element '//select[@id='Form_submitForm_NoOfEmployees']' found
2019-10-04 11:54:00,024|I|Thread-1|OHRM_01_signup.20191004_115310.001|signup|Entercompany - executing activity
2019-10-04 11:54:00,627|I|Thread-1|OHRM_01_signup.20191004_115310.001|signup|Entercompany|# 15|web.type(locator,value) - executing type(locator,value)(${txt.company.loc}, ${company})
2019-10-04 11:54:02,867|I|Thread-1|OHRM_01_signup.20191004_115310.001|signup|Entercompany|# 15|web.type(locator,value) - PASS typed text at '//div[@id='Form_submitForm_CompanyName_Holder']/div/input'
2019-10-04 11:54:02,874|I|Thread-1|OHRM_01_signup.20191004_115310.001|signup|SelectIndustry - executing activity
2019-10-04 11:54:03,477|I|Thread-1|OHRM_01_signup.20191004_115310.001|signup|SelectIndustry|# 16|web.select(locator,text) - executing select(locator,text)(${btn.industry.loc}, ${txt.dropdown.industry.loc})
2019-10-04 11:54:05,078|I|Thread-1|OHRM_01_signup.20191004_115310.001|signup|SelectIndustry|# 16|web.select(locator,text) - PASS selected 'Education' from '//select[@id='Form_submitForm_Industry']'
2019-10-04 11:54:05,084|I|Thread-1|OHRM_01_signup.20191004_115310.001|signup|AssertIndustry - executing activity
2019-10-04 11:54:05,686|I|Thread-1|OHRM_01_signup.20191004_115310.001|signup|AssertIndustry|# 17|web.assertVisible(locator - executing assertVisible(locator)(${btn.industry.loc})
2019-10-04 11:54:06,425|I|Thread-1|OHRM_01_signup.20191004_115310.001|signup|AssertIndustry|# 17|web.assertVisible(locator - PASS EXPECTED visible element '//select[@id='Form_submitForm_Industry']' found
2019-10-04 11:54:06,429|I|Thread-1|OHRM_01_signup.20191004_115310.001|signup|EnterPhoneNumber - executing activity
2019-10-04 11:54:07,032|I|Thread-1|OHRM_01_signup.20191004_115310.001|signup|EnterPhoneNumber|# 18|web.type(locator,value) - executing type(locator,value)(${txt.phonenumber.loc}, ${PhoneNumber})
2019-10-04 11:54:09,131|I|Thread-1|OHRM_01_signup.20191004_115310.001|signup|EnterPhoneNumber|# 18|web.type(locator,value) - PASS typed text at '//div[@id='Form_submitForm_Contact_Holder']/div/input'
2019-10-04 11:54:09,136|I|Thread-1|OHRM_01_signup.20191004_115310.001|signup|SelectCountry - executing activity
2019-10-04 11:54:09,739|I|Thread-1|OHRM_01_signup.20191004_115310.001|signup|SelectCountry|# 19|web.select(locator,text) - executing select(locator,text)(${btn.country.loc}, ${txt.dropdown.country.loc})
2019-10-04 11:54:11,349|I|Thread-1|OHRM_01_signup.20191004_115310.001|signup|SelectCountry|# 19|web.select(locator,text) - PASS selected 'India' from '//select[@id='Form_submitForm_Country']'
2019-10-04 11:54:11,354|I|Thread-1|OHRM_01_signup.20191004_115310.001|signup|AssertCountry - executing activity
2019-10-04 11:54:11,956|I|Thread-1|OHRM_01_signup.20191004_115310.001|signup|AssertCountry|# 20|web.assertVisible(locator - executing assertVisible(locator)(${btn.country.loc})
2019-10-04 11:54:12,775|I|Thread-1|OHRM_01_signup.20191004_115310.001|signup|AssertCountry|# 20|web.assertVisible(locator - PASS EXPECTED visible element '//select[@id='Form_submitForm_Country']' found
2019-10-04 11:54:12,786|I|Thread-1|OHRM_01_signup.20191004_115310.001|signup|SelectState - executing activity
2019-10-04 11:54:13,391|I|Thread-1|OHRM_01_signup.20191004_115310.001|signup|SelectState|# 21|web.select(locator,text) - executing select(locator,text)(${btn.state.loc}, ${txt.dropdown.state.loc})
2019-10-04 11:54:14,972|I|Thread-1|OHRM_01_signup.20191004_115310.001|signup|SelectState|# 21|web.select(locator,text) - PASS selected 'Tamil Nadu' from '//select[@id='Form_submitForm_State']'
2019-10-04 11:54:14,981|I|Thread-1|OHRM_01_signup.20191004_115310.001|signup|AssertCountry - executing activity
2019-10-04 11:54:15,583|I|Thread-1|OHRM_01_signup.20191004_115310.001|signup|AssertCountry|# 22|web.assertVisible(locator - executing assertVisible(locator)(${btn.state.loc})
2019-10-04 11:54:16,354|I|Thread-1|OHRM_01_signup.20191004_115310.001|signup|AssertCountry|# 22|web.assertVisible(locator - PASS EXPECTED visible element '//select[@id='Form_submitForm_State']' found
2019-10-04 11:54:16,361|I|Thread-1|OHRM_01_signup.20191004_115310.001|signup|ClickCheckbox - executing activity
2019-10-04 11:54:16,963|I|Thread-1|OHRM_01_signup.20191004_115310.001|signup|ClickCheckbox|# 23|web.click(locator) - executing click(locator)(${btn.checkbox.loc})
2019-10-04 11:54:17,512|I|Thread-1|clicking '//input[@id='Form_submitForm_SetDummyData']'...
2019-10-04 11:54:17,689|I|Thread-1|click target via JS, @id=Form_submitForm_SetDummyData
2019-10-04 11:54:18,105|I|Thread-1|clicked -> true
2019-10-04 11:54:18,109|I|Thread-1|OHRM_01_signup.20191004_115310.001|signup|ClickCheckbox|# 23|web.click(locator) - PASS click via JS event
2019-10-04 11:54:18,111|I|Thread-1|OHRM_01_signup.20191004_115310.001|signup|submit - executing activity
2019-10-04 11:54:18,718|I|Thread-1|OHRM_01_signup.20191004_115310.001|signup|submit|# 24|web.click(locator) - executing click(locator)(${btn.submit.loc})
2019-10-04 11:54:19,383|I|Thread-1|clicking '//input[@id='Form_submitForm_action_request']'...
2019-10-04 11:54:19,569|I|Thread-1|click target via JS, @id=Form_submitForm_action_request
2019-10-04 11:54:24,059|I|Thread-1|clicked -> true
2019-10-04 11:54:24,065|I|Thread-1|OHRM_01_signup.20191004_115310.001|signup|submit|# 24|web.click(locator) - PASS click via JS event
2019-10-04 11:54:24,297|I|Thread-1|[OHRM_01_signup.20191004_115310.001|signup] saving test scenario
2019-10-04 11:54:24,467|I|Thread-1|[20191004_115309] 
/-TEST COMPLETE-----------------------------------------------------------------
| Test Output:    C:\projects\OrangeHRMWebApplication\output\20191004_115309\OHRM_01_signup.20191004_115310.001.xlsx
| Iteration:      1
\-------------------------------------------------------------------------------
» Execution Time: 71803 ms
» Test Steps:     20
» Error(s):       0



2019-10-04 11:54:26,354|I|Thread-1|[20191004_115309] 
/-TEST COMPLETE-----------------------------------------------------------------
| Test Script:    C:\projects\OrangeHRMWebApplication\artifact\script\OHRM_01_signup.xlsx
\-------------------------------------------------------------------------------
» Execution Time: 77110 ms
» Iterations:     [1] total 1
» Test Steps:     20
» Passed:         20
» Error(s):       0
» Iteration 1 of 1: C:\projects\OrangeHRMWebApplication\output\20191004_115309\OHRM_01_signup.20191004_115310.001.xlsx



2019-10-04 11:54:26,357|I|Thread-1|reporting execution status to BrowserStack...
2019-10-04 11:54:26,360|I|Thread-1|REQUEST  --> 'https://api.browserstack.com/automate/sessions/9a12f708d40b0a861433bb9fc8b5b4df938fec7c.json', body length=79
2019-10-04 11:54:30,245|I|main|[20191004_115309] [C:\projects\OrangeHRMWebApplication\artifact\script\OHRM_01_signup.xlsx] now completed
2019-10-04 11:54:30,249|I|main|[20191004_115309] all execution thread(s) have terminated
2019-10-04 11:54:30,255|I|main|[20191004_115309] test run completed in about 81 seconds
2019-10-04 11:54:30,387|I|main|No predefined nexial-setup found
2019-10-04 11:54:30,418|I|main|outputBase not set; output-to-cloud DISABLED!
2019-10-04 11:54:30,419|I|main|accessKey not set; output-to-cloud DISABLED!
2019-10-04 11:54:30,419|I|main|secretKey not set; output-to-cloud DISABLED!
2019-10-04 11:54:30,422|I|main|generating HTML output for this execution to C:\projects\OrangeHRMWebApplication\output\20191004_115309\execution-output.html
2019-10-04 11:54:31,020|I|main|generating JUnit XML output for this execution to C:\projects\OrangeHRMWebApplication\output\20191004_115309\junit.xml
2019-10-04 11:54:31,092|I|main|Generated JUnit report for this execution: C:\projects\OrangeHRMWebApplication\output\20191004_115309\junit.xml
2019-10-04 11:54:31,109|I|main|nexial mailer not enabled: nexial.enableEmail=false
2019-10-04 11:54:31,109|I|main|skipped email notification as configured
2019-10-04 11:54:31,113|I|main|Exiting Nexial...
2019-10-04 11:54:31,115|I|main|shutdown starts...
2019-10-04 11:54:31,119|I|main|Shutting down 'browserstack' webdriver...
2019-10-04 11:54:38,631|I|main|shutdown ends...
2019-10-04 11:54:38,633|I|main|

/-END OF EXECUTION--------------------------------------------------------------
| » Execution Time: 81 sec.
| » Test Steps:     20
| » Passed:         20
| » Failed:         0
| » Success Rate:   100.00%
\---------------------------------------------------------------nexial-core 2.2_0488-

2019-10-04 11:54:38,633|I|main|ALL PASSED!
2019-10-04 11:54:38,635|I|main|End of Execution:
OUTPUT:       C:\projects\OrangeHRMWebApplication\output\20191004_115309
EXECUTION:    C:\projects\OrangeHRMWebApplication\output\20191004_115309\execution-output.html
JUNIT XML:    C:\projects\OrangeHRMWebApplication\output\20191004_115309\junit.xml
SUCCESS RATE: 100.00%
EXIT STATUS:  0
2019-10-04 11:54:38,636|I|main|End of Execution:
NEXIAL_OUTPUT:         C:\projects\OrangeHRMWebApplication\output\20191004_115309
NEXIAL_EXECUTION_HTML: C:\projects\OrangeHRMWebApplication\output\20191004_115309\execution-output.html
NEXIAL_JUNIT_XML:      C:\projects\OrangeHRMWebApplication\output\20191004_115309\junit.xml
NEXIAL_SUCCESS_RATE:   100.00%
NEXIAL_EXIT_STATUS:    0
