2019-10-04 12:01:39,292|I|Thread-1|(DELAYED) nexial-core 2.2_0488 starting up...
2019-10-04 12:01:39,297|I|Thread-1|(DELAYED) data file resolved as C:\Users\SANDHI~1.MUN\AppData\Local\Temp\PbeCs\OHRM_01_signup.data.xlsx
2019-10-04 12:01:39,298|I|Thread-1|(DELAYED) input files and output directory resolved...
2019-10-04 12:01:39,298|I|Thread-1|(DELAYED) No predefined nexial-setup found
2019-10-04 12:01:39,298|I|Thread-1|(DELAYED) [20191004_120138] [C:\projects\OrangeHRMWebApplication\artifact\script\OHRM_01_signup.xlsx] resolve RUN ID as 20191004_120138
2019-10-04 12:01:39,298|I|Thread-1|(DELAYED) [20191004_120138] [C:\projects\OrangeHRMWebApplication\artifact\script\OHRM_01_signup.xlsx] new thread started
2019-10-04 12:01:39,298|I|Thread-1|No predefined nexial-setup found
2019-10-04 12:01:39,399|I|Thread-1|outputBase not set; output-to-cloud DISABLED!
2019-10-04 12:01:39,400|I|Thread-1|accessKey not set; output-to-cloud DISABLED!
2019-10-04 12:01:39,401|I|Thread-1|secretKey not set; output-to-cloud DISABLED!
2019-10-04 12:01:39,427|I|Thread-1|missing REQUIRED configuration; sms DISABLED!
2019-10-04 12:01:40,457|I|Thread-1|[20191004_120138] executing C:\projects\OrangeHRMWebApplication\artifact\script\OHRM_01_signup.xlsx with 1 iteration(s)
2019-10-04 12:01:40,463|I|Thread-1|[20191004_120138] create directory C:\projects\OrangeHRMWebApplication\output\20191004_120138\captures
2019-10-04 12:01:40,465|I|Thread-1|[20191004_120138] create directory C:\projects\OrangeHRMWebApplication\output\20191004_120138\logs
2019-10-04 12:01:41,396|I|Thread-1|[20191004_120138] merging test data to tmp file C:\projects\OrangeHRMWebApplication\output\20191004_120138\OHRM_01_signup.20191004_120140.001.xlsx
2019-10-04 12:01:41,397|I|Thread-1|refetching data from C:\projects\OrangeHRMWebApplication\artifact\data\OHRM_01_signup.data.xlsx
2019-10-04 12:01:41,868|I|Thread-1|[20191004_120138] test script and test data merged to C:\projects\OrangeHRMWebApplication\output\20191004_120138\OHRM_01_signup.20191004_120140.001.xlsx
2019-10-04 12:01:43,485|I|Thread-1|STARTS
2019-10-04 12:01:43,553|I|Thread-1|OHRM_01_signup.20191004_120140.001 - executing iteration #1 of 1; Iteration Id 1
2019-10-04 12:01:43,658|I|Thread-1|OHRM_01_signup.20191004_120140.001|signup - executing test scenario
2019-10-04 12:01:43,681|I|Thread-1|OHRM_01_signup.20191004_120140.001|signup|Openurl - executing activity
2019-10-04 12:01:44,306|I|Thread-1|OHRM_01_signup.20191004_120140.001|signup|Openurl|#  5|web.open(url) - executing open(url)(${url})
2019-10-04 12:01:44,312|I|Thread-1|No valid instance of webdriver, initializing...
2019-10-04 12:01:44,315|I|Thread-1|init browserstack
2019-10-04 12:01:44,320|E|Thread-1|Error initializing browser 'browserstack': Both nexial.browserstack.username and nexial.browserstack.automatekey are required to use BrowserStack
2019-10-04 12:01:44,322|E|Thread-1|Error initializing browser 'browserstack': Both nexial.browserstack.username and nexial.browserstack.automatekey are required to use BrowserStack
2019-10-04 12:01:44,671|I|Thread-1|OHRM_01_signup.20191004_120140.001|signup|Openurl|#  5|web.open(url) - FAIL Error initializing browser 'browserstack': Both nexial.browserstack.username and nexial.browserstack.automatekey are required to use BrowserStack
2019-10-04 12:01:44,676|I|Thread-1|OHRM_01_signup.20191004_120140.001|signup|Openurl|#  5|web.open(url) - test stopping due to failure on fail-fast command: web.open(url)
2019-10-04 12:01:44,685|I|Thread-1|OHRM_01_signup.20191004_120140.001|signup - test activity execution failed. Because of this, all subsequent test case will be skipped
2019-10-04 12:01:44,690|I|Thread-1|OHRM_01_signup.20191004_120140.001|signup - test activity execution ending due to EndLoopIf() flow control activated or unrecoverable execution failure.
2019-10-04 12:01:44,692|I|Thread-1|OHRM_01_signup.20191004_120140.001|signup - skipping test activity due to previous failure
2019-10-04 12:01:44,694|I|Thread-1|OHRM_01_signup.20191004_120140.001|signup - skipping test activity due to previous failure
2019-10-04 12:01:44,696|I|Thread-1|OHRM_01_signup.20191004_120140.001|signup - skipping test activity due to previous failure
2019-10-04 12:01:44,698|I|Thread-1|OHRM_01_signup.20191004_120140.001|signup - skipping test activity due to previous failure
2019-10-04 12:01:44,699|I|Thread-1|OHRM_01_signup.20191004_120140.001|signup - skipping test activity due to previous failure
2019-10-04 12:01:44,700|I|Thread-1|OHRM_01_signup.20191004_120140.001|signup - skipping test activity due to previous failure
2019-10-04 12:01:44,701|I|Thread-1|OHRM_01_signup.20191004_120140.001|signup - skipping test activity due to previous failure
2019-10-04 12:01:44,703|I|Thread-1|OHRM_01_signup.20191004_120140.001|signup - skipping test activity due to previous failure
2019-10-04 12:01:44,705|I|Thread-1|OHRM_01_signup.20191004_120140.001|signup - skipping test activity due to previous failure
2019-10-04 12:01:44,707|I|Thread-1|OHRM_01_signup.20191004_120140.001|signup - skipping test activity due to previous failure
2019-10-04 12:01:44,708|I|Thread-1|OHRM_01_signup.20191004_120140.001|signup - skipping test activity due to previous failure
2019-10-04 12:01:44,708|I|Thread-1|OHRM_01_signup.20191004_120140.001|signup - skipping test activity due to previous failure
2019-10-04 12:01:44,709|I|Thread-1|OHRM_01_signup.20191004_120140.001|signup - skipping test activity due to previous failure
2019-10-04 12:01:44,710|I|Thread-1|OHRM_01_signup.20191004_120140.001|signup - skipping test activity due to previous failure
2019-10-04 12:01:44,711|I|Thread-1|OHRM_01_signup.20191004_120140.001|signup - skipping test activity due to previous failure
2019-10-04 12:01:44,712|I|Thread-1|OHRM_01_signup.20191004_120140.001|signup - skipping test activity due to previous failure
2019-10-04 12:01:44,715|I|Thread-1|OHRM_01_signup.20191004_120140.001|signup - skipping test activity due to previous failure
2019-10-04 12:01:44,716|I|Thread-1|OHRM_01_signup.20191004_120140.001|signup - skipping test activity due to previous failure
2019-10-04 12:01:44,717|I|Thread-1|OHRM_01_signup.20191004_120140.001|signup - skipping test activity due to previous failure
2019-10-04 12:01:44,736|I|Thread-1|[OHRM_01_signup.20191004_120140.001|signup] saving test scenario
2019-10-04 12:01:45,055|I|Thread-1|OHRM_01_signup.20191004_120140.001|signup - test scenario execution failed, and fail-immediate in effect. Hence all subsequent test scenarios will be skipped
2019-10-04 12:01:45,065|I|Thread-1|[20191004_120138] 
/-TEST COMPLETE-----------------------------------------------------------------
| Test Output:    C:\projects\OrangeHRMWebApplication\output\20191004_120138\OHRM_01_signup.20191004_120140.001.xlsx
| Iteration:      1
\-------------------------------------------------------------------------------
» Execution Time: 1419 ms
» Test Steps:     1
» Error(s):       1



2019-10-04 12:01:45,065|I|Thread-1|OHRM_01_signup.20191004_120140.001 - fail-immediate in effect - test execution will stop now.
2019-10-04 12:01:47,413|I|Thread-1|[20191004_120138] 
/-TEST COMPLETE-----------------------------------------------------------------
| Test Script:    C:\projects\OrangeHRMWebApplication\artifact\script\OHRM_01_signup.xlsx
\-------------------------------------------------------------------------------
» Execution Time: 8373 ms
» Iterations:     [1] total 1
» Test Steps:     1
» Passed:         0
» Error(s):       1
» Iteration 1 of 1: C:\projects\OrangeHRMWebApplication\output\20191004_120138\OHRM_01_signup.20191004_120140.001.xlsx



2019-10-04 12:01:48,058|I|main|[20191004_120138] [C:\projects\OrangeHRMWebApplication\artifact\script\OHRM_01_signup.xlsx] now completed
2019-10-04 12:01:48,059|I|main|[20191004_120138] all execution thread(s) have terminated
2019-10-04 12:01:48,060|I|main|[20191004_120138] test run completed in about 9 seconds
2019-10-04 12:01:48,207|I|main|No predefined nexial-setup found
2019-10-04 12:01:48,251|I|main|outputBase not set; output-to-cloud DISABLED!
2019-10-04 12:01:48,252|I|main|accessKey not set; output-to-cloud DISABLED!
2019-10-04 12:01:48,253|I|main|secretKey not set; output-to-cloud DISABLED!
2019-10-04 12:01:48,255|I|main|generating HTML output for this execution to C:\projects\OrangeHRMWebApplication\output\20191004_120138\execution-output.html
2019-10-04 12:01:48,907|I|main|generating JUnit XML output for this execution to C:\projects\OrangeHRMWebApplication\output\20191004_120138\junit.xml
2019-10-04 12:01:48,954|I|main|Generated JUnit report for this execution: C:\projects\OrangeHRMWebApplication\output\20191004_120138\junit.xml
2019-10-04 12:01:48,971|I|main|nexial mailer not enabled: nexial.enableEmail=false
2019-10-04 12:01:48,972|I|main|skipped email notification as configured
2019-10-04 12:01:48,974|I|main|Exiting Nexial...
2019-10-04 12:01:48,975|I|main|

/-END OF EXECUTION--------------------------------------------------------------
| » Execution Time: 9 sec.
| » Test Steps:     1
| » Passed:         0
| » Failed:         1
| » Success Rate:   0.00%
\---------------------------------------------------------------nexial-core 2.2_0488-

2019-10-04 12:01:48,976|E|main|failure found; success rate is 0.00%
2019-10-04 12:01:48,977|I|main|End of Execution:
OUTPUT:       C:\projects\OrangeHRMWebApplication\output\20191004_120138
EXECUTION:    C:\projects\OrangeHRMWebApplication\output\20191004_120138\execution-output.html
JUNIT XML:    C:\projects\OrangeHRMWebApplication\output\20191004_120138\junit.xml
SUCCESS RATE: 0.00%
EXIT STATUS:  -13
2019-10-04 12:01:48,979|I|main|End of Execution:
NEXIAL_OUTPUT:         C:\projects\OrangeHRMWebApplication\output\20191004_120138
NEXIAL_EXECUTION_HTML: C:\projects\OrangeHRMWebApplication\output\20191004_120138\execution-output.html
NEXIAL_JUNIT_XML:      C:\projects\OrangeHRMWebApplication\output\20191004_120138\junit.xml
NEXIAL_SUCCESS_RATE:   0.00%
NEXIAL_EXIT_STATUS:    -13
