2019-10-04 11:33:06,075|I|Thread-1|(DELAYED) nexial-core 2.2_0488 starting up...
2019-10-04 11:33:06,082|I|Thread-1|(DELAYED) data file resolved as C:\Users\SANDHI~1.MUN\AppData\Local\Temp\xcRBf\OHRM_01_signup.data.xlsx
2019-10-04 11:33:06,082|I|Thread-1|(DELAYED) input files and output directory resolved...
2019-10-04 11:33:06,082|I|Thread-1|(DELAYED) No predefined nexial-setup found
2019-10-04 11:33:06,082|I|Thread-1|(DELAYED) [20191004_113305] [C:\projects\OrangeHRMWebApplication\artifact\script\OHRM_01_signup.xlsx] resolve RUN ID as 20191004_113305
2019-10-04 11:33:06,083|I|Thread-1|(DELAYED) [20191004_113305] [C:\projects\OrangeHRMWebApplication\artifact\script\OHRM_01_signup.xlsx] new thread started
2019-10-04 11:33:06,083|I|Thread-1|No predefined nexial-setup found
2019-10-04 11:33:06,192|I|Thread-1|outputBase not set; output-to-cloud DISABLED!
2019-10-04 11:33:06,193|I|Thread-1|accessKey not set; output-to-cloud DISABLED!
2019-10-04 11:33:06,194|I|Thread-1|secretKey not set; output-to-cloud DISABLED!
2019-10-04 11:33:06,218|I|Thread-1|missing REQUIRED configuration; sms DISABLED!
2019-10-04 11:33:07,172|I|Thread-1|[20191004_113305] executing C:\projects\OrangeHRMWebApplication\artifact\script\OHRM_01_signup.xlsx with 1 iteration(s)
2019-10-04 11:33:07,179|I|Thread-1|[20191004_113305] create directory C:\projects\OrangeHRMWebApplication\output\20191004_113305\captures
2019-10-04 11:33:07,182|I|Thread-1|[20191004_113305] create directory C:\projects\OrangeHRMWebApplication\output\20191004_113305\logs
2019-10-04 11:33:07,972|I|Thread-1|[20191004_113305] merging test data to tmp file C:\projects\OrangeHRMWebApplication\output\20191004_113305\OHRM_01_signup.20191004_113307.001.xlsx
2019-10-04 11:33:07,973|I|Thread-1|refetching data from C:\projects\OrangeHRMWebApplication\artifact\data\OHRM_01_signup.data.xlsx
2019-10-04 11:33:08,456|I|Thread-1|[20191004_113305] test script and test data merged to C:\projects\OrangeHRMWebApplication\output\20191004_113305\OHRM_01_signup.20191004_113307.001.xlsx
2019-10-04 11:33:09,275|I|Thread-1|STARTS
2019-10-04 11:33:09,303|I|Thread-1|OHRM_01_signup.20191004_113307.001 - executing iteration #1 of 1; Iteration Id 1
2019-10-04 11:33:09,311|I|Thread-1|OHRM_01_signup.20191004_113307.001|signup - executing test scenario
2019-10-04 11:33:09,313|I|Thread-1|OHRM_01_signup.20191004_113307.001|signup|Openurl - executing activity
2019-10-04 11:33:09,917|I|Thread-1|OHRM_01_signup.20191004_113307.001|signup|Openurl|#  5|web.open(url) - executing open(url)(${url})
2019-10-04 11:33:09,931|I|Thread-1|No valid instance of webdriver, initializing...
2019-10-04 11:33:09,939|I|Thread-1|init browserstack
2019-10-04 11:33:09,960|E|Thread-1|Error initializing browser 'browserstack': Both nexial.browserstack.username and nexial.browserstack.automatekey are required to use BrowserStack
2019-10-04 11:33:09,962|E|Thread-1|Error initializing browser 'browserstack': Both nexial.browserstack.username and nexial.browserstack.automatekey are required to use BrowserStack
2019-10-04 11:33:10,188|I|Thread-1|OHRM_01_signup.20191004_113307.001|signup|Openurl|#  5|web.open(url) - FAIL Error initializing browser 'browserstack': Both nexial.browserstack.username and nexial.browserstack.automatekey are required to use BrowserStack
2019-10-04 11:33:10,192|I|Thread-1|OHRM_01_signup.20191004_113307.001|signup|Openurl|#  5|web.open(url) - test stopping due to failure on fail-fast command: web.open(url)
2019-10-04 11:33:10,195|I|Thread-1|OHRM_01_signup.20191004_113307.001|signup - test activity execution failed. Because of this, all subsequent test case will be skipped
2019-10-04 11:33:10,197|I|Thread-1|OHRM_01_signup.20191004_113307.001|signup - test activity execution ending due to EndLoopIf() flow control activated or unrecoverable execution failure.
2019-10-04 11:33:10,199|I|Thread-1|OHRM_01_signup.20191004_113307.001|signup - skipping test activity due to previous failure
2019-10-04 11:33:10,202|I|Thread-1|OHRM_01_signup.20191004_113307.001|signup - skipping test activity due to previous failure
2019-10-04 11:33:10,203|I|Thread-1|OHRM_01_signup.20191004_113307.001|signup - skipping test activity due to previous failure
2019-10-04 11:33:10,204|I|Thread-1|OHRM_01_signup.20191004_113307.001|signup - skipping test activity due to previous failure
2019-10-04 11:33:10,205|I|Thread-1|OHRM_01_signup.20191004_113307.001|signup - skipping test activity due to previous failure
2019-10-04 11:33:10,206|I|Thread-1|OHRM_01_signup.20191004_113307.001|signup - skipping test activity due to previous failure
2019-10-04 11:33:10,207|I|Thread-1|OHRM_01_signup.20191004_113307.001|signup - skipping test activity due to previous failure
2019-10-04 11:33:10,210|I|Thread-1|OHRM_01_signup.20191004_113307.001|signup - skipping test activity due to previous failure
2019-10-04 11:33:10,212|I|Thread-1|OHRM_01_signup.20191004_113307.001|signup - skipping test activity due to previous failure
2019-10-04 11:33:10,213|I|Thread-1|OHRM_01_signup.20191004_113307.001|signup - skipping test activity due to previous failure
2019-10-04 11:33:10,214|I|Thread-1|OHRM_01_signup.20191004_113307.001|signup - skipping test activity due to previous failure
2019-10-04 11:33:10,215|I|Thread-1|OHRM_01_signup.20191004_113307.001|signup - skipping test activity due to previous failure
2019-10-04 11:33:10,217|I|Thread-1|OHRM_01_signup.20191004_113307.001|signup - skipping test activity due to previous failure
2019-10-04 11:33:10,218|I|Thread-1|OHRM_01_signup.20191004_113307.001|signup - skipping test activity due to previous failure
2019-10-04 11:33:10,219|I|Thread-1|OHRM_01_signup.20191004_113307.001|signup - skipping test activity due to previous failure
2019-10-04 11:33:10,222|I|Thread-1|OHRM_01_signup.20191004_113307.001|signup - skipping test activity due to previous failure
2019-10-04 11:33:10,223|I|Thread-1|OHRM_01_signup.20191004_113307.001|signup - skipping test activity due to previous failure
2019-10-04 11:33:10,224|I|Thread-1|OHRM_01_signup.20191004_113307.001|signup - skipping test activity due to previous failure
2019-10-04 11:33:10,226|I|Thread-1|OHRM_01_signup.20191004_113307.001|signup - skipping test activity due to previous failure
2019-10-04 11:33:10,241|I|Thread-1|[OHRM_01_signup.20191004_113307.001|signup] saving test scenario
2019-10-04 11:33:10,382|I|Thread-1|OHRM_01_signup.20191004_113307.001|signup - test scenario execution failed, and fail-immediate in effect. Hence all subsequent test scenarios will be skipped
2019-10-04 11:33:10,387|I|Thread-1|[20191004_113305] 
/-TEST COMPLETE-----------------------------------------------------------------
| Test Output:    C:\projects\OrangeHRMWebApplication\output\20191004_113305\OHRM_01_signup.20191004_113307.001.xlsx
| Iteration:      1
\-------------------------------------------------------------------------------
» Execution Time: 1080 ms
» Test Steps:     1
» Error(s):       1



2019-10-04 11:33:10,388|I|Thread-1|OHRM_01_signup.20191004_113307.001 - fail-immediate in effect - test execution will stop now.
2019-10-04 11:33:12,330|I|Thread-1|[20191004_113305] 
/-TEST COMPLETE-----------------------------------------------------------------
| Test Script:    C:\projects\OrangeHRMWebApplication\artifact\script\OHRM_01_signup.xlsx
\-------------------------------------------------------------------------------
» Execution Time: 6462 ms
» Iterations:     [1] total 1
» Test Steps:     1
» Passed:         0
» Error(s):       1
» Iteration 1 of 1: C:\projects\OrangeHRMWebApplication\output\20191004_113305\OHRM_01_signup.20191004_113307.001.xlsx



2019-10-04 11:33:12,784|I|main|[20191004_113305] [C:\projects\OrangeHRMWebApplication\artifact\script\OHRM_01_signup.xlsx] now completed
2019-10-04 11:33:12,788|I|main|[20191004_113305] all execution thread(s) have terminated
2019-10-04 11:33:12,791|I|main|[20191004_113305] test run completed in about 7 seconds
2019-10-04 11:33:12,923|I|main|No predefined nexial-setup found
2019-10-04 11:33:12,954|I|main|outputBase not set; output-to-cloud DISABLED!
2019-10-04 11:33:12,955|I|main|accessKey not set; output-to-cloud DISABLED!
2019-10-04 11:33:12,956|I|main|secretKey not set; output-to-cloud DISABLED!
2019-10-04 11:33:12,958|I|main|generating HTML output for this execution to C:\projects\OrangeHRMWebApplication\output\20191004_113305\execution-output.html
2019-10-04 11:33:13,530|I|main|generating JUnit XML output for this execution to C:\projects\OrangeHRMWebApplication\output\20191004_113305\junit.xml
2019-10-04 11:33:13,594|I|main|Generated JUnit report for this execution: C:\projects\OrangeHRMWebApplication\output\20191004_113305\junit.xml
2019-10-04 11:33:13,616|I|main|nexial mailer not enabled: nexial.enableEmail=false
2019-10-04 11:33:13,617|I|main|skipped email notification as configured
2019-10-04 11:33:13,619|I|main|Exiting Nexial...
2019-10-04 11:33:13,637|I|main|

/-END OF EXECUTION--------------------------------------------------------------
| » Execution Time: 7 sec.
| » Test Steps:     1
| » Passed:         0
| » Failed:         1
| » Success Rate:   0.00%
\---------------------------------------------------------------nexial-core 2.2_0488-

2019-10-04 11:33:13,643|E|main|failure found; success rate is 0.00%
2019-10-04 11:33:13,645|I|main|End of Execution:
OUTPUT:       C:\projects\OrangeHRMWebApplication\output\20191004_113305
EXECUTION:    C:\projects\OrangeHRMWebApplication\output\20191004_113305\execution-output.html
JUNIT XML:    C:\projects\OrangeHRMWebApplication\output\20191004_113305\junit.xml
SUCCESS RATE: 0.00%
EXIT STATUS:  -13
2019-10-04 11:33:13,651|I|main|End of Execution:
NEXIAL_OUTPUT:         C:\projects\OrangeHRMWebApplication\output\20191004_113305
NEXIAL_EXECUTION_HTML: C:\projects\OrangeHRMWebApplication\output\20191004_113305\execution-output.html
NEXIAL_JUNIT_XML:      C:\projects\OrangeHRMWebApplication\output\20191004_113305\junit.xml
NEXIAL_SUCCESS_RATE:   0.00%
NEXIAL_EXIT_STATUS:    -13
