2019-10-01 16:20:02,583|I|Thread-1|(DELAYED) nexial-core 2.2_0488 starting up...
2019-10-01 16:20:02,587|I|Thread-1|(DELAYED) data file resolved as C:\Users\SANDHI~1.MUN\AppData\Local\Temp\CEDYQ\OHRM_02_features.data.xlsx
2019-10-01 16:20:02,587|I|Thread-1|(DELAYED) input files and output directory resolved...
2019-10-01 16:20:02,587|I|Thread-1|(DELAYED) No predefined nexial-setup found
2019-10-01 16:20:02,587|I|Thread-1|(DELAYED) [20191001_162002] [C:\projects\OrangeHRMWebApplication\artifact\script\OHRM_02_features.xlsx] resolve RUN ID as 20191001_162002
2019-10-01 16:20:02,587|I|Thread-1|(DELAYED) [20191001_162002] [C:\projects\OrangeHRMWebApplication\artifact\script\OHRM_02_features.xlsx] new thread started
2019-10-01 16:20:02,588|I|Thread-1|No predefined nexial-setup found
2019-10-01 16:20:02,735|I|Thread-1|outputBase not set; output-to-cloud DISABLED!
2019-10-01 16:20:02,736|I|Thread-1|accessKey not set; output-to-cloud DISABLED!
2019-10-01 16:20:02,737|I|Thread-1|secretKey not set; output-to-cloud DISABLED!
2019-10-01 16:20:02,780|I|Thread-1|missing REQUIRED configuration; sms DISABLED!
2019-10-01 16:20:04,036|I|Thread-1|[20191001_162002] executing C:\projects\OrangeHRMWebApplication\artifact\script\OHRM_02_features.xlsx with 1 iteration(s)
2019-10-01 16:20:04,048|I|Thread-1|[20191001_162002] create directory C:\projects\OrangeHRMWebApplication\output\20191001_162002\captures
2019-10-01 16:20:04,049|I|Thread-1|[20191001_162002] create directory C:\projects\OrangeHRMWebApplication\output\20191001_162002\logs
2019-10-01 16:20:06,535|I|Thread-1|macro(s) found and merged; C:\projects\OrangeHRMWebApplication\output\20191001_162002\OHRM_02_features.20191001_162004.001.xlsx will need to be saved
2019-10-01 16:20:06,539|I|Thread-1|[20191001_162002] merging test data to tmp file C:\projects\OrangeHRMWebApplication\output\20191001_162002\OHRM_02_features.20191001_162004.001.xlsx
2019-10-01 16:20:06,540|I|Thread-1|refetching data from C:\projects\OrangeHRMWebApplication\artifact\data\OHRM_02_features.data.xlsx
2019-10-01 16:20:07,219|I|Thread-1|[20191001_162002] test script and test data merged to C:\projects\OrangeHRMWebApplication\output\20191001_162002\OHRM_02_features.20191001_162004.001.xlsx
2019-10-01 16:20:08,847|I|Thread-1|STARTS
2019-10-01 16:20:08,923|I|Thread-1|OHRM_02_features.20191001_162004.001 - executing iteration #1 of 1; Iteration Id 1
2019-10-01 16:20:08,947|I|Thread-1|OHRM_02_features.20191001_162004.001|Personnel Information Managemen - executing test scenario
2019-10-01 16:20:08,964|I|Thread-1|OHRM_02_features.20191001_162004.001|Personnel Information Managemen|Feature-Personnel Information Management (PIM) - executing activity
2019-10-01 16:20:09,594|I|Thread-1|OHRM_02_features.20191001_162004.001|Personnel Information Managemen|Feature-Personnel Information Management (PIM)|#  5|base.section(steps) - executing section(steps)(4)
2019-10-01 16:20:09,616|I|Thread-1|OHRM_02_features.20191001_162004.001|Personnel Information Managemen|Feature-Personnel Information Management (PIM)|#  5|base.section(steps) - PASS 
2019-10-01 16:20:10,223|I|Thread-1|OHRM_02_features.20191001_162004.001|Personnel Information Managemen|Feature-Personnel Information Management (PIM)|#  6|web.open(url) - executing open(url)(${url})
2019-10-01 16:20:10,227|I|Thread-1|No valid instance of webdriver, initializing...
2019-10-01 16:20:10,232|I|Thread-1|init chrome
2019-10-01 16:20:13,817|I|Thread-1|browser initialization completed for 'chrome'
2019-10-01 16:20:13,850|I|Thread-1|setting browser polling wait time to 800 ms
2019-10-01 16:20:13,875|I|Thread-1|setting browser page load timeout to 10000 ms
2019-10-01 16:20:13,950|I|Thread-1|OHRM_02_features.20191001_162004.001|Personnel Information Managemen|Feature-Personnel Information Management (PIM)|#  6|web.open(url) - default browser stability wait time is 3000 ms
2019-10-01 16:20:20,607|I|Thread-1|current browser window handle:CDwindow-27F8F3F28882E3766C3F6EF1B820AC71
2019-10-01 16:20:21,069|I|Thread-1|OHRM_02_features.20191001_162004.001|Personnel Information Managemen|Feature-Personnel Information Management (PIM)|#  6|web.open(url) - PASS opened URL https://www.orangehrm.com/
2019-10-01 16:20:21,674|I|Thread-1|OHRM_02_features.20191001_162004.001|Personnel Information Managemen|Feature-Personnel Information Management (PIM)|#  7|web.maximizeWindow() - executing maximizeWindow()()
2019-10-01 16:20:23,064|I|Thread-1|OHRM_02_features.20191001_162004.001|Personnel Information Managemen|Feature-Personnel Information Management (PIM)|#  7|web.maximizeWindow() - PASS browser window maximized
2019-10-01 16:20:23,683|I|Thread-1|OHRM_02_features.20191001_162004.001|Personnel Information Managemen|Feature-Personnel Information Management (PIM)|#  8|web.click(locator) - executing click(locator)(${btn.features.loc})
2019-10-01 16:20:23,774|I|Thread-1|clicking '//div[@id='header-navbar']/ul/li/a[text()='Features']'...
2019-10-01 16:20:23,854|I|Thread-1|click target via JS, @id=
2019-10-01 16:20:25,020|I|Thread-1|clicked -> true
2019-10-01 16:20:25,023|I|Thread-1|OHRM_02_features.20191001_162004.001|Personnel Information Managemen|Feature-Personnel Information Management (PIM)|#  8|web.click(locator) - PASS click via JS event
2019-10-01 16:20:25,627|I|Thread-1|OHRM_02_features.20191001_162004.001|Personnel Information Managemen|Feature-Personnel Information Management (PIM)|#  9|web.assertElementByText(l - executing assertElementByText(locator,text)(${btn.features.loc}, ${featuretext})
2019-10-01 16:20:25,791|I|Thread-1|OHRM_02_features.20191001_162004.001|Personnel Information Managemen|Feature-Personnel Information Management (PIM)|#  9|web.assertElementByText(l - PASS validated locator '//div[@id='header-navbar']/ul/li/a[text()='Features']' by text 'Features' as EXPECTED
2019-10-01 16:20:26,402|I|Thread-1|OHRM_02_features.20191001_162004.001|Personnel Information Managemen|Feature-Personnel Information Management (PIM)|# 10|web.assertAndClick(locato - executing assertAndClick(locator,label)(${btn.pim.loc}, ${PIMlabel})
2019-10-01 16:20:26,707|I|Thread-1|clicking '//h4[text()='Personnel Information Management (PIM)' and text() = 'Personnel Information Management (PIM)']'...
2019-10-01 16:20:26,757|I|Thread-1|click target via JS, @id=
2019-10-01 16:20:29,861|I|Thread-1|clicked -> true
2019-10-01 16:20:29,867|I|Thread-1|OHRM_02_features.20191001_162004.001|Personnel Information Managemen|Feature-Personnel Information Management (PIM)|# 10|web.assertAndClick(locato - PASS click via JS event
2019-10-01 16:20:30,474|I|Thread-1|OHRM_02_features.20191001_162004.001|Personnel Information Managemen|Feature-Personnel Information Management (PIM)|# 11|web.scrollTo(locator) - executing scrollTo(locator)(${btn.customfields.loc})
2019-10-01 16:20:30,630|I|Thread-1|OHRM_02_features.20191001_162004.001|Personnel Information Managemen|Feature-Personnel Information Management (PIM)|# 11|web.scrollTo(locator) - PASS scrolled to '//h4[text()='Custom Fields']/following-sibling::a'
2019-10-01 16:20:31,238|I|Thread-1|OHRM_02_features.20191001_162004.001|Personnel Information Managemen|Feature-Personnel Information Management (PIM)|# 12|web.assertTextPresent(tex - executing assertTextPresent(text)(${CustomFields})
2019-10-01 16:20:31,305|I|Thread-1|OHRM_02_features.20191001_162004.001|Personnel Information Managemen|Feature-Personnel Information Management (PIM)|# 12|web.assertTextPresent(tex - PASS EXPECTED text 'Custom Fields' found
2019-10-01 16:20:31,914|I|Thread-1|OHRM_02_features.20191001_162004.001|Personnel Information Managemen|Feature-Personnel Information Management (PIM)|# 13|web.click(locator) - executing click(locator)(${btn.customfields.loc})
2019-10-01 16:20:31,976|I|Thread-1|clicking '//h4[text()='Custom Fields']/following-sibling::a'...
2019-10-01 16:20:32,019|I|Thread-1|click target via JS, @id=
2019-10-01 16:20:32,108|I|Thread-1|clicked -> true
2019-10-01 16:20:32,110|I|Thread-1|OHRM_02_features.20191001_162004.001|Personnel Information Managemen|Feature-Personnel Information Management (PIM)|# 13|web.click(locator) - PASS click via JS event
2019-10-01 16:20:32,714|I|Thread-1|OHRM_02_features.20191001_162004.001|Personnel Information Managemen|Feature-Personnel Information Management (PIM)|# 14|web.scrollTo(locator) - executing scrollTo(locator)(${btn.addemployee.loc})
2019-10-01 16:20:32,886|I|Thread-1|OHRM_02_features.20191001_162004.001|Personnel Information Managemen|Feature-Personnel Information Management (PIM)|# 14|web.scrollTo(locator) - PASS scrolled to '//h4[text()='Add employee']/following-sibling::a'
2019-10-01 16:20:33,500|I|Thread-1|OHRM_02_features.20191001_162004.001|Personnel Information Managemen|Feature-Personnel Information Management (PIM)|# 15|web.assertTextPresent(tex - executing assertTextPresent(text)(${AddEmployee})
2019-10-01 16:20:33,615|I|Thread-1|OHRM_02_features.20191001_162004.001|Personnel Information Managemen|Feature-Personnel Information Management (PIM)|# 15|web.assertTextPresent(tex - PASS EXPECTED text 'Add employee' found
2019-10-01 16:20:34,226|I|Thread-1|OHRM_02_features.20191001_162004.001|Personnel Information Managemen|Feature-Personnel Information Management (PIM)|# 16|web.click(locator) - executing click(locator)(${btn.addemployee.loc})
2019-10-01 16:20:34,287|I|Thread-1|clicking '//h4[text()='Add employee']/following-sibling::a'...
2019-10-01 16:20:34,330|I|Thread-1|click target via JS, @id=
2019-10-01 16:20:34,412|I|Thread-1|clicked -> true
2019-10-01 16:20:34,414|I|Thread-1|OHRM_02_features.20191001_162004.001|Personnel Information Managemen|Feature-Personnel Information Management (PIM)|# 16|web.click(locator) - PASS click via JS event
2019-10-01 16:20:35,018|I|Thread-1|OHRM_02_features.20191001_162004.001|Personnel Information Managemen|Feature-Personnel Information Management (PIM)|# 17|web.scrollTo(locator) - executing scrollTo(locator)(${btn.bulkupdate.loc})
2019-10-01 16:20:35,178|I|Thread-1|OHRM_02_features.20191001_162004.001|Personnel Information Managemen|Feature-Personnel Information Management (PIM)|# 17|web.scrollTo(locator) - PASS scrolled to '//h4[text()='Bulk Update']/following-sibling::a'
2019-10-01 16:20:35,784|I|Thread-1|OHRM_02_features.20191001_162004.001|Personnel Information Managemen|Feature-Personnel Information Management (PIM)|# 18|web.assertTextPresent(tex - executing assertTextPresent(text)(${BulkUpdate})
2019-10-01 16:20:35,893|I|Thread-1|OHRM_02_features.20191001_162004.001|Personnel Information Managemen|Feature-Personnel Information Management (PIM)|# 18|web.assertTextPresent(tex - PASS EXPECTED text 'Bulk Update' found
2019-10-01 16:20:36,505|I|Thread-1|OHRM_02_features.20191001_162004.001|Personnel Information Managemen|Feature-Personnel Information Management (PIM)|# 19|web.click(locator) - executing click(locator)(${btn.bulkupdate.loc})
2019-10-01 16:20:36,581|I|Thread-1|clicking '//h4[text()='Bulk Update']/following-sibling::a'...
2019-10-01 16:20:36,627|I|Thread-1|click target via JS, @id=
2019-10-01 16:20:36,704|I|Thread-1|clicked -> true
2019-10-01 16:20:36,708|I|Thread-1|OHRM_02_features.20191001_162004.001|Personnel Information Managemen|Feature-Personnel Information Management (PIM)|# 19|web.click(locator) - PASS click via JS event
2019-10-01 16:20:37,315|I|Thread-1|OHRM_02_features.20191001_162004.001|Personnel Information Managemen|Feature-Personnel Information Management (PIM)|# 20|web.scrollTo(locator) - executing scrollTo(locator)(${btn.myshortcuts.loc})
2019-10-01 16:20:37,533|I|Thread-1|OHRM_02_features.20191001_162004.001|Personnel Information Managemen|Feature-Personnel Information Management (PIM)|# 20|web.scrollTo(locator) - PASS scrolled to '//h4[text()='My shortcuts']/following-sibling::a'
2019-10-01 16:20:38,140|I|Thread-1|OHRM_02_features.20191001_162004.001|Personnel Information Managemen|Feature-Personnel Information Management (PIM)|# 21|web.assertTextPresent(tex - executing assertTextPresent(text)(${MyShortcuts})
2019-10-01 16:20:38,239|I|Thread-1|OHRM_02_features.20191001_162004.001|Personnel Information Managemen|Feature-Personnel Information Management (PIM)|# 21|web.assertTextPresent(tex - PASS EXPECTED text 'My shortcuts' found
2019-10-01 16:20:38,845|I|Thread-1|OHRM_02_features.20191001_162004.001|Personnel Information Managemen|Feature-Personnel Information Management (PIM)|# 22|web.click(locator) - executing click(locator)(${btn.myshortcuts.loc})
2019-10-01 16:20:38,915|I|Thread-1|clicking '//h4[text()='My shortcuts']/following-sibling::a'...
2019-10-01 16:20:38,965|I|Thread-1|click target via JS, @id=
2019-10-01 16:20:39,045|I|Thread-1|clicked -> true
2019-10-01 16:20:39,046|I|Thread-1|OHRM_02_features.20191001_162004.001|Personnel Information Managemen|Feature-Personnel Information Management (PIM)|# 22|web.click(locator) - PASS click via JS event
2019-10-01 16:20:39,650|I|Thread-1|OHRM_02_features.20191001_162004.001|Personnel Information Managemen|Feature-Personnel Information Management (PIM)|# 23|web.scrollTo(locator) - executing scrollTo(locator)(${btn.reportingtools.loc})
2019-10-01 16:20:39,917|I|Thread-1|OHRM_02_features.20191001_162004.001|Personnel Information Managemen|Feature-Personnel Information Management (PIM)|# 23|web.scrollTo(locator) - PASS scrolled to '//h4[text()='Reporting tools']/following-sibling::a'
2019-10-01 16:20:40,523|I|Thread-1|OHRM_02_features.20191001_162004.001|Personnel Information Managemen|Feature-Personnel Information Management (PIM)|# 24|web.assertTextPresent(tex - executing assertTextPresent(text)(${ReportingTools})
2019-10-01 16:20:40,589|I|Thread-1|OHRM_02_features.20191001_162004.001|Personnel Information Managemen|Feature-Personnel Information Management (PIM)|# 24|web.assertTextPresent(tex - PASS EXPECTED text 'Reporting tools' found
2019-10-01 16:20:41,194|I|Thread-1|OHRM_02_features.20191001_162004.001|Personnel Information Managemen|Feature-Personnel Information Management (PIM)|# 25|web.click(locator) - executing click(locator)(${btn.reportingtools.loc})
2019-10-01 16:20:41,284|I|Thread-1|clicking '//h4[text()='Reporting tools']/following-sibling::a'...
2019-10-01 16:20:41,346|I|Thread-1|click target via JS, @id=
2019-10-01 16:20:41,414|I|Thread-1|clicked -> true
2019-10-01 16:20:41,416|I|Thread-1|OHRM_02_features.20191001_162004.001|Personnel Information Managemen|Feature-Personnel Information Management (PIM)|# 25|web.click(locator) - PASS click via JS event
2019-10-01 16:20:42,019|I|Thread-1|OHRM_02_features.20191001_162004.001|Personnel Information Managemen|Feature-Personnel Information Management (PIM)|# 26|base.section(steps) - executing section(steps)(1)
2019-10-01 16:20:42,031|I|Thread-1|OHRM_02_features.20191001_162004.001|Personnel Information Managemen|Feature-Personnel Information Management (PIM)|# 26|base.section(steps) - PASS 
2019-10-01 16:20:42,635|I|Thread-1|OHRM_02_features.20191001_162004.001|Personnel Information Managemen|Feature-Personnel Information Management (PIM)|# 27|web.assertAndClick(locato - executing assertAndClick(locator,label)(${btn.tryitnow.loc}, ${TryItNow})
2019-10-01 16:20:42,750|I|Thread-1|OHRM_02_features.20191001_162004.001|Personnel Information Managemen|Feature-Personnel Information Management (PIM)|# 27|web.assertAndClick(locato - text/label for 'Try It Now' not found at //div[@class='feature-module-page']/div/div/div/h3/following-sibling::a
2019-10-01 16:20:42,759|I|Thread-1|OHRM_02_features.20191001_162004.001|Personnel Information Managemen|Feature-Personnel Information Management (PIM)|# 27|web.assertAndClick(locato - FAIL No element with text 'Try It Now' can be found.
2019-10-01 16:20:43,374|I|Thread-1|OHRM_02_features.20191001_162004.001|Personnel Information Managemen|Feature-Personnel Information Management (PIM)|# 28|base.macro(file,sheet,nam - executing macro(file,sheet,name)(nexial-macro.xlsx, Macros, Display_Message)
2019-10-01 16:20:43,379|I|Thread-1|OHRM_02_features.20191001_162004.001|Personnel Information Managemen|Feature-Personnel Information Management (PIM)|# 28|base.macro(file,sheet,nam - FAIL Runtime error: Macro reference (nexial-macro.xlsx,Macros,Display_Message) not expanded
2019-10-01 16:20:43,382|I|Thread-1|OHRM_02_features.20191001_162004.001|Personnel Information Managemen|Feature-Personnel Information Management (PIM)|# 28|base.macro(file,sheet,nam - test stopping due fail-immediate in effect
2019-10-01 16:20:43,385|I|Thread-1|OHRM_02_features.20191001_162004.001|Personnel Information Managemen - test activity execution failed. Because of this, all subsequent test case will be skipped
2019-10-01 16:20:43,394|I|Thread-1|OHRM_02_features.20191001_162004.001|Personnel Information Managemen - test activity execution ending due to EndLoopIf() flow control activated or unrecoverable execution failure.
2019-10-01 16:20:43,880|I|Thread-1|[OHRM_02_features.20191001_162004.001|Personnel Information Managemen] saving test scenario
2019-10-01 16:20:44,682|I|Thread-1|OHRM_02_features.20191001_162004.001|Personnel Information Managemen - test scenario execution failed, and fail-immediate in effect. Hence all subsequent test scenarios will be skipped
2019-10-01 16:20:44,696|I|Thread-1|[20191001_162002] 
/-TEST COMPLETE-----------------------------------------------------------------
| Test Output:    C:\projects\OrangeHRMWebApplication\output\20191001_162002\OHRM_02_features.20191001_162004.001.xlsx
| Iteration:      1
\-------------------------------------------------------------------------------
» Execution Time: 35758 ms
» Test Steps:     24
» Error(s):       2



2019-10-01 16:20:44,697|I|Thread-1|OHRM_02_features.20191001_162004.001 - fail-immediate in effect - test execution will stop now.
2019-10-01 16:20:46,212|I|Thread-1|[20191001_162002] 
/-TEST COMPLETE-----------------------------------------------------------------
| Test Script:    C:\projects\OrangeHRMWebApplication\artifact\script\OHRM_02_features.xlsx
\-------------------------------------------------------------------------------
» Execution Time: 43937 ms
» Iterations:     [1] total 1
» Test Steps:     24
» Passed:         22
» Error(s):       2
» Iteration 1 of 1: C:\projects\OrangeHRMWebApplication\output\20191001_162002\OHRM_02_features.20191001_162004.001.xlsx



2019-10-01 16:20:46,345|I|main|[20191001_162002] [C:\projects\OrangeHRMWebApplication\artifact\script\OHRM_02_features.xlsx] now completed
2019-10-01 16:20:46,346|I|main|[20191001_162002] all execution thread(s) have terminated
2019-10-01 16:20:46,347|I|main|[20191001_162002] test run completed in about 44 seconds
2019-10-01 16:20:46,552|I|main|No predefined nexial-setup found
2019-10-01 16:20:46,610|I|main|outputBase not set; output-to-cloud DISABLED!
2019-10-01 16:20:46,620|I|main|accessKey not set; output-to-cloud DISABLED!
2019-10-01 16:20:46,630|I|main|secretKey not set; output-to-cloud DISABLED!
2019-10-01 16:20:46,633|I|main|generating HTML output for this execution to C:\projects\OrangeHRMWebApplication\output\20191001_162002\execution-output.html
2019-10-01 16:20:47,661|I|main|generating JUnit XML output for this execution to C:\projects\OrangeHRMWebApplication\output\20191001_162002\junit.xml
2019-10-01 16:20:47,757|I|main|Generated JUnit report for this execution: C:\projects\OrangeHRMWebApplication\output\20191001_162002\junit.xml
2019-10-01 16:20:47,761|I|main|nexial mailer not enabled: nexial.enableEmail=false
2019-10-01 16:20:47,764|I|main|skipped email notification as configured
2019-10-01 16:20:47,766|I|main|Exiting Nexial...
2019-10-01 16:20:47,767|I|main|shutdown starts...
2019-10-01 16:20:47,778|I|main|Shutting down 'chrome' webdriver...
2019-10-01 16:35:20,919|I|main|shutdown ends...
2019-10-01 16:35:20,926|I|main|

/-END OF EXECUTION--------------------------------------------------------------
| » Execution Time: 44 sec.
| » Test Steps:     24
| » Passed:         22
| » Failed:         2
| » Success Rate:   91.67%
\---------------------------------------------------------------nexial-core 2.2_0488-

2019-10-01 16:35:20,936|E|main|failure found; success rate is 91.67%
2019-10-01 16:35:20,941|I|main|End of Execution:
OUTPUT:       C:\projects\OrangeHRMWebApplication\output\20191001_162002
EXECUTION:    C:\projects\OrangeHRMWebApplication\output\20191001_162002\execution-output.html
JUNIT XML:    C:\projects\OrangeHRMWebApplication\output\20191001_162002\junit.xml
SUCCESS RATE: 91.67%
EXIT STATUS:  -13
2019-10-01 16:35:20,948|I|main|End of Execution:
NEXIAL_OUTPUT:         C:\projects\OrangeHRMWebApplication\output\20191001_162002
NEXIAL_EXECUTION_HTML: C:\projects\OrangeHRMWebApplication\output\20191001_162002\execution-output.html
NEXIAL_JUNIT_XML:      C:\projects\OrangeHRMWebApplication\output\20191001_162002\junit.xml
NEXIAL_SUCCESS_RATE:   91.67%
NEXIAL_EXIT_STATUS:    -13
