2019-10-01 15:05:27,551|I|Thread-1|(DELAYED) nexial-core 2.2_0488 starting up...
2019-10-01 15:05:27,557|I|Thread-1|(DELAYED) data file resolved as C:\Users\SANDHI~1.MUN\AppData\Local\Temp\yWjAL\OHRM_02_features.data.xlsx
2019-10-01 15:05:27,558|I|Thread-1|(DELAYED) input files and output directory resolved...
2019-10-01 15:05:27,558|I|Thread-1|(DELAYED) No predefined nexial-setup found
2019-10-01 15:05:27,558|I|Thread-1|(DELAYED) [20191001_150527] [C:\projects\OrangeHRMWebApplication\artifact\script\OHRM_02_features.xlsx] resolve RUN ID as 20191001_150527
2019-10-01 15:05:27,558|I|Thread-1|(DELAYED) [20191001_150527] [C:\projects\OrangeHRMWebApplication\artifact\script\OHRM_02_features.xlsx] new thread started
2019-10-01 15:05:27,559|I|Thread-1|No predefined nexial-setup found
2019-10-01 15:05:27,700|I|Thread-1|outputBase not set; output-to-cloud DISABLED!
2019-10-01 15:05:27,702|I|Thread-1|accessKey not set; output-to-cloud DISABLED!
2019-10-01 15:05:27,702|I|Thread-1|secretKey not set; output-to-cloud DISABLED!
2019-10-01 15:05:27,749|I|Thread-1|missing REQUIRED configuration; sms DISABLED!
2019-10-01 15:05:29,251|I|Thread-1|[20191001_150527] executing C:\projects\OrangeHRMWebApplication\artifact\script\OHRM_02_features.xlsx with 1 iteration(s)
2019-10-01 15:05:29,262|I|Thread-1|[20191001_150527] create directory C:\projects\OrangeHRMWebApplication\output\20191001_150527\captures
2019-10-01 15:05:29,265|I|Thread-1|[20191001_150527] create directory C:\projects\OrangeHRMWebApplication\output\20191001_150527\logs
2019-10-01 15:05:31,819|I|Thread-1|macro(s) found and merged; C:\projects\OrangeHRMWebApplication\output\20191001_150527\OHRM_02_features.20191001_150529.001.xlsx will need to be saved
2019-10-01 15:05:31,829|I|Thread-1|[20191001_150527] merging test data to tmp file C:\projects\OrangeHRMWebApplication\output\20191001_150527\OHRM_02_features.20191001_150529.001.xlsx
2019-10-01 15:05:31,839|I|Thread-1|refetching data from C:\projects\OrangeHRMWebApplication\artifact\data\OHRM_02_features.data.xlsx
2019-10-01 15:05:32,739|I|Thread-1|[20191001_150527] test script and test data merged to C:\projects\OrangeHRMWebApplication\output\20191001_150527\OHRM_02_features.20191001_150529.001.xlsx
2019-10-01 15:05:34,793|I|Thread-1|STARTS
2019-10-01 15:05:34,841|I|Thread-1|OHRM_02_features.20191001_150529.001 - executing iteration #1 of 1; Iteration Id 1
2019-10-01 15:05:34,863|I|Thread-1|OHRM_02_features.20191001_150529.001|Personnel Information Managemen - executing test scenario
2019-10-01 15:05:34,871|I|Thread-1|OHRM_02_features.20191001_150529.001|Personnel Information Managemen|Feature-Personnel Information Management (PIM) - executing activity
2019-10-01 15:05:35,475|I|Thread-1|OHRM_02_features.20191001_150529.001|Personnel Information Managemen|Feature-Personnel Information Management (PIM)|#  5|web.open(url) - executing open(url)(${url})
2019-10-01 15:05:35,481|I|Thread-1|No valid instance of webdriver, initializing...
2019-10-01 15:05:35,484|I|Thread-1|init chrome
2019-10-01 15:05:39,272|I|Thread-1|browser initialization completed for 'chrome'
2019-10-01 15:05:39,314|I|Thread-1|setting browser polling wait time to 800 ms
2019-10-01 15:05:39,344|I|Thread-1|setting browser page load timeout to 10000 ms
2019-10-01 15:05:39,443|I|Thread-1|OHRM_02_features.20191001_150529.001|Personnel Information Managemen|Feature-Personnel Information Management (PIM)|#  5|web.open(url) - default browser stability wait time is 3000 ms
2019-10-01 15:05:48,298|I|Thread-1|current browser window handle:CDwindow-C41143F3F131E171385071375F63FBCA
2019-10-01 15:05:48,878|I|Thread-1|OHRM_02_features.20191001_150529.001|Personnel Information Managemen|Feature-Personnel Information Management (PIM)|#  5|web.open(url) - PASS opened URL https://www.orangehrm.com/
2019-10-01 15:05:49,495|I|Thread-1|OHRM_02_features.20191001_150529.001|Personnel Information Managemen|Feature-Personnel Information Management (PIM)|#  6|web.maximizeWindow() - executing maximizeWindow()()
2019-10-01 15:05:50,862|I|Thread-1|OHRM_02_features.20191001_150529.001|Personnel Information Managemen|Feature-Personnel Information Management (PIM)|#  6|web.maximizeWindow() - PASS browser window maximized
2019-10-01 15:05:51,495|I|Thread-1|OHRM_02_features.20191001_150529.001|Personnel Information Managemen|Feature-Personnel Information Management (PIM)|#  7|web.click(locator) - executing click(locator)(${btn.features.loc})
2019-10-01 15:05:51,571|I|Thread-1|clicking '//div[@id='header-navbar']/ul/li/a[text()='Features']'...
2019-10-01 15:05:51,634|I|Thread-1|click target via JS, @id=
2019-10-01 15:05:52,995|I|Thread-1|clicked -> true
2019-10-01 15:05:52,998|I|Thread-1|OHRM_02_features.20191001_150529.001|Personnel Information Managemen|Feature-Personnel Information Management (PIM)|#  7|web.click(locator) - PASS click via JS event
2019-10-01 15:05:53,602|I|Thread-1|OHRM_02_features.20191001_150529.001|Personnel Information Managemen|Feature-Personnel Information Management (PIM)|#  8|web.assertElementByText(l - executing assertElementByText(locator,text)(${btn.features.loc}, ${featuretext})
2019-10-01 15:05:53,728|I|Thread-1|OHRM_02_features.20191001_150529.001|Personnel Information Managemen|Feature-Personnel Information Management (PIM)|#  8|web.assertElementByText(l - PASS validated locator '//div[@id='header-navbar']/ul/li/a[text()='Features']' by text 'Features' as EXPECTED
2019-10-01 15:05:54,345|I|Thread-1|OHRM_02_features.20191001_150529.001|Personnel Information Managemen|Feature-Personnel Information Management (PIM)|#  9|web.assertAndClick(locato - executing assertAndClick(locator,label)(${btn.pim.loc}, ${PIMlabel})
2019-10-01 15:05:54,583|I|Thread-1|clicking '//h4[text()='Personnel Information Management (PIM)' and text() = 'Personnel Information Management (PIM)']'...
2019-10-01 15:05:54,636|I|Thread-1|click target via JS, @id=
2019-10-01 15:05:57,590|I|Thread-1|clicked -> true
2019-10-01 15:05:57,594|I|Thread-1|OHRM_02_features.20191001_150529.001|Personnel Information Managemen|Feature-Personnel Information Management (PIM)|#  9|web.assertAndClick(locato - PASS click via JS event
2019-10-01 15:05:58,201|I|Thread-1|OHRM_02_features.20191001_150529.001|Personnel Information Managemen|Feature-Personnel Information Management (PIM)|# 10|web.scrollTo(locator) - executing scrollTo(locator)(${btn.customfields.loc})
2019-10-01 15:05:58,378|I|Thread-1|OHRM_02_features.20191001_150529.001|Personnel Information Managemen|Feature-Personnel Information Management (PIM)|# 10|web.scrollTo(locator) - PASS scrolled to '//h4[text()='Custom Fields']/following-sibling::a'
2019-10-01 15:05:58,982|I|Thread-1|OHRM_02_features.20191001_150529.001|Personnel Information Managemen|Feature-Personnel Information Management (PIM)|# 11|web.assertTextPresent(tex - executing assertTextPresent(text)(${CustomFields})
2019-10-01 15:05:59,062|I|Thread-1|OHRM_02_features.20191001_150529.001|Personnel Information Managemen|Feature-Personnel Information Management (PIM)|# 11|web.assertTextPresent(tex - PASS EXPECTED text 'Custom Fields' found
2019-10-01 15:05:59,666|I|Thread-1|OHRM_02_features.20191001_150529.001|Personnel Information Managemen|Feature-Personnel Information Management (PIM)|# 12|web.click(locator) - executing click(locator)(${btn.customfields.loc})
2019-10-01 15:05:59,758|I|Thread-1|clicking '//h4[text()='Custom Fields']/following-sibling::a'...
2019-10-01 15:05:59,812|I|Thread-1|click target via JS, @id=
2019-10-01 15:05:59,910|I|Thread-1|clicked -> true
2019-10-01 15:05:59,912|I|Thread-1|OHRM_02_features.20191001_150529.001|Personnel Information Managemen|Feature-Personnel Information Management (PIM)|# 12|web.click(locator) - PASS click via JS event
2019-10-01 15:06:00,516|I|Thread-1|OHRM_02_features.20191001_150529.001|Personnel Information Managemen|Feature-Personnel Information Management (PIM)|# 13|web.scrollTo(locator) - executing scrollTo(locator)(${btn.addemployee.loc})
2019-10-01 15:06:00,711|I|Thread-1|OHRM_02_features.20191001_150529.001|Personnel Information Managemen|Feature-Personnel Information Management (PIM)|# 13|web.scrollTo(locator) - PASS scrolled to '//h4[text()='Add employee']/following-sibling::a'
2019-10-01 15:06:01,325|I|Thread-1|OHRM_02_features.20191001_150529.001|Personnel Information Managemen|Feature-Personnel Information Management (PIM)|# 14|web.assertTextPresent(tex - executing assertTextPresent(text)(${AddEmployee})
2019-10-01 15:06:01,427|I|Thread-1|OHRM_02_features.20191001_150529.001|Personnel Information Managemen|Feature-Personnel Information Management (PIM)|# 14|web.assertTextPresent(tex - PASS EXPECTED text 'Add employee' found
2019-10-01 15:06:02,034|I|Thread-1|OHRM_02_features.20191001_150529.001|Personnel Information Managemen|Feature-Personnel Information Management (PIM)|# 15|web.click(locator) - executing click(locator)(${btn.addemployee.loc})
2019-10-01 15:06:02,128|I|Thread-1|clicking '//h4[text()='Add employee']/following-sibling::a'...
2019-10-01 15:06:02,182|I|Thread-1|click target via JS, @id=
2019-10-01 15:06:02,248|I|Thread-1|clicked -> true
2019-10-01 15:06:02,250|I|Thread-1|OHRM_02_features.20191001_150529.001|Personnel Information Managemen|Feature-Personnel Information Management (PIM)|# 15|web.click(locator) - PASS click via JS event
2019-10-01 15:06:02,856|I|Thread-1|OHRM_02_features.20191001_150529.001|Personnel Information Managemen|Feature-Personnel Information Management (PIM)|# 16|web.scrollTo(locator) - executing scrollTo(locator)(${btn.bulkupdate.loc})
2019-10-01 15:06:03,031|I|Thread-1|OHRM_02_features.20191001_150529.001|Personnel Information Managemen|Feature-Personnel Information Management (PIM)|# 16|web.scrollTo(locator) - PASS scrolled to '//h4[text()='Bulk Update']/following-sibling::a'
2019-10-01 15:06:03,639|I|Thread-1|OHRM_02_features.20191001_150529.001|Personnel Information Managemen|Feature-Personnel Information Management (PIM)|# 17|web.assertTextPresent(tex - executing assertTextPresent(text)(${BulkUpdate})
2019-10-01 15:06:03,725|I|Thread-1|OHRM_02_features.20191001_150529.001|Personnel Information Managemen|Feature-Personnel Information Management (PIM)|# 17|web.assertTextPresent(tex - PASS EXPECTED text 'Bulk Update' found
2019-10-01 15:06:04,332|I|Thread-1|OHRM_02_features.20191001_150529.001|Personnel Information Managemen|Feature-Personnel Information Management (PIM)|# 18|web.click(locator) - executing click(locator)(${btn.bulkupdate.loc})
2019-10-01 15:06:04,413|I|Thread-1|clicking '//h4[text()='Bulk Update']/following-sibling::a'...
2019-10-01 15:06:04,463|I|Thread-1|click target via JS, @id=
2019-10-01 15:06:04,547|I|Thread-1|clicked -> true
2019-10-01 15:06:04,549|I|Thread-1|OHRM_02_features.20191001_150529.001|Personnel Information Managemen|Feature-Personnel Information Management (PIM)|# 18|web.click(locator) - PASS click via JS event
2019-10-01 15:06:05,152|I|Thread-1|OHRM_02_features.20191001_150529.001|Personnel Information Managemen|Feature-Personnel Information Management (PIM)|# 19|web.scrollTo(locator) - executing scrollTo(locator)(${btn.myshortcuts.loc})
2019-10-01 15:06:05,327|I|Thread-1|OHRM_02_features.20191001_150529.001|Personnel Information Managemen|Feature-Personnel Information Management (PIM)|# 19|web.scrollTo(locator) - PASS scrolled to '//h4[text()='My shortcuts']/following-sibling::a'
2019-10-01 15:06:05,938|I|Thread-1|OHRM_02_features.20191001_150529.001|Personnel Information Managemen|Feature-Personnel Information Management (PIM)|# 20|web.assertTextPresent(tex - executing assertTextPresent(text)(${MyShortcuts})
2019-10-01 15:06:06,017|I|Thread-1|OHRM_02_features.20191001_150529.001|Personnel Information Managemen|Feature-Personnel Information Management (PIM)|# 20|web.assertTextPresent(tex - PASS EXPECTED text 'My shortcuts' found
2019-10-01 15:06:06,622|I|Thread-1|OHRM_02_features.20191001_150529.001|Personnel Information Managemen|Feature-Personnel Information Management (PIM)|# 21|web.click(locator) - executing click(locator)(${btn.myshortcuts.loc})
2019-10-01 15:06:06,711|I|Thread-1|clicking '//h4[text()='My shortcuts']/following-sibling::a'...
2019-10-01 15:06:06,767|I|Thread-1|click target via JS, @id=
2019-10-01 15:06:06,863|I|Thread-1|clicked -> true
2019-10-01 15:06:06,865|I|Thread-1|OHRM_02_features.20191001_150529.001|Personnel Information Managemen|Feature-Personnel Information Management (PIM)|# 21|web.click(locator) - PASS click via JS event
2019-10-01 15:06:07,468|I|Thread-1|OHRM_02_features.20191001_150529.001|Personnel Information Managemen|Feature-Personnel Information Management (PIM)|# 22|web.scrollTo(locator) - executing scrollTo(locator)(${btn.reportingtools.loc})
2019-10-01 15:06:07,639|I|Thread-1|OHRM_02_features.20191001_150529.001|Personnel Information Managemen|Feature-Personnel Information Management (PIM)|# 22|web.scrollTo(locator) - PASS scrolled to '//h4[text()='Reporting tools']/following-sibling::a'
2019-10-01 15:06:08,254|I|Thread-1|OHRM_02_features.20191001_150529.001|Personnel Information Managemen|Feature-Personnel Information Management (PIM)|# 23|web.assertTextPresent(tex - executing assertTextPresent(text)(${ReportingTools})
2019-10-01 15:06:08,334|I|Thread-1|OHRM_02_features.20191001_150529.001|Personnel Information Managemen|Feature-Personnel Information Management (PIM)|# 23|web.assertTextPresent(tex - PASS EXPECTED text 'Reporting tools' found
2019-10-01 15:06:08,940|I|Thread-1|OHRM_02_features.20191001_150529.001|Personnel Information Managemen|Feature-Personnel Information Management (PIM)|# 24|web.click(locator) - executing click(locator)(${btn.reportingtools.loc})
2019-10-01 15:06:09,012|I|Thread-1|clicking '//h4[text()='Reporting tools']/following-sibling::a'...
2019-10-01 15:06:09,065|I|Thread-1|click target via JS, @id=
2019-10-01 15:06:09,140|I|Thread-1|clicked -> true
2019-10-01 15:06:09,142|I|Thread-1|OHRM_02_features.20191001_150529.001|Personnel Information Managemen|Feature-Personnel Information Management (PIM)|# 24|web.click(locator) - PASS click via JS event
2019-10-01 15:06:09,747|I|Thread-1|OHRM_02_features.20191001_150529.001|Personnel Information Managemen|Feature-Personnel Information Management (PIM)|# 25|base.section(steps) - executing section(steps)(1)
2019-10-01 15:06:09,750|I|Thread-1|OHRM_02_features.20191001_150529.001|Personnel Information Managemen|Feature-Personnel Information Management (PIM)|# 25|base.section(steps) - PASS 
2019-10-01 15:06:10,353|I|Thread-1|OHRM_02_features.20191001_150529.001|Personnel Information Managemen|Feature-Personnel Information Management (PIM)|# 26|base.verbose(text) - executing verbose(text)(Executed Successfully)
2019-10-01 15:06:10,357|I|Thread-1|OHRM_02_features.20191001_150529.001|Personnel Information Managemen|Feature-Personnel Information Management (PIM)|# 26|base.verbose(text) - Executed Successfully
2019-10-01 15:06:10,366|I|Thread-1|OHRM_02_features.20191001_150529.001|Personnel Information Managemen|Feature-Personnel Information Management (PIM)|# 26|base.verbose(text) - PASS 
2019-10-01 15:06:10,717|I|Thread-1|[OHRM_02_features.20191001_150529.001|Personnel Information Managemen] saving test scenario
2019-10-01 15:06:11,686|I|Thread-1|OHRM_02_features.20191001_150529.001|Leave or  Time off Management - executing test scenario
2019-10-01 15:06:11,699|I|Thread-1|OHRM_02_features.20191001_150529.001|Leave or  Time off Management|Feature-Leave/ Time off Management - executing activity
2019-10-01 15:06:12,302|I|Thread-1|OHRM_02_features.20191001_150529.001|Leave or  Time off Management|Feature-Leave/ Time off Management|#  5|web.open(url) - executing open(url)(${url})
2019-10-01 15:06:15,503|I|Thread-1|current browser window handle:CDwindow-C41143F3F131E171385071375F63FBCA
2019-10-01 15:06:15,558|I|Thread-1|OHRM_02_features.20191001_150529.001|Leave or  Time off Management|Feature-Leave/ Time off Management|#  5|web.open(url) - PASS opened URL https://www.orangehrm.com/
2019-10-01 15:06:16,166|I|Thread-1|OHRM_02_features.20191001_150529.001|Leave or  Time off Management|Feature-Leave/ Time off Management|#  6|web.maximizeWindow() - executing maximizeWindow()()
2019-10-01 15:06:16,240|I|Thread-1|OHRM_02_features.20191001_150529.001|Leave or  Time off Management|Feature-Leave/ Time off Management|#  6|web.maximizeWindow() - PASS browser window maximized
2019-10-01 15:06:16,848|I|Thread-1|OHRM_02_features.20191001_150529.001|Leave or  Time off Management|Feature-Leave/ Time off Management|#  7|web.click(locator) - executing click(locator)(${btn.features.loc})
2019-10-01 15:06:16,921|I|Thread-1|clicking '//div[@id='header-navbar']/ul/li/a[text()='Features']'...
2019-10-01 15:06:16,969|I|Thread-1|click target via JS, @id=
2019-10-01 15:06:18,194|I|Thread-1|clicked -> true
2019-10-01 15:06:18,196|I|Thread-1|OHRM_02_features.20191001_150529.001|Leave or  Time off Management|Feature-Leave/ Time off Management|#  7|web.click(locator) - PASS click via JS event
2019-10-01 15:06:18,800|I|Thread-1|OHRM_02_features.20191001_150529.001|Leave or  Time off Management|Feature-Leave/ Time off Management|#  8|web.assertElementByText(l - executing assertElementByText(locator,text)(${btn.features.loc}, ${featuretext})
2019-10-01 15:06:18,913|I|Thread-1|OHRM_02_features.20191001_150529.001|Leave or  Time off Management|Feature-Leave/ Time off Management|#  8|web.assertElementByText(l - PASS validated locator '//div[@id='header-navbar']/ul/li/a[text()='Features']' by text 'Features' as EXPECTED
2019-10-01 15:06:19,525|I|Thread-1|OHRM_02_features.20191001_150529.001|Leave or  Time off Management|Feature-Leave/ Time off Management|#  9|web.assertAndClick(locato - executing assertAndClick(locator,label)(${btn.leaveortime.loc}, ${LeaveOrTimeLabel})
2019-10-01 15:06:19,677|I|Thread-1|clicking '//h4[text()='Leave/ Time off Management' and text() = 'Leave/ Time off Management']'...
2019-10-01 15:06:19,720|I|Thread-1|click target via JS, @id=
2019-10-01 15:06:22,906|I|Thread-1|clicked -> true
2019-10-01 15:06:22,910|I|Thread-1|OHRM_02_features.20191001_150529.001|Leave or  Time off Management|Feature-Leave/ Time off Management|#  9|web.assertAndClick(locato - PASS click via JS event
2019-10-01 15:06:23,519|I|Thread-1|OHRM_02_features.20191001_150529.001|Leave or  Time off Management|Feature-Leave/ Time off Management|# 10|web.scrollTo(locator) - executing scrollTo(locator)(${txt.accural.loc})
2019-10-01 15:06:23,702|I|Thread-1|OHRM_02_features.20191001_150529.001|Leave or  Time off Management|Feature-Leave/ Time off Management|# 10|web.scrollTo(locator) - PASS scrolled to '//h3[text()='Leave Accrual and Carry Forward ']'
2019-10-01 15:06:24,316|I|Thread-1|OHRM_02_features.20191001_150529.001|Leave or  Time off Management|Feature-Leave/ Time off Management|# 11|web.assertTextPresent(tex - executing assertTextPresent(text)(${LeaveAccrualCarryForward})
2019-10-01 15:06:24,370|I|Thread-1|OHRM_02_features.20191001_150529.001|Leave or  Time off Management|Feature-Leave/ Time off Management|# 11|web.assertTextPresent(tex - PASS EXPECTED text 'Leave Accrual and Carry Forward' found
2019-10-01 15:06:24,973|I|Thread-1|OHRM_02_features.20191001_150529.001|Leave or  Time off Management|Feature-Leave/ Time off Management|# 12|web.scrollTo(locator) - executing scrollTo(locator)(${txt.calender.loc})
2019-10-01 15:06:25,069|I|Thread-1|OHRM_02_features.20191001_150529.001|Leave or  Time off Management|Feature-Leave/ Time off Management|# 12|web.scrollTo(locator) - PASS scrolled to '//h3[text()='Leave Calendar']'
2019-10-01 15:06:25,672|I|Thread-1|OHRM_02_features.20191001_150529.001|Leave or  Time off Management|Feature-Leave/ Time off Management|# 13|web.assertTextPresent(tex - executing assertTextPresent(text)(${LeaveCalendar})
2019-10-01 15:06:25,731|I|Thread-1|OHRM_02_features.20191001_150529.001|Leave or  Time off Management|Feature-Leave/ Time off Management|# 13|web.assertTextPresent(tex - PASS EXPECTED text 'Leave Calendar' found
2019-10-01 15:06:26,337|I|Thread-1|OHRM_02_features.20191001_150529.001|Leave or  Time off Management|Feature-Leave/ Time off Management|# 14|web.scrollTo(locator) - executing scrollTo(locator)(${txt.nominee.loc})
2019-10-01 15:06:26,436|I|Thread-1|OHRM_02_features.20191001_150529.001|Leave or  Time off Management|Feature-Leave/ Time off Management|# 14|web.scrollTo(locator) - PASS scrolled to '//h3[text()='Leave Nominee']'
2019-10-01 15:06:27,040|I|Thread-1|OHRM_02_features.20191001_150529.001|Leave or  Time off Management|Feature-Leave/ Time off Management|# 15|web.assertTextPresent(tex - executing assertTextPresent(text)(${LeaveNominee})
2019-10-01 15:06:27,092|I|Thread-1|OHRM_02_features.20191001_150529.001|Leave or  Time off Management|Feature-Leave/ Time off Management|# 15|web.assertTextPresent(tex - PASS EXPECTED text 'Leave Nominee' found
2019-10-01 15:06:27,697|I|Thread-1|OHRM_02_features.20191001_150529.001|Leave or  Time off Management|Feature-Leave/ Time off Management|# 16|web.scrollTo(locator) - executing scrollTo(locator)(${txt.reports.loc})
2019-10-01 15:06:27,803|I|Thread-1|OHRM_02_features.20191001_150529.001|Leave or  Time off Management|Feature-Leave/ Time off Management|# 16|web.scrollTo(locator) - PASS scrolled to '//h3[text()='Leave Reports']'
2019-10-01 15:06:28,408|I|Thread-1|OHRM_02_features.20191001_150529.001|Leave or  Time off Management|Feature-Leave/ Time off Management|# 17|web.assertTextPresent(tex - executing assertTextPresent(text)(${LeaveReports})
2019-10-01 15:06:28,464|I|Thread-1|OHRM_02_features.20191001_150529.001|Leave or  Time off Management|Feature-Leave/ Time off Management|# 17|web.assertTextPresent(tex - PASS EXPECTED text 'Leave Reports' found
2019-10-01 15:06:29,069|I|Thread-1|OHRM_02_features.20191001_150529.001|Leave or  Time off Management|Feature-Leave/ Time off Management|# 18|base.section(steps) - executing section(steps)(1)
2019-10-01 15:06:29,072|I|Thread-1|OHRM_02_features.20191001_150529.001|Leave or  Time off Management|Feature-Leave/ Time off Management|# 18|base.section(steps) - PASS 
2019-10-01 15:06:29,674|I|Thread-1|OHRM_02_features.20191001_150529.001|Leave or  Time off Management|Feature-Leave/ Time off Management|# 19|base.verbose(text) - executing verbose(text)(Executed Successfully)
2019-10-01 15:06:29,676|I|Thread-1|OHRM_02_features.20191001_150529.001|Leave or  Time off Management|Feature-Leave/ Time off Management|# 19|base.verbose(text) - Executed Successfully
2019-10-01 15:06:29,700|I|Thread-1|OHRM_02_features.20191001_150529.001|Leave or  Time off Management|Feature-Leave/ Time off Management|# 19|base.verbose(text) - PASS 
2019-10-01 15:06:29,735|I|Thread-1|[OHRM_02_features.20191001_150529.001|Leave or  Time off Management] saving test scenario
2019-10-01 15:06:30,020|I|Thread-1|OHRM_02_features.20191001_150529.001|Time & Attendance Management - executing test scenario
2019-10-01 15:06:30,022|I|Thread-1|OHRM_02_features.20191001_150529.001|Time & Attendance Management|Feature-Time & Attendance Management - executing activity
2019-10-01 15:06:30,624|I|Thread-1|OHRM_02_features.20191001_150529.001|Time & Attendance Management|Feature-Time & Attendance Management|#  5|web.open(url) - executing open(url)(${url})
2019-10-01 15:06:33,211|I|Thread-1|current browser window handle:CDwindow-C41143F3F131E171385071375F63FBCA
2019-10-01 15:06:33,265|I|Thread-1|OHRM_02_features.20191001_150529.001|Time & Attendance Management|Feature-Time & Attendance Management|#  5|web.open(url) - PASS opened URL https://www.orangehrm.com/
2019-10-01 15:06:33,875|I|Thread-1|OHRM_02_features.20191001_150529.001|Time & Attendance Management|Feature-Time & Attendance Management|#  6|web.maximizeWindow() - executing maximizeWindow()()
2019-10-01 15:06:33,943|I|Thread-1|OHRM_02_features.20191001_150529.001|Time & Attendance Management|Feature-Time & Attendance Management|#  6|web.maximizeWindow() - PASS browser window maximized
2019-10-01 15:06:34,550|I|Thread-1|OHRM_02_features.20191001_150529.001|Time & Attendance Management|Feature-Time & Attendance Management|#  7|web.click(locator) - executing click(locator)(${btn.features.loc})
2019-10-01 15:06:34,609|I|Thread-1|clicking '//div[@id='header-navbar']/ul/li/a[text()='Features']'...
2019-10-01 15:06:34,655|I|Thread-1|click target via JS, @id=
2019-10-01 15:06:35,576|I|Thread-1|clicked -> true
2019-10-01 15:06:35,578|I|Thread-1|OHRM_02_features.20191001_150529.001|Time & Attendance Management|Feature-Time & Attendance Management|#  7|web.click(locator) - PASS click via JS event
2019-10-01 15:06:36,183|I|Thread-1|OHRM_02_features.20191001_150529.001|Time & Attendance Management|Feature-Time & Attendance Management|#  8|web.assertElementByText(l - executing assertElementByText(locator,text)(${btn.features.loc}, ${featuretext})
2019-10-01 15:06:36,301|I|Thread-1|OHRM_02_features.20191001_150529.001|Time & Attendance Management|Feature-Time & Attendance Management|#  8|web.assertElementByText(l - PASS validated locator '//div[@id='header-navbar']/ul/li/a[text()='Features']' by text 'Features' as EXPECTED
2019-10-01 15:06:36,911|I|Thread-1|OHRM_02_features.20191001_150529.001|Time & Attendance Management|Feature-Time & Attendance Management|#  9|web.assertAndClick(locato - executing assertAndClick(locator,label)(${btn.leaveandattendence.loc}, ${TimeAndAttendence})
2019-10-01 15:06:37,059|I|Thread-1|clicking '//h4[text()='Time & Attendance Management' and text() = 'Time & Attendance Management']'...
2019-10-01 15:06:37,106|I|Thread-1|click target via JS, @id=
2019-10-01 15:06:39,553|I|Thread-1|clicked -> true
2019-10-01 15:06:39,556|I|Thread-1|OHRM_02_features.20191001_150529.001|Time & Attendance Management|Feature-Time & Attendance Management|#  9|web.assertAndClick(locato - PASS click via JS event
2019-10-01 15:06:40,160|I|Thread-1|OHRM_02_features.20191001_150529.001|Time & Attendance Management|Feature-Time & Attendance Management|# 10|web.scrollTo(locator) - executing scrollTo(locator)(${txt.timesheets.loc})
2019-10-01 15:06:40,329|I|Thread-1|OHRM_02_features.20191001_150529.001|Time & Attendance Management|Feature-Time & Attendance Management|# 10|web.scrollTo(locator) - PASS scrolled to '//h3[text()='Timesheets']'
2019-10-01 15:06:40,937|I|Thread-1|OHRM_02_features.20191001_150529.001|Time & Attendance Management|Feature-Time & Attendance Management|# 11|web.assertTextPresent(tex - executing assertTextPresent(text)(${Timesheets})
2019-10-01 15:06:41,012|I|Thread-1|OHRM_02_features.20191001_150529.001|Time & Attendance Management|Feature-Time & Attendance Management|# 11|web.assertTextPresent(tex - PASS EXPECTED text 'Timesheets' found
2019-10-01 15:06:41,618|I|Thread-1|OHRM_02_features.20191001_150529.001|Time & Attendance Management|Feature-Time & Attendance Management|# 12|web.scrollTo(locator) - executing scrollTo(locator)(${txt.paypolicy.loc})
2019-10-01 15:06:41,753|I|Thread-1|OHRM_02_features.20191001_150529.001|Time & Attendance Management|Feature-Time & Attendance Management|# 12|web.scrollTo(locator) - PASS scrolled to '//h3[text()='Pay policies and Overtime']'
2019-10-01 15:06:42,358|I|Thread-1|OHRM_02_features.20191001_150529.001|Time & Attendance Management|Feature-Time & Attendance Management|# 13|web.assertTextPresent(tex - executing assertTextPresent(text)(${PaypoliciesOvertime})
2019-10-01 15:06:42,412|I|Thread-1|OHRM_02_features.20191001_150529.001|Time & Attendance Management|Feature-Time & Attendance Management|# 13|web.assertTextPresent(tex - PASS EXPECTED text 'Pay policies and Overtime' found
2019-10-01 15:06:43,019|I|Thread-1|OHRM_02_features.20191001_150529.001|Time & Attendance Management|Feature-Time & Attendance Management|# 14|web.scrollTo(locator) - executing scrollTo(locator)(${txt.attendence.loc})
2019-10-01 15:06:43,117|I|Thread-1|OHRM_02_features.20191001_150529.001|Time & Attendance Management|Feature-Time & Attendance Management|# 14|web.scrollTo(locator) - PASS scrolled to '//h3[text()='Attendance']'
2019-10-01 15:06:43,721|I|Thread-1|OHRM_02_features.20191001_150529.001|Time & Attendance Management|Feature-Time & Attendance Management|# 15|web.assertTextPresent(tex - executing assertTextPresent(text)(${Attendance})
2019-10-01 15:06:43,789|I|Thread-1|OHRM_02_features.20191001_150529.001|Time & Attendance Management|Feature-Time & Attendance Management|# 15|web.assertTextPresent(tex - PASS EXPECTED text 'Attendance' found
2019-10-01 15:06:44,392|I|Thread-1|OHRM_02_features.20191001_150529.001|Time & Attendance Management|Feature-Time & Attendance Management|# 16|web.scrollTo(locator) - executing scrollTo(locator)(${txt.reportsanalytics.loc})
2019-10-01 15:06:44,484|I|Thread-1|OHRM_02_features.20191001_150529.001|Time & Attendance Management|Feature-Time & Attendance Management|# 16|web.scrollTo(locator) - PASS scrolled to '//h3[text()='Reports & Analytics']'
2019-10-01 15:06:45,089|I|Thread-1|OHRM_02_features.20191001_150529.001|Time & Attendance Management|Feature-Time & Attendance Management|# 17|web.assertTextPresent(tex - executing assertTextPresent(text)(${ReportsAnalytics})
2019-10-01 15:06:45,145|I|Thread-1|OHRM_02_features.20191001_150529.001|Time & Attendance Management|Feature-Time & Attendance Management|# 17|web.assertTextPresent(tex - PASS EXPECTED text 'Reports & Analytics' found
2019-10-01 15:06:45,749|I|Thread-1|OHRM_02_features.20191001_150529.001|Time & Attendance Management|Feature-Time & Attendance Management|# 18|base.section(steps) - executing section(steps)(1)
2019-10-01 15:06:45,755|I|Thread-1|OHRM_02_features.20191001_150529.001|Time & Attendance Management|Feature-Time & Attendance Management|# 18|base.section(steps) - PASS 
2019-10-01 15:06:46,357|I|Thread-1|OHRM_02_features.20191001_150529.001|Time & Attendance Management|Feature-Time & Attendance Management|# 19|base.verbose(text) - executing verbose(text)(Executed Successfully)
2019-10-01 15:06:46,359|I|Thread-1|OHRM_02_features.20191001_150529.001|Time & Attendance Management|Feature-Time & Attendance Management|# 19|base.verbose(text) - Executed Successfully
2019-10-01 15:06:46,362|I|Thread-1|OHRM_02_features.20191001_150529.001|Time & Attendance Management|Feature-Time & Attendance Management|# 19|base.verbose(text) - PASS 
2019-10-01 15:06:46,401|I|Thread-1|[OHRM_02_features.20191001_150529.001|Time & Attendance Management] saving test scenario
2019-10-01 15:06:46,691|I|Thread-1|[20191001_150527] 
/-TEST COMPLETE-----------------------------------------------------------------
| Test Output:    C:\projects\OrangeHRMWebApplication\output\20191001_150527\OHRM_02_features.20191001_150529.001.xlsx
| Iteration:      1
\-------------------------------------------------------------------------------
» Execution Time: 71836 ms
» Test Steps:     52
» Error(s):       0



2019-10-01 15:06:47,784|I|Thread-1|[20191001_150527] 
/-TEST COMPLETE-----------------------------------------------------------------
| Test Script:    C:\projects\OrangeHRMWebApplication\artifact\script\OHRM_02_features.xlsx
\-------------------------------------------------------------------------------
» Execution Time: 80548 ms
» Iterations:     [1] total 1
» Test Steps:     52
» Passed:         52
» Error(s):       0
» Iteration 1 of 1: C:\projects\OrangeHRMWebApplication\output\20191001_150527\OHRM_02_features.20191001_150529.001.xlsx



2019-10-01 15:06:48,368|I|main|[20191001_150527] [C:\projects\OrangeHRMWebApplication\artifact\script\OHRM_02_features.xlsx] now completed
2019-10-01 15:06:48,369|I|main|[20191001_150527] all execution thread(s) have terminated
2019-10-01 15:06:48,371|I|main|[20191001_150527] test run completed in about 81 seconds
2019-10-01 15:06:48,564|I|main|No predefined nexial-setup found
2019-10-01 15:06:48,612|I|main|outputBase not set; output-to-cloud DISABLED!
2019-10-01 15:06:48,613|I|main|accessKey not set; output-to-cloud DISABLED!
2019-10-01 15:06:48,614|I|main|secretKey not set; output-to-cloud DISABLED!
2019-10-01 15:06:48,615|I|main|generating HTML output for this execution to C:\projects\OrangeHRMWebApplication\output\20191001_150527\execution-output.html
2019-10-01 15:06:49,518|I|main|generating JUnit XML output for this execution to C:\projects\OrangeHRMWebApplication\output\20191001_150527\junit.xml
2019-10-01 15:06:49,583|I|main|Generated JUnit report for this execution: C:\projects\OrangeHRMWebApplication\output\20191001_150527\junit.xml
2019-10-01 15:06:49,583|I|main|nexial mailer not enabled: nexial.enableEmail=false
2019-10-01 15:06:49,589|I|main|skipped email notification as configured
2019-10-01 15:06:49,592|I|main|Exiting Nexial...
2019-10-01 15:06:49,592|I|main|shutdown starts...
2019-10-01 15:06:49,594|I|main|Shutting down 'chrome' webdriver...
2019-10-01 15:06:58,303|I|main|shutdown ends...
2019-10-01 15:06:58,305|I|main|

/-END OF EXECUTION--------------------------------------------------------------
| » Execution Time: 81 sec.
| » Test Steps:     52
| » Passed:         52
| » Failed:         0
| » Success Rate:   100.00%
\---------------------------------------------------------------nexial-core 2.2_0488-

2019-10-01 15:06:58,305|I|main|ALL PASSED!
2019-10-01 15:06:58,307|I|main|End of Execution:
OUTPUT:       C:\projects\OrangeHRMWebApplication\output\20191001_150527
EXECUTION:    C:\projects\OrangeHRMWebApplication\output\20191001_150527\execution-output.html
JUNIT XML:    C:\projects\OrangeHRMWebApplication\output\20191001_150527\junit.xml
SUCCESS RATE: 100.00%
EXIT STATUS:  0
2019-10-01 15:06:58,308|I|main|End of Execution:
NEXIAL_OUTPUT:         C:\projects\OrangeHRMWebApplication\output\20191001_150527
NEXIAL_EXECUTION_HTML: C:\projects\OrangeHRMWebApplication\output\20191001_150527\execution-output.html
NEXIAL_JUNIT_XML:      C:\projects\OrangeHRMWebApplication\output\20191001_150527\junit.xml
NEXIAL_SUCCESS_RATE:   100.00%
NEXIAL_EXIT_STATUS:    0
