2019-10-01 16:50:25,930|I|Thread-1|(DELAYED) nexial-core 2.2_0488 starting up...
2019-10-01 16:50:25,936|I|Thread-1|(DELAYED) data file resolved as C:\Users\SANDHI~1.MUN\AppData\Local\Temp\bEnYw\OHRM_02_features.data.xlsx
2019-10-01 16:50:25,936|I|Thread-1|(DELAYED) input files and output directory resolved...
2019-10-01 16:50:25,937|I|Thread-1|(DELAYED) No predefined nexial-setup found
2019-10-01 16:50:25,937|I|Thread-1|(DELAYED) [20191001_165025] [C:\projects\OrangeHRMWebApplication\artifact\script\OHRM_02_features.xlsx] resolve RUN ID as 20191001_165025
2019-10-01 16:50:25,937|I|Thread-1|(DELAYED) [20191001_165025] [C:\projects\OrangeHRMWebApplication\artifact\script\OHRM_02_features.xlsx] new thread started
2019-10-01 16:50:25,939|I|Thread-1|No predefined nexial-setup found
2019-10-01 16:50:26,056|I|Thread-1|outputBase not set; output-to-cloud DISABLED!
2019-10-01 16:50:26,057|I|Thread-1|accessKey not set; output-to-cloud DISABLED!
2019-10-01 16:50:26,058|I|Thread-1|secretKey not set; output-to-cloud DISABLED!
2019-10-01 16:50:26,089|I|Thread-1|missing REQUIRED configuration; sms DISABLED!
2019-10-01 16:50:27,135|I|Thread-1|[20191001_165025] executing C:\projects\OrangeHRMWebApplication\artifact\script\OHRM_02_features.xlsx with 1 iteration(s)
2019-10-01 16:50:27,140|I|Thread-1|[20191001_165025] create directory C:\projects\OrangeHRMWebApplication\output\20191001_165025\captures
2019-10-01 16:50:27,141|I|Thread-1|[20191001_165025] create directory C:\projects\OrangeHRMWebApplication\output\20191001_165025\logs
2019-10-01 16:50:29,035|I|Thread-1|macro(s) found and merged; C:\projects\OrangeHRMWebApplication\output\20191001_165025\OHRM_02_features.20191001_165027.001.xlsx will need to be saved
2019-10-01 16:50:29,037|I|Thread-1|[20191001_165025] merging test data to tmp file C:\projects\OrangeHRMWebApplication\output\20191001_165025\OHRM_02_features.20191001_165027.001.xlsx
2019-10-01 16:50:29,039|I|Thread-1|refetching data from C:\projects\OrangeHRMWebApplication\artifact\data\OHRM_02_features.data.xlsx
2019-10-01 16:50:29,550|I|Thread-1|[20191001_165025] test script and test data merged to C:\projects\OrangeHRMWebApplication\output\20191001_165025\OHRM_02_features.20191001_165027.001.xlsx
2019-10-01 16:50:30,925|I|Thread-1|STARTS
2019-10-01 16:50:30,981|I|Thread-1|OHRM_02_features.20191001_165027.001 - executing iteration #1 of 1; Iteration Id 1
2019-10-01 16:50:30,997|I|Thread-1|OHRM_02_features.20191001_165027.001|Personnel Information Managemen - executing test scenario
2019-10-01 16:50:30,999|I|Thread-1|OHRM_02_features.20191001_165027.001|Personnel Information Managemen|Feature-Personnel Information Management (PIM) - executing activity
2019-10-01 16:50:31,604|I|Thread-1|OHRM_02_features.20191001_165027.001|Personnel Information Managemen|Feature-Personnel Information Management (PIM)|#  5|base.section(steps) - executing section(steps)(4)
2019-10-01 16:50:31,614|I|Thread-1|OHRM_02_features.20191001_165027.001|Personnel Information Managemen|Feature-Personnel Information Management (PIM)|#  5|base.section(steps) - PASS 
2019-10-01 16:50:32,217|I|Thread-1|OHRM_02_features.20191001_165027.001|Personnel Information Managemen|Feature-Personnel Information Management (PIM)|#  6|web.open(url) - executing open(url)(${url})
2019-10-01 16:50:32,227|I|Thread-1|No valid instance of webdriver, initializing...
2019-10-01 16:50:32,236|I|Thread-1|init chrome
2019-10-01 16:50:35,628|I|Thread-1|browser initialization completed for 'chrome'
2019-10-01 16:50:35,654|I|Thread-1|setting browser polling wait time to 800 ms
2019-10-01 16:50:35,674|I|Thread-1|setting browser page load timeout to 10000 ms
2019-10-01 16:50:35,740|I|Thread-1|OHRM_02_features.20191001_165027.001|Personnel Information Managemen|Feature-Personnel Information Management (PIM)|#  6|web.open(url) - default browser stability wait time is 3000 ms
2019-10-01 16:50:42,337|I|Thread-1|current browser window handle:CDwindow-EB89E67739B12979666C763E902B6AC1
2019-10-01 16:50:42,711|I|Thread-1|OHRM_02_features.20191001_165027.001|Personnel Information Managemen|Feature-Personnel Information Management (PIM)|#  6|web.open(url) - PASS opened URL https://www.orangehrm.com/
2019-10-01 16:50:43,320|I|Thread-1|OHRM_02_features.20191001_165027.001|Personnel Information Managemen|Feature-Personnel Information Management (PIM)|#  7|web.maximizeWindow() - executing maximizeWindow()()
2019-10-01 16:50:44,531|I|Thread-1|OHRM_02_features.20191001_165027.001|Personnel Information Managemen|Feature-Personnel Information Management (PIM)|#  7|web.maximizeWindow() - PASS browser window maximized
2019-10-01 16:50:45,136|I|Thread-1|OHRM_02_features.20191001_165027.001|Personnel Information Managemen|Feature-Personnel Information Management (PIM)|#  8|web.click(locator) - executing click(locator)(${btn.features.loc})
2019-10-01 16:50:45,211|I|Thread-1|clicking '//div[@id='header-navbar']/ul/li/a[text()='Features']'...
2019-10-01 16:50:45,268|I|Thread-1|click target via JS, @id=
2019-10-01 16:50:46,311|I|Thread-1|clicked -> true
2019-10-01 16:50:46,313|I|Thread-1|OHRM_02_features.20191001_165027.001|Personnel Information Managemen|Feature-Personnel Information Management (PIM)|#  8|web.click(locator) - PASS click via JS event
2019-10-01 16:50:46,928|I|Thread-1|OHRM_02_features.20191001_165027.001|Personnel Information Managemen|Feature-Personnel Information Management (PIM)|#  9|web.assertElementByText(l - executing assertElementByText(locator,text)(${btn.features.loc}, ${featuretext})
2019-10-01 16:50:47,052|I|Thread-1|OHRM_02_features.20191001_165027.001|Personnel Information Managemen|Feature-Personnel Information Management (PIM)|#  9|web.assertElementByText(l - PASS validated locator '//div[@id='header-navbar']/ul/li/a[text()='Features']' by text 'Features' as EXPECTED
2019-10-01 16:50:47,658|I|Thread-1|OHRM_02_features.20191001_165027.001|Personnel Information Managemen|Feature-Personnel Information Management (PIM)|# 10|web.assertAndClick(locato - executing assertAndClick(locator,label)(${btn.pim.loc}, ${PIMlabel})
2019-10-01 16:50:47,849|I|Thread-1|clicking '//h4[text()='Personnel Information Management (PIM)' and text() = 'Personnel Information Management (PIM)']'...
2019-10-01 16:50:47,891|I|Thread-1|click target via JS, @id=
2019-10-01 16:50:50,502|I|Thread-1|clicked -> true
2019-10-01 16:50:50,507|I|Thread-1|OHRM_02_features.20191001_165027.001|Personnel Information Managemen|Feature-Personnel Information Management (PIM)|# 10|web.assertAndClick(locato - PASS click via JS event
2019-10-01 16:50:51,110|I|Thread-1|OHRM_02_features.20191001_165027.001|Personnel Information Managemen|Feature-Personnel Information Management (PIM)|# 11|web.scrollTo(locator) - executing scrollTo(locator)(${btn.customfields.loc})
2019-10-01 16:50:51,231|I|Thread-1|OHRM_02_features.20191001_165027.001|Personnel Information Managemen|Feature-Personnel Information Management (PIM)|# 11|web.scrollTo(locator) - PASS scrolled to '//h4[text()='Custom Fields']/following-sibling::a'
2019-10-01 16:50:51,836|I|Thread-1|OHRM_02_features.20191001_165027.001|Personnel Information Managemen|Feature-Personnel Information Management (PIM)|# 12|web.assertTextPresent(tex - executing assertTextPresent(text)(${CustomFields})
2019-10-01 16:50:51,901|I|Thread-1|OHRM_02_features.20191001_165027.001|Personnel Information Managemen|Feature-Personnel Information Management (PIM)|# 12|web.assertTextPresent(tex - PASS EXPECTED text 'Custom Fields' found
2019-10-01 16:50:52,508|I|Thread-1|OHRM_02_features.20191001_165027.001|Personnel Information Managemen|Feature-Personnel Information Management (PIM)|# 13|web.click(locator) - executing click(locator)(${btn.customfields.loc})
2019-10-01 16:50:52,567|I|Thread-1|clicking '//h4[text()='Custom Fields']/following-sibling::a'...
2019-10-01 16:50:52,602|I|Thread-1|click target via JS, @id=
2019-10-01 16:50:52,672|I|Thread-1|clicked -> true
2019-10-01 16:50:52,675|I|Thread-1|OHRM_02_features.20191001_165027.001|Personnel Information Managemen|Feature-Personnel Information Management (PIM)|# 13|web.click(locator) - PASS click via JS event
2019-10-01 16:50:53,278|I|Thread-1|OHRM_02_features.20191001_165027.001|Personnel Information Managemen|Feature-Personnel Information Management (PIM)|# 14|web.scrollTo(locator) - executing scrollTo(locator)(${btn.addemployee.loc})
2019-10-01 16:50:53,416|I|Thread-1|OHRM_02_features.20191001_165027.001|Personnel Information Managemen|Feature-Personnel Information Management (PIM)|# 14|web.scrollTo(locator) - PASS scrolled to '//h4[text()='Add employee']/following-sibling::a'
2019-10-01 16:50:54,021|I|Thread-1|OHRM_02_features.20191001_165027.001|Personnel Information Managemen|Feature-Personnel Information Management (PIM)|# 15|web.assertTextPresent(tex - executing assertTextPresent(text)(${AddEmployee})
2019-10-01 16:50:54,081|I|Thread-1|OHRM_02_features.20191001_165027.001|Personnel Information Managemen|Feature-Personnel Information Management (PIM)|# 15|web.assertTextPresent(tex - PASS EXPECTED text 'Add employee' found
2019-10-01 16:50:54,687|I|Thread-1|OHRM_02_features.20191001_165027.001|Personnel Information Managemen|Feature-Personnel Information Management (PIM)|# 16|web.click(locator) - executing click(locator)(${btn.addemployee.loc})
2019-10-01 16:50:54,741|I|Thread-1|clicking '//h4[text()='Add employee']/following-sibling::a'...
2019-10-01 16:50:54,776|I|Thread-1|click target via JS, @id=
2019-10-01 16:50:54,850|I|Thread-1|clicked -> true
2019-10-01 16:50:54,853|I|Thread-1|OHRM_02_features.20191001_165027.001|Personnel Information Managemen|Feature-Personnel Information Management (PIM)|# 16|web.click(locator) - PASS click via JS event
2019-10-01 16:50:55,458|I|Thread-1|OHRM_02_features.20191001_165027.001|Personnel Information Managemen|Feature-Personnel Information Management (PIM)|# 17|web.scrollTo(locator) - executing scrollTo(locator)(${btn.bulkupdate.loc})
2019-10-01 16:50:55,635|I|Thread-1|OHRM_02_features.20191001_165027.001|Personnel Information Managemen|Feature-Personnel Information Management (PIM)|# 17|web.scrollTo(locator) - PASS scrolled to '//h4[text()='Bulk Update']/following-sibling::a'
2019-10-01 16:50:56,238|I|Thread-1|OHRM_02_features.20191001_165027.001|Personnel Information Managemen|Feature-Personnel Information Management (PIM)|# 18|web.assertTextPresent(tex - executing assertTextPresent(text)(${BulkUpdate})
2019-10-01 16:50:56,315|I|Thread-1|OHRM_02_features.20191001_165027.001|Personnel Information Managemen|Feature-Personnel Information Management (PIM)|# 18|web.assertTextPresent(tex - PASS EXPECTED text 'Bulk Update' found
2019-10-01 16:50:56,920|I|Thread-1|OHRM_02_features.20191001_165027.001|Personnel Information Managemen|Feature-Personnel Information Management (PIM)|# 19|web.click(locator) - executing click(locator)(${btn.bulkupdate.loc})
2019-10-01 16:50:56,981|I|Thread-1|clicking '//h4[text()='Bulk Update']/following-sibling::a'...
2019-10-01 16:50:57,024|I|Thread-1|click target via JS, @id=
2019-10-01 16:50:57,116|I|Thread-1|clicked -> true
2019-10-01 16:50:57,119|I|Thread-1|OHRM_02_features.20191001_165027.001|Personnel Information Managemen|Feature-Personnel Information Management (PIM)|# 19|web.click(locator) - PASS click via JS event
2019-10-01 16:50:57,730|I|Thread-1|OHRM_02_features.20191001_165027.001|Personnel Information Managemen|Feature-Personnel Information Management (PIM)|# 20|web.scrollTo(locator) - executing scrollTo(locator)(${btn.myshortcuts.loc})
2019-10-01 16:50:57,899|I|Thread-1|OHRM_02_features.20191001_165027.001|Personnel Information Managemen|Feature-Personnel Information Management (PIM)|# 20|web.scrollTo(locator) - PASS scrolled to '//h4[text()='My shortcuts']/following-sibling::a'
2019-10-01 16:50:58,518|I|Thread-1|OHRM_02_features.20191001_165027.001|Personnel Information Managemen|Feature-Personnel Information Management (PIM)|# 21|web.assertTextPresent(tex - executing assertTextPresent(text)(${MyShortcuts})
2019-10-01 16:50:58,594|I|Thread-1|OHRM_02_features.20191001_165027.001|Personnel Information Managemen|Feature-Personnel Information Management (PIM)|# 21|web.assertTextPresent(tex - PASS EXPECTED text 'My shortcuts' found
2019-10-01 16:50:59,198|I|Thread-1|OHRM_02_features.20191001_165027.001|Personnel Information Managemen|Feature-Personnel Information Management (PIM)|# 22|web.click(locator) - executing click(locator)(${btn.myshortcuts.loc})
2019-10-01 16:50:59,263|I|Thread-1|clicking '//h4[text()='My shortcuts']/following-sibling::a'...
2019-10-01 16:50:59,302|I|Thread-1|click target via JS, @id=
2019-10-01 16:50:59,376|I|Thread-1|clicked -> true
2019-10-01 16:50:59,378|I|Thread-1|OHRM_02_features.20191001_165027.001|Personnel Information Managemen|Feature-Personnel Information Management (PIM)|# 22|web.click(locator) - PASS click via JS event
2019-10-01 16:50:59,980|I|Thread-1|OHRM_02_features.20191001_165027.001|Personnel Information Managemen|Feature-Personnel Information Management (PIM)|# 23|web.scrollTo(locator) - executing scrollTo(locator)(${btn.reportingtools.loc})
2019-10-01 16:51:00,199|I|Thread-1|OHRM_02_features.20191001_165027.001|Personnel Information Managemen|Feature-Personnel Information Management (PIM)|# 23|web.scrollTo(locator) - PASS scrolled to '//h4[text()='Reporting tools']/following-sibling::a'
2019-10-01 16:51:00,803|I|Thread-1|OHRM_02_features.20191001_165027.001|Personnel Information Managemen|Feature-Personnel Information Management (PIM)|# 24|web.assertTextPresent(tex - executing assertTextPresent(text)(${ReportingTools})
2019-10-01 16:51:00,867|I|Thread-1|OHRM_02_features.20191001_165027.001|Personnel Information Managemen|Feature-Personnel Information Management (PIM)|# 24|web.assertTextPresent(tex - PASS EXPECTED text 'Reporting tools' found
2019-10-01 16:51:01,474|I|Thread-1|OHRM_02_features.20191001_165027.001|Personnel Information Managemen|Feature-Personnel Information Management (PIM)|# 25|web.click(locator) - executing click(locator)(${btn.reportingtools.loc})
2019-10-01 16:51:01,541|I|Thread-1|clicking '//h4[text()='Reporting tools']/following-sibling::a'...
2019-10-01 16:51:01,580|I|Thread-1|click target via JS, @id=
2019-10-01 16:51:01,645|I|Thread-1|clicked -> true
2019-10-01 16:51:01,647|I|Thread-1|OHRM_02_features.20191001_165027.001|Personnel Information Managemen|Feature-Personnel Information Management (PIM)|# 25|web.click(locator) - PASS click via JS event
2019-10-01 16:51:02,251|I|Thread-1|OHRM_02_features.20191001_165027.001|Personnel Information Managemen|Feature-Personnel Information Management (PIM)|# 26|base.section(steps) - executing section(steps)(1)
2019-10-01 16:51:02,263|I|Thread-1|OHRM_02_features.20191001_165027.001|Personnel Information Managemen|Feature-Personnel Information Management (PIM)|# 26|base.section(steps) - PASS 
2019-10-01 16:51:02,867|I|Thread-1|OHRM_02_features.20191001_165027.001|Personnel Information Managemen|Feature-Personnel Information Management (PIM)|# 27|base.verbose(text) - executing verbose(text)(Executed Successfully)
2019-10-01 16:51:02,870|I|Thread-1|OHRM_02_features.20191001_165027.001|Personnel Information Managemen|Feature-Personnel Information Management (PIM)|# 27|base.verbose(text) - Executed Successfully
2019-10-01 16:51:02,884|I|Thread-1|OHRM_02_features.20191001_165027.001|Personnel Information Managemen|Feature-Personnel Information Management (PIM)|# 27|base.verbose(text) - PASS 
2019-10-01 16:51:03,288|I|Thread-1|[OHRM_02_features.20191001_165027.001|Personnel Information Managemen] saving test scenario
2019-10-01 16:51:04,185|I|Thread-1|OHRM_02_features.20191001_165027.001|Leave or  Time off Management - executing test scenario
2019-10-01 16:51:04,201|I|Thread-1|OHRM_02_features.20191001_165027.001|Leave or  Time off Management|Feature-Leave/ Time off Management - executing activity
2019-10-01 16:51:04,814|I|Thread-1|OHRM_02_features.20191001_165027.001|Leave or  Time off Management|Feature-Leave/ Time off Management|#  5|base.section(steps) - executing section(steps)(4)
2019-10-01 16:51:04,818|I|Thread-1|OHRM_02_features.20191001_165027.001|Leave or  Time off Management|Feature-Leave/ Time off Management|#  5|base.section(steps) - PASS 
2019-10-01 16:51:05,420|I|Thread-1|OHRM_02_features.20191001_165027.001|Leave or  Time off Management|Feature-Leave/ Time off Management|#  6|web.open(url) - executing open(url)(${url})
2019-10-01 16:51:08,571|I|Thread-1|current browser window handle:CDwindow-EB89E67739B12979666C763E902B6AC1
2019-10-01 16:51:08,614|I|Thread-1|OHRM_02_features.20191001_165027.001|Leave or  Time off Management|Feature-Leave/ Time off Management|#  6|web.open(url) - PASS opened URL https://www.orangehrm.com/
2019-10-01 16:51:09,218|I|Thread-1|OHRM_02_features.20191001_165027.001|Leave or  Time off Management|Feature-Leave/ Time off Management|#  7|web.maximizeWindow() - executing maximizeWindow()()
2019-10-01 16:51:09,295|I|Thread-1|OHRM_02_features.20191001_165027.001|Leave or  Time off Management|Feature-Leave/ Time off Management|#  7|web.maximizeWindow() - PASS browser window maximized
2019-10-01 16:51:09,900|I|Thread-1|OHRM_02_features.20191001_165027.001|Leave or  Time off Management|Feature-Leave/ Time off Management|#  8|web.click(locator) - executing click(locator)(${btn.features.loc})
2019-10-01 16:51:09,963|I|Thread-1|clicking '//div[@id='header-navbar']/ul/li/a[text()='Features']'...
2019-10-01 16:51:10,001|I|Thread-1|click target via JS, @id=
2019-10-01 16:51:11,027|I|Thread-1|clicked -> true
2019-10-01 16:51:11,029|I|Thread-1|OHRM_02_features.20191001_165027.001|Leave or  Time off Management|Feature-Leave/ Time off Management|#  8|web.click(locator) - PASS click via JS event
2019-10-01 16:51:11,647|I|Thread-1|OHRM_02_features.20191001_165027.001|Leave or  Time off Management|Feature-Leave/ Time off Management|#  9|web.assertElementByText(l - executing assertElementByText(locator,text)(${btn.features.loc}, ${featuretext})
2019-10-01 16:51:11,752|I|Thread-1|OHRM_02_features.20191001_165027.001|Leave or  Time off Management|Feature-Leave/ Time off Management|#  9|web.assertElementByText(l - PASS validated locator '//div[@id='header-navbar']/ul/li/a[text()='Features']' by text 'Features' as EXPECTED
2019-10-01 16:51:12,356|I|Thread-1|OHRM_02_features.20191001_165027.001|Leave or  Time off Management|Feature-Leave/ Time off Management|# 10|web.assertAndClick(locato - executing assertAndClick(locator,label)(${btn.leaveortime.loc}, ${LeaveOrTimeLabel})
2019-10-01 16:51:12,505|I|Thread-1|clicking '//h4[text()='Leave/ Time off Management' and text() = 'Leave/ Time off Management']'...
2019-10-01 16:51:12,548|I|Thread-1|click target via JS, @id=
2019-10-01 16:51:15,680|I|Thread-1|clicked -> true
2019-10-01 16:51:15,698|I|Thread-1|OHRM_02_features.20191001_165027.001|Leave or  Time off Management|Feature-Leave/ Time off Management|# 10|web.assertAndClick(locato - PASS click via JS event
2019-10-01 16:51:16,304|I|Thread-1|OHRM_02_features.20191001_165027.001|Leave or  Time off Management|Feature-Leave/ Time off Management|# 11|web.scrollTo(locator) - executing scrollTo(locator)(${txt.accural.loc})
2019-10-01 16:51:16,433|I|Thread-1|OHRM_02_features.20191001_165027.001|Leave or  Time off Management|Feature-Leave/ Time off Management|# 11|web.scrollTo(locator) - PASS scrolled to '//h3[text()='Leave Accrual and Carry Forward ']'
2019-10-01 16:51:17,040|I|Thread-1|OHRM_02_features.20191001_165027.001|Leave or  Time off Management|Feature-Leave/ Time off Management|# 12|web.assertTextPresent(tex - executing assertTextPresent(text)(${LeaveAccrualCarryForward})
2019-10-01 16:51:17,107|I|Thread-1|OHRM_02_features.20191001_165027.001|Leave or  Time off Management|Feature-Leave/ Time off Management|# 12|web.assertTextPresent(tex - PASS EXPECTED text 'Leave Accrual and Carry Forward' found
2019-10-01 16:51:17,713|I|Thread-1|OHRM_02_features.20191001_165027.001|Leave or  Time off Management|Feature-Leave/ Time off Management|# 13|web.scrollTo(locator) - executing scrollTo(locator)(${txt.calender.loc})
2019-10-01 16:51:17,804|I|Thread-1|OHRM_02_features.20191001_165027.001|Leave or  Time off Management|Feature-Leave/ Time off Management|# 13|web.scrollTo(locator) - PASS scrolled to '//h3[text()='Leave Calendar']'
2019-10-01 16:51:18,406|I|Thread-1|OHRM_02_features.20191001_165027.001|Leave or  Time off Management|Feature-Leave/ Time off Management|# 14|web.assertTextPresent(tex - executing assertTextPresent(text)(${LeaveCalendar})
2019-10-01 16:51:18,481|I|Thread-1|OHRM_02_features.20191001_165027.001|Leave or  Time off Management|Feature-Leave/ Time off Management|# 14|web.assertTextPresent(tex - PASS EXPECTED text 'Leave Calendar' found
2019-10-01 16:51:19,085|I|Thread-1|OHRM_02_features.20191001_165027.001|Leave or  Time off Management|Feature-Leave/ Time off Management|# 15|web.scrollTo(locator) - executing scrollTo(locator)(${txt.nominee.loc})
2019-10-01 16:51:19,218|I|Thread-1|OHRM_02_features.20191001_165027.001|Leave or  Time off Management|Feature-Leave/ Time off Management|# 15|web.scrollTo(locator) - PASS scrolled to '//h3[text()='Leave Nominee']'
2019-10-01 16:51:19,822|I|Thread-1|OHRM_02_features.20191001_165027.001|Leave or  Time off Management|Feature-Leave/ Time off Management|# 16|web.assertTextPresent(tex - executing assertTextPresent(text)(${LeaveNominee})
2019-10-01 16:51:19,881|I|Thread-1|OHRM_02_features.20191001_165027.001|Leave or  Time off Management|Feature-Leave/ Time off Management|# 16|web.assertTextPresent(tex - PASS EXPECTED text 'Leave Nominee' found
2019-10-01 16:51:20,484|I|Thread-1|OHRM_02_features.20191001_165027.001|Leave or  Time off Management|Feature-Leave/ Time off Management|# 17|web.scrollTo(locator) - executing scrollTo(locator)(${txt.reports.loc})
2019-10-01 16:51:20,612|I|Thread-1|OHRM_02_features.20191001_165027.001|Leave or  Time off Management|Feature-Leave/ Time off Management|# 17|web.scrollTo(locator) - PASS scrolled to '//h3[text()='Leave Reports']'
2019-10-01 16:51:21,220|I|Thread-1|OHRM_02_features.20191001_165027.001|Leave or  Time off Management|Feature-Leave/ Time off Management|# 18|web.assertTextPresent(tex - executing assertTextPresent(text)(${LeaveReports})
2019-10-01 16:51:21,278|I|Thread-1|OHRM_02_features.20191001_165027.001|Leave or  Time off Management|Feature-Leave/ Time off Management|# 18|web.assertTextPresent(tex - PASS EXPECTED text 'Leave Reports' found
2019-10-01 16:51:21,899|I|Thread-1|OHRM_02_features.20191001_165027.001|Leave or  Time off Management|Feature-Leave/ Time off Management|# 19|base.section(steps) - executing section(steps)(1)
2019-10-01 16:51:21,902|I|Thread-1|OHRM_02_features.20191001_165027.001|Leave or  Time off Management|Feature-Leave/ Time off Management|# 19|base.section(steps) - PASS 
2019-10-01 16:51:22,504|I|Thread-1|OHRM_02_features.20191001_165027.001|Leave or  Time off Management|Feature-Leave/ Time off Management|# 20|base.verbose(text) - executing verbose(text)(Executed Successfully)
2019-10-01 16:51:22,507|I|Thread-1|OHRM_02_features.20191001_165027.001|Leave or  Time off Management|Feature-Leave/ Time off Management|# 20|base.verbose(text) - Executed Successfully
2019-10-01 16:51:22,513|I|Thread-1|OHRM_02_features.20191001_165027.001|Leave or  Time off Management|Feature-Leave/ Time off Management|# 20|base.verbose(text) - PASS 
2019-10-01 16:51:22,609|I|Thread-1|[OHRM_02_features.20191001_165027.001|Leave or  Time off Management] saving test scenario
2019-10-01 16:51:23,200|I|Thread-1|OHRM_02_features.20191001_165027.001|Time & Attendance Management - executing test scenario
2019-10-01 16:51:23,205|I|Thread-1|OHRM_02_features.20191001_165027.001|Time & Attendance Management|Feature-Time & Attendance Management - executing activity
2019-10-01 16:51:23,807|I|Thread-1|OHRM_02_features.20191001_165027.001|Time & Attendance Management|Feature-Time & Attendance Management|#  5|base.section(steps) - executing section(steps)(4)
2019-10-01 16:51:23,813|I|Thread-1|OHRM_02_features.20191001_165027.001|Time & Attendance Management|Feature-Time & Attendance Management|#  5|base.section(steps) - PASS 
2019-10-01 16:51:24,417|I|Thread-1|OHRM_02_features.20191001_165027.001|Time & Attendance Management|Feature-Time & Attendance Management|#  6|web.open(url) - executing open(url)(${url})
2019-10-01 16:51:27,484|I|Thread-1|current browser window handle:CDwindow-EB89E67739B12979666C763E902B6AC1
2019-10-01 16:51:27,539|I|Thread-1|OHRM_02_features.20191001_165027.001|Time & Attendance Management|Feature-Time & Attendance Management|#  6|web.open(url) - PASS opened URL https://www.orangehrm.com/
2019-10-01 16:51:28,142|I|Thread-1|OHRM_02_features.20191001_165027.001|Time & Attendance Management|Feature-Time & Attendance Management|#  7|web.maximizeWindow() - executing maximizeWindow()()
2019-10-01 16:51:28,210|I|Thread-1|OHRM_02_features.20191001_165027.001|Time & Attendance Management|Feature-Time & Attendance Management|#  7|web.maximizeWindow() - PASS browser window maximized
2019-10-01 16:51:28,815|I|Thread-1|OHRM_02_features.20191001_165027.001|Time & Attendance Management|Feature-Time & Attendance Management|#  8|web.click(locator) - executing click(locator)(${btn.features.loc})
2019-10-01 16:51:28,879|I|Thread-1|clicking '//div[@id='header-navbar']/ul/li/a[text()='Features']'...
2019-10-01 16:51:28,922|I|Thread-1|click target via JS, @id=
2019-10-01 16:51:29,870|I|Thread-1|clicked -> true
2019-10-01 16:51:29,872|I|Thread-1|OHRM_02_features.20191001_165027.001|Time & Attendance Management|Feature-Time & Attendance Management|#  8|web.click(locator) - PASS click via JS event
2019-10-01 16:51:30,478|I|Thread-1|OHRM_02_features.20191001_165027.001|Time & Attendance Management|Feature-Time & Attendance Management|#  9|web.assertElementByText(l - executing assertElementByText(locator,text)(${btn.features.loc}, ${featuretext})
2019-10-01 16:51:30,584|I|Thread-1|OHRM_02_features.20191001_165027.001|Time & Attendance Management|Feature-Time & Attendance Management|#  9|web.assertElementByText(l - PASS validated locator '//div[@id='header-navbar']/ul/li/a[text()='Features']' by text 'Features' as EXPECTED
2019-10-01 16:51:31,189|I|Thread-1|OHRM_02_features.20191001_165027.001|Time & Attendance Management|Feature-Time & Attendance Management|# 10|web.assertAndClick(locato - executing assertAndClick(locator,label)(${btn.leaveandattendence.loc}, ${TimeAndAttendence})
2019-10-01 16:51:31,351|I|Thread-1|clicking '//h4[text()='Time & Attendance Management' and text() = 'Time & Attendance Management']'...
2019-10-01 16:51:31,392|I|Thread-1|click target via JS, @id=
2019-10-01 16:51:33,757|I|Thread-1|clicked -> true
2019-10-01 16:51:33,760|I|Thread-1|OHRM_02_features.20191001_165027.001|Time & Attendance Management|Feature-Time & Attendance Management|# 10|web.assertAndClick(locato - PASS click via JS event
2019-10-01 16:51:34,362|I|Thread-1|OHRM_02_features.20191001_165027.001|Time & Attendance Management|Feature-Time & Attendance Management|# 11|base.section(steps) - executing section(steps)(1)
2019-10-01 16:51:34,370|I|Thread-1|OHRM_02_features.20191001_165027.001|Time & Attendance Management|Feature-Time & Attendance Management|# 11|base.section(steps) - PASS 
2019-10-01 16:51:34,973|I|Thread-1|OHRM_02_features.20191001_165027.001|Time & Attendance Management|Feature-Time & Attendance Management|# 12|web.assertAndClick(locato - executing assertAndClick(locator,label)(${btn.tryitnow.loc}, ${TryItNow})
2019-10-01 16:51:35,059|I|Thread-1|OHRM_02_features.20191001_165027.001|Time & Attendance Management|Feature-Time & Attendance Management|# 12|web.assertAndClick(locato - text/label for 'Try It Now' not found at //div[@class='feature-module-page']/div/div/div/h3/following-sibling::a
2019-10-01 16:51:35,065|I|Thread-1|OHRM_02_features.20191001_165027.001|Time & Attendance Management|Feature-Time & Attendance Management|# 12|web.assertAndClick(locato - FAIL No element with text 'Try It Now' can be found.
2019-10-01 16:51:35,669|I|Thread-1|OHRM_02_features.20191001_165027.001|Time & Attendance Management|Feature-Time & Attendance Management|# 13|web.goBack() - executing goBack()()
2019-10-01 16:51:36,225|I|Thread-1|OHRM_02_features.20191001_165027.001|Time & Attendance Management|Feature-Time & Attendance Management|# 13|web.goBack() - PASS went back previous page
2019-10-01 16:51:36,830|I|Thread-1|OHRM_02_features.20191001_165027.001|Time & Attendance Management|Feature-Time & Attendance Management|# 14|web.scrollTo(locator) - executing scrollTo(locator)(${txt.timesheets.loc})
2019-10-01 16:51:37,696|E|Thread-1|[20191001_165025] EXECUTING COMMAND: web.scrollTo(locator)('//h3[text()='Timesheets']')
Specified element not found: no such element: Unable to locate element: {"method":"xpath","selector":"//h3[text()='Timesheets']"}   (Session info: chrome=77.0.3865.90)...
2019-10-01 16:51:37,699|I|Thread-1|OHRM_02_features.20191001_165027.001|Time & Attendance Management|Feature-Time & Attendance Management|# 14|web.scrollTo(locator) - FAIL EXECUTING COMMAND: web.scrollTo(locator)('//h3[text()='Timesheets']')
Specified element not found: no such element: Unable to locate element: {"method":"xpath","selector":"//h3[text()='Timesheets']"}   (Session info: chrome=77.0.3865.90)...
2019-10-01 16:51:38,310|I|Thread-1|OHRM_02_features.20191001_165027.001|Time & Attendance Management|Feature-Time & Attendance Management|# 15|web.assertTextPresent(tex - executing assertTextPresent(text)(${Timesheets})
2019-10-01 16:51:39,183|E|Thread-1|[20191001_165025] EXECUTING COMMAND: web.assertTextPresent(text)('Timesheets')
Specified element not found: no such element: Unable to locate element: {"method":"xpath","selector":"//*[contains(normalize-space(string(.)), normalize-space('Timesheets'))]"}   (Session info: chrome=77.0.3865.90)...
2019-10-01 16:51:39,184|I|Thread-1|OHRM_02_features.20191001_165027.001|Time & Attendance Management|Feature-Time & Attendance Management|# 15|web.assertTextPresent(tex - FAIL EXECUTING COMMAND: web.assertTextPresent(text)('Timesheets')
Specified element not found: no such element: Unable to locate element: {"method":"xpath","selector":"//*[contains(normalize-space(string(.)), normalize-space('Timesheets'))]"}   (Session info: chrome=77.0.3865.90)...
2019-10-01 16:51:39,788|I|Thread-1|OHRM_02_features.20191001_165027.001|Time & Attendance Management|Feature-Time & Attendance Management|# 16|web.scrollTo(locator) - executing scrollTo(locator)(${txt.paypolicy.loc})
2019-10-01 16:51:40,683|E|Thread-1|[20191001_165025] EXECUTING COMMAND: web.scrollTo(locator)('//h3[text()='Pay policies and Overtime']')
Specified element not found: no such element: Unable to locate element: {"method":"xpath","selector":"//h3[text()='Pay policies and Overtime']"}   (Session info: chrome=77.0.3865.90)...
2019-10-01 16:51:40,685|I|Thread-1|OHRM_02_features.20191001_165027.001|Time & Attendance Management|Feature-Time & Attendance Management|# 16|web.scrollTo(locator) - FAIL EXECUTING COMMAND: web.scrollTo(locator)('//h3[text()='Pay policies and Overtime']')
Specified element not found: no such element: Unable to locate element: {"method":"xpath","selector":"//h3[text()='Pay policies and Overtime']"}   (Session info: chrome=77.0.3865.90)...
2019-10-01 16:51:41,289|I|Thread-1|OHRM_02_features.20191001_165027.001|Time & Attendance Management|Feature-Time & Attendance Management|# 17|web.assertTextPresent(tex - executing assertTextPresent(text)(${PaypoliciesOvertime})
2019-10-01 16:51:42,219|E|Thread-1|[20191001_165025] EXECUTING COMMAND: web.assertTextPresent(text)('Pay policies and Overtime')
Specified element not found: no such element: Unable to locate element: {"method":"xpath","selector":"//*[contains(normalize-space(string(.)), normalize-space('Pay policies and Overtime'))]"}   (Session info: chrome=77.0.3865.90)...
2019-10-01 16:51:42,221|I|Thread-1|OHRM_02_features.20191001_165027.001|Time & Attendance Management|Feature-Time & Attendance Management|# 17|web.assertTextPresent(tex - FAIL EXECUTING COMMAND: web.assertTextPresent(text)('Pay policies and Overtime')
Specified element not found: no such element: Unable to locate element: {"method":"xpath","selector":"//*[contains(normalize-space(string(.)), normalize-space('Pay policies and Overtime'))]"}   (Session info: chrome=77.0.3865.90)...
2019-10-01 16:51:42,825|I|Thread-1|OHRM_02_features.20191001_165027.001|Time & Attendance Management|Feature-Time & Attendance Management|# 18|web.scrollTo(locator) - executing scrollTo(locator)(${txt.attendence.loc})
2019-10-01 16:51:43,740|E|Thread-1|[20191001_165025] EXECUTING COMMAND: web.scrollTo(locator)('//h3[text()='Attendance']')
Specified element not found: no such element: Unable to locate element: {"method":"xpath","selector":"//h3[text()='Attendance']"}   (Session info: chrome=77.0.3865.90)...
2019-10-01 16:51:43,742|I|Thread-1|OHRM_02_features.20191001_165027.001|Time & Attendance Management|Feature-Time & Attendance Management|# 18|web.scrollTo(locator) - FAIL EXECUTING COMMAND: web.scrollTo(locator)('//h3[text()='Attendance']')
Specified element not found: no such element: Unable to locate element: {"method":"xpath","selector":"//h3[text()='Attendance']"}   (Session info: chrome=77.0.3865.90)...
2019-10-01 16:51:44,346|I|Thread-1|OHRM_02_features.20191001_165027.001|Time & Attendance Management|Feature-Time & Attendance Management|# 19|web.assertTextPresent(tex - executing assertTextPresent(text)(${Attendance})
2019-10-01 16:51:44,402|I|Thread-1|OHRM_02_features.20191001_165027.001|Time & Attendance Management|Feature-Time & Attendance Management|# 19|web.assertTextPresent(tex - PASS EXPECTED text 'Attendance' found
2019-10-01 16:51:45,006|I|Thread-1|OHRM_02_features.20191001_165027.001|Time & Attendance Management|Feature-Time & Attendance Management|# 20|web.scrollTo(locator) - executing scrollTo(locator)(${txt.reportsanalytics.loc})
2019-10-01 16:51:45,898|E|Thread-1|[20191001_165025] EXECUTING COMMAND: web.scrollTo(locator)('//h3[text()='Reports & Analytics']')
Specified element not found: no such element: Unable to locate element: {"method":"xpath","selector":"//h3[text()='Reports & Analytics']"}   (Session info: chrome=77.0.3865.90)...
2019-10-01 16:51:45,900|I|Thread-1|OHRM_02_features.20191001_165027.001|Time & Attendance Management|Feature-Time & Attendance Management|# 20|web.scrollTo(locator) - FAIL EXECUTING COMMAND: web.scrollTo(locator)('//h3[text()='Reports & Analytics']')
Specified element not found: no such element: Unable to locate element: {"method":"xpath","selector":"//h3[text()='Reports & Analytics']"}   (Session info: chrome=77.0.3865.90)...
2019-10-01 16:51:46,506|I|Thread-1|OHRM_02_features.20191001_165027.001|Time & Attendance Management|Feature-Time & Attendance Management|# 21|web.assertTextPresent(tex - executing assertTextPresent(text)(${ReportsAnalytics})
2019-10-01 16:51:47,387|E|Thread-1|[20191001_165025] EXECUTING COMMAND: web.assertTextPresent(text)('Reports & Analytics')
Specified element not found: no such element: Unable to locate element: {"method":"xpath","selector":"//*[contains(normalize-space(string(.)), normalize-space('Reports & Analytics'))]"}   (Session info: chrome=77.0.3865.90)...
2019-10-01 16:51:47,390|I|Thread-1|OHRM_02_features.20191001_165027.001|Time & Attendance Management|Feature-Time & Attendance Management|# 21|web.assertTextPresent(tex - FAIL EXECUTING COMMAND: web.assertTextPresent(text)('Reports & Analytics')
Specified element not found: no such element: Unable to locate element: {"method":"xpath","selector":"//*[contains(normalize-space(string(.)), normalize-space('Reports & Analytics'))]"}   (Session info: chrome=77.0.3865.90)...
2019-10-01 16:51:47,995|I|Thread-1|OHRM_02_features.20191001_165027.001|Time & Attendance Management|Feature-Time & Attendance Management|# 22|base.section(steps) - executing section(steps)(1)
2019-10-01 16:51:48,007|I|Thread-1|OHRM_02_features.20191001_165027.001|Time & Attendance Management|Feature-Time & Attendance Management|# 22|base.section(steps) - PASS 
2019-10-01 16:51:48,620|I|Thread-1|OHRM_02_features.20191001_165027.001|Time & Attendance Management|Feature-Time & Attendance Management|# 23|base.verbose(text) - executing verbose(text)(Executed Successfully)
2019-10-01 16:51:48,631|I|Thread-1|OHRM_02_features.20191001_165027.001|Time & Attendance Management|Feature-Time & Attendance Management|# 23|base.verbose(text) - Executed Successfully
2019-10-01 16:51:48,648|I|Thread-1|OHRM_02_features.20191001_165027.001|Time & Attendance Management|Feature-Time & Attendance Management|# 23|base.verbose(text) - PASS 
2019-10-01 16:51:48,715|I|Thread-1|[OHRM_02_features.20191001_165027.001|Time & Attendance Management] saving test scenario
2019-10-01 16:51:48,933|I|Thread-1|[20191001_165025] 
/-TEST COMPLETE-----------------------------------------------------------------
| Test Output:    C:\projects\OrangeHRMWebApplication\output\20191001_165025\OHRM_02_features.20191001_165027.001.xlsx
| Iteration:      1
\-------------------------------------------------------------------------------
» Execution Time: 77943 ms
» Test Steps:     58
» Error(s):       8



2019-10-01 16:51:49,715|I|Thread-1|[20191001_165025] 
/-TEST COMPLETE-----------------------------------------------------------------
| Test Script:    C:\projects\OrangeHRMWebApplication\artifact\script\OHRM_02_features.xlsx
\-------------------------------------------------------------------------------
» Execution Time: 84054 ms
» Iterations:     [1] total 1
» Test Steps:     58
» Passed:         50
» Error(s):       8
» Iteration 1 of 1: C:\projects\OrangeHRMWebApplication\output\20191001_165025\OHRM_02_features.20191001_165027.001.xlsx



2019-10-01 16:51:49,717|I|main|[20191001_165025] [C:\projects\OrangeHRMWebApplication\artifact\script\OHRM_02_features.xlsx] now completed
2019-10-01 16:51:49,719|I|main|[20191001_165025] all execution thread(s) have terminated
2019-10-01 16:51:49,722|I|main|[20191001_165025] test run completed in about 84 seconds
2019-10-01 16:51:49,846|I|main|No predefined nexial-setup found
2019-10-01 16:51:49,882|I|main|outputBase not set; output-to-cloud DISABLED!
2019-10-01 16:51:49,882|I|main|accessKey not set; output-to-cloud DISABLED!
2019-10-01 16:51:49,883|I|main|secretKey not set; output-to-cloud DISABLED!
2019-10-01 16:51:49,886|I|main|generating HTML output for this execution to C:\projects\OrangeHRMWebApplication\output\20191001_165025\execution-output.html
2019-10-01 16:51:50,446|I|main|generating JUnit XML output for this execution to C:\projects\OrangeHRMWebApplication\output\20191001_165025\junit.xml
2019-10-01 16:51:50,494|I|main|Generated JUnit report for this execution: C:\projects\OrangeHRMWebApplication\output\20191001_165025\junit.xml
2019-10-01 16:51:50,494|I|main|nexial mailer not enabled: nexial.enableEmail=false
2019-10-01 16:51:50,495|I|main|skipped email notification as configured
2019-10-01 16:51:50,496|I|main|Exiting Nexial...
2019-10-01 16:51:50,496|I|main|shutdown starts...
2019-10-01 16:51:50,497|I|main|Shutting down 'chrome' webdriver...
2019-10-01 16:51:57,401|I|main|shutdown ends...
2019-10-01 16:51:57,408|I|main|

/-END OF EXECUTION--------------------------------------------------------------
| » Execution Time: 84 sec.
| » Test Steps:     58
| » Passed:         50
| » Failed:         8
| » Success Rate:   86.21%
\---------------------------------------------------------------nexial-core 2.2_0488-

2019-10-01 16:51:57,428|E|main|failure found; success rate is 86.21%
2019-10-01 16:51:57,431|I|main|End of Execution:
OUTPUT:       C:\projects\OrangeHRMWebApplication\output\20191001_165025
EXECUTION:    C:\projects\OrangeHRMWebApplication\output\20191001_165025\execution-output.html
JUNIT XML:    C:\projects\OrangeHRMWebApplication\output\20191001_165025\junit.xml
SUCCESS RATE: 86.21%
EXIT STATUS:  -13
2019-10-01 16:51:57,434|I|main|End of Execution:
NEXIAL_OUTPUT:         C:\projects\OrangeHRMWebApplication\output\20191001_165025
NEXIAL_EXECUTION_HTML: C:\projects\OrangeHRMWebApplication\output\20191001_165025\execution-output.html
NEXIAL_JUNIT_XML:      C:\projects\OrangeHRMWebApplication\output\20191001_165025\junit.xml
NEXIAL_SUCCESS_RATE:   86.21%
NEXIAL_EXIT_STATUS:    -13
