2019-10-01 14:33:49,967|I|Thread-1|(DELAYED) nexial-core 2.2_0488 starting up...
2019-10-01 14:33:49,973|I|Thread-1|(DELAYED) data file resolved as C:\Users\SANDHI~1.MUN\AppData\Local\Temp\QnaFk\OHRM_02_features.data.xlsx
2019-10-01 14:33:49,973|I|Thread-1|(DELAYED) input files and output directory resolved...
2019-10-01 14:33:49,974|I|Thread-1|(DELAYED) No predefined nexial-setup found
2019-10-01 14:33:49,974|I|Thread-1|(DELAYED) [20191001_143349] [C:\projects\OrangeHRMWebApplication\artifact\script\OHRM_02_features.xlsx] resolve RUN ID as 20191001_143349
2019-10-01 14:33:49,974|I|Thread-1|(DELAYED) [20191001_143349] [C:\projects\OrangeHRMWebApplication\artifact\script\OHRM_02_features.xlsx] new thread started
2019-10-01 14:33:49,974|I|Thread-1|No predefined nexial-setup found
2019-10-01 14:33:50,085|I|Thread-1|outputBase not set; output-to-cloud DISABLED!
2019-10-01 14:33:50,086|I|Thread-1|accessKey not set; output-to-cloud DISABLED!
2019-10-01 14:33:50,087|I|Thread-1|secretKey not set; output-to-cloud DISABLED!
2019-10-01 14:33:50,138|I|Thread-1|missing REQUIRED configuration; sms DISABLED!
2019-10-01 14:33:51,179|I|Thread-1|[20191001_143349] executing C:\projects\OrangeHRMWebApplication\artifact\script\OHRM_02_features.xlsx with 1 iteration(s)
2019-10-01 14:33:51,185|I|Thread-1|[20191001_143349] create directory C:\projects\OrangeHRMWebApplication\output\20191001_143349\captures
2019-10-01 14:33:51,188|I|Thread-1|[20191001_143349] create directory C:\projects\OrangeHRMWebApplication\output\20191001_143349\logs
2019-10-01 14:33:52,140|I|Thread-1|[20191001_143349] merging test data to tmp file C:\projects\OrangeHRMWebApplication\output\20191001_143349\OHRM_02_features.20191001_143351.001.xlsx
2019-10-01 14:33:52,141|I|Thread-1|refetching data from C:\projects\OrangeHRMWebApplication\artifact\data\OHRM_02_features.data.xlsx
2019-10-01 14:33:52,601|I|Thread-1|[20191001_143349] test script and test data merged to C:\projects\OrangeHRMWebApplication\output\20191001_143349\OHRM_02_features.20191001_143351.001.xlsx
2019-10-01 14:33:53,873|I|Thread-1|STARTS
2019-10-01 14:33:53,904|I|Thread-1|OHRM_02_features.20191001_143351.001 - executing iteration #1 of 1; Iteration Id 1
2019-10-01 14:33:53,913|I|Thread-1|OHRM_02_features.20191001_143351.001|Personnel Information Managemen - executing test scenario
2019-10-01 14:33:53,916|I|Thread-1|OHRM_02_features.20191001_143351.001|Personnel Information Managemen|Feature-Personnel Information Management (PIM) - executing activity
2019-10-01 14:33:54,522|I|Thread-1|OHRM_02_features.20191001_143351.001|Personnel Information Managemen|Feature-Personnel Information Management (PIM)|#  5|web.open(url) - executing open(url)(${url})
2019-10-01 14:33:54,545|I|Thread-1|No valid instance of webdriver, initializing...
2019-10-01 14:33:54,556|I|Thread-1|init chrome
2019-10-01 14:33:57,899|I|Thread-1|browser initialization completed for 'chrome'
2019-10-01 14:33:57,931|I|Thread-1|setting browser polling wait time to 800 ms
2019-10-01 14:33:57,952|I|Thread-1|setting browser page load timeout to 10000 ms
2019-10-01 14:33:58,035|I|Thread-1|OHRM_02_features.20191001_143351.001|Personnel Information Managemen|Feature-Personnel Information Management (PIM)|#  5|web.open(url) - default browser stability wait time is 3000 ms
2019-10-01 14:34:05,781|I|Thread-1|current browser window handle:CDwindow-FEACB8913AB8D2A74AB1FA1E3B61BE79
2019-10-01 14:34:06,328|I|Thread-1|OHRM_02_features.20191001_143351.001|Personnel Information Managemen|Feature-Personnel Information Management (PIM)|#  5|web.open(url) - PASS opened URL https://www.orangehrm.com/
2019-10-01 14:34:06,972|I|Thread-1|OHRM_02_features.20191001_143351.001|Personnel Information Managemen|Feature-Personnel Information Management (PIM)|#  6|web.maximizeWindow() - executing maximizeWindow()()
2019-10-01 14:34:08,200|I|Thread-1|OHRM_02_features.20191001_143351.001|Personnel Information Managemen|Feature-Personnel Information Management (PIM)|#  6|web.maximizeWindow() - PASS browser window maximized
2019-10-01 14:34:08,810|I|Thread-1|OHRM_02_features.20191001_143351.001|Personnel Information Managemen|Feature-Personnel Information Management (PIM)|#  7|web.click(locator) - executing click(locator)(${btn.features.loc})
2019-10-01 14:34:08,908|I|Thread-1|clicking '//div[@id='header-navbar']/ul/li/a[text()='Features']'...
2019-10-01 14:34:08,990|I|Thread-1|click target via JS, @id=
2019-10-01 14:34:11,039|I|Thread-1|clicked -> true
2019-10-01 14:34:11,042|I|Thread-1|OHRM_02_features.20191001_143351.001|Personnel Information Managemen|Feature-Personnel Information Management (PIM)|#  7|web.click(locator) - PASS click via JS event
2019-10-01 14:34:11,648|I|Thread-1|OHRM_02_features.20191001_143351.001|Personnel Information Managemen|Feature-Personnel Information Management (PIM)|#  8|web.assertElementByText(l - executing assertElementByText(locator,text)(${btn.features.loc}, ${featuretext})
2019-10-01 14:34:11,769|I|Thread-1|OHRM_02_features.20191001_143351.001|Personnel Information Managemen|Feature-Personnel Information Management (PIM)|#  8|web.assertElementByText(l - PASS validated locator '//div[@id='header-navbar']/ul/li/a[text()='Features']' by text 'Features' as EXPECTED
2019-10-01 14:34:12,382|I|Thread-1|OHRM_02_features.20191001_143351.001|Personnel Information Managemen|Feature-Personnel Information Management (PIM)|#  9|web.assertAndClick(locato - executing assertAndClick(locator,label)(${btn.pim.loc}, ${PIMlabel})
2019-10-01 14:34:12,609|I|Thread-1|clicking '//h4[text()='Personnel Information Management (PIM)' and text() = 'Personnel Information Management (PIM)']'...
2019-10-01 14:34:12,652|I|Thread-1|click target via JS, @id=
2019-10-01 14:34:15,450|I|Thread-1|clicked -> true
2019-10-01 14:34:15,456|I|Thread-1|OHRM_02_features.20191001_143351.001|Personnel Information Managemen|Feature-Personnel Information Management (PIM)|#  9|web.assertAndClick(locato - PASS click via JS event
2019-10-01 14:34:16,064|I|Thread-1|OHRM_02_features.20191001_143351.001|Personnel Information Managemen|Feature-Personnel Information Management (PIM)|# 10|web.scrollTo(locator) - executing scrollTo(locator)(${btn.customfields.loc})
2019-10-01 14:34:16,176|I|Thread-1|OHRM_02_features.20191001_143351.001|Personnel Information Managemen|Feature-Personnel Information Management (PIM)|# 10|web.scrollTo(locator) - PASS scrolled to '//h4[text()='Custom Fields']/following-sibling::a'
2019-10-01 14:34:16,788|I|Thread-1|OHRM_02_features.20191001_143351.001|Personnel Information Managemen|Feature-Personnel Information Management (PIM)|# 11|web.assertTextPresent(tex - executing assertTextPresent(text)(${CustomFields})
2019-10-01 14:34:16,843|I|Thread-1|OHRM_02_features.20191001_143351.001|Personnel Information Managemen|Feature-Personnel Information Management (PIM)|# 11|web.assertTextPresent(tex - PASS EXPECTED text 'Custom Fields' found
2019-10-01 14:34:17,446|I|Thread-1|OHRM_02_features.20191001_143351.001|Personnel Information Managemen|Feature-Personnel Information Management (PIM)|# 12|web.click(locator) - executing click(locator)(${btn.customfields.loc})
2019-10-01 14:34:17,512|I|Thread-1|clicking '//h4[text()='Custom Fields']/following-sibling::a'...
2019-10-01 14:34:17,557|I|Thread-1|click target via JS, @id=
2019-10-01 14:34:17,623|I|Thread-1|clicked -> true
2019-10-01 14:34:17,625|I|Thread-1|OHRM_02_features.20191001_143351.001|Personnel Information Managemen|Feature-Personnel Information Management (PIM)|# 12|web.click(locator) - PASS click via JS event
2019-10-01 14:34:18,229|I|Thread-1|OHRM_02_features.20191001_143351.001|Personnel Information Managemen|Feature-Personnel Information Management (PIM)|# 13|web.scrollTo(locator) - executing scrollTo(locator)(${btn.addemployee.loc})
2019-10-01 14:34:18,356|I|Thread-1|OHRM_02_features.20191001_143351.001|Personnel Information Managemen|Feature-Personnel Information Management (PIM)|# 13|web.scrollTo(locator) - PASS scrolled to '//h4[text()='Add employee']/following-sibling::a'
2019-10-01 14:34:18,964|I|Thread-1|OHRM_02_features.20191001_143351.001|Personnel Information Managemen|Feature-Personnel Information Management (PIM)|# 14|web.assertTextPresent(tex - executing assertTextPresent(text)(${AddEmployee})
2019-10-01 14:34:19,023|I|Thread-1|OHRM_02_features.20191001_143351.001|Personnel Information Managemen|Feature-Personnel Information Management (PIM)|# 14|web.assertTextPresent(tex - PASS EXPECTED text 'Add employee' found
2019-10-01 14:34:19,629|I|Thread-1|OHRM_02_features.20191001_143351.001|Personnel Information Managemen|Feature-Personnel Information Management (PIM)|# 15|web.click(locator) - executing click(locator)(${btn.addemployee.loc})
2019-10-01 14:34:19,683|I|Thread-1|clicking '//h4[text()='Add employee']/following-sibling::a'...
2019-10-01 14:34:19,716|I|Thread-1|click target via JS, @id=
2019-10-01 14:34:19,777|I|Thread-1|clicked -> true
2019-10-01 14:34:19,780|I|Thread-1|OHRM_02_features.20191001_143351.001|Personnel Information Managemen|Feature-Personnel Information Management (PIM)|# 15|web.click(locator) - PASS click via JS event
2019-10-01 14:34:20,382|I|Thread-1|OHRM_02_features.20191001_143351.001|Personnel Information Managemen|Feature-Personnel Information Management (PIM)|# 16|web.scrollTo(locator) - executing scrollTo(locator)(${btn.bulkupdate.loc})
2019-10-01 14:34:20,516|I|Thread-1|OHRM_02_features.20191001_143351.001|Personnel Information Managemen|Feature-Personnel Information Management (PIM)|# 16|web.scrollTo(locator) - PASS scrolled to '//h4[text()='Bulk Update']/following-sibling::a'
2019-10-01 14:34:21,123|I|Thread-1|OHRM_02_features.20191001_143351.001|Personnel Information Managemen|Feature-Personnel Information Management (PIM)|# 17|web.assertTextPresent(tex - executing assertTextPresent(text)(${BulkUpdate})
2019-10-01 14:34:21,190|I|Thread-1|OHRM_02_features.20191001_143351.001|Personnel Information Managemen|Feature-Personnel Information Management (PIM)|# 17|web.assertTextPresent(tex - PASS EXPECTED text 'Bulk Update' found
2019-10-01 14:34:21,799|I|Thread-1|OHRM_02_features.20191001_143351.001|Personnel Information Managemen|Feature-Personnel Information Management (PIM)|# 18|web.click(locator) - executing click(locator)(${btn.bulkupdate.loc})
2019-10-01 14:34:21,853|I|Thread-1|clicking '//h4[text()='Bulk Update']/following-sibling::a'...
2019-10-01 14:34:21,889|I|Thread-1|click target via JS, @id=
2019-10-01 14:34:21,956|I|Thread-1|clicked -> true
2019-10-01 14:34:21,959|I|Thread-1|OHRM_02_features.20191001_143351.001|Personnel Information Managemen|Feature-Personnel Information Management (PIM)|# 18|web.click(locator) - PASS click via JS event
2019-10-01 14:34:22,563|I|Thread-1|OHRM_02_features.20191001_143351.001|Personnel Information Managemen|Feature-Personnel Information Management (PIM)|# 19|web.scrollTo(locator) - executing scrollTo(locator)(${btn.myshortcuts.loc})
2019-10-01 14:34:22,695|I|Thread-1|OHRM_02_features.20191001_143351.001|Personnel Information Managemen|Feature-Personnel Information Management (PIM)|# 19|web.scrollTo(locator) - PASS scrolled to '//h4[text()='My shortcuts']/following-sibling::a'
2019-10-01 14:34:23,304|I|Thread-1|OHRM_02_features.20191001_143351.001|Personnel Information Managemen|Feature-Personnel Information Management (PIM)|# 20|web.assertTextPresent(tex - executing assertTextPresent(text)(${MyShortcuts})
2019-10-01 14:34:23,382|I|Thread-1|OHRM_02_features.20191001_143351.001|Personnel Information Managemen|Feature-Personnel Information Management (PIM)|# 20|web.assertTextPresent(tex - PASS EXPECTED text 'My shortcuts' found
2019-10-01 14:34:23,986|I|Thread-1|OHRM_02_features.20191001_143351.001|Personnel Information Managemen|Feature-Personnel Information Management (PIM)|# 21|web.click(locator) - executing click(locator)(${btn.myshortcuts.loc})
2019-10-01 14:34:24,053|I|Thread-1|clicking '//h4[text()='My shortcuts']/following-sibling::a'...
2019-10-01 14:34:24,095|I|Thread-1|click target via JS, @id=
2019-10-01 14:34:24,162|I|Thread-1|clicked -> true
2019-10-01 14:34:24,164|I|Thread-1|OHRM_02_features.20191001_143351.001|Personnel Information Managemen|Feature-Personnel Information Management (PIM)|# 21|web.click(locator) - PASS click via JS event
2019-10-01 14:34:24,767|I|Thread-1|OHRM_02_features.20191001_143351.001|Personnel Information Managemen|Feature-Personnel Information Management (PIM)|# 22|web.scrollTo(locator) - executing scrollTo(locator)(${btn.reportingtools.loc})
2019-10-01 14:34:24,896|I|Thread-1|OHRM_02_features.20191001_143351.001|Personnel Information Managemen|Feature-Personnel Information Management (PIM)|# 22|web.scrollTo(locator) - PASS scrolled to '//h4[text()='Reporting tools']/following-sibling::a'
2019-10-01 14:34:25,501|I|Thread-1|OHRM_02_features.20191001_143351.001|Personnel Information Managemen|Feature-Personnel Information Management (PIM)|# 23|web.assertTextPresent(tex - executing assertTextPresent(text)(${ReportingTools})
2019-10-01 14:34:25,575|I|Thread-1|OHRM_02_features.20191001_143351.001|Personnel Information Managemen|Feature-Personnel Information Management (PIM)|# 23|web.assertTextPresent(tex - PASS EXPECTED text 'Reporting tools' found
2019-10-01 14:34:26,181|I|Thread-1|OHRM_02_features.20191001_143351.001|Personnel Information Managemen|Feature-Personnel Information Management (PIM)|# 24|web.click(locator) - executing click(locator)(${btn.reportingtools.loc})
2019-10-01 14:34:26,241|I|Thread-1|clicking '//h4[text()='Reporting tools']/following-sibling::a'...
2019-10-01 14:34:26,270|I|Thread-1|click target via JS, @id=
2019-10-01 14:34:26,331|I|Thread-1|clicked -> true
2019-10-01 14:34:26,333|I|Thread-1|OHRM_02_features.20191001_143351.001|Personnel Information Managemen|Feature-Personnel Information Management (PIM)|# 24|web.click(locator) - PASS click via JS event
2019-10-01 14:34:26,717|I|Thread-1|[OHRM_02_features.20191001_143351.001|Personnel Information Managemen] saving test scenario
2019-10-01 14:34:27,450|I|Thread-1|OHRM_02_features.20191001_143351.001|Leave or  Time off Management - executing test scenario
2019-10-01 14:34:27,454|I|Thread-1|OHRM_02_features.20191001_143351.001|Leave or  Time off Management|Feature-Leave/ Time off Management - executing activity
2019-10-01 14:34:28,066|I|Thread-1|OHRM_02_features.20191001_143351.001|Leave or  Time off Management|Feature-Leave/ Time off Management|#  5|web.open(url) - executing open(url)(${url})
2019-10-01 14:34:31,956|I|Thread-1|current browser window handle:CDwindow-FEACB8913AB8D2A74AB1FA1E3B61BE79
2019-10-01 14:34:32,003|I|Thread-1|OHRM_02_features.20191001_143351.001|Leave or  Time off Management|Feature-Leave/ Time off Management|#  5|web.open(url) - PASS opened URL https://www.orangehrm.com/
2019-10-01 14:34:32,607|I|Thread-1|OHRM_02_features.20191001_143351.001|Leave or  Time off Management|Feature-Leave/ Time off Management|#  6|web.maximizeWindow() - executing maximizeWindow()()
2019-10-01 14:34:32,669|I|Thread-1|OHRM_02_features.20191001_143351.001|Leave or  Time off Management|Feature-Leave/ Time off Management|#  6|web.maximizeWindow() - PASS browser window maximized
2019-10-01 14:34:33,273|I|Thread-1|OHRM_02_features.20191001_143351.001|Leave or  Time off Management|Feature-Leave/ Time off Management|#  7|web.click(locator) - executing click(locator)(${btn.features.loc})
2019-10-01 14:34:33,349|I|Thread-1|clicking '//div[@id='header-navbar']/ul/li/a[text()='Features']'...
2019-10-01 14:34:33,393|I|Thread-1|click target via JS, @id=
2019-10-01 14:34:34,321|I|Thread-1|clicked -> true
2019-10-01 14:34:34,323|I|Thread-1|OHRM_02_features.20191001_143351.001|Leave or  Time off Management|Feature-Leave/ Time off Management|#  7|web.click(locator) - PASS click via JS event
2019-10-01 14:34:34,929|I|Thread-1|OHRM_02_features.20191001_143351.001|Leave or  Time off Management|Feature-Leave/ Time off Management|#  8|web.assertElementByText(l - executing assertElementByText(locator,text)(${btn.features.loc}, ${featuretext})
2019-10-01 14:34:35,015|I|Thread-1|OHRM_02_features.20191001_143351.001|Leave or  Time off Management|Feature-Leave/ Time off Management|#  8|web.assertElementByText(l - PASS validated locator '//div[@id='header-navbar']/ul/li/a[text()='Features']' by text 'Features' as EXPECTED
2019-10-01 14:34:35,619|I|Thread-1|OHRM_02_features.20191001_143351.001|Leave or  Time off Management|Feature-Leave/ Time off Management|#  9|web.assertAndClick(locato - executing assertAndClick(locator,label)(${btn.leaveortime.loc}, ${LeaveOrTimeLabel})
2019-10-01 14:34:35,752|I|Thread-1|clicking '//h4[text()='Leave/ Time off Management' and text() = 'Leave/ Time off Management']'...
2019-10-01 14:34:35,786|I|Thread-1|click target via JS, @id=
2019-10-01 14:34:38,822|I|Thread-1|clicked -> true
2019-10-01 14:34:38,825|I|Thread-1|OHRM_02_features.20191001_143351.001|Leave or  Time off Management|Feature-Leave/ Time off Management|#  9|web.assertAndClick(locato - PASS click via JS event
2019-10-01 14:34:39,444|I|Thread-1|OHRM_02_features.20191001_143351.001|Leave or  Time off Management|Feature-Leave/ Time off Management|# 10|web.scrollTo(locator) - executing scrollTo(locator)(${txt.accural.loc})
2019-10-01 14:34:39,571|I|Thread-1|OHRM_02_features.20191001_143351.001|Leave or  Time off Management|Feature-Leave/ Time off Management|# 10|web.scrollTo(locator) - PASS scrolled to '//h3[text()='Leave Accrual and Carry Forward ']'
2019-10-01 14:34:40,176|I|Thread-1|OHRM_02_features.20191001_143351.001|Leave or  Time off Management|Feature-Leave/ Time off Management|# 11|web.assertTextPresent(tex - executing assertTextPresent(text)(${LeaveAccrualCarryForward})
2019-10-01 14:34:40,226|I|Thread-1|OHRM_02_features.20191001_143351.001|Leave or  Time off Management|Feature-Leave/ Time off Management|# 11|web.assertTextPresent(tex - PASS EXPECTED text 'Leave Accrual and Carry Forward' found
2019-10-01 14:34:40,831|I|Thread-1|OHRM_02_features.20191001_143351.001|Leave or  Time off Management|Feature-Leave/ Time off Management|# 12|web.scrollTo(locator) - executing scrollTo(locator)(${txt.calender.loc})
2019-10-01 14:34:40,930|I|Thread-1|OHRM_02_features.20191001_143351.001|Leave or  Time off Management|Feature-Leave/ Time off Management|# 12|web.scrollTo(locator) - PASS scrolled to '//h3[text()='Leave Calendar']'
2019-10-01 14:34:41,535|I|Thread-1|OHRM_02_features.20191001_143351.001|Leave or  Time off Management|Feature-Leave/ Time off Management|# 13|web.assertTextPresent(tex - executing assertTextPresent(text)(${LeaveCalendar})
2019-10-01 14:34:41,602|I|Thread-1|OHRM_02_features.20191001_143351.001|Leave or  Time off Management|Feature-Leave/ Time off Management|# 13|web.assertTextPresent(tex - PASS EXPECTED text 'Leave Calendar' found
2019-10-01 14:34:42,205|I|Thread-1|OHRM_02_features.20191001_143351.001|Leave or  Time off Management|Feature-Leave/ Time off Management|# 14|web.scrollTo(locator) - executing scrollTo(locator)(${txt.nominee.loc})
2019-10-01 14:34:42,336|I|Thread-1|OHRM_02_features.20191001_143351.001|Leave or  Time off Management|Feature-Leave/ Time off Management|# 14|web.scrollTo(locator) - PASS scrolled to '//h3[text()='Leave Nominee']'
2019-10-01 14:34:42,941|I|Thread-1|OHRM_02_features.20191001_143351.001|Leave or  Time off Management|Feature-Leave/ Time off Management|# 15|web.assertTextPresent(tex - executing assertTextPresent(text)(${LeaveNominee})
2019-10-01 14:34:42,997|I|Thread-1|OHRM_02_features.20191001_143351.001|Leave or  Time off Management|Feature-Leave/ Time off Management|# 15|web.assertTextPresent(tex - PASS EXPECTED text 'Leave Nominee' found
2019-10-01 14:34:43,602|I|Thread-1|OHRM_02_features.20191001_143351.001|Leave or  Time off Management|Feature-Leave/ Time off Management|# 16|web.scrollTo(locator) - executing scrollTo(locator)(${txt.reports.loc})
2019-10-01 14:34:43,708|I|Thread-1|OHRM_02_features.20191001_143351.001|Leave or  Time off Management|Feature-Leave/ Time off Management|# 16|web.scrollTo(locator) - PASS scrolled to '//h3[text()='Leave Reports']'
2019-10-01 14:34:44,315|I|Thread-1|OHRM_02_features.20191001_143351.001|Leave or  Time off Management|Feature-Leave/ Time off Management|# 17|web.assertTextPresent(tex - executing assertTextPresent(text)(${LeaveReports})
2019-10-01 14:34:44,392|I|Thread-1|OHRM_02_features.20191001_143351.001|Leave or  Time off Management|Feature-Leave/ Time off Management|# 17|web.assertTextPresent(tex - PASS EXPECTED text 'Leave Reports' found
2019-10-01 14:34:44,399|I|Thread-1|[OHRM_02_features.20191001_143351.001|Leave or  Time off Management] saving test scenario
2019-10-01 14:34:44,684|I|Thread-1|[20191001_143349] 
/-TEST COMPLETE-----------------------------------------------------------------
| Test Output:    C:\projects\OrangeHRMWebApplication\output\20191001_143349\OHRM_02_features.20191001_143351.001.xlsx
| Iteration:      1
\-------------------------------------------------------------------------------
» Execution Time: 50769 ms
» Test Steps:     33
» Error(s):       0



2019-10-01 14:34:46,566|I|Thread-1|[20191001_143349] 
/-TEST COMPLETE-----------------------------------------------------------------
| Test Script:    C:\projects\OrangeHRMWebApplication\artifact\script\OHRM_02_features.xlsx
\-------------------------------------------------------------------------------
» Execution Time: 56697 ms
» Iterations:     [1] total 1
» Test Steps:     33
» Passed:         33
» Error(s):       0
» Iteration 1 of 1: C:\projects\OrangeHRMWebApplication\output\20191001_143349\OHRM_02_features.20191001_143351.001.xlsx



2019-10-01 14:34:46,923|I|main|[20191001_143349] [C:\projects\OrangeHRMWebApplication\artifact\script\OHRM_02_features.xlsx] now completed
2019-10-01 14:34:46,926|I|main|[20191001_143349] all execution thread(s) have terminated
2019-10-01 14:34:46,928|I|main|[20191001_143349] test run completed in about 57 seconds
2019-10-01 14:34:47,085|I|main|No predefined nexial-setup found
2019-10-01 14:34:47,124|I|main|outputBase not set; output-to-cloud DISABLED!
2019-10-01 14:34:47,125|I|main|accessKey not set; output-to-cloud DISABLED!
2019-10-01 14:34:47,126|I|main|secretKey not set; output-to-cloud DISABLED!
2019-10-01 14:34:47,131|I|main|generating HTML output for this execution to C:\projects\OrangeHRMWebApplication\output\20191001_143349\execution-output.html
2019-10-01 14:34:47,686|I|main|generating JUnit XML output for this execution to C:\projects\OrangeHRMWebApplication\output\20191001_143349\junit.xml
2019-10-01 14:34:47,733|I|main|Generated JUnit report for this execution: C:\projects\OrangeHRMWebApplication\output\20191001_143349\junit.xml
2019-10-01 14:34:47,750|I|main|nexial mailer not enabled: nexial.enableEmail=false
2019-10-01 14:34:47,751|I|main|skipped email notification as configured
2019-10-01 14:34:47,752|I|main|Exiting Nexial...
2019-10-01 14:34:47,753|I|main|shutdown starts...
2019-10-01 14:34:47,755|I|main|Shutting down 'chrome' webdriver...
2019-10-01 14:34:56,513|I|main|shutdown ends...
2019-10-01 14:34:56,517|I|main|

/-END OF EXECUTION--------------------------------------------------------------
| » Execution Time: 57 sec.
| » Test Steps:     33
| » Passed:         33
| » Failed:         0
| » Success Rate:   100.00%
\---------------------------------------------------------------nexial-core 2.2_0488-

2019-10-01 14:34:56,518|I|main|ALL PASSED!
2019-10-01 14:34:56,519|I|main|End of Execution:
OUTPUT:       C:\projects\OrangeHRMWebApplication\output\20191001_143349
EXECUTION:    C:\projects\OrangeHRMWebApplication\output\20191001_143349\execution-output.html
JUNIT XML:    C:\projects\OrangeHRMWebApplication\output\20191001_143349\junit.xml
SUCCESS RATE: 100.00%
EXIT STATUS:  0
2019-10-01 14:34:56,520|I|main|End of Execution:
NEXIAL_OUTPUT:         C:\projects\OrangeHRMWebApplication\output\20191001_143349
NEXIAL_EXECUTION_HTML: C:\projects\OrangeHRMWebApplication\output\20191001_143349\execution-output.html
NEXIAL_JUNIT_XML:      C:\projects\OrangeHRMWebApplication\output\20191001_143349\junit.xml
NEXIAL_SUCCESS_RATE:   100.00%
NEXIAL_EXIT_STATUS:    0
