2019-10-01 12:54:51,642|I|Thread-1|(DELAYED) nexial-core 2.2_0488 starting up...
2019-10-01 12:54:51,649|I|Thread-1|(DELAYED) data file resolved as C:\Users\SANDHI~1.MUN\AppData\Local\Temp\BXEPj\OHRM_02_features.data.xlsx
2019-10-01 12:54:51,649|I|Thread-1|(DELAYED) input files and output directory resolved...
2019-10-01 12:54:51,650|I|Thread-1|(DELAYED) No predefined nexial-setup found
2019-10-01 12:54:51,650|I|Thread-1|(DELAYED) [20191001_125451] [C:\projects\OrangeHRMWebApplication\artifact\script\OHRM_02_features.xlsx] resolve RUN ID as 20191001_125451
2019-10-01 12:54:51,650|I|Thread-1|(DELAYED) [20191001_125451] [C:\projects\OrangeHRMWebApplication\artifact\script\OHRM_02_features.xlsx] new thread started
2019-10-01 12:54:51,651|I|Thread-1|No predefined nexial-setup found
2019-10-01 12:54:51,738|I|Thread-1|outputBase not set; output-to-cloud DISABLED!
2019-10-01 12:54:51,739|I|Thread-1|accessKey not set; output-to-cloud DISABLED!
2019-10-01 12:54:51,740|I|Thread-1|secretKey not set; output-to-cloud DISABLED!
2019-10-01 12:54:51,769|I|Thread-1|missing REQUIRED configuration; sms DISABLED!
2019-10-01 12:54:52,787|I|Thread-1|[20191001_125451] executing C:\projects\OrangeHRMWebApplication\artifact\script\OHRM_02_features.xlsx with 1 iteration(s)
2019-10-01 12:54:52,791|I|Thread-1|[20191001_125451] create directory C:\projects\OrangeHRMWebApplication\output\20191001_125451\captures
2019-10-01 12:54:52,792|I|Thread-1|[20191001_125451] create directory C:\projects\OrangeHRMWebApplication\output\20191001_125451\logs
2019-10-01 12:54:53,638|I|Thread-1|[20191001_125451] merging test data to tmp file C:\projects\OrangeHRMWebApplication\output\20191001_125451\OHRM_02_features.20191001_125452.001.xlsx
2019-10-01 12:54:53,640|I|Thread-1|refetching data from C:\projects\OrangeHRMWebApplication\artifact\data\OHRM_02_features.data.xlsx
2019-10-01 12:54:54,088|I|Thread-1|[20191001_125451] test script and test data merged to C:\projects\OrangeHRMWebApplication\output\20191001_125451\OHRM_02_features.20191001_125452.001.xlsx
2019-10-01 12:54:54,847|I|Thread-1|STARTS
2019-10-01 12:54:54,873|I|Thread-1|OHRM_02_features.20191001_125452.001 - executing iteration #1 of 1; Iteration Id 1
2019-10-01 12:54:54,883|I|Thread-1|OHRM_02_features.20191001_125452.001|orangehrm - executing test scenario
2019-10-01 12:54:54,884|I|Thread-1|OHRM_02_features.20191001_125452.001|orangehrm|Features - executing activity
2019-10-01 12:54:55,487|I|Thread-1|OHRM_02_features.20191001_125452.001|orangehrm|Features|#  5|web.open(url) - executing open(url)(${url})
2019-10-01 12:54:55,503|I|Thread-1|No valid instance of webdriver, initializing...
2019-10-01 12:54:55,510|I|Thread-1|init chrome
2019-10-01 12:54:58,971|I|Thread-1|browser initialization completed for 'chrome'
2019-10-01 12:54:59,002|I|Thread-1|setting browser polling wait time to 800 ms
2019-10-01 12:54:59,021|I|Thread-1|setting browser page load timeout to 10000 ms
2019-10-01 12:54:59,095|I|Thread-1|OHRM_02_features.20191001_125452.001|orangehrm|Features|#  5|web.open(url) - default browser stability wait time is 3000 ms
2019-10-01 12:55:06,789|I|Thread-1|current browser window handle:CDwindow-30CF0F455B11E1B62D3F19EAF353930A
2019-10-01 12:55:07,291|I|Thread-1|OHRM_02_features.20191001_125452.001|orangehrm|Features|#  5|web.open(url) - PASS opened URL https://www.orangehrm.com/
2019-10-01 12:55:07,922|I|Thread-1|OHRM_02_features.20191001_125452.001|orangehrm|Features|#  6|web.maximizeWindow() - executing maximizeWindow()()
2019-10-01 12:55:09,290|I|Thread-1|OHRM_02_features.20191001_125452.001|orangehrm|Features|#  6|web.maximizeWindow() - PASS browser window maximized
2019-10-01 12:55:09,894|I|Thread-1|OHRM_02_features.20191001_125452.001|orangehrm|Features|#  7|web.click(locator) - executing click(locator)(${btn.features.loc})
2019-10-01 12:55:09,972|I|Thread-1|clicking '//div[@id='header-navbar']/ul/li/a[text()='Features']'...
2019-10-01 12:55:10,036|I|Thread-1|click target via JS, @id=
2019-10-01 12:55:11,414|I|Thread-1|clicked -> true
2019-10-01 12:55:11,419|I|Thread-1|OHRM_02_features.20191001_125452.001|orangehrm|Features|#  7|web.click(locator) - PASS click via JS event
2019-10-01 12:55:12,027|I|Thread-1|OHRM_02_features.20191001_125452.001|orangehrm|Features|#  8|web.assertElementByText(l - executing assertElementByText(locator,text)(${btn.features.loc}, ${featuretext})
2019-10-01 12:55:12,172|I|Thread-1|OHRM_02_features.20191001_125452.001|orangehrm|Features|#  8|web.assertElementByText(l - PASS validated locator '//div[@id='header-navbar']/ul/li/a[text()='Features']' by text 'Features' as EXPECTED
2019-10-01 12:55:12,786|I|Thread-1|OHRM_02_features.20191001_125452.001|orangehrm|Features|#  9|web.assertAndClick(locato - executing assertAndClick(locator,label)(${btn.pim.loc}, Personnel Information Management (PIM))
2019-10-01 12:55:12,986|I|Thread-1|clicking '//h4[text()='Personnel Information Management (PIM)' and text() = 'Personnel Information Management (PIM)']'...
2019-10-01 12:55:13,023|I|Thread-1|click target via JS, @id=
2019-10-01 12:55:15,957|I|Thread-1|clicked -> true
2019-10-01 12:55:15,961|I|Thread-1|OHRM_02_features.20191001_125452.001|orangehrm|Features|#  9|web.assertAndClick(locato - PASS click via JS event
2019-10-01 12:55:16,563|I|Thread-1|OHRM_02_features.20191001_125452.001|orangehrm|Features|# 10|web.scrollTo(locator) - executing scrollTo(locator)(${btn.customfields.loc})
2019-10-01 12:55:16,700|I|Thread-1|OHRM_02_features.20191001_125452.001|orangehrm|Features|# 10|web.scrollTo(locator) - PASS scrolled to '//h4[text()='Custom Fields']/following-sibling::a'
2019-10-01 12:55:17,310|I|Thread-1|OHRM_02_features.20191001_125452.001|orangehrm|Features|# 11|web.click(locator) - executing click(locator)(${btn.customfields.loc})
2019-10-01 12:55:17,366|I|Thread-1|clicking '//h4[text()='Custom Fields']/following-sibling::a'...
2019-10-01 12:55:17,400|I|Thread-1|click target via JS, @id=
2019-10-01 12:55:17,464|I|Thread-1|clicked -> true
2019-10-01 12:55:17,466|I|Thread-1|OHRM_02_features.20191001_125452.001|orangehrm|Features|# 11|web.click(locator) - PASS click via JS event
2019-10-01 12:55:18,068|I|Thread-1|OHRM_02_features.20191001_125452.001|orangehrm|Features|# 12|web.scrollTo(locator) - executing scrollTo(locator)(${btn.addemployee.loc})
2019-10-01 12:55:18,196|I|Thread-1|OHRM_02_features.20191001_125452.001|orangehrm|Features|# 12|web.scrollTo(locator) - PASS scrolled to '//h4[text()='Add employee']/following-sibling::a'
2019-10-01 12:55:18,800|I|Thread-1|OHRM_02_features.20191001_125452.001|orangehrm|Features|# 13|web.click(locator) - executing click(locator)(${btn.addemployee.loc})
2019-10-01 12:55:18,862|I|Thread-1|clicking '//h4[text()='Add employee']/following-sibling::a'...
2019-10-01 12:55:18,898|I|Thread-1|click target via JS, @id=
2019-10-01 12:55:18,971|I|Thread-1|clicked -> true
2019-10-01 12:55:18,973|I|Thread-1|OHRM_02_features.20191001_125452.001|orangehrm|Features|# 13|web.click(locator) - PASS click via JS event
2019-10-01 12:55:19,576|I|Thread-1|OHRM_02_features.20191001_125452.001|orangehrm|Features|# 14|web.scrollTo(locator) - executing scrollTo(locator)(${btn.bulkupdate.loc})
2019-10-01 12:55:19,699|I|Thread-1|OHRM_02_features.20191001_125452.001|orangehrm|Features|# 14|web.scrollTo(locator) - PASS scrolled to '//h4[text()='Bulk Update']/following-sibling::a'
2019-10-01 12:55:20,306|I|Thread-1|OHRM_02_features.20191001_125452.001|orangehrm|Features|# 15|web.click(locator) - executing click(locator)(${btn.bulkupdate.loc})
2019-10-01 12:55:20,361|I|Thread-1|clicking '//h4[text()='Bulk Update']/following-sibling::a'...
2019-10-01 12:55:20,399|I|Thread-1|click target via JS, @id=
2019-10-01 12:55:20,474|I|Thread-1|clicked -> true
2019-10-01 12:55:20,477|I|Thread-1|OHRM_02_features.20191001_125452.001|orangehrm|Features|# 15|web.click(locator) - PASS click via JS event
2019-10-01 12:55:21,081|I|Thread-1|OHRM_02_features.20191001_125452.001|orangehrm|Features|# 16|web.scrollTo(locator) - executing scrollTo(locator)(${btn.myshortcuts.loc})
2019-10-01 12:55:21,210|I|Thread-1|OHRM_02_features.20191001_125452.001|orangehrm|Features|# 16|web.scrollTo(locator) - PASS scrolled to '//h4[text()='My shortcuts']/following-sibling::a'
2019-10-01 12:55:21,815|I|Thread-1|OHRM_02_features.20191001_125452.001|orangehrm|Features|# 17|web.click(locator) - executing click(locator)(${btn.myshortcuts.loc})
2019-10-01 12:55:21,879|I|Thread-1|clicking '//h4[text()='My shortcuts']/following-sibling::a'...
2019-10-01 12:55:21,921|I|Thread-1|click target via JS, @id=
2019-10-01 12:55:21,984|I|Thread-1|clicked -> true
2019-10-01 12:55:21,987|I|Thread-1|OHRM_02_features.20191001_125452.001|orangehrm|Features|# 17|web.click(locator) - PASS click via JS event
2019-10-01 12:55:22,590|I|Thread-1|OHRM_02_features.20191001_125452.001|orangehrm|Features|# 18|web.scrollTo(locator) - executing scrollTo(locator)(${btn.reportingtools.loc})
2019-10-01 12:55:22,727|I|Thread-1|OHRM_02_features.20191001_125452.001|orangehrm|Features|# 18|web.scrollTo(locator) - PASS scrolled to '//h4[text()='Reporting tools']/following-sibling::a'
2019-10-01 12:55:23,336|I|Thread-1|OHRM_02_features.20191001_125452.001|orangehrm|Features|# 19|web.click(locator) - executing click(locator)(${btn.reportingtools.loc})
2019-10-01 12:55:23,416|I|Thread-1|clicking '//h4[text()='Reporting tools']/following-sibling::a'...
2019-10-01 12:55:23,468|I|Thread-1|click target via JS, @id=
2019-10-01 12:55:23,544|I|Thread-1|clicked -> true
2019-10-01 12:55:23,546|I|Thread-1|OHRM_02_features.20191001_125452.001|orangehrm|Features|# 19|web.click(locator) - PASS click via JS event
2019-10-01 12:55:23,916|I|Thread-1|[OHRM_02_features.20191001_125452.001|orangehrm] saving test scenario
2019-10-01 12:55:24,440|I|Thread-1|[20191001_125451] 
/-TEST COMPLETE-----------------------------------------------------------------
| Test Output:    C:\projects\OrangeHRMWebApplication\output\20191001_125451\OHRM_02_features.20191001_125452.001.xlsx
| Iteration:      1
\-------------------------------------------------------------------------------
» Execution Time: 29551 ms
» Test Steps:     15
» Error(s):       0



2019-10-01 12:55:27,264|I|Thread-1|[20191001_125451] 
/-TEST COMPLETE-----------------------------------------------------------------
| Test Script:    C:\projects\OrangeHRMWebApplication\artifact\script\OHRM_02_features.xlsx
\-------------------------------------------------------------------------------
» Execution Time: 35855 ms
» Iterations:     [1] total 1
» Test Steps:     15
» Passed:         15
» Error(s):       0
» Iteration 1 of 1: C:\projects\OrangeHRMWebApplication\output\20191001_125451\OHRM_02_features.20191001_125452.001.xlsx



2019-10-01 12:55:27,393|I|main|[20191001_125451] [C:\projects\OrangeHRMWebApplication\artifact\script\OHRM_02_features.xlsx] now completed
2019-10-01 12:55:27,394|I|main|[20191001_125451] all execution thread(s) have terminated
2019-10-01 12:55:27,395|I|main|[20191001_125451] test run completed in about 36 seconds
2019-10-01 12:55:27,530|I|main|No predefined nexial-setup found
2019-10-01 12:55:27,571|I|main|outputBase not set; output-to-cloud DISABLED!
2019-10-01 12:55:27,574|I|main|accessKey not set; output-to-cloud DISABLED!
2019-10-01 12:55:27,579|I|main|secretKey not set; output-to-cloud DISABLED!
2019-10-01 12:55:27,583|I|main|generating HTML output for this execution to C:\projects\OrangeHRMWebApplication\output\20191001_125451\execution-output.html
2019-10-01 12:55:28,466|I|main|generating JUnit XML output for this execution to C:\projects\OrangeHRMWebApplication\output\20191001_125451\junit.xml
2019-10-01 12:55:28,539|I|main|Generated JUnit report for this execution: C:\projects\OrangeHRMWebApplication\output\20191001_125451\junit.xml
2019-10-01 12:55:28,562|I|main|nexial mailer not enabled: nexial.enableEmail=false
2019-10-01 12:55:28,563|I|main|skipped email notification as configured
2019-10-01 12:55:28,565|I|main|Exiting Nexial...
2019-10-01 12:55:28,566|I|main|shutdown starts...
2019-10-01 12:55:28,568|I|main|Shutting down 'chrome' webdriver...
2019-10-01 12:55:37,322|I|main|shutdown ends...
2019-10-01 12:55:37,330|I|main|

/-END OF EXECUTION--------------------------------------------------------------
| » Execution Time: 36 sec.
| » Test Steps:     15
| » Passed:         15
| » Failed:         0
| » Success Rate:   100.00%
\---------------------------------------------------------------nexial-core 2.2_0488-

2019-10-01 12:55:37,340|I|main|ALL PASSED!
2019-10-01 12:55:37,349|I|main|End of Execution:
OUTPUT:       C:\projects\OrangeHRMWebApplication\output\20191001_125451
EXECUTION:    C:\projects\OrangeHRMWebApplication\output\20191001_125451\execution-output.html
JUNIT XML:    C:\projects\OrangeHRMWebApplication\output\20191001_125451\junit.xml
SUCCESS RATE: 100.00%
EXIT STATUS:  0
2019-10-01 12:55:37,356|I|main|End of Execution:
NEXIAL_OUTPUT:         C:\projects\OrangeHRMWebApplication\output\20191001_125451
NEXIAL_EXECUTION_HTML: C:\projects\OrangeHRMWebApplication\output\20191001_125451\execution-output.html
NEXIAL_JUNIT_XML:      C:\projects\OrangeHRMWebApplication\output\20191001_125451\junit.xml
NEXIAL_SUCCESS_RATE:   100.00%
NEXIAL_EXIT_STATUS:    0
