2019-10-03 18:58:46,341|I|Thread-1|(DELAYED) nexial-core 2.2_0488 starting up...
2019-10-03 18:58:46,349|I|Thread-1|(DELAYED) data file resolved as C:\Users\SANDHI~1.MUN\AppData\Local\Temp\gmGON\OHRM_01_signup.data.xlsx
2019-10-03 18:58:46,350|I|Thread-1|(DELAYED) input files and output directory resolved...
2019-10-03 18:58:46,350|I|Thread-1|(DELAYED) No predefined nexial-setup found
2019-10-03 18:58:46,350|I|Thread-1|(DELAYED) [20191003_185845] [C:\projects\OrangeHRMWebApplication\artifact\script\OHRM_01_signup.xlsx] resolve RUN ID as 20191003_185845
2019-10-03 18:58:46,350|I|Thread-1|(DELAYED) [20191003_185845] [C:\projects\OrangeHRMWebApplication\artifact\script\OHRM_01_signup.xlsx] new thread started
2019-10-03 18:58:46,351|I|Thread-1|No predefined nexial-setup found
2019-10-03 18:58:46,491|I|Thread-1|outputBase not set; output-to-cloud DISABLED!
2019-10-03 18:58:46,492|I|Thread-1|accessKey not set; output-to-cloud DISABLED!
2019-10-03 18:58:46,495|I|Thread-1|secretKey not set; output-to-cloud DISABLED!
2019-10-03 18:58:46,533|I|Thread-1|missing REQUIRED configuration; sms DISABLED!
2019-10-03 18:58:47,778|I|Thread-1|[20191003_185845] executing C:\projects\OrangeHRMWebApplication\artifact\script\OHRM_01_signup.xlsx with 1 iteration(s)
2019-10-03 18:58:47,784|I|Thread-1|[20191003_185845] create directory C:\projects\OrangeHRMWebApplication\output\20191003_185845\captures
2019-10-03 18:58:47,789|I|Thread-1|[20191003_185845] create directory C:\projects\OrangeHRMWebApplication\output\20191003_185845\logs
2019-10-03 18:58:48,654|I|Thread-1|[20191003_185845] merging test data to tmp file C:\projects\OrangeHRMWebApplication\output\20191003_185845\OHRM_01_signup.20191003_185847.001.xlsx
2019-10-03 18:58:48,656|I|Thread-1|refetching data from C:\projects\OrangeHRMWebApplication\artifact\data\OHRM_01_signup.data.xlsx
2019-10-03 18:58:49,106|I|Thread-1|[20191003_185845] test script and test data merged to C:\projects\OrangeHRMWebApplication\output\20191003_185845\OHRM_01_signup.20191003_185847.001.xlsx
2019-10-03 18:58:49,915|I|Thread-1|STARTS
2019-10-03 18:58:49,946|I|Thread-1|OHRM_01_signup.20191003_185847.001 - executing iteration #1 of 1; Iteration Id 1
2019-10-03 18:58:49,957|I|Thread-1|OHRM_01_signup.20191003_185847.001|signup - executing test scenario
2019-10-03 18:58:49,961|I|Thread-1|OHRM_01_signup.20191003_185847.001|signup|Openurl - executing activity
2019-10-03 18:58:50,569|I|Thread-1|OHRM_01_signup.20191003_185847.001|signup|Openurl|#  5|web.open(url) - executing open(url)(${url})
2019-10-03 18:58:50,575|I|Thread-1|No valid instance of webdriver, initializing...
2019-10-03 18:58:50,579|I|Thread-1|init chrome
2019-10-03 18:58:53,869|I|Thread-1|browser initialization completed for 'chrome'
2019-10-03 18:58:53,903|I|Thread-1|setting browser polling wait time to 800 ms
2019-10-03 18:58:53,935|I|Thread-1|setting browser page load timeout to 10000 ms
2019-10-03 18:58:54,004|I|Thread-1|OHRM_01_signup.20191003_185847.001|signup|Openurl|#  5|web.open(url) - default browser stability wait time is 3000 ms
2019-10-03 18:59:01,408|I|Thread-1|current browser window handle:CDwindow-CD33F16EEFA2F7BA77065DA9A13D9933
2019-10-03 18:59:01,843|I|Thread-1|OHRM_01_signup.20191003_185847.001|signup|Openurl|#  5|web.open(url) - PASS opened URL https://www.orangehrm.com/
2019-10-03 18:59:01,863|I|Thread-1|OHRM_01_signup.20191003_185847.001|signup|MaximizeWindow - executing activity
2019-10-03 18:59:02,468|I|Thread-1|OHRM_01_signup.20191003_185847.001|signup|MaximizeWindow|#  6|web.maximizeWindow() - executing maximizeWindow()()
2019-10-03 18:59:03,675|I|Thread-1|OHRM_01_signup.20191003_185847.001|signup|MaximizeWindow|#  6|web.maximizeWindow() - PASS browser window maximized
2019-10-03 18:59:03,678|I|Thread-1|OHRM_01_signup.20191003_185847.001|signup|ClickUsername - executing activity
2019-10-03 18:59:04,281|I|Thread-1|OHRM_01_signup.20191003_185847.001|signup|ClickUsername|#  7|web.click(locator) - executing click(locator)(${btn.freetrial.loc})
2019-10-03 18:59:04,383|I|Thread-1|clicking '//nav[@class='navbar navbar-default header-nav']/div/div[2]/ul[2]/li[2]/a'...
2019-10-03 18:59:04,460|I|Thread-1|click target via JS, @id=
2019-10-03 18:59:06,858|I|Thread-1|clicked -> true
2019-10-03 18:59:06,861|I|Thread-1|OHRM_01_signup.20191003_185847.001|signup|ClickUsername|#  7|web.click(locator) - PASS click via JS event
2019-10-03 18:59:06,864|I|Thread-1|OHRM_01_signup.20191003_185847.001|signup|EnterFavoredUrl - executing activity
2019-10-03 18:59:07,465|I|Thread-1|OHRM_01_signup.20191003_185847.001|signup|EnterFavoredUrl|#  8|web.type(locator,value) - executing type(locator,value)(${txt.favoredurl.loc}, ${FavoredUrl})
2019-10-03 18:59:08,036|I|Thread-1|OHRM_01_signup.20191003_185847.001|signup|EnterFavoredUrl|#  8|web.type(locator,value) - PASS typed text at '//div[@id='Form_submitForm_subdomain_Holder']/input'
2019-10-03 18:59:08,057|I|Thread-1|OHRM_01_signup.20191003_185847.001|signup|EnterFirstName - executing activity
2019-10-03 18:59:08,660|I|Thread-1|OHRM_01_signup.20191003_185847.001|signup|EnterFirstName|#  9|web.type(locator,value) - executing type(locator,value)(${txt.firstname.loc}, ${FirstName})
2019-10-03 18:59:09,223|I|Thread-1|OHRM_01_signup.20191003_185847.001|signup|EnterFirstName|#  9|web.type(locator,value) - PASS typed text at '//div[@id='Form_submitForm_FirstName_Holder']/div/input'
2019-10-03 18:59:09,232|I|Thread-1|OHRM_01_signup.20191003_185847.001|signup|EnterLastName - executing activity
2019-10-03 18:59:09,834|I|Thread-1|OHRM_01_signup.20191003_185847.001|signup|EnterLastName|# 10|web.type(locator,value) - executing type(locator,value)(${txt.lastname.loc}, ${LastName})
2019-10-03 18:59:10,336|I|Thread-1|OHRM_01_signup.20191003_185847.001|signup|EnterLastName|# 10|web.type(locator,value) - PASS typed text at '//div[@id='Form_submitForm_LastName_Holder']/div/input'
2019-10-03 18:59:10,345|I|Thread-1|OHRM_01_signup.20191003_185847.001|signup|EnterEmail - executing activity
2019-10-03 18:59:10,947|I|Thread-1|OHRM_01_signup.20191003_185847.001|signup|EnterEmail|# 11|web.type(locator,value) - executing type(locator,value)(${txt.email.loc}, ${Email})
2019-10-03 18:59:11,723|I|Thread-1|OHRM_01_signup.20191003_185847.001|signup|EnterEmail|# 11|web.type(locator,value) - PASS typed text at '//div[@id='Form_submitForm_Email_Holder']/div/input'
2019-10-03 18:59:11,727|I|Thread-1|OHRM_01_signup.20191003_185847.001|signup|EnterJobTitle - executing activity
2019-10-03 18:59:12,330|I|Thread-1|OHRM_01_signup.20191003_185847.001|signup|EnterJobTitle|# 12|web.type(locator,value) - executing type(locator,value)(${txt.jobtitle.loc}, ${JobTitle})
2019-10-03 18:59:12,809|I|Thread-1|OHRM_01_signup.20191003_185847.001|signup|EnterJobTitle|# 12|web.type(locator,value) - PASS typed text at '//div[@id='Form_submitForm_JobTitle_Holder']/div/input'
2019-10-03 18:59:12,811|I|Thread-1|OHRM_01_signup.20191003_185847.001|signup|SelectNoOfEmployees - executing activity
2019-10-03 18:59:13,414|I|Thread-1|OHRM_01_signup.20191003_185847.001|signup|SelectNoOfEmployees|# 13|web.select(locator,text) - executing select(locator,text)(${btn.noofemployees.loc}, ${txt.dropdown.noofemployees.loc})
2019-10-03 18:59:13,720|I|Thread-1|OHRM_01_signup.20191003_185847.001|signup|SelectNoOfEmployees|# 13|web.select(locator,text) - PASS selected '201 - 250' from '//select[@id='Form_submitForm_NoOfEmployees']'
2019-10-03 18:59:13,725|I|Thread-1|OHRM_01_signup.20191003_185847.001|signup|AssertNoOfEmployee - executing activity
2019-10-03 18:59:14,329|I|Thread-1|OHRM_01_signup.20191003_185847.001|signup|AssertNoOfEmployee|# 14|web.assertVisible(locator - executing assertVisible(locator)(${btn.noofemployees.loc})
2019-10-03 18:59:14,429|I|Thread-1|OHRM_01_signup.20191003_185847.001|signup|AssertNoOfEmployee|# 14|web.assertVisible(locator - PASS EXPECTED visible element '//select[@id='Form_submitForm_NoOfEmployees']' found
2019-10-03 18:59:14,431|I|Thread-1|OHRM_01_signup.20191003_185847.001|signup|Entercompany - executing activity
2019-10-03 18:59:15,034|I|Thread-1|OHRM_01_signup.20191003_185847.001|signup|Entercompany|# 15|web.type(locator,value) - executing type(locator,value)(${txt.company.loc}, ${company})
2019-10-03 18:59:15,402|I|Thread-1|OHRM_01_signup.20191003_185847.001|signup|Entercompany|# 15|web.type(locator,value) - PASS typed text at '//div[@id='Form_submitForm_CompanyName_Holder']/div/input'
2019-10-03 18:59:15,405|I|Thread-1|OHRM_01_signup.20191003_185847.001|signup|SelectIndustry - executing activity
2019-10-03 18:59:16,008|I|Thread-1|OHRM_01_signup.20191003_185847.001|signup|SelectIndustry|# 16|web.select(locator,text) - executing select(locator,text)(${btn.industry.loc}, ${txt.dropdown.industry.loc})
2019-10-03 18:59:16,218|I|Thread-1|OHRM_01_signup.20191003_185847.001|signup|SelectIndustry|# 16|web.select(locator,text) - PASS selected 'Education' from '//select[@id='Form_submitForm_Industry']'
2019-10-03 18:59:16,221|I|Thread-1|OHRM_01_signup.20191003_185847.001|signup|AssertIndustry - executing activity
2019-10-03 18:59:16,822|I|Thread-1|OHRM_01_signup.20191003_185847.001|signup|AssertIndustry|# 17|web.assertVisible(locator - executing assertVisible(locator)(${btn.industry.loc})
2019-10-03 18:59:16,920|I|Thread-1|OHRM_01_signup.20191003_185847.001|signup|AssertIndustry|# 17|web.assertVisible(locator - PASS EXPECTED visible element '//select[@id='Form_submitForm_Industry']' found
2019-10-03 18:59:16,925|I|Thread-1|OHRM_01_signup.20191003_185847.001|signup|EnterPhoneNumber - executing activity
2019-10-03 18:59:17,528|I|Thread-1|OHRM_01_signup.20191003_185847.001|signup|EnterPhoneNumber|# 18|web.type(locator,value) - executing type(locator,value)(${txt.phonenumber.loc}, ${PhoneNumber})
2019-10-03 18:59:17,948|I|Thread-1|OHRM_01_signup.20191003_185847.001|signup|EnterPhoneNumber|# 18|web.type(locator,value) - PASS typed text at '//div[@id='Form_submitForm_Contact_Holder']/div/input'
2019-10-03 18:59:17,950|I|Thread-1|OHRM_01_signup.20191003_185847.001|signup|SelectCountry - executing activity
2019-10-03 18:59:18,553|I|Thread-1|OHRM_01_signup.20191003_185847.001|signup|SelectCountry|# 19|web.select(locator,text) - executing select(locator,text)(${btn.country.loc}, ${txt.dropdown.country.loc})
2019-10-03 18:59:18,823|I|Thread-1|OHRM_01_signup.20191003_185847.001|signup|SelectCountry|# 19|web.select(locator,text) - PASS selected 'India' from '//select[@id='Form_submitForm_Country']'
2019-10-03 18:59:18,830|I|Thread-1|OHRM_01_signup.20191003_185847.001|signup|AssertCountry - executing activity
2019-10-03 18:59:19,432|I|Thread-1|OHRM_01_signup.20191003_185847.001|signup|AssertCountry|# 20|web.assertVisible(locator - executing assertVisible(locator)(${btn.country.loc})
2019-10-03 18:59:19,532|I|Thread-1|OHRM_01_signup.20191003_185847.001|signup|AssertCountry|# 20|web.assertVisible(locator - PASS EXPECTED visible element '//select[@id='Form_submitForm_Country']' found
2019-10-03 18:59:19,534|I|Thread-1|OHRM_01_signup.20191003_185847.001|signup|SelectState - executing activity
2019-10-03 18:59:20,135|I|Thread-1|OHRM_01_signup.20191003_185847.001|signup|SelectState|# 21|web.select(locator,text) - executing select(locator,text)(${btn.state.loc}, ${txt.dropdown.state.loc})
2019-10-03 18:59:20,367|I|Thread-1|OHRM_01_signup.20191003_185847.001|signup|SelectState|# 21|web.select(locator,text) - PASS selected 'Tamil Nadu' from '//select[@id='Form_submitForm_State']'
2019-10-03 18:59:20,369|I|Thread-1|OHRM_01_signup.20191003_185847.001|signup|AssertCountry - executing activity
2019-10-03 18:59:20,970|I|Thread-1|OHRM_01_signup.20191003_185847.001|signup|AssertCountry|# 22|web.assertVisible(locator - executing assertVisible(locator)(${btn.state.loc})
2019-10-03 18:59:21,070|I|Thread-1|OHRM_01_signup.20191003_185847.001|signup|AssertCountry|# 22|web.assertVisible(locator - PASS EXPECTED visible element '//select[@id='Form_submitForm_State']' found
2019-10-03 18:59:21,072|I|Thread-1|OHRM_01_signup.20191003_185847.001|signup|ClickCheckbox - executing activity
2019-10-03 18:59:21,675|I|Thread-1|OHRM_01_signup.20191003_185847.001|signup|ClickCheckbox|# 23|web.click(locator) - executing click(locator)(${btn.checkbox.loc})
2019-10-03 18:59:21,753|I|Thread-1|clicking '//input[@id='Form_submitForm_SetDummyData']'...
2019-10-03 18:59:21,799|I|Thread-1|click target via JS, @id=Form_submitForm_SetDummyData
2019-10-03 18:59:21,873|I|Thread-1|clicked -> true
2019-10-03 18:59:21,876|I|Thread-1|OHRM_01_signup.20191003_185847.001|signup|ClickCheckbox|# 23|web.click(locator) - PASS click via JS event
2019-10-03 18:59:21,879|I|Thread-1|OHRM_01_signup.20191003_185847.001|signup|submit - executing activity
2019-10-03 18:59:22,481|I|Thread-1|OHRM_01_signup.20191003_185847.001|signup|submit|# 24|web.click(locator) - executing click(locator)(${btn.submit.loc})
2019-10-03 18:59:22,546|I|Thread-1|clicking '//input[@id='Form_submitForm_action_request']'...
2019-10-03 18:59:22,578|I|Thread-1|click target via JS, @id=Form_submitForm_action_request
2019-10-03 18:59:28,043|I|Thread-1|clicked -> true
2019-10-03 18:59:28,047|I|Thread-1|OHRM_01_signup.20191003_185847.001|signup|submit|# 24|web.click(locator) - PASS click via JS event
2019-10-03 18:59:28,486|I|Thread-1|[OHRM_01_signup.20191003_185847.001|signup] saving test scenario
2019-10-03 18:59:28,803|I|Thread-1|[20191003_185845] 
/-TEST COMPLETE-----------------------------------------------------------------
| Test Output:    C:\projects\OrangeHRMWebApplication\output\20191003_185845\OHRM_01_signup.20191003_185847.001.xlsx
| Iteration:      1
\-------------------------------------------------------------------------------
» Execution Time: 38840 ms
» Test Steps:     20
» Error(s):       0



2019-10-03 18:59:31,213|I|Thread-1|[20191003_185845] 
/-TEST COMPLETE-----------------------------------------------------------------
| Test Script:    C:\projects\OrangeHRMWebApplication\artifact\script\OHRM_01_signup.xlsx
\-------------------------------------------------------------------------------
» Execution Time: 45190 ms
» Iterations:     [1] total 1
» Test Steps:     20
» Passed:         20
» Error(s):       0
» Iteration 1 of 1: C:\projects\OrangeHRMWebApplication\output\20191003_185845\OHRM_01_signup.20191003_185847.001.xlsx



2019-10-03 18:59:31,999|I|main|[20191003_185845] [C:\projects\OrangeHRMWebApplication\artifact\script\OHRM_01_signup.xlsx] now completed
2019-10-03 18:59:32,000|I|main|[20191003_185845] all execution thread(s) have terminated
2019-10-03 18:59:32,001|I|main|[20191003_185845] test run completed in about 46 seconds
2019-10-03 18:59:32,165|I|main|No predefined nexial-setup found
2019-10-03 18:59:32,216|I|main|outputBase not set; output-to-cloud DISABLED!
2019-10-03 18:59:32,222|I|main|accessKey not set; output-to-cloud DISABLED!
2019-10-03 18:59:32,230|I|main|secretKey not set; output-to-cloud DISABLED!
2019-10-03 18:59:32,233|I|main|generating HTML output for this execution to C:\projects\OrangeHRMWebApplication\output\20191003_185845\execution-output.html
2019-10-03 18:59:33,124|I|main|generating JUnit XML output for this execution to C:\projects\OrangeHRMWebApplication\output\20191003_185845\junit.xml
2019-10-03 18:59:33,207|I|main|Generated JUnit report for this execution: C:\projects\OrangeHRMWebApplication\output\20191003_185845\junit.xml
2019-10-03 18:59:33,229|I|main|nexial mailer not enabled: nexial.enableEmail=false
2019-10-03 18:59:33,232|I|main|skipped email notification as configured
2019-10-03 18:59:33,235|I|main|Exiting Nexial...
2019-10-03 18:59:33,240|I|main|shutdown starts...
2019-10-03 18:59:33,253|I|main|Shutting down 'chrome' webdriver...
2019-10-03 18:59:40,053|I|main|shutdown ends...
2019-10-03 18:59:40,060|I|main|

/-END OF EXECUTION--------------------------------------------------------------
| » Execution Time: 46 sec.
| » Test Steps:     20
| » Passed:         20
| » Failed:         0
| » Success Rate:   100.00%
\---------------------------------------------------------------nexial-core 2.2_0488-

2019-10-03 18:59:40,077|I|main|ALL PASSED!
2019-10-03 18:59:40,103|I|main|End of Execution:
OUTPUT:       C:\projects\OrangeHRMWebApplication\output\20191003_185845
EXECUTION:    C:\projects\OrangeHRMWebApplication\output\20191003_185845\execution-output.html
JUNIT XML:    C:\projects\OrangeHRMWebApplication\output\20191003_185845\junit.xml
SUCCESS RATE: 100.00%
EXIT STATUS:  0
2019-10-03 18:59:40,109|I|main|End of Execution:
NEXIAL_OUTPUT:         C:\projects\OrangeHRMWebApplication\output\20191003_185845
NEXIAL_EXECUTION_HTML: C:\projects\OrangeHRMWebApplication\output\20191003_185845\execution-output.html
NEXIAL_JUNIT_XML:      C:\projects\OrangeHRMWebApplication\output\20191003_185845\junit.xml
NEXIAL_SUCCESS_RATE:   100.00%
NEXIAL_EXIT_STATUS:    0
