2019-10-03 13:31:01,007|I|Thread-1|(DELAYED) nexial-core 2.2_0488 starting up...
2019-10-03 13:31:01,014|I|Thread-1|(DELAYED) data file resolved as C:\Windows\TEMP\AUfbT\OHRM_02_features.data.xlsx
2019-10-03 13:31:01,014|I|Thread-1|(DELAYED) input files and output directory resolved...
2019-10-03 13:31:01,014|I|Thread-1|(DELAYED) No predefined nexial-setup found
2019-10-03 13:31:01,015|I|Thread-1|(DELAYED) [20191003_133100] [C:\projects\OrangeHRMWebApplication\artifact\script\OHRM_02_features.xlsx] resolve RUN ID as 20191003_133100
2019-10-03 13:31:01,015|I|Thread-1|(DELAYED) [20191003_133100] [C:\projects\OrangeHRMWebApplication\artifact\script\OHRM_02_features.xlsx] new thread started
2019-10-03 13:31:01,015|I|Thread-1|No predefined nexial-setup found
2019-10-03 13:31:01,166|I|Thread-1|outputBase not set; output-to-cloud DISABLED!
2019-10-03 13:31:01,166|I|Thread-1|accessKey not set; output-to-cloud DISABLED!
2019-10-03 13:31:01,167|I|Thread-1|secretKey not set; output-to-cloud DISABLED!
2019-10-03 13:31:01,212|I|Thread-1|missing REQUIRED configuration; sms DISABLED!
2019-10-03 13:31:02,505|I|Thread-1|[20191003_133100] executing C:\projects\OrangeHRMWebApplication\artifact\script\OHRM_02_features.xlsx with 1 iteration(s)
2019-10-03 13:31:02,510|I|Thread-1|[20191003_133100] create directory C:\projects\OrangeHRMWebApplication\output\20191003_133100\captures
2019-10-03 13:31:02,511|I|Thread-1|[20191003_133100] create directory C:\projects\OrangeHRMWebApplication\output\20191003_133100\logs
2019-10-03 13:31:06,429|I|Thread-1|macro(s) found and merged; C:\projects\OrangeHRMWebApplication\output\20191003_133100\OHRM_02_features.20191003_133102.001.xlsx will need to be saved
2019-10-03 13:31:06,430|I|Thread-1|[20191003_133100] merging test data to tmp file C:\projects\OrangeHRMWebApplication\output\20191003_133100\OHRM_02_features.20191003_133102.001.xlsx
2019-10-03 13:31:06,433|I|Thread-1|refetching data from C:\projects\OrangeHRMWebApplication\artifact\data\OHRM_02_features.data.xlsx
2019-10-03 13:31:07,300|I|Thread-1|[20191003_133100] test script and test data merged to C:\projects\OrangeHRMWebApplication\output\20191003_133100\OHRM_02_features.20191003_133102.001.xlsx
2019-10-03 13:31:09,498|I|Thread-1|STARTS
2019-10-03 13:31:09,539|I|Thread-1|OHRM_02_features.20191003_133102.001 - executing iteration #1 of 1; Iteration Id 1
2019-10-03 13:31:09,547|I|Thread-1|OHRM_02_features.20191003_133102.001|Personnel Information Managemen - executing test scenario
2019-10-03 13:31:09,548|I|Thread-1|OHRM_02_features.20191003_133102.001|Personnel Information Managemen|Feature-Personnel Information Management (PIM) - executing activity
2019-10-03 13:31:10,151|I|Thread-1|OHRM_02_features.20191003_133102.001|Personnel Information Managemen|Feature-Personnel Information Management (PIM)|#  5|base.section(steps) - executing section(steps)(4)
2019-10-03 13:31:10,178|I|Thread-1|OHRM_02_features.20191003_133102.001|Personnel Information Managemen|Feature-Personnel Information Management (PIM)|#  5|base.section(steps) - PASS 
