2019-10-03 13:07:59,539|I|Thread-1|(DELAYED) nexial-core 2.2_0488 starting up...
2019-10-03 13:07:59,544|I|Thread-1|(DELAYED) data file resolved as C:\Windows\TEMP\YIkUn\OHRM_01_signup.data.xlsx
2019-10-03 13:07:59,545|I|Thread-1|(DELAYED) input files and output directory resolved...
2019-10-03 13:07:59,545|I|Thread-1|(DELAYED) No predefined nexial-setup found
2019-10-03 13:07:59,545|I|Thread-1|(DELAYED) [20191003_130759] [C:\projects\OrangeHRMWebApplication\artifact\script\OHRM_01_signup.xlsx] resolve RUN ID as 20191003_130759
2019-10-03 13:07:59,545|I|Thread-1|(DELAYED) [20191003_130759] [C:\projects\OrangeHRMWebApplication\artifact\script\OHRM_01_signup.xlsx] new thread started
2019-10-03 13:07:59,546|I|Thread-1|No predefined nexial-setup found
2019-10-03 13:07:59,769|I|Thread-1|outputBase not set; output-to-cloud DISABLED!
2019-10-03 13:07:59,770|I|Thread-1|accessKey not set; output-to-cloud DISABLED!
2019-10-03 13:07:59,771|I|Thread-1|secretKey not set; output-to-cloud DISABLED!
2019-10-03 13:07:59,868|I|Thread-1|missing REQUIRED configuration; sms DISABLED!
2019-10-03 13:08:01,167|I|Thread-1|[20191003_130759] executing C:\projects\OrangeHRMWebApplication\artifact\script\OHRM_01_signup.xlsx with 1 iteration(s)
2019-10-03 13:08:01,173|I|Thread-1|[20191003_130759] create directory C:\projects\OrangeHRMWebApplication\output\20191003_130759\captures
2019-10-03 13:08:01,174|I|Thread-1|[20191003_130759] create directory C:\projects\OrangeHRMWebApplication\output\20191003_130759\logs
2019-10-03 13:08:02,400|I|Thread-1|[20191003_130759] merging test data to tmp file C:\projects\OrangeHRMWebApplication\output\20191003_130759\OHRM_01_signup.20191003_130801.001.xlsx
2019-10-03 13:08:02,401|I|Thread-1|refetching data from C:\projects\OrangeHRMWebApplication\artifact\data\OHRM_01_signup.data.xlsx
2019-10-03 13:08:02,964|I|Thread-1|[20191003_130759] test script and test data merged to C:\projects\OrangeHRMWebApplication\output\20191003_130759\OHRM_01_signup.20191003_130801.001.xlsx
2019-10-03 13:08:04,668|I|Thread-1|STARTS
2019-10-03 13:08:04,701|I|Thread-1|OHRM_01_signup.20191003_130801.001 - executing iteration #1 of 1; Iteration Id 1
2019-10-03 13:08:04,708|I|Thread-1|OHRM_01_signup.20191003_130801.001|signup - executing test scenario
2019-10-03 13:08:04,709|I|Thread-1|OHRM_01_signup.20191003_130801.001|signup|Openurl - executing activity
2019-10-03 13:08:05,311|I|Thread-1|OHRM_01_signup.20191003_130801.001|signup|Openurl|#  5|web.open(url) - executing open(url)(${url})
2019-10-03 13:08:05,317|I|Thread-1|No valid instance of webdriver, initializing...
2019-10-03 13:08:05,320|I|Thread-1|init chrome
2019-10-03 13:08:08,615|I|Thread-1|browser initialization completed for 'chrome'
2019-10-03 13:08:08,654|I|Thread-1|setting browser polling wait time to 800 ms
2019-10-03 13:08:08,717|I|Thread-1|setting browser page load timeout to 10000 ms
2019-10-03 13:08:08,845|I|Thread-1|OHRM_01_signup.20191003_130801.001|signup|Openurl|#  5|web.open(url) - default browser stability wait time is 3000 ms
2019-10-03 13:08:16,281|I|Thread-1|current browser window handle:CDwindow-E869CA84E173855A8471FDAFD18C690F
2019-10-03 13:08:16,828|I|Thread-1|OHRM_01_signup.20191003_130801.001|signup|Openurl|#  5|web.open(url) - PASS opened URL https://www.orangehrm.com/
2019-10-03 13:08:16,828|I|Thread-1|OHRM_01_signup.20191003_130801.001|signup|MaximizeWindow - executing activity
2019-10-03 13:08:17,429|I|Thread-1|OHRM_01_signup.20191003_130801.001|signup|MaximizeWindow|#  6|web.maximizeWindow() - executing maximizeWindow()()
2019-10-03 13:08:18,618|I|Thread-1|OHRM_01_signup.20191003_130801.001|signup|MaximizeWindow|#  6|web.maximizeWindow() - PASS browser window maximized
2019-10-03 13:08:18,619|I|Thread-1|OHRM_01_signup.20191003_130801.001|signup|ClickUsername - executing activity
2019-10-03 13:08:19,219|I|Thread-1|OHRM_01_signup.20191003_130801.001|signup|ClickUsername|#  7|web.click(locator) - executing click(locator)(${btn.freetrial.loc})
2019-10-03 13:08:19,297|I|Thread-1|clicking '//nav[@class='navbar navbar-default header-nav']/div/div[2]/ul[2]/li[2]/a'...
2019-10-03 13:08:19,366|I|Thread-1|click target via JS, @id=
2019-10-03 13:08:22,105|I|Thread-1|clicked -> true
2019-10-03 13:08:22,107|I|Thread-1|OHRM_01_signup.20191003_130801.001|signup|ClickUsername|#  7|web.click(locator) - PASS click via JS event
2019-10-03 13:08:22,108|I|Thread-1|OHRM_01_signup.20191003_130801.001|signup|EnterFavoredUrl - executing activity
2019-10-03 13:08:22,708|I|Thread-1|OHRM_01_signup.20191003_130801.001|signup|EnterFavoredUrl|#  8|web.type(locator,value) - executing type(locator,value)(${txt.favoredurl.loc}, ${FavoredUrl})
2019-10-03 13:08:23,197|I|Thread-1|OHRM_01_signup.20191003_130801.001|signup|EnterFavoredUrl|#  8|web.type(locator,value) - PASS typed text at '//div[@id='Form_submitForm_subdomain_Holder']/input'
2019-10-03 13:08:23,197|I|Thread-1|OHRM_01_signup.20191003_130801.001|signup|EnterFirstName - executing activity
2019-10-03 13:08:23,801|I|Thread-1|OHRM_01_signup.20191003_130801.001|signup|EnterFirstName|#  9|web.type(locator,value) - executing type(locator,value)(${txt.firstname.loc}, ${FirstName})
2019-10-03 13:08:24,488|I|Thread-1|OHRM_01_signup.20191003_130801.001|signup|EnterFirstName|#  9|web.type(locator,value) - PASS typed text at '//div[@id='Form_submitForm_FirstName_Holder']/div/input'
2019-10-03 13:08:24,488|I|Thread-1|OHRM_01_signup.20191003_130801.001|signup|EnterLastName - executing activity
2019-10-03 13:08:25,089|I|Thread-1|OHRM_01_signup.20191003_130801.001|signup|EnterLastName|# 10|web.type(locator,value) - executing type(locator,value)(${txt.lastname.loc}, ${LastName})
2019-10-03 13:08:25,457|I|Thread-1|OHRM_01_signup.20191003_130801.001|signup|EnterLastName|# 10|web.type(locator,value) - PASS typed text at '//div[@id='Form_submitForm_LastName_Holder']/div/input'
2019-10-03 13:08:25,458|I|Thread-1|OHRM_01_signup.20191003_130801.001|signup|EnterEmail - executing activity
2019-10-03 13:08:26,058|I|Thread-1|OHRM_01_signup.20191003_130801.001|signup|EnterEmail|# 11|web.type(locator,value) - executing type(locator,value)(${txt.email.loc}, ${Email})
2019-10-03 13:08:26,645|I|Thread-1|OHRM_01_signup.20191003_130801.001|signup|EnterEmail|# 11|web.type(locator,value) - PASS typed text at '//div[@id='Form_submitForm_Email_Holder']/div/input'
2019-10-03 13:08:26,645|I|Thread-1|OHRM_01_signup.20191003_130801.001|signup|EnterJobTitle - executing activity
2019-10-03 13:08:27,246|I|Thread-1|OHRM_01_signup.20191003_130801.001|signup|EnterJobTitle|# 12|web.type(locator,value) - executing type(locator,value)(${txt.jobtitle.loc}, ${JobTitle})
2019-10-03 13:08:27,710|I|Thread-1|OHRM_01_signup.20191003_130801.001|signup|EnterJobTitle|# 12|web.type(locator,value) - PASS typed text at '//div[@id='Form_submitForm_JobTitle_Holder']/div/input'
2019-10-03 13:08:27,711|I|Thread-1|OHRM_01_signup.20191003_130801.001|signup|SelectNoOfEmployees - executing activity
2019-10-03 13:08:28,312|I|Thread-1|OHRM_01_signup.20191003_130801.001|signup|SelectNoOfEmployees|# 13|web.select(locator,text) - executing select(locator,text)(${btn.noofemployees.loc}, ${txt.dropdown.noofemployees.loc})
2019-10-03 13:08:28,568|I|Thread-1|OHRM_01_signup.20191003_130801.001|signup|SelectNoOfEmployees|# 13|web.select(locator,text) - PASS selected '201 - 250' from '//select[@id='Form_submitForm_NoOfEmployees']'
2019-10-03 13:08:28,568|I|Thread-1|OHRM_01_signup.20191003_130801.001|signup|AssertNoOfEmployee - executing activity
2019-10-03 13:08:29,168|I|Thread-1|OHRM_01_signup.20191003_130801.001|signup|AssertNoOfEmployee|# 14|web.assertVisible(locator - executing assertVisible(locator)(${btn.noofemployees.loc})
2019-10-03 13:08:29,332|I|Thread-1|OHRM_01_signup.20191003_130801.001|signup|AssertNoOfEmployee|# 14|web.assertVisible(locator - PASS EXPECTED visible element '//select[@id='Form_submitForm_NoOfEmployees']' found
2019-10-03 13:08:29,333|I|Thread-1|OHRM_01_signup.20191003_130801.001|signup|Entercompany - executing activity
2019-10-03 13:08:29,934|I|Thread-1|OHRM_01_signup.20191003_130801.001|signup|Entercompany|# 15|web.type(locator,value) - executing type(locator,value)(${txt.company.loc}, ${company})
2019-10-03 13:08:30,286|I|Thread-1|OHRM_01_signup.20191003_130801.001|signup|Entercompany|# 15|web.type(locator,value) - PASS typed text at '//div[@id='Form_submitForm_CompanyName_Holder']/div/input'
2019-10-03 13:08:30,287|I|Thread-1|OHRM_01_signup.20191003_130801.001|signup|SelectIndustry - executing activity
2019-10-03 13:08:30,887|I|Thread-1|OHRM_01_signup.20191003_130801.001|signup|SelectIndustry|# 16|web.select(locator,text) - executing select(locator,text)(${btn.industry.loc}, ${txt.dropdown.industry.loc})
2019-10-03 13:08:31,215|I|Thread-1|OHRM_01_signup.20191003_130801.001|signup|SelectIndustry|# 16|web.select(locator,text) - PASS selected 'Education' from '//select[@id='Form_submitForm_Industry']'
2019-10-03 13:08:31,215|I|Thread-1|OHRM_01_signup.20191003_130801.001|signup|AssertIndustry - executing activity
2019-10-03 13:08:31,816|I|Thread-1|OHRM_01_signup.20191003_130801.001|signup|AssertIndustry|# 17|web.assertVisible(locator - executing assertVisible(locator)(${btn.industry.loc})
2019-10-03 13:08:31,917|I|Thread-1|OHRM_01_signup.20191003_130801.001|signup|AssertIndustry|# 17|web.assertVisible(locator - PASS EXPECTED visible element '//select[@id='Form_submitForm_Industry']' found
2019-10-03 13:08:31,917|I|Thread-1|OHRM_01_signup.20191003_130801.001|signup|EnterPhoneNumber - executing activity
2019-10-03 13:08:32,517|I|Thread-1|OHRM_01_signup.20191003_130801.001|signup|EnterPhoneNumber|# 18|web.type(locator,value) - executing type(locator,value)(${txt.phonenumber.loc}, ${PhoneNumber})
2019-10-03 13:08:33,084|I|Thread-1|OHRM_01_signup.20191003_130801.001|signup|EnterPhoneNumber|# 18|web.type(locator,value) - PASS typed text at '//div[@id='Form_submitForm_Contact_Holder']/div/input'
2019-10-03 13:08:33,085|I|Thread-1|OHRM_01_signup.20191003_130801.001|signup|SelectCountry - executing activity
2019-10-03 13:08:33,687|I|Thread-1|OHRM_01_signup.20191003_130801.001|signup|SelectCountry|# 19|web.select(locator,text) - executing select(locator,text)(${btn.country.loc}, ${txt.dropdown.country.loc})
2019-10-03 13:08:34,098|I|Thread-1|OHRM_01_signup.20191003_130801.001|signup|SelectCountry|# 19|web.select(locator,text) - PASS selected 'India' from '//select[@id='Form_submitForm_Country']'
2019-10-03 13:08:34,099|I|Thread-1|OHRM_01_signup.20191003_130801.001|signup|AssertCountry - executing activity
2019-10-03 13:08:34,701|I|Thread-1|OHRM_01_signup.20191003_130801.001|signup|AssertCountry|# 20|web.assertVisible(locator - executing assertVisible(locator)(${btn.country.loc})
2019-10-03 13:08:34,893|I|Thread-1|OHRM_01_signup.20191003_130801.001|signup|AssertCountry|# 20|web.assertVisible(locator - PASS EXPECTED visible element '//select[@id='Form_submitForm_Country']' found
2019-10-03 13:08:34,894|I|Thread-1|OHRM_01_signup.20191003_130801.001|signup|SelectState - executing activity
2019-10-03 13:08:35,494|I|Thread-1|OHRM_01_signup.20191003_130801.001|signup|SelectState|# 21|web.select(locator,text) - executing select(locator,text)(${btn.state.loc}, ${txt.dropdown.state.loc})
2019-10-03 13:08:35,685|I|Thread-1|OHRM_01_signup.20191003_130801.001|signup|SelectState|# 21|web.select(locator,text) - PASS selected 'Tamil Nadu' from '//select[@id='Form_submitForm_State']'
2019-10-03 13:08:35,686|I|Thread-1|OHRM_01_signup.20191003_130801.001|signup|AssertCountry - executing activity
2019-10-03 13:08:36,287|I|Thread-1|OHRM_01_signup.20191003_130801.001|signup|AssertCountry|# 22|web.assertVisible(locator - executing assertVisible(locator)(${btn.state.loc})
2019-10-03 13:08:36,388|I|Thread-1|OHRM_01_signup.20191003_130801.001|signup|AssertCountry|# 22|web.assertVisible(locator - PASS EXPECTED visible element '//select[@id='Form_submitForm_State']' found
2019-10-03 13:08:36,388|I|Thread-1|OHRM_01_signup.20191003_130801.001|signup|ClickCheckbox - executing activity
2019-10-03 13:08:36,989|I|Thread-1|OHRM_01_signup.20191003_130801.001|signup|ClickCheckbox|# 23|web.click(locator) - executing click(locator)(${btn.checkbox.loc})
2019-10-03 13:08:37,042|I|Thread-1|clicking '//input[@id='Form_submitForm_SetDummyData']'...
2019-10-03 13:08:37,072|I|Thread-1|click target via JS, @id=Form_submitForm_SetDummyData
2019-10-03 13:08:37,130|I|Thread-1|clicked -> true
2019-10-03 13:08:37,133|I|Thread-1|OHRM_01_signup.20191003_130801.001|signup|ClickCheckbox|# 23|web.click(locator) - PASS click via JS event
2019-10-03 13:08:37,133|I|Thread-1|OHRM_01_signup.20191003_130801.001|signup|NotARobot - executing activity
2019-10-03 13:08:37,734|I|Thread-1|OHRM_01_signup.20191003_130801.001|signup|NotARobot|# 24|web.click(locator) - executing click(locator)(${btn.robot.checkbox.loc})
2019-10-03 13:08:38,578|I|Thread-1|OHRM_01_signup.20191003_130801.001|signup|NotARobot|# 24|web.click(locator) - FAIL No element via locator '//span[@id='recaptcha-anchor']'
2019-10-03 13:08:38,579|I|Thread-1|OHRM_01_signup.20191003_130801.001|signup|submit - executing activity
2019-10-03 13:08:39,180|I|Thread-1|OHRM_01_signup.20191003_130801.001|signup|submit|# 25|web.click(locator) - executing click(locator)(${btn.submit.loc})
2019-10-03 13:08:39,231|I|Thread-1|clicking '//input[@id='Form_submitForm_action_request']'...
2019-10-03 13:08:39,282|I|Thread-1|click target via JS, @id=Form_submitForm_action_request
2019-10-03 13:08:42,602|I|Thread-1|clicked -> true
2019-10-03 13:08:42,604|I|Thread-1|OHRM_01_signup.20191003_130801.001|signup|submit|# 25|web.click(locator) - PASS click via JS event
2019-10-03 13:08:43,149|I|Thread-1|[OHRM_01_signup.20191003_130801.001|signup] saving test scenario
2019-10-03 13:08:43,635|I|Thread-1|[20191003_130759] 
/-TEST COMPLETE-----------------------------------------------------------------
| Test Output:    C:\projects\OrangeHRMWebApplication\output\20191003_130759\OHRM_01_signup.20191003_130801.001.xlsx
| Iteration:      1
\-------------------------------------------------------------------------------
» Execution Time: 38931 ms
» Test Steps:     21
» Error(s):       1



2019-10-03 13:08:45,750|I|Thread-1|SKIPPING auto-open-result since Nexial is currently running in non-interactive environment
2019-10-03 13:08:45,759|I|Thread-1|[20191003_130759] 
/-TEST COMPLETE-----------------------------------------------------------------
| Test Script:    C:\projects\OrangeHRMWebApplication\artifact\script\OHRM_01_signup.xlsx
\-------------------------------------------------------------------------------
» Execution Time: 46530 ms
» Iterations:     [1] total 1
» Test Steps:     21
» Passed:         20
» Error(s):       1
» Iteration 1 of 1: C:\projects\OrangeHRMWebApplication\output\20191003_130759\OHRM_01_signup.20191003_130801.001.xlsx



2019-10-03 13:08:46,478|I|main|[20191003_130759] [C:\projects\OrangeHRMWebApplication\artifact\script\OHRM_01_signup.xlsx] now completed
2019-10-03 13:08:46,478|I|main|[20191003_130759] all execution thread(s) have terminated
2019-10-03 13:08:46,478|I|main|[20191003_130759] test run completed in about 47 seconds
2019-10-03 13:08:46,616|I|main|No predefined nexial-setup found
2019-10-03 13:08:46,676|I|main|outputBase not set; output-to-cloud DISABLED!
2019-10-03 13:08:46,676|I|main|accessKey not set; output-to-cloud DISABLED!
2019-10-03 13:08:46,677|I|main|secretKey not set; output-to-cloud DISABLED!
2019-10-03 13:08:46,677|I|main|SKIPPING auto-open-result since Nexial is currently running in non-interactive environment
2019-10-03 13:08:46,678|I|main|generating HTML output for this execution to C:\projects\OrangeHRMWebApplication\output\20191003_130759\execution-output.html
2019-10-03 13:08:47,484|I|main|generating JUnit XML output for this execution to C:\projects\OrangeHRMWebApplication\output\20191003_130759\junit.xml
2019-10-03 13:08:47,559|I|main|Generated JUnit report for this execution: C:\projects\OrangeHRMWebApplication\output\20191003_130759\junit.xml
2019-10-03 13:08:47,560|I|main|nexial mailer not enabled: nexial.enableEmail=false
2019-10-03 13:08:47,560|I|main|skipped email notification as configured
2019-10-03 13:08:47,561|I|main|Exiting Nexial...
2019-10-03 13:08:47,561|I|main|shutdown starts...
2019-10-03 13:08:47,562|I|main|Shutting down 'chrome' webdriver...
2019-10-03 13:08:56,437|I|main|shutdown ends...
2019-10-03 13:08:56,437|I|main|

/-END OF EXECUTION--------------------------------------------------------------
| » Execution Time: 47 sec.
| » Test Steps:     21
| » Passed:         20
| » Failed:         1
| » Success Rate:   95.24%
\---------------------------------------------------------------nexial-core 2.2_0488-

2019-10-03 13:08:56,437|E|main|failure found; success rate is 95.24%
2019-10-03 13:08:56,438|I|main|End of Execution:
OUTPUT:       C:\projects\OrangeHRMWebApplication\output\20191003_130759
EXECUTION:    C:\projects\OrangeHRMWebApplication\output\20191003_130759\execution-output.html
JUNIT XML:    C:\projects\OrangeHRMWebApplication\output\20191003_130759\junit.xml
SUCCESS RATE: 95.24%
EXIT STATUS:  -13
2019-10-03 13:08:56,438|I|main|End of Execution:
NEXIAL_OUTPUT:         C:\projects\OrangeHRMWebApplication\output\20191003_130759
NEXIAL_EXECUTION_HTML: C:\projects\OrangeHRMWebApplication\output\20191003_130759\execution-output.html
NEXIAL_JUNIT_XML:      C:\projects\OrangeHRMWebApplication\output\20191003_130759\junit.xml
NEXIAL_SUCCESS_RATE:   95.24%
NEXIAL_EXIT_STATUS:    -13
