2019-10-03 13:11:07,737|I|Thread-1|(DELAYED) nexial-core 2.2_0488 starting up...
2019-10-03 13:11:07,742|I|Thread-1|(DELAYED) data file resolved as C:\Users\SANDHI~1.MUN\AppData\Local\Temp\UiAIf\OHRM_01_signup.data.xlsx
2019-10-03 13:11:07,743|I|Thread-1|(DELAYED) input files and output directory resolved...
2019-10-03 13:11:07,743|I|Thread-1|(DELAYED) No predefined nexial-setup found
2019-10-03 13:11:07,743|I|Thread-1|(DELAYED) [20191003_131107] [C:\projects\OrangeHRMWebApplication\artifact\script\OHRM_01_signup.xlsx] resolve RUN ID as 20191003_131107
2019-10-03 13:11:07,743|I|Thread-1|(DELAYED) [20191003_131107] [C:\projects\OrangeHRMWebApplication\artifact\script\OHRM_01_signup.xlsx] new thread started
2019-10-03 13:11:07,743|I|Thread-1|No predefined nexial-setup found
2019-10-03 13:11:07,844|I|Thread-1|outputBase not set; output-to-cloud DISABLED!
2019-10-03 13:11:07,845|I|Thread-1|accessKey not set; output-to-cloud DISABLED!
2019-10-03 13:11:07,846|I|Thread-1|secretKey not set; output-to-cloud DISABLED!
2019-10-03 13:11:07,875|I|Thread-1|missing REQUIRED configuration; sms DISABLED!
2019-10-03 13:11:08,903|I|Thread-1|[20191003_131107] executing C:\projects\OrangeHRMWebApplication\artifact\script\OHRM_01_signup.xlsx with 1 iteration(s)
2019-10-03 13:11:08,908|I|Thread-1|[20191003_131107] create directory C:\projects\OrangeHRMWebApplication\output\20191003_131107\captures
2019-10-03 13:11:08,909|I|Thread-1|[20191003_131107] create directory C:\projects\OrangeHRMWebApplication\output\20191003_131107\logs
2019-10-03 13:11:09,782|I|Thread-1|[20191003_131107] merging test data to tmp file C:\projects\OrangeHRMWebApplication\output\20191003_131107\OHRM_01_signup.20191003_131108.001.xlsx
2019-10-03 13:11:09,785|I|Thread-1|refetching data from C:\projects\OrangeHRMWebApplication\artifact\data\OHRM_01_signup.data.xlsx
2019-10-03 13:11:10,241|I|Thread-1|[20191003_131107] test script and test data merged to C:\projects\OrangeHRMWebApplication\output\20191003_131107\OHRM_01_signup.20191003_131108.001.xlsx
2019-10-03 13:11:11,167|I|Thread-1|STARTS
2019-10-03 13:11:11,194|I|Thread-1|OHRM_01_signup.20191003_131108.001 - executing iteration #1 of 1; Iteration Id 1
2019-10-03 13:11:11,203|I|Thread-1|OHRM_01_signup.20191003_131108.001|signup - executing test scenario
2019-10-03 13:11:11,206|I|Thread-1|OHRM_01_signup.20191003_131108.001|signup|Openurl - executing activity
2019-10-03 13:11:11,808|I|Thread-1|OHRM_01_signup.20191003_131108.001|signup|Openurl|#  5|web.open(url) - executing open(url)(${url})
2019-10-03 13:11:11,826|I|Thread-1|No valid instance of webdriver, initializing...
2019-10-03 13:11:11,833|I|Thread-1|init chrome
2019-10-03 13:11:15,012|I|Thread-1|browser initialization completed for 'chrome'
2019-10-03 13:11:15,040|I|Thread-1|setting browser polling wait time to 800 ms
2019-10-03 13:11:15,063|I|Thread-1|setting browser page load timeout to 10000 ms
2019-10-03 13:11:15,147|I|Thread-1|OHRM_01_signup.20191003_131108.001|signup|Openurl|#  5|web.open(url) - default browser stability wait time is 3000 ms
2019-10-03 13:11:22,391|I|Thread-1|current browser window handle:CDwindow-9492ED4C046D871C75ACF93925389635
2019-10-03 13:11:22,868|I|Thread-1|OHRM_01_signup.20191003_131108.001|signup|Openurl|#  5|web.open(url) - PASS opened URL https://www.orangehrm.com/
2019-10-03 13:11:22,957|I|Thread-1|OHRM_01_signup.20191003_131108.001|signup|MaximizeWindow - executing activity
2019-10-03 13:11:23,564|I|Thread-1|OHRM_01_signup.20191003_131108.001|signup|MaximizeWindow|#  6|web.maximizeWindow() - executing maximizeWindow()()
2019-10-03 13:11:24,805|I|Thread-1|OHRM_01_signup.20191003_131108.001|signup|MaximizeWindow|#  6|web.maximizeWindow() - PASS browser window maximized
2019-10-03 13:11:24,810|I|Thread-1|OHRM_01_signup.20191003_131108.001|signup|ClickUsername - executing activity
2019-10-03 13:11:25,413|I|Thread-1|OHRM_01_signup.20191003_131108.001|signup|ClickUsername|#  7|web.click(locator) - executing click(locator)(${btn.freetrial.loc})
2019-10-03 13:11:25,490|I|Thread-1|clicking '//nav[@class='navbar navbar-default header-nav']/div/div[2]/ul[2]/li[2]/a'...
2019-10-03 13:11:25,554|I|Thread-1|click target via JS, @id=
2019-10-03 13:11:28,162|I|Thread-1|clicked -> true
2019-10-03 13:11:28,165|I|Thread-1|OHRM_01_signup.20191003_131108.001|signup|ClickUsername|#  7|web.click(locator) - PASS click via JS event
2019-10-03 13:11:28,167|I|Thread-1|OHRM_01_signup.20191003_131108.001|signup|EnterFavoredUrl - executing activity
2019-10-03 13:11:28,769|I|Thread-1|OHRM_01_signup.20191003_131108.001|signup|EnterFavoredUrl|#  8|web.type(locator,value) - executing type(locator,value)(${txt.favoredurl.loc}, ${FavoredUrl})
2019-10-03 13:11:29,404|I|Thread-1|OHRM_01_signup.20191003_131108.001|signup|EnterFavoredUrl|#  8|web.type(locator,value) - PASS typed text at '//div[@id='Form_submitForm_subdomain_Holder']/input'
2019-10-03 13:11:29,412|I|Thread-1|OHRM_01_signup.20191003_131108.001|signup|EnterFirstName - executing activity
2019-10-03 13:11:30,014|I|Thread-1|OHRM_01_signup.20191003_131108.001|signup|EnterFirstName|#  9|web.type(locator,value) - executing type(locator,value)(${txt.firstname.loc}, ${FirstName})
2019-10-03 13:11:30,529|I|Thread-1|OHRM_01_signup.20191003_131108.001|signup|EnterFirstName|#  9|web.type(locator,value) - PASS typed text at '//div[@id='Form_submitForm_FirstName_Holder']/div/input'
2019-10-03 13:11:30,532|I|Thread-1|OHRM_01_signup.20191003_131108.001|signup|EnterLastName - executing activity
2019-10-03 13:11:31,134|I|Thread-1|OHRM_01_signup.20191003_131108.001|signup|EnterLastName|# 10|web.type(locator,value) - executing type(locator,value)(${txt.lastname.loc}, ${LastName})
2019-10-03 13:11:31,561|I|Thread-1|OHRM_01_signup.20191003_131108.001|signup|EnterLastName|# 10|web.type(locator,value) - PASS typed text at '//div[@id='Form_submitForm_LastName_Holder']/div/input'
2019-10-03 13:11:31,565|I|Thread-1|OHRM_01_signup.20191003_131108.001|signup|EnterEmail - executing activity
2019-10-03 13:11:32,166|I|Thread-1|OHRM_01_signup.20191003_131108.001|signup|EnterEmail|# 11|web.type(locator,value) - executing type(locator,value)(${txt.email.loc}, ${Email})
2019-10-03 13:11:32,692|I|Thread-1|OHRM_01_signup.20191003_131108.001|signup|EnterEmail|# 11|web.type(locator,value) - PASS typed text at '//div[@id='Form_submitForm_Email_Holder']/div/input'
2019-10-03 13:11:32,698|I|Thread-1|OHRM_01_signup.20191003_131108.001|signup|EnterJobTitle - executing activity
2019-10-03 13:11:33,300|I|Thread-1|OHRM_01_signup.20191003_131108.001|signup|EnterJobTitle|# 12|web.type(locator,value) - executing type(locator,value)(${txt.jobtitle.loc}, ${JobTitle})
2019-10-03 13:11:33,766|I|Thread-1|OHRM_01_signup.20191003_131108.001|signup|EnterJobTitle|# 12|web.type(locator,value) - PASS typed text at '//div[@id='Form_submitForm_JobTitle_Holder']/div/input'
2019-10-03 13:11:33,770|I|Thread-1|OHRM_01_signup.20191003_131108.001|signup|SelectNoOfEmployees - executing activity
2019-10-03 13:11:34,371|I|Thread-1|OHRM_01_signup.20191003_131108.001|signup|SelectNoOfEmployees|# 13|web.select(locator,text) - executing select(locator,text)(${btn.noofemployees.loc}, ${txt.dropdown.noofemployees.loc})
2019-10-03 13:11:34,615|I|Thread-1|OHRM_01_signup.20191003_131108.001|signup|SelectNoOfEmployees|# 13|web.select(locator,text) - PASS selected '201 - 250' from '//select[@id='Form_submitForm_NoOfEmployees']'
2019-10-03 13:11:34,620|I|Thread-1|OHRM_01_signup.20191003_131108.001|signup|AssertNoOfEmployee - executing activity
2019-10-03 13:11:35,221|I|Thread-1|OHRM_01_signup.20191003_131108.001|signup|AssertNoOfEmployee|# 14|web.assertVisible(locator - executing assertVisible(locator)(${btn.noofemployees.loc})
2019-10-03 13:11:35,329|I|Thread-1|OHRM_01_signup.20191003_131108.001|signup|AssertNoOfEmployee|# 14|web.assertVisible(locator - PASS EXPECTED visible element '//select[@id='Form_submitForm_NoOfEmployees']' found
2019-10-03 13:11:35,333|I|Thread-1|OHRM_01_signup.20191003_131108.001|signup|Entercompany - executing activity
2019-10-03 13:11:35,935|I|Thread-1|OHRM_01_signup.20191003_131108.001|signup|Entercompany|# 15|web.type(locator,value) - executing type(locator,value)(${txt.company.loc}, ${company})
2019-10-03 13:11:36,301|I|Thread-1|OHRM_01_signup.20191003_131108.001|signup|Entercompany|# 15|web.type(locator,value) - PASS typed text at '//div[@id='Form_submitForm_CompanyName_Holder']/div/input'
2019-10-03 13:11:36,305|I|Thread-1|OHRM_01_signup.20191003_131108.001|signup|SelectIndustry - executing activity
2019-10-03 13:11:36,907|I|Thread-1|OHRM_01_signup.20191003_131108.001|signup|SelectIndustry|# 16|web.select(locator,text) - executing select(locator,text)(${btn.industry.loc}, ${txt.dropdown.industry.loc})
2019-10-03 13:11:37,124|I|Thread-1|OHRM_01_signup.20191003_131108.001|signup|SelectIndustry|# 16|web.select(locator,text) - PASS selected 'Education' from '//select[@id='Form_submitForm_Industry']'
2019-10-03 13:11:37,128|I|Thread-1|OHRM_01_signup.20191003_131108.001|signup|AssertIndustry - executing activity
2019-10-03 13:11:37,730|I|Thread-1|OHRM_01_signup.20191003_131108.001|signup|AssertIndustry|# 17|web.assertVisible(locator - executing assertVisible(locator)(${btn.industry.loc})
2019-10-03 13:11:37,836|I|Thread-1|OHRM_01_signup.20191003_131108.001|signup|AssertIndustry|# 17|web.assertVisible(locator - PASS EXPECTED visible element '//select[@id='Form_submitForm_Industry']' found
2019-10-03 13:11:37,839|I|Thread-1|OHRM_01_signup.20191003_131108.001|signup|EnterPhoneNumber - executing activity
2019-10-03 13:11:38,441|I|Thread-1|OHRM_01_signup.20191003_131108.001|signup|EnterPhoneNumber|# 18|web.type(locator,value) - executing type(locator,value)(${txt.phonenumber.loc}, ${PhoneNumber})
2019-10-03 13:11:38,829|I|Thread-1|OHRM_01_signup.20191003_131108.001|signup|EnterPhoneNumber|# 18|web.type(locator,value) - PASS typed text at '//div[@id='Form_submitForm_Contact_Holder']/div/input'
2019-10-03 13:11:38,834|I|Thread-1|OHRM_01_signup.20191003_131108.001|signup|SelectCountry - executing activity
2019-10-03 13:11:39,437|I|Thread-1|OHRM_01_signup.20191003_131108.001|signup|SelectCountry|# 19|web.select(locator,text) - executing select(locator,text)(${btn.country.loc}, ${txt.dropdown.country.loc})
2019-10-03 13:11:39,666|I|Thread-1|OHRM_01_signup.20191003_131108.001|signup|SelectCountry|# 19|web.select(locator,text) - PASS selected 'India' from '//select[@id='Form_submitForm_Country']'
2019-10-03 13:11:39,670|I|Thread-1|OHRM_01_signup.20191003_131108.001|signup|AssertCountry - executing activity
2019-10-03 13:11:40,273|I|Thread-1|OHRM_01_signup.20191003_131108.001|signup|AssertCountry|# 20|web.assertVisible(locator - executing assertVisible(locator)(${btn.country.loc})
2019-10-03 13:11:40,379|I|Thread-1|OHRM_01_signup.20191003_131108.001|signup|AssertCountry|# 20|web.assertVisible(locator - PASS EXPECTED visible element '//select[@id='Form_submitForm_Country']' found
2019-10-03 13:11:40,383|I|Thread-1|OHRM_01_signup.20191003_131108.001|signup|SelectState - executing activity
2019-10-03 13:11:40,984|I|Thread-1|OHRM_01_signup.20191003_131108.001|signup|SelectState|# 21|web.select(locator,text) - executing select(locator,text)(${btn.state.loc}, ${txt.dropdown.state.loc})
2019-10-03 13:11:41,180|I|Thread-1|OHRM_01_signup.20191003_131108.001|signup|SelectState|# 21|web.select(locator,text) - PASS selected 'Tamil Nadu' from '//select[@id='Form_submitForm_State']'
2019-10-03 13:11:41,184|I|Thread-1|OHRM_01_signup.20191003_131108.001|signup|AssertCountry - executing activity
2019-10-03 13:11:41,786|I|Thread-1|OHRM_01_signup.20191003_131108.001|signup|AssertCountry|# 22|web.assertVisible(locator - executing assertVisible(locator)(${btn.state.loc})
2019-10-03 13:11:41,882|I|Thread-1|OHRM_01_signup.20191003_131108.001|signup|AssertCountry|# 22|web.assertVisible(locator - PASS EXPECTED visible element '//select[@id='Form_submitForm_State']' found
2019-10-03 13:11:41,885|I|Thread-1|OHRM_01_signup.20191003_131108.001|signup|ClickCheckbox - executing activity
2019-10-03 13:11:42,487|I|Thread-1|OHRM_01_signup.20191003_131108.001|signup|ClickCheckbox|# 23|web.click(locator) - executing click(locator)(${btn.checkbox.loc})
2019-10-03 13:11:42,567|I|Thread-1|clicking '//input[@id='Form_submitForm_SetDummyData']'...
2019-10-03 13:11:42,596|I|Thread-1|click target via JS, @id=Form_submitForm_SetDummyData
2019-10-03 13:11:42,644|I|Thread-1|clicked -> true
2019-10-03 13:11:42,646|I|Thread-1|OHRM_01_signup.20191003_131108.001|signup|ClickCheckbox|# 23|web.click(locator) - PASS click via JS event
2019-10-03 13:11:42,649|I|Thread-1|OHRM_01_signup.20191003_131108.001|signup|NotARobot - executing activity
2019-10-03 13:11:43,251|I|Thread-1|OHRM_01_signup.20191003_131108.001|signup|NotARobot|# 24|web.click(locator) - executing click(locator)(${btn.robot.checkbox.loc})
2019-10-03 13:11:44,122|I|Thread-1|OHRM_01_signup.20191003_131108.001|signup|NotARobot|# 24|web.click(locator) - FAIL No element via locator '//span[@id='recaptcha-anchor']'
2019-10-03 13:11:44,126|I|Thread-1|OHRM_01_signup.20191003_131108.001|signup|submit - executing activity
2019-10-03 13:11:44,728|I|Thread-1|OHRM_01_signup.20191003_131108.001|signup|submit|# 25|web.click(locator) - executing click(locator)(${btn.submit.loc})
2019-10-03 13:11:44,804|I|Thread-1|clicking '//input[@id='Form_submitForm_action_request']'...
2019-10-03 13:11:44,836|I|Thread-1|click target via JS, @id=Form_submitForm_action_request
