2019-10-01 12:12:51,219|I|Thread-1|(DELAYED) nexial-core 2.2_0488 starting up...
2019-10-01 12:12:51,226|I|Thread-1|(DELAYED) data file resolved as C:\Users\SANDHI~1.MUN\AppData\Local\Temp\mzlsj\OHRM_02_features.data.xlsx
2019-10-01 12:12:51,226|I|Thread-1|(DELAYED) input files and output directory resolved...
2019-10-01 12:12:51,226|I|Thread-1|(DELAYED) No predefined nexial-setup found
2019-10-01 12:12:51,226|I|Thread-1|(DELAYED) [20191001_121250] [C:\projects\OrangeHRMWebApplication\artifact\script\OHRM_02_features.xlsx] resolve RUN ID as 20191001_121250
2019-10-01 12:12:51,226|I|Thread-1|(DELAYED) [20191001_121250] [C:\projects\OrangeHRMWebApplication\artifact\script\OHRM_02_features.xlsx] new thread started
2019-10-01 12:12:51,229|I|Thread-1|No predefined nexial-setup found
2019-10-01 12:12:51,403|I|Thread-1|outputBase not set; output-to-cloud DISABLED!
2019-10-01 12:12:51,404|I|Thread-1|accessKey not set; output-to-cloud DISABLED!
2019-10-01 12:12:51,404|I|Thread-1|secretKey not set; output-to-cloud DISABLED!
2019-10-01 12:12:51,439|I|Thread-1|missing REQUIRED configuration; sms DISABLED!
2019-10-01 12:12:53,103|I|Thread-1|[20191001_121250] executing C:\projects\OrangeHRMWebApplication\artifact\script\OHRM_02_features.xlsx with 1 iteration(s)
2019-10-01 12:12:53,119|I|Thread-1|[20191001_121250] create directory C:\projects\OrangeHRMWebApplication\output\20191001_121250\captures
2019-10-01 12:12:53,121|I|Thread-1|[20191001_121250] create directory C:\projects\OrangeHRMWebApplication\output\20191001_121250\logs
2019-10-01 12:12:54,521|I|Thread-1|[20191001_121250] merging test data to tmp file C:\projects\OrangeHRMWebApplication\output\20191001_121250\OHRM_02_features.20191001_121253.001.xlsx
2019-10-01 12:12:54,523|I|Thread-1|refetching data from C:\projects\OrangeHRMWebApplication\artifact\data\OHRM_02_features.data.xlsx
2019-10-01 12:12:55,357|I|Thread-1|[20191001_121250] test script and test data merged to C:\projects\OrangeHRMWebApplication\output\20191001_121250\OHRM_02_features.20191001_121253.001.xlsx
2019-10-01 12:12:56,708|I|Thread-1|STARTS
2019-10-01 12:12:56,738|I|Thread-1|OHRM_02_features.20191001_121253.001 - executing iteration #1 of 1; Iteration Id 1
2019-10-01 12:12:56,749|I|Thread-1|OHRM_02_features.20191001_121253.001|orangehrm - executing test scenario
2019-10-01 12:12:56,754|I|Thread-1|OHRM_02_features.20191001_121253.001|orangehrm|Features - executing activity
2019-10-01 12:12:57,360|I|Thread-1|OHRM_02_features.20191001_121253.001|orangehrm|Features|#  5|web.open(url) - executing open(url)(${url})
2019-10-01 12:12:57,481|I|Thread-1|No valid instance of webdriver, initializing...
2019-10-01 12:12:57,485|I|Thread-1|init chrome
2019-10-01 12:13:01,500|I|Thread-1|browser initialization completed for 'chrome'
2019-10-01 12:13:01,544|I|Thread-1|setting browser polling wait time to 800 ms
2019-10-01 12:13:01,575|I|Thread-1|setting browser page load timeout to 10000 ms
2019-10-01 12:13:01,703|I|Thread-1|OHRM_02_features.20191001_121253.001|orangehrm|Features|#  5|web.open(url) - default browser stability wait time is 3000 ms
2019-10-01 12:13:09,165|I|Thread-1|current browser window handle:CDwindow-FD13A511BBCDC8993CDE57A7E0882A4A
2019-10-01 12:13:09,669|I|Thread-1|OHRM_02_features.20191001_121253.001|orangehrm|Features|#  5|web.open(url) - PASS opened URL https://www.orangehrm.com/
2019-10-01 12:13:10,272|I|Thread-1|OHRM_02_features.20191001_121253.001|orangehrm|Features|#  6|web.maximizeWindow() - executing maximizeWindow()()
2019-10-01 12:13:11,559|I|Thread-1|OHRM_02_features.20191001_121253.001|orangehrm|Features|#  6|web.maximizeWindow() - PASS browser window maximized
2019-10-01 12:13:12,165|I|Thread-1|OHRM_02_features.20191001_121253.001|orangehrm|Features|#  7|web.click(locator) - executing click(locator)(${btn.features.loc})
2019-10-01 12:13:12,260|I|Thread-1|clicking '//div[@id='header-navbar']/ul/li/a[text()='Features']'...
2019-10-01 12:13:12,326|I|Thread-1|click target via JS, @id=
2019-10-01 12:13:13,455|I|Thread-1|clicked -> true
2019-10-01 12:13:13,458|I|Thread-1|OHRM_02_features.20191001_121253.001|orangehrm|Features|#  7|web.click(locator) - PASS click via JS event
2019-10-01 12:13:14,113|I|Thread-1|OHRM_02_features.20191001_121253.001|orangehrm|Features|#  8|web.assertElementByText(l - executing assertElementByText(locator,text)(${btn.features.loc}, ${featuretext})
2019-10-01 12:13:14,309|I|Thread-1|OHRM_02_features.20191001_121253.001|orangehrm|Features|#  8|web.assertElementByText(l - PASS validated locator '//div[@id='header-navbar']/ul/li/a[text()='Features']' by text 'Features' as EXPECTED
2019-10-01 12:13:14,932|I|Thread-1|OHRM_02_features.20191001_121253.001|orangehrm|Features|#  9|web.click(locator) - executing click(locator)(${btn.pim.loc})
2019-10-01 12:13:15,002|I|Thread-1|clicking '//h4[text()='Personnel Information Management (PIM)']'...
2019-10-01 12:13:15,051|I|Thread-1|click target via JS, @id=
2019-10-01 12:13:18,160|I|Thread-1|clicked -> true
2019-10-01 12:13:18,163|I|Thread-1|OHRM_02_features.20191001_121253.001|orangehrm|Features|#  9|web.click(locator) - PASS click via JS event
2019-10-01 12:13:18,776|I|Thread-1|OHRM_02_features.20191001_121253.001|orangehrm|Features|# 10|web.assertVisible(locator - executing assertVisible(locator)(${btn.pim.loc})
2019-10-01 12:13:19,719|E|Thread-1|[20191001_121250] EXECUTING COMMAND: web.assertVisible(locator)('//h4[text()='Personnel Information Management (PIM)']')
Specified element not found: no such element: Unable to locate element: {"method":"xpath","selector":"//h4[text()='Personnel Information Management (PIM)']"}   (Session info: chrome=77.0.3865.90)...
2019-10-01 12:13:19,722|I|Thread-1|OHRM_02_features.20191001_121253.001|orangehrm|Features|# 10|web.assertVisible(locator - FAIL EXECUTING COMMAND: web.assertVisible(locator)('//h4[text()='Personnel Information Management (PIM)']')
Specified element not found: no such element: Unable to locate element: {"method":"xpath","selector":"//h4[text()='Personnel Information Management (PIM)']"}   (Session info: chrome=77.0.3865.90)...
2019-10-01 12:13:20,327|I|Thread-1|OHRM_02_features.20191001_121253.001|orangehrm|Features|# 11|web.scrollTo(locator) - executing scrollTo(locator)(${btn.customfields.loc})
2019-10-01 12:13:20,464|I|Thread-1|OHRM_02_features.20191001_121253.001|orangehrm|Features|# 11|web.scrollTo(locator) - PASS scrolled to '//h4[text()='Custom Fields']/following-sibling::a'
2019-10-01 12:13:21,075|I|Thread-1|OHRM_02_features.20191001_121253.001|orangehrm|Features|# 12|web.assertScrollbarVPrese - executing assertScrollbarVPresent(locator)(${btn.customfields.loc})
2019-10-01 12:13:21,215|I|Thread-1|OHRM_02_features.20191001_121253.001|orangehrm|Features|# 12|web.assertScrollbarVPrese - FAIL vertical scrollbar does not exists at '//h4[text()='Custom Fields']/following-sibling::a'
2019-10-01 12:13:21,823|I|Thread-1|OHRM_02_features.20191001_121253.001|orangehrm|Features|# 13|web.click(locator) - executing click(locator)(${btn.customfields.loc})
2019-10-01 12:13:21,887|I|Thread-1|clicking '//h4[text()='Custom Fields']/following-sibling::a'...
2019-10-01 12:13:21,924|I|Thread-1|click target via JS, @id=
2019-10-01 12:13:21,994|I|Thread-1|clicked -> true
2019-10-01 12:13:21,996|I|Thread-1|OHRM_02_features.20191001_121253.001|orangehrm|Features|# 13|web.click(locator) - PASS click via JS event
2019-10-01 12:13:22,599|I|Thread-1|OHRM_02_features.20191001_121253.001|orangehrm|Features|# 14|web.scrollTo(locator) - executing scrollTo(locator)(${btn.addemployee.loc})
2019-10-01 12:13:22,750|I|Thread-1|OHRM_02_features.20191001_121253.001|orangehrm|Features|# 14|web.scrollTo(locator) - PASS scrolled to '//h4[text()='Add employee']/following-sibling::a'
2019-10-01 12:13:23,358|I|Thread-1|OHRM_02_features.20191001_121253.001|orangehrm|Features|# 15|web.click(locator) - executing click(locator)(${btn.addemployee.loc})
2019-10-01 12:13:23,427|I|Thread-1|clicking '//h4[text()='Add employee']/following-sibling::a'...
2019-10-01 12:13:23,474|I|Thread-1|click target via JS, @id=
2019-10-01 12:13:23,546|I|Thread-1|clicked -> true
2019-10-01 12:13:23,549|I|Thread-1|OHRM_02_features.20191001_121253.001|orangehrm|Features|# 15|web.click(locator) - PASS click via JS event
2019-10-01 12:13:24,155|I|Thread-1|OHRM_02_features.20191001_121253.001|orangehrm|Features|# 16|web.scrollTo(locator) - executing scrollTo(locator)(${btn.bulkupdate.loc})
2019-10-01 12:13:24,299|I|Thread-1|OHRM_02_features.20191001_121253.001|orangehrm|Features|# 16|web.scrollTo(locator) - PASS scrolled to '//h4[text()='Bulk Update']/following-sibling::a'
2019-10-01 12:13:24,908|I|Thread-1|OHRM_02_features.20191001_121253.001|orangehrm|Features|# 17|web.click(locator) - executing click(locator)(${btn.bulkupdate.loc})
2019-10-01 12:13:24,977|I|Thread-1|clicking '//h4[text()='Bulk Update']/following-sibling::a'...
2019-10-01 12:13:25,023|I|Thread-1|click target via JS, @id=
2019-10-01 12:13:25,098|I|Thread-1|clicked -> true
2019-10-01 12:13:25,100|I|Thread-1|OHRM_02_features.20191001_121253.001|orangehrm|Features|# 17|web.click(locator) - PASS click via JS event
2019-10-01 12:13:25,704|I|Thread-1|OHRM_02_features.20191001_121253.001|orangehrm|Features|# 18|web.scrollTo(locator) - executing scrollTo(locator)(${btn.myshortcuts.loc})
2019-10-01 12:13:25,908|I|Thread-1|OHRM_02_features.20191001_121253.001|orangehrm|Features|# 18|web.scrollTo(locator) - PASS scrolled to '//h4[text()='My shortcuts']/following-sibling::a'
2019-10-01 12:13:26,518|I|Thread-1|OHRM_02_features.20191001_121253.001|orangehrm|Features|# 19|web.click(locator) - executing click(locator)(${btn.myshortcuts.loc})
2019-10-01 12:13:26,598|I|Thread-1|clicking '//h4[text()='My shortcuts']/following-sibling::a'...
2019-10-01 12:13:26,646|I|Thread-1|click target via JS, @id=
2019-10-01 12:13:26,729|I|Thread-1|clicked -> true
2019-10-01 12:13:26,734|I|Thread-1|OHRM_02_features.20191001_121253.001|orangehrm|Features|# 19|web.click(locator) - PASS click via JS event
2019-10-01 12:13:27,338|I|Thread-1|OHRM_02_features.20191001_121253.001|orangehrm|Features|# 20|web.scrollTo(locator) - executing scrollTo(locator)(${btn.reportingtools.loc})
2019-10-01 12:13:27,491|I|Thread-1|OHRM_02_features.20191001_121253.001|orangehrm|Features|# 20|web.scrollTo(locator) - PASS scrolled to '//h4[text()='Reporting tools']/following-sibling::a'
2019-10-01 12:13:28,103|I|Thread-1|OHRM_02_features.20191001_121253.001|orangehrm|Features|# 21|web.click(locator) - executing click(locator)(${btn.reportingtools.loc})
2019-10-01 12:13:28,178|I|Thread-1|clicking '//h4[text()='Reporting tools']/following-sibling::a'...
2019-10-01 12:13:28,228|I|Thread-1|click target via JS, @id=
2019-10-01 12:13:28,307|I|Thread-1|clicked -> true
2019-10-01 12:13:28,309|I|Thread-1|OHRM_02_features.20191001_121253.001|orangehrm|Features|# 21|web.click(locator) - PASS click via JS event
2019-10-01 12:13:28,809|I|Thread-1|[OHRM_02_features.20191001_121253.001|orangehrm] saving test scenario
2019-10-01 12:13:29,392|I|Thread-1|[20191001_121250] 
/-TEST COMPLETE-----------------------------------------------------------------
| Test Output:    C:\projects\OrangeHRMWebApplication\output\20191001_121250\OHRM_02_features.20191001_121253.001.xlsx
| Iteration:      1
\-------------------------------------------------------------------------------
» Execution Time: 32623 ms
» Test Steps:     17
» Error(s):       2



2019-10-01 12:13:32,421|I|Thread-1|[20191001_121250] 
/-TEST COMPLETE-----------------------------------------------------------------
| Test Script:    C:\projects\OrangeHRMWebApplication\artifact\script\OHRM_02_features.xlsx
\-------------------------------------------------------------------------------
» Execution Time: 42004 ms
» Iterations:     [1] total 1
» Test Steps:     17
» Passed:         15
» Error(s):       2
» Iteration 1 of 1: C:\projects\OrangeHRMWebApplication\output\20191001_121250\OHRM_02_features.20191001_121253.001.xlsx



2019-10-01 12:13:32,492|I|main|[20191001_121250] [C:\projects\OrangeHRMWebApplication\artifact\script\OHRM_02_features.xlsx] now completed
2019-10-01 12:13:32,493|I|main|[20191001_121250] all execution thread(s) have terminated
2019-10-01 12:13:32,494|I|main|[20191001_121250] test run completed in about 42 seconds
2019-10-01 12:13:32,697|I|main|No predefined nexial-setup found
2019-10-01 12:13:32,762|I|main|outputBase not set; output-to-cloud DISABLED!
2019-10-01 12:13:32,763|I|main|accessKey not set; output-to-cloud DISABLED!
2019-10-01 12:13:32,764|I|main|secretKey not set; output-to-cloud DISABLED!
2019-10-01 12:13:32,766|I|main|generating HTML output for this execution to C:\projects\OrangeHRMWebApplication\output\20191001_121250\execution-output.html
2019-10-01 12:13:33,644|I|main|generating JUnit XML output for this execution to C:\projects\OrangeHRMWebApplication\output\20191001_121250\junit.xml
2019-10-01 12:13:33,712|I|main|Generated JUnit report for this execution: C:\projects\OrangeHRMWebApplication\output\20191001_121250\junit.xml
2019-10-01 12:13:33,733|I|main|nexial mailer not enabled: nexial.enableEmail=false
2019-10-01 12:13:33,734|I|main|skipped email notification as configured
2019-10-01 12:13:33,740|I|main|Exiting Nexial...
2019-10-01 12:13:33,743|I|main|shutdown starts...
2019-10-01 12:13:33,745|I|main|Shutting down 'chrome' webdriver...
2019-10-01 12:13:42,627|I|main|shutdown ends...
2019-10-01 12:13:42,637|I|main|

/-END OF EXECUTION--------------------------------------------------------------
| » Execution Time: 42 sec.
| » Test Steps:     17
| » Passed:         15
| » Failed:         2
| » Success Rate:   88.24%
\---------------------------------------------------------------nexial-core 2.2_0488-

2019-10-01 12:13:42,644|E|main|failure found; success rate is 88.24%
2019-10-01 12:13:42,646|I|main|End of Execution:
OUTPUT:       C:\projects\OrangeHRMWebApplication\output\20191001_121250
EXECUTION:    C:\projects\OrangeHRMWebApplication\output\20191001_121250\execution-output.html
JUNIT XML:    C:\projects\OrangeHRMWebApplication\output\20191001_121250\junit.xml
SUCCESS RATE: 88.24%
EXIT STATUS:  -13
2019-10-01 12:13:42,650|I|main|End of Execution:
NEXIAL_OUTPUT:         C:\projects\OrangeHRMWebApplication\output\20191001_121250
NEXIAL_EXECUTION_HTML: C:\projects\OrangeHRMWebApplication\output\20191001_121250\execution-output.html
NEXIAL_JUNIT_XML:      C:\projects\OrangeHRMWebApplication\output\20191001_121250\junit.xml
NEXIAL_SUCCESS_RATE:   88.24%
NEXIAL_EXIT_STATUS:    -13
