2019-10-01 17:02:49,860|I|Thread-1|(DELAYED) nexial-core 2.2_0488 starting up...
2019-10-01 17:02:49,871|I|Thread-1|(DELAYED) data file resolved as C:\Users\SANDHI~1.MUN\AppData\Local\Temp\Wdvdt\OHRM_02_features.data.xlsx
2019-10-01 17:02:49,872|I|Thread-1|(DELAYED) input files and output directory resolved...
2019-10-01 17:02:49,872|I|Thread-1|(DELAYED) No predefined nexial-setup found
2019-10-01 17:02:49,872|I|Thread-1|(DELAYED) [20191001_170249] [C:\projects\OrangeHRMWebApplication\artifact\script\OHRM_02_features.xlsx] resolve RUN ID as 20191001_170249
2019-10-01 17:02:49,872|I|Thread-1|(DELAYED) [20191001_170249] [C:\projects\OrangeHRMWebApplication\artifact\script\OHRM_02_features.xlsx] new thread started
2019-10-01 17:02:49,872|I|Thread-1|No predefined nexial-setup found
2019-10-01 17:02:50,047|I|Thread-1|outputBase not set; output-to-cloud DISABLED!
2019-10-01 17:02:50,053|I|Thread-1|accessKey not set; output-to-cloud DISABLED!
2019-10-01 17:02:50,056|I|Thread-1|secretKey not set; output-to-cloud DISABLED!
2019-10-01 17:02:50,101|I|Thread-1|missing REQUIRED configuration; sms DISABLED!
2019-10-01 17:02:51,621|I|Thread-1|[20191001_170249] executing C:\projects\OrangeHRMWebApplication\artifact\script\OHRM_02_features.xlsx with 1 iteration(s)
2019-10-01 17:02:51,630|I|Thread-1|[20191001_170249] create directory C:\projects\OrangeHRMWebApplication\output\20191001_170249\captures
2019-10-01 17:02:51,638|I|Thread-1|[20191001_170249] create directory C:\projects\OrangeHRMWebApplication\output\20191001_170249\logs
2019-10-01 17:02:53,962|I|Thread-1|macro(s) found and merged; C:\projects\OrangeHRMWebApplication\output\20191001_170249\OHRM_02_features.20191001_170251.001.xlsx will need to be saved
2019-10-01 17:02:53,972|I|Thread-1|[20191001_170249] merging test data to tmp file C:\projects\OrangeHRMWebApplication\output\20191001_170249\OHRM_02_features.20191001_170251.001.xlsx
2019-10-01 17:02:53,974|I|Thread-1|refetching data from C:\projects\OrangeHRMWebApplication\artifact\data\OHRM_02_features.data.xlsx
2019-10-01 17:02:54,673|I|Thread-1|[20191001_170249] test script and test data merged to C:\projects\OrangeHRMWebApplication\output\20191001_170249\OHRM_02_features.20191001_170251.001.xlsx
2019-10-01 17:02:56,402|I|Thread-1|STARTS
2019-10-01 17:02:56,480|I|Thread-1|OHRM_02_features.20191001_170251.001 - executing iteration #1 of 1; Iteration Id 1
2019-10-01 17:02:56,509|I|Thread-1|OHRM_02_features.20191001_170251.001|Personnel Information Managemen - executing test scenario
2019-10-01 17:02:56,520|I|Thread-1|OHRM_02_features.20191001_170251.001|Personnel Information Managemen|Feature-Personnel Information Management (PIM) - executing activity
2019-10-01 17:02:57,141|I|Thread-1|OHRM_02_features.20191001_170251.001|Personnel Information Managemen|Feature-Personnel Information Management (PIM)|#  5|base.section(steps) - executing section(steps)(4)
2019-10-01 17:02:57,167|I|Thread-1|OHRM_02_features.20191001_170251.001|Personnel Information Managemen|Feature-Personnel Information Management (PIM)|#  5|base.section(steps) - PASS 
2019-10-01 17:02:57,776|I|Thread-1|OHRM_02_features.20191001_170251.001|Personnel Information Managemen|Feature-Personnel Information Management (PIM)|#  6|web.open(url) - executing open(url)(${url})
2019-10-01 17:02:57,795|I|Thread-1|No valid instance of webdriver, initializing...
2019-10-01 17:02:57,803|I|Thread-1|init chrome
2019-10-01 17:03:01,228|I|Thread-1|browser initialization completed for 'chrome'
2019-10-01 17:03:01,263|I|Thread-1|setting browser polling wait time to 800 ms
2019-10-01 17:03:01,296|I|Thread-1|setting browser page load timeout to 10000 ms
2019-10-01 17:03:01,384|I|Thread-1|OHRM_02_features.20191001_170251.001|Personnel Information Managemen|Feature-Personnel Information Management (PIM)|#  6|web.open(url) - default browser stability wait time is 3000 ms
2019-10-01 17:03:08,191|I|Thread-1|current browser window handle:CDwindow-D8FDDA1FF2C9BF5AE759B397D5B6209D
2019-10-01 17:03:08,671|I|Thread-1|OHRM_02_features.20191001_170251.001|Personnel Information Managemen|Feature-Personnel Information Management (PIM)|#  6|web.open(url) - PASS opened URL https://www.orangehrm.com/
2019-10-01 17:03:09,299|I|Thread-1|OHRM_02_features.20191001_170251.001|Personnel Information Managemen|Feature-Personnel Information Management (PIM)|#  7|web.maximizeWindow() - executing maximizeWindow()()
2019-10-01 17:03:10,564|I|Thread-1|OHRM_02_features.20191001_170251.001|Personnel Information Managemen|Feature-Personnel Information Management (PIM)|#  7|web.maximizeWindow() - PASS browser window maximized
2019-10-01 17:03:11,169|I|Thread-1|OHRM_02_features.20191001_170251.001|Personnel Information Managemen|Feature-Personnel Information Management (PIM)|#  8|web.click(locator) - executing click(locator)(${btn.features.loc})
2019-10-01 17:03:11,268|I|Thread-1|clicking '//div[@id='header-navbar']/ul/li/a[text()='Features']'...
2019-10-01 17:03:11,344|I|Thread-1|click target via JS, @id=
2019-10-01 17:03:12,760|I|Thread-1|clicked -> true
2019-10-01 17:03:12,763|I|Thread-1|OHRM_02_features.20191001_170251.001|Personnel Information Managemen|Feature-Personnel Information Management (PIM)|#  8|web.click(locator) - PASS click via JS event
2019-10-01 17:03:13,365|I|Thread-1|OHRM_02_features.20191001_170251.001|Personnel Information Managemen|Feature-Personnel Information Management (PIM)|#  9|web.assertElementByText(l - executing assertElementByText(locator,text)(${btn.features.loc}, ${featuretext})
2019-10-01 17:03:13,529|I|Thread-1|OHRM_02_features.20191001_170251.001|Personnel Information Managemen|Feature-Personnel Information Management (PIM)|#  9|web.assertElementByText(l - PASS validated locator '//div[@id='header-navbar']/ul/li/a[text()='Features']' by text 'Features' as EXPECTED
2019-10-01 17:03:14,142|I|Thread-1|OHRM_02_features.20191001_170251.001|Personnel Information Managemen|Feature-Personnel Information Management (PIM)|# 10|web.assertAndClick(locato - executing assertAndClick(locator,label)(${btn.pim.loc}, ${PIMlabel})
2019-10-01 17:03:14,399|I|Thread-1|clicking '//h4[text()='Personnel Information Management (PIM)' and text() = 'Personnel Information Management (PIM)']'...
2019-10-01 17:03:14,484|I|Thread-1|click target via JS, @id=
2019-10-01 17:03:17,832|I|Thread-1|clicked -> true
2019-10-01 17:03:17,835|I|Thread-1|OHRM_02_features.20191001_170251.001|Personnel Information Managemen|Feature-Personnel Information Management (PIM)|# 10|web.assertAndClick(locato - PASS click via JS event
2019-10-01 17:03:18,444|I|Thread-1|OHRM_02_features.20191001_170251.001|Personnel Information Managemen|Feature-Personnel Information Management (PIM)|# 11|base.section(steps) - executing section(steps)(3)
2019-10-01 17:03:18,449|I|Thread-1|OHRM_02_features.20191001_170251.001|Personnel Information Managemen|Feature-Personnel Information Management (PIM)|# 11|base.section(steps) - PASS 
2019-10-01 17:03:19,052|I|Thread-1|OHRM_02_features.20191001_170251.001|Personnel Information Managemen|Feature-Personnel Information Management (PIM)|# 12|web.assertTextPresent(tex - executing assertTextPresent(text)(${TryItNow})
2019-10-01 17:03:19,162|I|Thread-1|OHRM_02_features.20191001_170251.001|Personnel Information Managemen|Feature-Personnel Information Management (PIM)|# 12|web.assertTextPresent(tex - PASS EXPECTED text 'Try It Now' found
2019-10-01 17:03:19,767|I|Thread-1|OHRM_02_features.20191001_170251.001|Personnel Information Managemen|Feature-Personnel Information Management (PIM)|# 13|web.click(locator) - executing click(locator)(${btn.tryitnow.loc})
2019-10-01 17:03:19,883|I|Thread-1|clicking '//a[text()='Try It Now']'...
2019-10-01 17:03:19,965|I|Thread-1|click target via JS, @id=
2019-10-01 17:03:22,326|I|Thread-1|clicked -> true
2019-10-01 17:03:22,331|I|Thread-1|OHRM_02_features.20191001_170251.001|Personnel Information Managemen|Feature-Personnel Information Management (PIM)|# 13|web.click(locator) - PASS click via JS event
2019-10-01 17:03:22,949|I|Thread-1|OHRM_02_features.20191001_170251.001|Personnel Information Managemen|Feature-Personnel Information Management (PIM)|# 14|web.goBack() - executing goBack()()
2019-10-01 17:03:24,968|I|Thread-1|OHRM_02_features.20191001_170251.001|Personnel Information Managemen|Feature-Personnel Information Management (PIM)|# 14|web.goBack() - PASS went back previous page
2019-10-01 17:03:25,572|I|Thread-1|OHRM_02_features.20191001_170251.001|Personnel Information Managemen|Feature-Personnel Information Management (PIM)|# 15|web.scrollTo(locator) - executing scrollTo(locator)(${btn.customfields.loc})
2019-10-01 17:03:25,746|I|Thread-1|OHRM_02_features.20191001_170251.001|Personnel Information Managemen|Feature-Personnel Information Management (PIM)|# 15|web.scrollTo(locator) - PASS scrolled to '//h4[text()='Custom Fields']/following-sibling::a'
2019-10-01 17:03:26,351|I|Thread-1|OHRM_02_features.20191001_170251.001|Personnel Information Managemen|Feature-Personnel Information Management (PIM)|# 16|web.assertTextPresent(tex - executing assertTextPresent(text)(${CustomFields})
2019-10-01 17:03:26,451|I|Thread-1|OHRM_02_features.20191001_170251.001|Personnel Information Managemen|Feature-Personnel Information Management (PIM)|# 16|web.assertTextPresent(tex - PASS EXPECTED text 'Custom Fields' found
2019-10-01 17:03:27,055|I|Thread-1|OHRM_02_features.20191001_170251.001|Personnel Information Managemen|Feature-Personnel Information Management (PIM)|# 17|web.click(locator) - executing click(locator)(${btn.customfields.loc})
2019-10-01 17:03:27,118|I|Thread-1|clicking '//h4[text()='Custom Fields']/following-sibling::a'...
2019-10-01 17:03:27,160|I|Thread-1|click target via JS, @id=
2019-10-01 17:03:27,239|I|Thread-1|clicked -> true
2019-10-01 17:03:27,244|I|Thread-1|OHRM_02_features.20191001_170251.001|Personnel Information Managemen|Feature-Personnel Information Management (PIM)|# 17|web.click(locator) - PASS click via JS event
2019-10-01 17:03:27,847|I|Thread-1|OHRM_02_features.20191001_170251.001|Personnel Information Managemen|Feature-Personnel Information Management (PIM)|# 18|web.scrollTo(locator) - executing scrollTo(locator)(${btn.addemployee.loc})
2019-10-01 17:03:28,060|I|Thread-1|OHRM_02_features.20191001_170251.001|Personnel Information Managemen|Feature-Personnel Information Management (PIM)|# 18|web.scrollTo(locator) - PASS scrolled to '//h4[text()='Add employee']/following-sibling::a'
2019-10-01 17:03:28,670|I|Thread-1|OHRM_02_features.20191001_170251.001|Personnel Information Managemen|Feature-Personnel Information Management (PIM)|# 19|web.assertTextPresent(tex - executing assertTextPresent(text)(${AddEmployee})
2019-10-01 17:03:28,778|I|Thread-1|OHRM_02_features.20191001_170251.001|Personnel Information Managemen|Feature-Personnel Information Management (PIM)|# 19|web.assertTextPresent(tex - PASS EXPECTED text 'Add employee' found
2019-10-01 17:03:29,382|I|Thread-1|OHRM_02_features.20191001_170251.001|Personnel Information Managemen|Feature-Personnel Information Management (PIM)|# 20|web.click(locator) - executing click(locator)(${btn.addemployee.loc})
2019-10-01 17:03:29,488|I|Thread-1|clicking '//h4[text()='Add employee']/following-sibling::a'...
2019-10-01 17:03:29,564|I|Thread-1|click target via JS, @id=
2019-10-01 17:03:29,634|I|Thread-1|clicked -> true
2019-10-01 17:03:29,636|I|Thread-1|OHRM_02_features.20191001_170251.001|Personnel Information Managemen|Feature-Personnel Information Management (PIM)|# 20|web.click(locator) - PASS click via JS event
2019-10-01 17:03:30,240|I|Thread-1|OHRM_02_features.20191001_170251.001|Personnel Information Managemen|Feature-Personnel Information Management (PIM)|# 21|web.scrollTo(locator) - executing scrollTo(locator)(${btn.bulkupdate.loc})
2019-10-01 17:03:30,410|I|Thread-1|OHRM_02_features.20191001_170251.001|Personnel Information Managemen|Feature-Personnel Information Management (PIM)|# 21|web.scrollTo(locator) - PASS scrolled to '//h4[text()='Bulk Update']/following-sibling::a'
2019-10-01 17:03:31,014|I|Thread-1|OHRM_02_features.20191001_170251.001|Personnel Information Managemen|Feature-Personnel Information Management (PIM)|# 22|web.assertTextPresent(tex - executing assertTextPresent(text)(${BulkUpdate})
2019-10-01 17:03:31,102|I|Thread-1|OHRM_02_features.20191001_170251.001|Personnel Information Managemen|Feature-Personnel Information Management (PIM)|# 22|web.assertTextPresent(tex - PASS EXPECTED text 'Bulk Update' found
2019-10-01 17:03:31,706|I|Thread-1|OHRM_02_features.20191001_170251.001|Personnel Information Managemen|Feature-Personnel Information Management (PIM)|# 23|web.click(locator) - executing click(locator)(${btn.bulkupdate.loc})
2019-10-01 17:03:31,770|I|Thread-1|clicking '//h4[text()='Bulk Update']/following-sibling::a'...
2019-10-01 17:03:31,818|I|Thread-1|click target via JS, @id=
2019-10-01 17:03:31,933|I|Thread-1|clicked -> true
2019-10-01 17:03:31,936|I|Thread-1|OHRM_02_features.20191001_170251.001|Personnel Information Managemen|Feature-Personnel Information Management (PIM)|# 23|web.click(locator) - PASS click via JS event
2019-10-01 17:03:32,540|I|Thread-1|OHRM_02_features.20191001_170251.001|Personnel Information Managemen|Feature-Personnel Information Management (PIM)|# 24|web.scrollTo(locator) - executing scrollTo(locator)(${btn.myshortcuts.loc})
2019-10-01 17:03:32,729|I|Thread-1|OHRM_02_features.20191001_170251.001|Personnel Information Managemen|Feature-Personnel Information Management (PIM)|# 24|web.scrollTo(locator) - PASS scrolled to '//h4[text()='My shortcuts']/following-sibling::a'
2019-10-01 17:03:33,334|I|Thread-1|OHRM_02_features.20191001_170251.001|Personnel Information Managemen|Feature-Personnel Information Management (PIM)|# 25|web.assertTextPresent(tex - executing assertTextPresent(text)(${MyShortcuts})
2019-10-01 17:03:33,445|I|Thread-1|OHRM_02_features.20191001_170251.001|Personnel Information Managemen|Feature-Personnel Information Management (PIM)|# 25|web.assertTextPresent(tex - PASS EXPECTED text 'My shortcuts' found
2019-10-01 17:03:34,050|I|Thread-1|OHRM_02_features.20191001_170251.001|Personnel Information Managemen|Feature-Personnel Information Management (PIM)|# 26|web.click(locator) - executing click(locator)(${btn.myshortcuts.loc})
2019-10-01 17:03:34,121|I|Thread-1|clicking '//h4[text()='My shortcuts']/following-sibling::a'...
2019-10-01 17:03:34,181|I|Thread-1|click target via JS, @id=
2019-10-01 17:03:34,270|I|Thread-1|clicked -> true
2019-10-01 17:03:34,273|I|Thread-1|OHRM_02_features.20191001_170251.001|Personnel Information Managemen|Feature-Personnel Information Management (PIM)|# 26|web.click(locator) - PASS click via JS event
2019-10-01 17:03:34,878|I|Thread-1|OHRM_02_features.20191001_170251.001|Personnel Information Managemen|Feature-Personnel Information Management (PIM)|# 27|web.scrollTo(locator) - executing scrollTo(locator)(${btn.reportingtools.loc})
2019-10-01 17:03:35,068|I|Thread-1|OHRM_02_features.20191001_170251.001|Personnel Information Managemen|Feature-Personnel Information Management (PIM)|# 27|web.scrollTo(locator) - PASS scrolled to '//h4[text()='Reporting tools']/following-sibling::a'
2019-10-01 17:03:35,673|I|Thread-1|OHRM_02_features.20191001_170251.001|Personnel Information Managemen|Feature-Personnel Information Management (PIM)|# 28|web.assertTextPresent(tex - executing assertTextPresent(text)(${ReportingTools})
2019-10-01 17:03:35,752|I|Thread-1|OHRM_02_features.20191001_170251.001|Personnel Information Managemen|Feature-Personnel Information Management (PIM)|# 28|web.assertTextPresent(tex - PASS EXPECTED text 'Reporting tools' found
2019-10-01 17:03:36,358|I|Thread-1|OHRM_02_features.20191001_170251.001|Personnel Information Managemen|Feature-Personnel Information Management (PIM)|# 29|web.click(locator) - executing click(locator)(${btn.reportingtools.loc})
2019-10-01 17:03:36,427|I|Thread-1|clicking '//h4[text()='Reporting tools']/following-sibling::a'...
2019-10-01 17:03:36,475|I|Thread-1|click target via JS, @id=
2019-10-01 17:03:36,571|I|Thread-1|clicked -> true
2019-10-01 17:03:36,573|I|Thread-1|OHRM_02_features.20191001_170251.001|Personnel Information Managemen|Feature-Personnel Information Management (PIM)|# 29|web.click(locator) - PASS click via JS event
2019-10-01 17:03:37,176|I|Thread-1|OHRM_02_features.20191001_170251.001|Personnel Information Managemen|Feature-Personnel Information Management (PIM)|# 30|base.section(steps) - executing section(steps)(1)
2019-10-01 17:03:37,188|I|Thread-1|OHRM_02_features.20191001_170251.001|Personnel Information Managemen|Feature-Personnel Information Management (PIM)|# 30|base.section(steps) - PASS 
2019-10-01 17:03:37,792|I|Thread-1|OHRM_02_features.20191001_170251.001|Personnel Information Managemen|Feature-Personnel Information Management (PIM)|# 31|base.verbose(text) - executing verbose(text)(Executed Successfully)
2019-10-01 17:03:37,797|I|Thread-1|OHRM_02_features.20191001_170251.001|Personnel Information Managemen|Feature-Personnel Information Management (PIM)|# 31|base.verbose(text) - Executed Successfully
2019-10-01 17:03:37,804|I|Thread-1|OHRM_02_features.20191001_170251.001|Personnel Information Managemen|Feature-Personnel Information Management (PIM)|# 31|base.verbose(text) - PASS 
2019-10-01 17:03:38,281|I|Thread-1|[OHRM_02_features.20191001_170251.001|Personnel Information Managemen] saving test scenario
2019-10-01 17:03:39,221|I|Thread-1|OHRM_02_features.20191001_170251.001|Leave or  Time off Management - executing test scenario
2019-10-01 17:03:39,224|I|Thread-1|OHRM_02_features.20191001_170251.001|Leave or  Time off Management|Feature-Leave/ Time off Management - executing activity
2019-10-01 17:03:39,827|I|Thread-1|OHRM_02_features.20191001_170251.001|Leave or  Time off Management|Feature-Leave/ Time off Management|#  5|base.section(steps) - executing section(steps)(4)
2019-10-01 17:03:39,835|I|Thread-1|OHRM_02_features.20191001_170251.001|Leave or  Time off Management|Feature-Leave/ Time off Management|#  5|base.section(steps) - PASS 
2019-10-01 17:03:40,438|I|Thread-1|OHRM_02_features.20191001_170251.001|Leave or  Time off Management|Feature-Leave/ Time off Management|#  6|web.open(url) - executing open(url)(${url})
2019-10-01 17:03:43,992|I|Thread-1|current browser window handle:CDwindow-D8FDDA1FF2C9BF5AE759B397D5B6209D
2019-10-01 17:03:44,064|I|Thread-1|OHRM_02_features.20191001_170251.001|Leave or  Time off Management|Feature-Leave/ Time off Management|#  6|web.open(url) - PASS opened URL https://www.orangehrm.com/
2019-10-01 17:03:44,676|I|Thread-1|OHRM_02_features.20191001_170251.001|Leave or  Time off Management|Feature-Leave/ Time off Management|#  7|web.maximizeWindow() - executing maximizeWindow()()
2019-10-01 17:03:44,751|I|Thread-1|OHRM_02_features.20191001_170251.001|Leave or  Time off Management|Feature-Leave/ Time off Management|#  7|web.maximizeWindow() - PASS browser window maximized
2019-10-01 17:03:45,355|I|Thread-1|OHRM_02_features.20191001_170251.001|Leave or  Time off Management|Feature-Leave/ Time off Management|#  8|web.click(locator) - executing click(locator)(${btn.features.loc})
2019-10-01 17:03:45,490|I|Thread-1|clicking '//div[@id='header-navbar']/ul/li/a[text()='Features']'...
2019-10-01 17:03:45,563|I|Thread-1|click target via JS, @id=
2019-10-01 17:03:46,725|I|Thread-1|clicked -> true
2019-10-01 17:03:46,734|I|Thread-1|OHRM_02_features.20191001_170251.001|Leave or  Time off Management|Feature-Leave/ Time off Management|#  8|web.click(locator) - PASS click via JS event
2019-10-01 17:03:47,343|I|Thread-1|OHRM_02_features.20191001_170251.001|Leave or  Time off Management|Feature-Leave/ Time off Management|#  9|web.assertElementByText(l - executing assertElementByText(locator,text)(${btn.features.loc}, ${featuretext})
2019-10-01 17:03:47,471|I|Thread-1|OHRM_02_features.20191001_170251.001|Leave or  Time off Management|Feature-Leave/ Time off Management|#  9|web.assertElementByText(l - PASS validated locator '//div[@id='header-navbar']/ul/li/a[text()='Features']' by text 'Features' as EXPECTED
2019-10-01 17:03:48,076|I|Thread-1|OHRM_02_features.20191001_170251.001|Leave or  Time off Management|Feature-Leave/ Time off Management|# 10|web.assertAndClick(locato - executing assertAndClick(locator,label)(${btn.leaveortime.loc}, ${LeaveOrTimeLabel})
2019-10-01 17:03:48,242|I|Thread-1|clicking '//h4[text()='Leave/ Time off Management' and text() = 'Leave/ Time off Management']'...
2019-10-01 17:03:48,292|I|Thread-1|click target via JS, @id=
2019-10-01 17:03:51,470|I|Thread-1|clicked -> true
2019-10-01 17:03:51,474|I|Thread-1|OHRM_02_features.20191001_170251.001|Leave or  Time off Management|Feature-Leave/ Time off Management|# 10|web.assertAndClick(locato - PASS click via JS event
2019-10-01 17:03:52,082|I|Thread-1|OHRM_02_features.20191001_170251.001|Leave or  Time off Management|Feature-Leave/ Time off Management|# 11|web.scrollTo(locator) - executing scrollTo(locator)(${txt.accural.loc})
2019-10-01 17:03:52,244|I|Thread-1|OHRM_02_features.20191001_170251.001|Leave or  Time off Management|Feature-Leave/ Time off Management|# 11|web.scrollTo(locator) - PASS scrolled to '//h3[text()='Leave Accrual and Carry Forward ']'
2019-10-01 17:03:52,849|I|Thread-1|OHRM_02_features.20191001_170251.001|Leave or  Time off Management|Feature-Leave/ Time off Management|# 12|web.assertTextPresent(tex - executing assertTextPresent(text)(${LeaveAccrualCarryForward})
2019-10-01 17:03:52,927|I|Thread-1|OHRM_02_features.20191001_170251.001|Leave or  Time off Management|Feature-Leave/ Time off Management|# 12|web.assertTextPresent(tex - PASS EXPECTED text 'Leave Accrual and Carry Forward' found
2019-10-01 17:03:53,531|I|Thread-1|OHRM_02_features.20191001_170251.001|Leave or  Time off Management|Feature-Leave/ Time off Management|# 13|web.scrollTo(locator) - executing scrollTo(locator)(${txt.calender.loc})
2019-10-01 17:03:53,680|I|Thread-1|OHRM_02_features.20191001_170251.001|Leave or  Time off Management|Feature-Leave/ Time off Management|# 13|web.scrollTo(locator) - PASS scrolled to '//h3[text()='Leave Calendar']'
2019-10-01 17:03:54,284|I|Thread-1|OHRM_02_features.20191001_170251.001|Leave or  Time off Management|Feature-Leave/ Time off Management|# 14|web.assertTextPresent(tex - executing assertTextPresent(text)(${LeaveCalendar})
2019-10-01 17:03:54,354|I|Thread-1|OHRM_02_features.20191001_170251.001|Leave or  Time off Management|Feature-Leave/ Time off Management|# 14|web.assertTextPresent(tex - PASS EXPECTED text 'Leave Calendar' found
2019-10-01 17:03:54,976|I|Thread-1|OHRM_02_features.20191001_170251.001|Leave or  Time off Management|Feature-Leave/ Time off Management|# 15|web.scrollTo(locator) - executing scrollTo(locator)(${txt.nominee.loc})
2019-10-01 17:03:55,111|I|Thread-1|OHRM_02_features.20191001_170251.001|Leave or  Time off Management|Feature-Leave/ Time off Management|# 15|web.scrollTo(locator) - PASS scrolled to '//h3[text()='Leave Nominee']'
2019-10-01 17:03:55,714|I|Thread-1|OHRM_02_features.20191001_170251.001|Leave or  Time off Management|Feature-Leave/ Time off Management|# 16|web.assertTextPresent(tex - executing assertTextPresent(text)(${LeaveNominee})
2019-10-01 17:03:55,766|I|Thread-1|OHRM_02_features.20191001_170251.001|Leave or  Time off Management|Feature-Leave/ Time off Management|# 16|web.assertTextPresent(tex - PASS EXPECTED text 'Leave Nominee' found
2019-10-01 17:03:56,371|I|Thread-1|OHRM_02_features.20191001_170251.001|Leave or  Time off Management|Feature-Leave/ Time off Management|# 17|web.scrollTo(locator) - executing scrollTo(locator)(${txt.reports.loc})
2019-10-01 17:03:56,473|I|Thread-1|OHRM_02_features.20191001_170251.001|Leave or  Time off Management|Feature-Leave/ Time off Management|# 17|web.scrollTo(locator) - PASS scrolled to '//h3[text()='Leave Reports']'
2019-10-01 17:03:57,077|I|Thread-1|OHRM_02_features.20191001_170251.001|Leave or  Time off Management|Feature-Leave/ Time off Management|# 18|web.assertTextPresent(tex - executing assertTextPresent(text)(${LeaveReports})
2019-10-01 17:03:57,133|I|Thread-1|OHRM_02_features.20191001_170251.001|Leave or  Time off Management|Feature-Leave/ Time off Management|# 18|web.assertTextPresent(tex - PASS EXPECTED text 'Leave Reports' found
2019-10-01 17:03:57,739|I|Thread-1|OHRM_02_features.20191001_170251.001|Leave or  Time off Management|Feature-Leave/ Time off Management|# 19|base.section(steps) - executing section(steps)(1)
2019-10-01 17:03:57,743|I|Thread-1|OHRM_02_features.20191001_170251.001|Leave or  Time off Management|Feature-Leave/ Time off Management|# 19|base.section(steps) - PASS 
2019-10-01 17:03:58,346|I|Thread-1|OHRM_02_features.20191001_170251.001|Leave or  Time off Management|Feature-Leave/ Time off Management|# 20|base.verbose(text) - executing verbose(text)(Executed Successfully)
2019-10-01 17:03:58,350|I|Thread-1|OHRM_02_features.20191001_170251.001|Leave or  Time off Management|Feature-Leave/ Time off Management|# 20|base.verbose(text) - Executed Successfully
2019-10-01 17:03:58,358|I|Thread-1|OHRM_02_features.20191001_170251.001|Leave or  Time off Management|Feature-Leave/ Time off Management|# 20|base.verbose(text) - PASS 
2019-10-01 17:03:58,416|I|Thread-1|[OHRM_02_features.20191001_170251.001|Leave or  Time off Management] saving test scenario
2019-10-01 17:03:58,726|I|Thread-1|OHRM_02_features.20191001_170251.001|Time & Attendance Management - executing test scenario
2019-10-01 17:03:58,728|I|Thread-1|OHRM_02_features.20191001_170251.001|Time & Attendance Management|Feature-Time & Attendance Management - executing activity
2019-10-01 17:03:59,331|I|Thread-1|OHRM_02_features.20191001_170251.001|Time & Attendance Management|Feature-Time & Attendance Management|#  5|base.section(steps) - executing section(steps)(4)
2019-10-01 17:03:59,344|I|Thread-1|OHRM_02_features.20191001_170251.001|Time & Attendance Management|Feature-Time & Attendance Management|#  5|base.section(steps) - PASS 
2019-10-01 17:03:59,946|I|Thread-1|OHRM_02_features.20191001_170251.001|Time & Attendance Management|Feature-Time & Attendance Management|#  6|web.open(url) - executing open(url)(${url})
2019-10-01 17:04:02,993|I|Thread-1|current browser window handle:CDwindow-D8FDDA1FF2C9BF5AE759B397D5B6209D
2019-10-01 17:04:03,039|I|Thread-1|OHRM_02_features.20191001_170251.001|Time & Attendance Management|Feature-Time & Attendance Management|#  6|web.open(url) - PASS opened URL https://www.orangehrm.com/
2019-10-01 17:04:03,644|I|Thread-1|OHRM_02_features.20191001_170251.001|Time & Attendance Management|Feature-Time & Attendance Management|#  7|web.maximizeWindow() - executing maximizeWindow()()
2019-10-01 17:04:03,718|I|Thread-1|OHRM_02_features.20191001_170251.001|Time & Attendance Management|Feature-Time & Attendance Management|#  7|web.maximizeWindow() - PASS browser window maximized
2019-10-01 17:04:04,325|I|Thread-1|OHRM_02_features.20191001_170251.001|Time & Attendance Management|Feature-Time & Attendance Management|#  8|web.click(locator) - executing click(locator)(${btn.features.loc})
2019-10-01 17:04:04,408|I|Thread-1|clicking '//div[@id='header-navbar']/ul/li/a[text()='Features']'...
2019-10-01 17:04:04,457|I|Thread-1|click target via JS, @id=
2019-10-01 17:04:06,059|I|Thread-1|clicked -> true
2019-10-01 17:04:06,060|I|Thread-1|OHRM_02_features.20191001_170251.001|Time & Attendance Management|Feature-Time & Attendance Management|#  8|web.click(locator) - PASS click via JS event
2019-10-01 17:04:06,664|I|Thread-1|OHRM_02_features.20191001_170251.001|Time & Attendance Management|Feature-Time & Attendance Management|#  9|web.assertElementByText(l - executing assertElementByText(locator,text)(${btn.features.loc}, ${featuretext})
2019-10-01 17:04:06,786|I|Thread-1|OHRM_02_features.20191001_170251.001|Time & Attendance Management|Feature-Time & Attendance Management|#  9|web.assertElementByText(l - PASS validated locator '//div[@id='header-navbar']/ul/li/a[text()='Features']' by text 'Features' as EXPECTED
2019-10-01 17:04:07,399|I|Thread-1|OHRM_02_features.20191001_170251.001|Time & Attendance Management|Feature-Time & Attendance Management|# 10|web.assertAndClick(locato - executing assertAndClick(locator,label)(${btn.leaveandattendence.loc}, ${TimeAndAttendence})
2019-10-01 17:04:07,561|I|Thread-1|clicking '//h4[text()='Time & Attendance Management' and text() = 'Time & Attendance Management']'...
2019-10-01 17:04:07,600|I|Thread-1|click target via JS, @id=
2019-10-01 17:04:09,329|I|Thread-1|clicked -> true
2019-10-01 17:04:09,335|I|Thread-1|OHRM_02_features.20191001_170251.001|Time & Attendance Management|Feature-Time & Attendance Management|# 10|web.assertAndClick(locato - PASS click via JS event
2019-10-01 17:04:09,947|I|Thread-1|OHRM_02_features.20191001_170251.001|Time & Attendance Management|Feature-Time & Attendance Management|# 11|web.scrollTo(locator) - executing scrollTo(locator)(${txt.timesheets.loc})
2019-10-01 17:04:10,097|I|Thread-1|OHRM_02_features.20191001_170251.001|Time & Attendance Management|Feature-Time & Attendance Management|# 11|web.scrollTo(locator) - PASS scrolled to '//h3[text()='Timesheets']'
2019-10-01 17:04:10,702|I|Thread-1|OHRM_02_features.20191001_170251.001|Time & Attendance Management|Feature-Time & Attendance Management|# 12|web.assertTextPresent(tex - executing assertTextPresent(text)(${Timesheets})
2019-10-01 17:04:10,770|I|Thread-1|OHRM_02_features.20191001_170251.001|Time & Attendance Management|Feature-Time & Attendance Management|# 12|web.assertTextPresent(tex - PASS EXPECTED text 'Timesheets' found
2019-10-01 17:04:11,374|I|Thread-1|OHRM_02_features.20191001_170251.001|Time & Attendance Management|Feature-Time & Attendance Management|# 13|web.scrollTo(locator) - executing scrollTo(locator)(${txt.paypolicy.loc})
2019-10-01 17:04:11,503|I|Thread-1|OHRM_02_features.20191001_170251.001|Time & Attendance Management|Feature-Time & Attendance Management|# 13|web.scrollTo(locator) - PASS scrolled to '//h3[text()='Pay policies and Overtime']'
2019-10-01 17:04:12,109|I|Thread-1|OHRM_02_features.20191001_170251.001|Time & Attendance Management|Feature-Time & Attendance Management|# 14|web.assertTextPresent(tex - executing assertTextPresent(text)(${PaypoliciesOvertime})
2019-10-01 17:04:12,180|I|Thread-1|OHRM_02_features.20191001_170251.001|Time & Attendance Management|Feature-Time & Attendance Management|# 14|web.assertTextPresent(tex - PASS EXPECTED text 'Pay policies and Overtime' found
2019-10-01 17:04:12,783|I|Thread-1|OHRM_02_features.20191001_170251.001|Time & Attendance Management|Feature-Time & Attendance Management|# 15|web.scrollTo(locator) - executing scrollTo(locator)(${txt.attendence.loc})
2019-10-01 17:04:12,914|I|Thread-1|OHRM_02_features.20191001_170251.001|Time & Attendance Management|Feature-Time & Attendance Management|# 15|web.scrollTo(locator) - PASS scrolled to '//h3[text()='Attendance']'
2019-10-01 17:04:13,519|I|Thread-1|OHRM_02_features.20191001_170251.001|Time & Attendance Management|Feature-Time & Attendance Management|# 16|web.assertTextPresent(tex - executing assertTextPresent(text)(${Attendance})
2019-10-01 17:04:13,588|I|Thread-1|OHRM_02_features.20191001_170251.001|Time & Attendance Management|Feature-Time & Attendance Management|# 16|web.assertTextPresent(tex - PASS EXPECTED text 'Attendance' found
2019-10-01 17:04:14,193|I|Thread-1|OHRM_02_features.20191001_170251.001|Time & Attendance Management|Feature-Time & Attendance Management|# 17|web.scrollTo(locator) - executing scrollTo(locator)(${txt.reportsanalytics.loc})
2019-10-01 17:04:14,325|I|Thread-1|OHRM_02_features.20191001_170251.001|Time & Attendance Management|Feature-Time & Attendance Management|# 17|web.scrollTo(locator) - PASS scrolled to '//h3[text()='Reports & Analytics']'
2019-10-01 17:04:14,936|I|Thread-1|OHRM_02_features.20191001_170251.001|Time & Attendance Management|Feature-Time & Attendance Management|# 18|web.assertTextPresent(tex - executing assertTextPresent(text)(${ReportsAnalytics})
2019-10-01 17:04:14,996|I|Thread-1|OHRM_02_features.20191001_170251.001|Time & Attendance Management|Feature-Time & Attendance Management|# 18|web.assertTextPresent(tex - PASS EXPECTED text 'Reports & Analytics' found
2019-10-01 17:04:15,601|I|Thread-1|OHRM_02_features.20191001_170251.001|Time & Attendance Management|Feature-Time & Attendance Management|# 19|base.section(steps) - executing section(steps)(1)
2019-10-01 17:04:15,604|I|Thread-1|OHRM_02_features.20191001_170251.001|Time & Attendance Management|Feature-Time & Attendance Management|# 19|base.section(steps) - PASS 
2019-10-01 17:04:16,206|I|Thread-1|OHRM_02_features.20191001_170251.001|Time & Attendance Management|Feature-Time & Attendance Management|# 20|base.verbose(text) - executing verbose(text)(Executed Successfully)
2019-10-01 17:04:16,211|I|Thread-1|OHRM_02_features.20191001_170251.001|Time & Attendance Management|Feature-Time & Attendance Management|# 20|base.verbose(text) - Executed Successfully
2019-10-01 17:04:16,218|I|Thread-1|OHRM_02_features.20191001_170251.001|Time & Attendance Management|Feature-Time & Attendance Management|# 20|base.verbose(text) - PASS 
2019-10-01 17:04:16,287|I|Thread-1|[OHRM_02_features.20191001_170251.001|Time & Attendance Management] saving test scenario
2019-10-01 17:04:16,566|I|Thread-1|[20191001_170249] 
/-TEST COMPLETE-----------------------------------------------------------------
| Test Output:    C:\projects\OrangeHRMWebApplication\output\20191001_170249\OHRM_02_features.20191001_170251.001.xlsx
| Iteration:      1
\-------------------------------------------------------------------------------
» Execution Time: 80071 ms
» Test Steps:     59
» Error(s):       0



2019-10-01 17:04:17,519|I|Thread-1|[20191001_170249] 
/-TEST COMPLETE-----------------------------------------------------------------
| Test Script:    C:\projects\OrangeHRMWebApplication\artifact\script\OHRM_02_features.xlsx
\-------------------------------------------------------------------------------
» Execution Time: 88071 ms
» Iterations:     [1] total 1
» Test Steps:     59
» Passed:         59
» Error(s):       0
» Iteration 1 of 1: C:\projects\OrangeHRMWebApplication\output\20191001_170249\OHRM_02_features.20191001_170251.001.xlsx



2019-10-01 17:04:17,573|I|main|[20191001_170249] [C:\projects\OrangeHRMWebApplication\artifact\script\OHRM_02_features.xlsx] now completed
2019-10-01 17:04:17,578|I|main|[20191001_170249] all execution thread(s) have terminated
2019-10-01 17:04:17,581|I|main|[20191001_170249] test run completed in about 88 seconds
2019-10-01 17:04:17,751|I|main|No predefined nexial-setup found
2019-10-01 17:04:17,793|I|main|outputBase not set; output-to-cloud DISABLED!
2019-10-01 17:04:17,815|I|main|accessKey not set; output-to-cloud DISABLED!
2019-10-01 17:04:17,816|I|main|secretKey not set; output-to-cloud DISABLED!
2019-10-01 17:04:17,818|I|main|generating HTML output for this execution to C:\projects\OrangeHRMWebApplication\output\20191001_170249\execution-output.html
2019-10-01 17:04:18,523|I|main|generating JUnit XML output for this execution to C:\projects\OrangeHRMWebApplication\output\20191001_170249\junit.xml
2019-10-01 17:04:18,585|I|main|Generated JUnit report for this execution: C:\projects\OrangeHRMWebApplication\output\20191001_170249\junit.xml
2019-10-01 17:04:18,585|I|main|nexial mailer not enabled: nexial.enableEmail=false
2019-10-01 17:04:18,586|I|main|skipped email notification as configured
2019-10-01 17:04:18,587|I|main|Exiting Nexial...
2019-10-01 17:04:18,588|I|main|shutdown starts...
2019-10-01 17:04:18,589|I|main|Shutting down 'chrome' webdriver...
2019-10-01 17:04:27,334|I|main|shutdown ends...
2019-10-01 17:04:27,335|I|main|

/-END OF EXECUTION--------------------------------------------------------------
| » Execution Time: 88 sec.
| » Test Steps:     59
| » Passed:         59
| » Failed:         0
| » Success Rate:   100.00%
\---------------------------------------------------------------nexial-core 2.2_0488-

2019-10-01 17:04:27,337|I|main|ALL PASSED!
2019-10-01 17:04:27,338|I|main|End of Execution:
OUTPUT:       C:\projects\OrangeHRMWebApplication\output\20191001_170249
EXECUTION:    C:\projects\OrangeHRMWebApplication\output\20191001_170249\execution-output.html
JUNIT XML:    C:\projects\OrangeHRMWebApplication\output\20191001_170249\junit.xml
SUCCESS RATE: 100.00%
EXIT STATUS:  0
2019-10-01 17:04:27,340|I|main|End of Execution:
NEXIAL_OUTPUT:         C:\projects\OrangeHRMWebApplication\output\20191001_170249
NEXIAL_EXECUTION_HTML: C:\projects\OrangeHRMWebApplication\output\20191001_170249\execution-output.html
NEXIAL_JUNIT_XML:      C:\projects\OrangeHRMWebApplication\output\20191001_170249\junit.xml
NEXIAL_SUCCESS_RATE:   100.00%
NEXIAL_EXIT_STATUS:    0
