2019-10-01 17:05:21,402|I|Thread-1|(DELAYED) nexial-core 2.2_0488 starting up...
2019-10-01 17:05:21,408|I|Thread-1|(DELAYED) data file resolved as C:\Users\SANDHI~1.MUN\AppData\Local\Temp\wCRDJ\OHRM_02_features.data.xlsx
2019-10-01 17:05:21,409|I|Thread-1|(DELAYED) input files and output directory resolved...
2019-10-01 17:05:21,409|I|Thread-1|(DELAYED) No predefined nexial-setup found
2019-10-01 17:05:21,409|I|Thread-1|(DELAYED) [20191001_170521] [C:\projects\OrangeHRMWebApplication\artifact\script\OHRM_02_features.xlsx] resolve RUN ID as 20191001_170521
2019-10-01 17:05:21,409|I|Thread-1|(DELAYED) [20191001_170521] [C:\projects\OrangeHRMWebApplication\artifact\script\OHRM_02_features.xlsx] new thread started
2019-10-01 17:05:21,410|I|Thread-1|No predefined nexial-setup found
2019-10-01 17:05:21,545|I|Thread-1|outputBase not set; output-to-cloud DISABLED!
2019-10-01 17:05:21,546|I|Thread-1|accessKey not set; output-to-cloud DISABLED!
2019-10-01 17:05:21,547|I|Thread-1|secretKey not set; output-to-cloud DISABLED!
2019-10-01 17:05:21,592|I|Thread-1|missing REQUIRED configuration; sms DISABLED!
2019-10-01 17:05:22,942|I|Thread-1|[20191001_170521] executing C:\projects\OrangeHRMWebApplication\artifact\script\OHRM_02_features.xlsx with 1 iteration(s)
2019-10-01 17:05:22,955|I|Thread-1|[20191001_170521] create directory C:\projects\OrangeHRMWebApplication\output\20191001_170521\captures
2019-10-01 17:05:22,956|I|Thread-1|[20191001_170521] create directory C:\projects\OrangeHRMWebApplication\output\20191001_170521\logs
2019-10-01 17:05:25,406|I|Thread-1|macro(s) found and merged; C:\projects\OrangeHRMWebApplication\output\20191001_170521\OHRM_02_features.20191001_170522.001.xlsx will need to be saved
2019-10-01 17:05:25,409|I|Thread-1|[20191001_170521] merging test data to tmp file C:\projects\OrangeHRMWebApplication\output\20191001_170521\OHRM_02_features.20191001_170522.001.xlsx
2019-10-01 17:05:25,411|I|Thread-1|refetching data from C:\projects\OrangeHRMWebApplication\artifact\data\OHRM_02_features.data.xlsx
2019-10-01 17:05:26,080|I|Thread-1|[20191001_170521] test script and test data merged to C:\projects\OrangeHRMWebApplication\output\20191001_170521\OHRM_02_features.20191001_170522.001.xlsx
2019-10-01 17:05:27,628|I|Thread-1|STARTS
2019-10-01 17:05:27,675|I|Thread-1|OHRM_02_features.20191001_170522.001 - executing iteration #1 of 1; Iteration Id 1
2019-10-01 17:05:27,688|I|Thread-1|OHRM_02_features.20191001_170522.001|Personnel Information Managemen - executing test scenario
2019-10-01 17:05:27,690|I|Thread-1|OHRM_02_features.20191001_170522.001|Personnel Information Managemen|Feature-Personnel Information Management (PIM) - executing activity
2019-10-01 17:05:28,300|I|Thread-1|OHRM_02_features.20191001_170522.001|Personnel Information Managemen|Feature-Personnel Information Management (PIM)|#  5|base.section(steps) - executing section(steps)(4)
2019-10-01 17:05:28,307|I|Thread-1|OHRM_02_features.20191001_170522.001|Personnel Information Managemen|Feature-Personnel Information Management (PIM)|#  5|base.section(steps) - PASS 
2019-10-01 17:05:28,909|I|Thread-1|OHRM_02_features.20191001_170522.001|Personnel Information Managemen|Feature-Personnel Information Management (PIM)|#  6|web.open(url) - executing open(url)(${url})
2019-10-01 17:05:28,922|I|Thread-1|No valid instance of webdriver, initializing...
2019-10-01 17:05:28,938|I|Thread-1|init chrome
2019-10-01 17:05:32,565|I|Thread-1|browser initialization completed for 'chrome'
2019-10-01 17:05:32,602|I|Thread-1|setting browser polling wait time to 800 ms
2019-10-01 17:05:32,640|I|Thread-1|setting browser page load timeout to 10000 ms
2019-10-01 17:05:32,721|I|Thread-1|OHRM_02_features.20191001_170522.001|Personnel Information Managemen|Feature-Personnel Information Management (PIM)|#  6|web.open(url) - default browser stability wait time is 3000 ms
2019-10-01 17:05:39,959|I|Thread-1|current browser window handle:CDwindow-C73A765668BE78E73DE8B9F497967DD8
2019-10-01 17:05:40,459|I|Thread-1|OHRM_02_features.20191001_170522.001|Personnel Information Managemen|Feature-Personnel Information Management (PIM)|#  6|web.open(url) - PASS opened URL https://www.orangehrm.com/
2019-10-01 17:05:41,079|I|Thread-1|OHRM_02_features.20191001_170522.001|Personnel Information Managemen|Feature-Personnel Information Management (PIM)|#  7|web.maximizeWindow() - executing maximizeWindow()()
2019-10-01 17:05:42,593|I|Thread-1|OHRM_02_features.20191001_170522.001|Personnel Information Managemen|Feature-Personnel Information Management (PIM)|#  7|web.maximizeWindow() - PASS browser window maximized
2019-10-01 17:05:43,204|I|Thread-1|OHRM_02_features.20191001_170522.001|Personnel Information Managemen|Feature-Personnel Information Management (PIM)|#  8|web.click(locator) - executing click(locator)(${btn.features.loc})
2019-10-01 17:05:43,295|I|Thread-1|clicking '//div[@id='header-navbar']/ul/li/a[text()='Features']'...
2019-10-01 17:05:43,363|I|Thread-1|click target via JS, @id=
2019-10-01 17:05:45,259|I|Thread-1|clicked -> true
2019-10-01 17:05:45,262|I|Thread-1|OHRM_02_features.20191001_170522.001|Personnel Information Managemen|Feature-Personnel Information Management (PIM)|#  8|web.click(locator) - PASS click via JS event
2019-10-01 17:05:45,866|I|Thread-1|OHRM_02_features.20191001_170522.001|Personnel Information Managemen|Feature-Personnel Information Management (PIM)|#  9|web.assertElementByText(l - executing assertElementByText(locator,text)(${btn.features.loc}, ${featuretext})
2019-10-01 17:05:46,014|I|Thread-1|OHRM_02_features.20191001_170522.001|Personnel Information Managemen|Feature-Personnel Information Management (PIM)|#  9|web.assertElementByText(l - PASS validated locator '//div[@id='header-navbar']/ul/li/a[text()='Features']' by text 'Features' as EXPECTED
2019-10-01 17:05:46,623|I|Thread-1|OHRM_02_features.20191001_170522.001|Personnel Information Managemen|Feature-Personnel Information Management (PIM)|# 10|web.assertAndClick(locato - executing assertAndClick(locator,label)(${btn.pim.loc}, ${PIMlabel})
2019-10-01 17:05:46,862|I|Thread-1|clicking '//h4[text()='Personnel Information Management (PIM)' and text() = 'Personnel Information Management (PIM)']'...
2019-10-01 17:05:46,909|I|Thread-1|click target via JS, @id=
2019-10-01 17:05:49,918|I|Thread-1|clicked -> true
2019-10-01 17:05:49,925|I|Thread-1|OHRM_02_features.20191001_170522.001|Personnel Information Managemen|Feature-Personnel Information Management (PIM)|# 10|web.assertAndClick(locato - PASS click via JS event
2019-10-01 17:05:50,529|I|Thread-1|OHRM_02_features.20191001_170522.001|Personnel Information Managemen|Feature-Personnel Information Management (PIM)|# 11|base.section(steps) - executing section(steps)(3)
2019-10-01 17:05:50,533|I|Thread-1|OHRM_02_features.20191001_170522.001|Personnel Information Managemen|Feature-Personnel Information Management (PIM)|# 11|base.section(steps) - PASS 
2019-10-01 17:05:51,135|I|Thread-1|OHRM_02_features.20191001_170522.001|Personnel Information Managemen|Feature-Personnel Information Management (PIM)|# 12|web.assertTextPresent(tex - executing assertTextPresent(text)(${TryItNow})
2019-10-01 17:05:51,208|I|Thread-1|OHRM_02_features.20191001_170522.001|Personnel Information Managemen|Feature-Personnel Information Management (PIM)|# 12|web.assertTextPresent(tex - PASS EXPECTED text 'Try It Now' found
2019-10-01 17:05:51,816|I|Thread-1|OHRM_02_features.20191001_170522.001|Personnel Information Managemen|Feature-Personnel Information Management (PIM)|# 13|web.click(locator) - executing click(locator)(${btn.tryitnow.loc})
2019-10-01 17:05:51,878|I|Thread-1|clicking '//a[text()='Try It Now']'...
2019-10-01 17:05:51,918|I|Thread-1|click target via JS, @id=
2019-10-01 17:05:54,165|I|Thread-1|clicked -> true
2019-10-01 17:05:54,169|I|Thread-1|OHRM_02_features.20191001_170522.001|Personnel Information Managemen|Feature-Personnel Information Management (PIM)|# 13|web.click(locator) - PASS click via JS event
2019-10-01 17:05:54,777|I|Thread-1|OHRM_02_features.20191001_170522.001|Personnel Information Managemen|Feature-Personnel Information Management (PIM)|# 14|web.goBack() - executing goBack()()
2019-10-01 17:05:56,630|I|Thread-1|OHRM_02_features.20191001_170522.001|Personnel Information Managemen|Feature-Personnel Information Management (PIM)|# 14|web.goBack() - PASS went back previous page
2019-10-01 17:05:57,236|I|Thread-1|OHRM_02_features.20191001_170522.001|Personnel Information Managemen|Feature-Personnel Information Management (PIM)|# 15|web.scrollTo(locator) - executing scrollTo(locator)(${btn.customfields.loc})
2019-10-01 17:05:57,391|I|Thread-1|OHRM_02_features.20191001_170522.001|Personnel Information Managemen|Feature-Personnel Information Management (PIM)|# 15|web.scrollTo(locator) - PASS scrolled to '//h4[text()='Custom Fields']/following-sibling::a'
2019-10-01 17:05:58,000|I|Thread-1|OHRM_02_features.20191001_170522.001|Personnel Information Managemen|Feature-Personnel Information Management (PIM)|# 16|web.assertTextPresent(tex - executing assertTextPresent(text)(${CustomFields})
2019-10-01 17:05:58,086|I|Thread-1|OHRM_02_features.20191001_170522.001|Personnel Information Managemen|Feature-Personnel Information Management (PIM)|# 16|web.assertTextPresent(tex - PASS EXPECTED text 'Custom Fields' found
2019-10-01 17:05:58,693|I|Thread-1|OHRM_02_features.20191001_170522.001|Personnel Information Managemen|Feature-Personnel Information Management (PIM)|# 17|web.click(locator) - executing click(locator)(${btn.customfields.loc})
2019-10-01 17:05:58,765|I|Thread-1|clicking '//h4[text()='Custom Fields']/following-sibling::a'...
2019-10-01 17:05:58,813|I|Thread-1|click target via JS, @id=
2019-10-01 17:05:58,893|I|Thread-1|clicked -> true
2019-10-01 17:05:58,896|I|Thread-1|OHRM_02_features.20191001_170522.001|Personnel Information Managemen|Feature-Personnel Information Management (PIM)|# 17|web.click(locator) - PASS click via JS event
2019-10-01 17:05:59,504|I|Thread-1|OHRM_02_features.20191001_170522.001|Personnel Information Managemen|Feature-Personnel Information Management (PIM)|# 18|web.scrollTo(locator) - executing scrollTo(locator)(${btn.addemployee.loc})
2019-10-01 17:05:59,663|I|Thread-1|OHRM_02_features.20191001_170522.001|Personnel Information Managemen|Feature-Personnel Information Management (PIM)|# 18|web.scrollTo(locator) - PASS scrolled to '//h4[text()='Add employee']/following-sibling::a'
2019-10-01 17:06:00,272|I|Thread-1|OHRM_02_features.20191001_170522.001|Personnel Information Managemen|Feature-Personnel Information Management (PIM)|# 19|web.assertTextPresent(tex - executing assertTextPresent(text)(${AddEmployee})
2019-10-01 17:06:00,343|I|Thread-1|OHRM_02_features.20191001_170522.001|Personnel Information Managemen|Feature-Personnel Information Management (PIM)|# 19|web.assertTextPresent(tex - PASS EXPECTED text 'Add employee' found
2019-10-01 17:06:00,952|I|Thread-1|OHRM_02_features.20191001_170522.001|Personnel Information Managemen|Feature-Personnel Information Management (PIM)|# 20|web.click(locator) - executing click(locator)(${btn.addemployee.loc})
2019-10-01 17:06:01,032|I|Thread-1|clicking '//h4[text()='Add employee']/following-sibling::a'...
2019-10-01 17:06:01,072|I|Thread-1|click target via JS, @id=
2019-10-01 17:06:01,150|I|Thread-1|clicked -> true
2019-10-01 17:06:01,152|I|Thread-1|OHRM_02_features.20191001_170522.001|Personnel Information Managemen|Feature-Personnel Information Management (PIM)|# 20|web.click(locator) - PASS click via JS event
2019-10-01 17:06:01,755|I|Thread-1|OHRM_02_features.20191001_170522.001|Personnel Information Managemen|Feature-Personnel Information Management (PIM)|# 21|web.scrollTo(locator) - executing scrollTo(locator)(${btn.bulkupdate.loc})
2019-10-01 17:06:01,924|I|Thread-1|OHRM_02_features.20191001_170522.001|Personnel Information Managemen|Feature-Personnel Information Management (PIM)|# 21|web.scrollTo(locator) - PASS scrolled to '//h4[text()='Bulk Update']/following-sibling::a'
2019-10-01 17:06:02,553|I|Thread-1|OHRM_02_features.20191001_170522.001|Personnel Information Managemen|Feature-Personnel Information Management (PIM)|# 22|web.assertTextPresent(tex - executing assertTextPresent(text)(${BulkUpdate})
2019-10-01 17:06:02,640|I|Thread-1|OHRM_02_features.20191001_170522.001|Personnel Information Managemen|Feature-Personnel Information Management (PIM)|# 22|web.assertTextPresent(tex - PASS EXPECTED text 'Bulk Update' found
2019-10-01 17:06:03,251|I|Thread-1|OHRM_02_features.20191001_170522.001|Personnel Information Managemen|Feature-Personnel Information Management (PIM)|# 23|web.click(locator) - executing click(locator)(${btn.bulkupdate.loc})
2019-10-01 17:06:03,333|I|Thread-1|clicking '//h4[text()='Bulk Update']/following-sibling::a'...
2019-10-01 17:06:03,395|I|Thread-1|click target via JS, @id=
2019-10-01 17:06:03,486|I|Thread-1|clicked -> true
2019-10-01 17:06:03,488|I|Thread-1|OHRM_02_features.20191001_170522.001|Personnel Information Managemen|Feature-Personnel Information Management (PIM)|# 23|web.click(locator) - PASS click via JS event
2019-10-01 17:06:04,094|I|Thread-1|OHRM_02_features.20191001_170522.001|Personnel Information Managemen|Feature-Personnel Information Management (PIM)|# 24|web.scrollTo(locator) - executing scrollTo(locator)(${btn.myshortcuts.loc})
2019-10-01 17:06:04,281|I|Thread-1|OHRM_02_features.20191001_170522.001|Personnel Information Managemen|Feature-Personnel Information Management (PIM)|# 24|web.scrollTo(locator) - PASS scrolled to '//h4[text()='My shortcuts']/following-sibling::a'
2019-10-01 17:06:04,888|I|Thread-1|OHRM_02_features.20191001_170522.001|Personnel Information Managemen|Feature-Personnel Information Management (PIM)|# 25|web.assertTextPresent(tex - executing assertTextPresent(text)(${MyShortcuts})
2019-10-01 17:06:04,990|I|Thread-1|OHRM_02_features.20191001_170522.001|Personnel Information Managemen|Feature-Personnel Information Management (PIM)|# 25|web.assertTextPresent(tex - PASS EXPECTED text 'My shortcuts' found
2019-10-01 17:06:05,603|I|Thread-1|OHRM_02_features.20191001_170522.001|Personnel Information Managemen|Feature-Personnel Information Management (PIM)|# 26|web.click(locator) - executing click(locator)(${btn.myshortcuts.loc})
2019-10-01 17:06:05,689|I|Thread-1|clicking '//h4[text()='My shortcuts']/following-sibling::a'...
2019-10-01 17:06:05,751|I|Thread-1|click target via JS, @id=
2019-10-01 17:06:05,868|I|Thread-1|clicked -> true
2019-10-01 17:06:05,871|I|Thread-1|OHRM_02_features.20191001_170522.001|Personnel Information Managemen|Feature-Personnel Information Management (PIM)|# 26|web.click(locator) - PASS click via JS event
2019-10-01 17:06:06,478|I|Thread-1|OHRM_02_features.20191001_170522.001|Personnel Information Managemen|Feature-Personnel Information Management (PIM)|# 27|web.scrollTo(locator) - executing scrollTo(locator)(${btn.reportingtools.loc})
2019-10-01 17:06:06,739|I|Thread-1|OHRM_02_features.20191001_170522.001|Personnel Information Managemen|Feature-Personnel Information Management (PIM)|# 27|web.scrollTo(locator) - PASS scrolled to '//h4[text()='Reporting tools']/following-sibling::a'
2019-10-01 17:06:07,346|I|Thread-1|OHRM_02_features.20191001_170522.001|Personnel Information Managemen|Feature-Personnel Information Management (PIM)|# 28|web.assertTextPresent(tex - executing assertTextPresent(text)(${ReportingTools})
2019-10-01 17:06:07,438|I|Thread-1|OHRM_02_features.20191001_170522.001|Personnel Information Managemen|Feature-Personnel Information Management (PIM)|# 28|web.assertTextPresent(tex - PASS EXPECTED text 'Reporting tools' found
2019-10-01 17:06:08,043|I|Thread-1|OHRM_02_features.20191001_170522.001|Personnel Information Managemen|Feature-Personnel Information Management (PIM)|# 29|web.click(locator) - executing click(locator)(${btn.reportingtools.loc})
2019-10-01 17:06:08,150|I|Thread-1|clicking '//h4[text()='Reporting tools']/following-sibling::a'...
2019-10-01 17:06:08,200|I|Thread-1|click target via JS, @id=
2019-10-01 17:06:08,289|I|Thread-1|clicked -> true
2019-10-01 17:06:08,291|I|Thread-1|OHRM_02_features.20191001_170522.001|Personnel Information Managemen|Feature-Personnel Information Management (PIM)|# 29|web.click(locator) - PASS click via JS event
2019-10-01 17:06:08,896|I|Thread-1|OHRM_02_features.20191001_170522.001|Personnel Information Managemen|Feature-Personnel Information Management (PIM)|# 30|base.section(steps) - executing section(steps)(1)
2019-10-01 17:06:08,905|I|Thread-1|OHRM_02_features.20191001_170522.001|Personnel Information Managemen|Feature-Personnel Information Management (PIM)|# 30|base.section(steps) - PASS 
2019-10-01 17:06:09,511|I|Thread-1|OHRM_02_features.20191001_170522.001|Personnel Information Managemen|Feature-Personnel Information Management (PIM)|# 31|base.verbose(text) - executing verbose(text)(Executed Successfully)
2019-10-01 17:06:09,522|I|Thread-1|OHRM_02_features.20191001_170522.001|Personnel Information Managemen|Feature-Personnel Information Management (PIM)|# 31|base.verbose(text) - Executed Successfully
2019-10-01 17:06:09,541|I|Thread-1|OHRM_02_features.20191001_170522.001|Personnel Information Managemen|Feature-Personnel Information Management (PIM)|# 31|base.verbose(text) - PASS 
2019-10-01 17:06:10,058|I|Thread-1|[OHRM_02_features.20191001_170522.001|Personnel Information Managemen] saving test scenario
2019-10-01 17:06:11,203|I|Thread-1|OHRM_02_features.20191001_170522.001|Leave or  Time off Management - executing test scenario
2019-10-01 17:06:11,235|I|Thread-1|OHRM_02_features.20191001_170522.001|Leave or  Time off Management|Feature-Leave/ Time off Management - executing activity
2019-10-01 17:06:11,840|I|Thread-1|OHRM_02_features.20191001_170522.001|Leave or  Time off Management|Feature-Leave/ Time off Management|#  5|base.section(steps) - executing section(steps)(4)
2019-10-01 17:06:11,845|I|Thread-1|OHRM_02_features.20191001_170522.001|Leave or  Time off Management|Feature-Leave/ Time off Management|#  5|base.section(steps) - PASS 
2019-10-01 17:06:12,449|I|Thread-1|OHRM_02_features.20191001_170522.001|Leave or  Time off Management|Feature-Leave/ Time off Management|#  6|web.open(url) - executing open(url)(${url})
2019-10-01 17:06:15,987|I|Thread-1|current browser window handle:CDwindow-C73A765668BE78E73DE8B9F497967DD8
2019-10-01 17:06:16,068|I|Thread-1|OHRM_02_features.20191001_170522.001|Leave or  Time off Management|Feature-Leave/ Time off Management|#  6|web.open(url) - PASS opened URL https://www.orangehrm.com/
2019-10-01 17:06:16,683|I|Thread-1|OHRM_02_features.20191001_170522.001|Leave or  Time off Management|Feature-Leave/ Time off Management|#  7|web.maximizeWindow() - executing maximizeWindow()()
2019-10-01 17:06:16,779|I|Thread-1|OHRM_02_features.20191001_170522.001|Leave or  Time off Management|Feature-Leave/ Time off Management|#  7|web.maximizeWindow() - PASS browser window maximized
2019-10-01 17:06:17,389|I|Thread-1|OHRM_02_features.20191001_170522.001|Leave or  Time off Management|Feature-Leave/ Time off Management|#  8|web.click(locator) - executing click(locator)(${btn.features.loc})
2019-10-01 17:06:17,455|I|Thread-1|clicking '//div[@id='header-navbar']/ul/li/a[text()='Features']'...
2019-10-01 17:06:17,504|I|Thread-1|click target via JS, @id=
2019-10-01 17:06:18,507|I|Thread-1|clicked -> true
2019-10-01 17:06:18,509|I|Thread-1|OHRM_02_features.20191001_170522.001|Leave or  Time off Management|Feature-Leave/ Time off Management|#  8|web.click(locator) - PASS click via JS event
2019-10-01 17:06:19,122|I|Thread-1|OHRM_02_features.20191001_170522.001|Leave or  Time off Management|Feature-Leave/ Time off Management|#  9|web.assertElementByText(l - executing assertElementByText(locator,text)(${btn.features.loc}, ${featuretext})
2019-10-01 17:06:19,236|I|Thread-1|OHRM_02_features.20191001_170522.001|Leave or  Time off Management|Feature-Leave/ Time off Management|#  9|web.assertElementByText(l - PASS validated locator '//div[@id='header-navbar']/ul/li/a[text()='Features']' by text 'Features' as EXPECTED
2019-10-01 17:06:19,842|I|Thread-1|OHRM_02_features.20191001_170522.001|Leave or  Time off Management|Feature-Leave/ Time off Management|# 10|web.assertAndClick(locato - executing assertAndClick(locator,label)(${btn.leaveortime.loc}, ${LeaveOrTimeLabel})
2019-10-01 17:06:20,006|I|Thread-1|clicking '//h4[text()='Leave/ Time off Management' and text() = 'Leave/ Time off Management']'...
2019-10-01 17:06:20,051|I|Thread-1|click target via JS, @id=
2019-10-01 17:06:23,144|I|Thread-1|clicked -> true
2019-10-01 17:06:23,147|I|Thread-1|OHRM_02_features.20191001_170522.001|Leave or  Time off Management|Feature-Leave/ Time off Management|# 10|web.assertAndClick(locato - PASS click via JS event
2019-10-01 17:06:23,753|I|Thread-1|OHRM_02_features.20191001_170522.001|Leave or  Time off Management|Feature-Leave/ Time off Management|# 11|base.section(steps) - executing section(steps)(3)
2019-10-01 17:06:23,756|I|Thread-1|OHRM_02_features.20191001_170522.001|Leave or  Time off Management|Feature-Leave/ Time off Management|# 11|base.section(steps) - PASS 
2019-10-01 17:06:24,359|I|Thread-1|OHRM_02_features.20191001_170522.001|Leave or  Time off Management|Feature-Leave/ Time off Management|# 12|web.assertTextPresent(tex - executing assertTextPresent(text)(${TryItNow})
2019-10-01 17:06:24,425|I|Thread-1|OHRM_02_features.20191001_170522.001|Leave or  Time off Management|Feature-Leave/ Time off Management|# 12|web.assertTextPresent(tex - PASS EXPECTED text 'Try It Now' found
2019-10-01 17:06:25,028|I|Thread-1|OHRM_02_features.20191001_170522.001|Leave or  Time off Management|Feature-Leave/ Time off Management|# 13|web.click(locator) - executing click(locator)(${btn.tryitnow.loc})
2019-10-01 17:06:25,105|I|Thread-1|clicking '//a[text()='Try It Now']'...
2019-10-01 17:06:25,154|I|Thread-1|click target via JS, @id=
2019-10-01 17:06:27,181|I|Thread-1|clicked -> true
2019-10-01 17:06:27,184|I|Thread-1|OHRM_02_features.20191001_170522.001|Leave or  Time off Management|Feature-Leave/ Time off Management|# 13|web.click(locator) - PASS click via JS event
2019-10-01 17:06:27,810|I|Thread-1|OHRM_02_features.20191001_170522.001|Leave or  Time off Management|Feature-Leave/ Time off Management|# 14|web.goBack() - executing goBack()()
2019-10-01 17:06:28,545|I|Thread-1|OHRM_02_features.20191001_170522.001|Leave or  Time off Management|Feature-Leave/ Time off Management|# 14|web.goBack() - PASS went back previous page
2019-10-01 17:06:29,172|I|Thread-1|OHRM_02_features.20191001_170522.001|Leave or  Time off Management|Feature-Leave/ Time off Management|# 15|web.scrollTo(locator) - executing scrollTo(locator)(${txt.accural.loc})
2019-10-01 17:06:29,308|I|Thread-1|OHRM_02_features.20191001_170522.001|Leave or  Time off Management|Feature-Leave/ Time off Management|# 15|web.scrollTo(locator) - PASS scrolled to '//h3[text()='Leave Accrual and Carry Forward ']'
2019-10-01 17:06:29,913|I|Thread-1|OHRM_02_features.20191001_170522.001|Leave or  Time off Management|Feature-Leave/ Time off Management|# 16|web.assertTextPresent(tex - executing assertTextPresent(text)(${LeaveAccrualCarryForward})
2019-10-01 17:06:30,025|I|Thread-1|OHRM_02_features.20191001_170522.001|Leave or  Time off Management|Feature-Leave/ Time off Management|# 16|web.assertTextPresent(tex - PASS EXPECTED text 'Leave Accrual and Carry Forward' found
2019-10-01 17:06:30,628|I|Thread-1|OHRM_02_features.20191001_170522.001|Leave or  Time off Management|Feature-Leave/ Time off Management|# 17|web.scrollTo(locator) - executing scrollTo(locator)(${txt.calender.loc})
2019-10-01 17:06:30,761|I|Thread-1|OHRM_02_features.20191001_170522.001|Leave or  Time off Management|Feature-Leave/ Time off Management|# 17|web.scrollTo(locator) - PASS scrolled to '//h3[text()='Leave Calendar']'
2019-10-01 17:06:31,364|I|Thread-1|OHRM_02_features.20191001_170522.001|Leave or  Time off Management|Feature-Leave/ Time off Management|# 18|web.assertTextPresent(tex - executing assertTextPresent(text)(${LeaveCalendar})
2019-10-01 17:06:31,427|I|Thread-1|OHRM_02_features.20191001_170522.001|Leave or  Time off Management|Feature-Leave/ Time off Management|# 18|web.assertTextPresent(tex - PASS EXPECTED text 'Leave Calendar' found
2019-10-01 17:06:32,032|I|Thread-1|OHRM_02_features.20191001_170522.001|Leave or  Time off Management|Feature-Leave/ Time off Management|# 19|web.scrollTo(locator) - executing scrollTo(locator)(${txt.nominee.loc})
2019-10-01 17:06:32,148|I|Thread-1|OHRM_02_features.20191001_170522.001|Leave or  Time off Management|Feature-Leave/ Time off Management|# 19|web.scrollTo(locator) - PASS scrolled to '//h3[text()='Leave Nominee']'
2019-10-01 17:06:32,753|I|Thread-1|OHRM_02_features.20191001_170522.001|Leave or  Time off Management|Feature-Leave/ Time off Management|# 20|web.assertTextPresent(tex - executing assertTextPresent(text)(${LeaveNominee})
2019-10-01 17:06:32,811|I|Thread-1|OHRM_02_features.20191001_170522.001|Leave or  Time off Management|Feature-Leave/ Time off Management|# 20|web.assertTextPresent(tex - PASS EXPECTED text 'Leave Nominee' found
2019-10-01 17:06:33,415|I|Thread-1|OHRM_02_features.20191001_170522.001|Leave or  Time off Management|Feature-Leave/ Time off Management|# 21|web.scrollTo(locator) - executing scrollTo(locator)(${txt.reports.loc})
2019-10-01 17:06:33,546|I|Thread-1|OHRM_02_features.20191001_170522.001|Leave or  Time off Management|Feature-Leave/ Time off Management|# 21|web.scrollTo(locator) - PASS scrolled to '//h3[text()='Leave Reports']'
2019-10-01 17:06:34,150|I|Thread-1|OHRM_02_features.20191001_170522.001|Leave or  Time off Management|Feature-Leave/ Time off Management|# 22|web.assertTextPresent(tex - executing assertTextPresent(text)(${LeaveReports})
2019-10-01 17:06:34,219|I|Thread-1|OHRM_02_features.20191001_170522.001|Leave or  Time off Management|Feature-Leave/ Time off Management|# 22|web.assertTextPresent(tex - PASS EXPECTED text 'Leave Reports' found
2019-10-01 17:06:34,823|I|Thread-1|OHRM_02_features.20191001_170522.001|Leave or  Time off Management|Feature-Leave/ Time off Management|# 23|base.section(steps) - executing section(steps)(1)
2019-10-01 17:06:34,826|I|Thread-1|OHRM_02_features.20191001_170522.001|Leave or  Time off Management|Feature-Leave/ Time off Management|# 23|base.section(steps) - PASS 
2019-10-01 17:06:35,427|I|Thread-1|OHRM_02_features.20191001_170522.001|Leave or  Time off Management|Feature-Leave/ Time off Management|# 24|base.verbose(text) - executing verbose(text)(Executed Successfully)
2019-10-01 17:06:35,432|I|Thread-1|OHRM_02_features.20191001_170522.001|Leave or  Time off Management|Feature-Leave/ Time off Management|# 24|base.verbose(text) - Executed Successfully
2019-10-01 17:06:35,445|I|Thread-1|OHRM_02_features.20191001_170522.001|Leave or  Time off Management|Feature-Leave/ Time off Management|# 24|base.verbose(text) - PASS 
2019-10-01 17:06:35,512|I|Thread-1|[OHRM_02_features.20191001_170522.001|Leave or  Time off Management] saving test scenario
2019-10-01 17:06:35,815|I|Thread-1|OHRM_02_features.20191001_170522.001|Time & Attendance Management - executing test scenario
2019-10-01 17:06:35,819|I|Thread-1|OHRM_02_features.20191001_170522.001|Time & Attendance Management|Feature-Time & Attendance Management - executing activity
2019-10-01 17:06:36,423|I|Thread-1|OHRM_02_features.20191001_170522.001|Time & Attendance Management|Feature-Time & Attendance Management|#  5|base.section(steps) - executing section(steps)(4)
2019-10-01 17:06:36,426|I|Thread-1|OHRM_02_features.20191001_170522.001|Time & Attendance Management|Feature-Time & Attendance Management|#  5|base.section(steps) - PASS 
2019-10-01 17:06:37,028|I|Thread-1|OHRM_02_features.20191001_170522.001|Time & Attendance Management|Feature-Time & Attendance Management|#  6|web.open(url) - executing open(url)(${url})
2019-10-01 17:06:41,544|I|Thread-1|current browser window handle:CDwindow-C73A765668BE78E73DE8B9F497967DD8
2019-10-01 17:06:41,606|I|Thread-1|OHRM_02_features.20191001_170522.001|Time & Attendance Management|Feature-Time & Attendance Management|#  6|web.open(url) - PASS opened URL https://www.orangehrm.com/
2019-10-01 17:06:42,210|I|Thread-1|OHRM_02_features.20191001_170522.001|Time & Attendance Management|Feature-Time & Attendance Management|#  7|web.maximizeWindow() - executing maximizeWindow()()
2019-10-01 17:06:42,300|I|Thread-1|OHRM_02_features.20191001_170522.001|Time & Attendance Management|Feature-Time & Attendance Management|#  7|web.maximizeWindow() - PASS browser window maximized
2019-10-01 17:06:42,903|I|Thread-1|OHRM_02_features.20191001_170522.001|Time & Attendance Management|Feature-Time & Attendance Management|#  8|web.click(locator) - executing click(locator)(${btn.features.loc})
2019-10-01 17:06:42,996|I|Thread-1|clicking '//div[@id='header-navbar']/ul/li/a[text()='Features']'...
2019-10-01 17:06:43,047|I|Thread-1|click target via JS, @id=
2019-10-01 17:06:44,208|I|Thread-1|clicked -> true
2019-10-01 17:06:44,210|I|Thread-1|OHRM_02_features.20191001_170522.001|Time & Attendance Management|Feature-Time & Attendance Management|#  8|web.click(locator) - PASS click via JS event
2019-10-01 17:06:44,817|I|Thread-1|OHRM_02_features.20191001_170522.001|Time & Attendance Management|Feature-Time & Attendance Management|#  9|web.assertElementByText(l - executing assertElementByText(locator,text)(${btn.features.loc}, ${featuretext})
2019-10-01 17:06:44,944|I|Thread-1|OHRM_02_features.20191001_170522.001|Time & Attendance Management|Feature-Time & Attendance Management|#  9|web.assertElementByText(l - PASS validated locator '//div[@id='header-navbar']/ul/li/a[text()='Features']' by text 'Features' as EXPECTED
2019-10-01 17:06:45,549|I|Thread-1|OHRM_02_features.20191001_170522.001|Time & Attendance Management|Feature-Time & Attendance Management|# 10|web.assertAndClick(locato - executing assertAndClick(locator,label)(${btn.leaveandattendence.loc}, ${TimeAndAttendence})
2019-10-01 17:06:45,737|I|Thread-1|clicking '//h4[text()='Time & Attendance Management' and text() = 'Time & Attendance Management']'...
2019-10-01 17:06:45,779|I|Thread-1|click target via JS, @id=
2019-10-01 17:06:48,335|I|Thread-1|clicked -> true
2019-10-01 17:06:48,337|I|Thread-1|OHRM_02_features.20191001_170522.001|Time & Attendance Management|Feature-Time & Attendance Management|# 10|web.assertAndClick(locato - PASS click via JS event
2019-10-01 17:06:48,985|I|Thread-1|OHRM_02_features.20191001_170522.001|Time & Attendance Management|Feature-Time & Attendance Management|# 11|base.section(steps) - executing section(steps)(3)
2019-10-01 17:06:48,992|I|Thread-1|OHRM_02_features.20191001_170522.001|Time & Attendance Management|Feature-Time & Attendance Management|# 11|base.section(steps) - PASS 
2019-10-01 17:06:49,597|I|Thread-1|OHRM_02_features.20191001_170522.001|Time & Attendance Management|Feature-Time & Attendance Management|# 12|web.assertTextPresent(tex - executing assertTextPresent(text)(${TryItNow})
2019-10-01 17:06:49,683|I|Thread-1|OHRM_02_features.20191001_170522.001|Time & Attendance Management|Feature-Time & Attendance Management|# 12|web.assertTextPresent(tex - PASS EXPECTED text 'Try It Now' found
2019-10-01 17:06:50,291|I|Thread-1|OHRM_02_features.20191001_170522.001|Time & Attendance Management|Feature-Time & Attendance Management|# 13|web.click(locator) - executing click(locator)(${btn.tryitnow.loc})
2019-10-01 17:06:50,351|I|Thread-1|clicking '//a[text()='Try It Now']'...
2019-10-01 17:06:50,393|I|Thread-1|click target via JS, @id=
2019-10-01 17:06:52,336|I|Thread-1|clicked -> true
2019-10-01 17:06:52,339|I|Thread-1|OHRM_02_features.20191001_170522.001|Time & Attendance Management|Feature-Time & Attendance Management|# 13|web.click(locator) - PASS click via JS event
2019-10-01 17:06:52,948|I|Thread-1|OHRM_02_features.20191001_170522.001|Time & Attendance Management|Feature-Time & Attendance Management|# 14|web.goBack() - executing goBack()()
2019-10-01 17:06:53,660|I|Thread-1|OHRM_02_features.20191001_170522.001|Time & Attendance Management|Feature-Time & Attendance Management|# 14|web.goBack() - PASS went back previous page
2019-10-01 17:06:54,266|I|Thread-1|OHRM_02_features.20191001_170522.001|Time & Attendance Management|Feature-Time & Attendance Management|# 15|web.scrollTo(locator) - executing scrollTo(locator)(${txt.timesheets.loc})
2019-10-01 17:06:54,414|I|Thread-1|OHRM_02_features.20191001_170522.001|Time & Attendance Management|Feature-Time & Attendance Management|# 15|web.scrollTo(locator) - PASS scrolled to '//h3[text()='Timesheets']'
2019-10-01 17:06:55,017|I|Thread-1|OHRM_02_features.20191001_170522.001|Time & Attendance Management|Feature-Time & Attendance Management|# 16|web.assertTextPresent(tex - executing assertTextPresent(text)(${Timesheets})
2019-10-01 17:06:55,074|I|Thread-1|OHRM_02_features.20191001_170522.001|Time & Attendance Management|Feature-Time & Attendance Management|# 16|web.assertTextPresent(tex - PASS EXPECTED text 'Timesheets' found
2019-10-01 17:06:55,679|I|Thread-1|OHRM_02_features.20191001_170522.001|Time & Attendance Management|Feature-Time & Attendance Management|# 17|web.scrollTo(locator) - executing scrollTo(locator)(${txt.paypolicy.loc})
2019-10-01 17:06:55,788|I|Thread-1|OHRM_02_features.20191001_170522.001|Time & Attendance Management|Feature-Time & Attendance Management|# 17|web.scrollTo(locator) - PASS scrolled to '//h3[text()='Pay policies and Overtime']'
2019-10-01 17:06:56,392|I|Thread-1|OHRM_02_features.20191001_170522.001|Time & Attendance Management|Feature-Time & Attendance Management|# 18|web.assertTextPresent(tex - executing assertTextPresent(text)(${PaypoliciesOvertime})
2019-10-01 17:06:56,452|I|Thread-1|OHRM_02_features.20191001_170522.001|Time & Attendance Management|Feature-Time & Attendance Management|# 18|web.assertTextPresent(tex - PASS EXPECTED text 'Pay policies and Overtime' found
2019-10-01 17:06:57,055|I|Thread-1|OHRM_02_features.20191001_170522.001|Time & Attendance Management|Feature-Time & Attendance Management|# 19|web.scrollTo(locator) - executing scrollTo(locator)(${txt.attendence.loc})
2019-10-01 17:06:57,170|I|Thread-1|OHRM_02_features.20191001_170522.001|Time & Attendance Management|Feature-Time & Attendance Management|# 19|web.scrollTo(locator) - PASS scrolled to '//h3[text()='Attendance']'
2019-10-01 17:06:57,774|I|Thread-1|OHRM_02_features.20191001_170522.001|Time & Attendance Management|Feature-Time & Attendance Management|# 20|web.assertTextPresent(tex - executing assertTextPresent(text)(${Attendance})
2019-10-01 17:06:57,835|I|Thread-1|OHRM_02_features.20191001_170522.001|Time & Attendance Management|Feature-Time & Attendance Management|# 20|web.assertTextPresent(tex - PASS EXPECTED text 'Attendance' found
2019-10-01 17:06:58,438|I|Thread-1|OHRM_02_features.20191001_170522.001|Time & Attendance Management|Feature-Time & Attendance Management|# 21|web.scrollTo(locator) - executing scrollTo(locator)(${txt.reportsanalytics.loc})
2019-10-01 17:06:58,563|I|Thread-1|OHRM_02_features.20191001_170522.001|Time & Attendance Management|Feature-Time & Attendance Management|# 21|web.scrollTo(locator) - PASS scrolled to '//h3[text()='Reports & Analytics']'
2019-10-01 17:06:59,168|I|Thread-1|OHRM_02_features.20191001_170522.001|Time & Attendance Management|Feature-Time & Attendance Management|# 22|web.assertTextPresent(tex - executing assertTextPresent(text)(${ReportsAnalytics})
2019-10-01 17:06:59,236|I|Thread-1|OHRM_02_features.20191001_170522.001|Time & Attendance Management|Feature-Time & Attendance Management|# 22|web.assertTextPresent(tex - PASS EXPECTED text 'Reports & Analytics' found
2019-10-01 17:06:59,838|I|Thread-1|OHRM_02_features.20191001_170522.001|Time & Attendance Management|Feature-Time & Attendance Management|# 23|base.section(steps) - executing section(steps)(1)
2019-10-01 17:06:59,841|I|Thread-1|OHRM_02_features.20191001_170522.001|Time & Attendance Management|Feature-Time & Attendance Management|# 23|base.section(steps) - PASS 
2019-10-01 17:07:00,449|I|Thread-1|OHRM_02_features.20191001_170522.001|Time & Attendance Management|Feature-Time & Attendance Management|# 24|base.verbose(text) - executing verbose(text)(Executed Successfully)
2019-10-01 17:07:00,452|I|Thread-1|OHRM_02_features.20191001_170522.001|Time & Attendance Management|Feature-Time & Attendance Management|# 24|base.verbose(text) - Executed Successfully
2019-10-01 17:07:00,455|I|Thread-1|OHRM_02_features.20191001_170522.001|Time & Attendance Management|Feature-Time & Attendance Management|# 24|base.verbose(text) - PASS 
2019-10-01 17:07:00,505|I|Thread-1|[OHRM_02_features.20191001_170522.001|Time & Attendance Management] saving test scenario
2019-10-01 17:07:00,784|I|Thread-1|[20191001_170521] 
/-TEST COMPLETE-----------------------------------------------------------------
| Test Output:    C:\projects\OrangeHRMWebApplication\output\20191001_170521\OHRM_02_features.20191001_170522.001.xlsx
| Iteration:      1
\-------------------------------------------------------------------------------
» Execution Time: 93103 ms
» Test Steps:     67
» Error(s):       0



2019-10-01 17:07:01,994|I|Thread-1|[20191001_170521] 
/-TEST COMPLETE-----------------------------------------------------------------
| Test Script:    C:\projects\OrangeHRMWebApplication\artifact\script\OHRM_02_features.xlsx
\-------------------------------------------------------------------------------
» Execution Time: 100889 ms
» Iterations:     [1] total 1
» Test Steps:     67
» Passed:         67
» Error(s):       0
» Iteration 1 of 1: C:\projects\OrangeHRMWebApplication\output\20191001_170521\OHRM_02_features.20191001_170522.001.xlsx



2019-10-01 17:07:02,239|I|main|[20191001_170521] [C:\projects\OrangeHRMWebApplication\artifact\script\OHRM_02_features.xlsx] now completed
2019-10-01 17:07:02,240|I|main|[20191001_170521] all execution thread(s) have terminated
2019-10-01 17:07:02,241|I|main|[20191001_170521] test run completed in about 101 seconds
2019-10-01 17:07:02,455|I|main|No predefined nexial-setup found
2019-10-01 17:07:02,503|I|main|outputBase not set; output-to-cloud DISABLED!
2019-10-01 17:07:02,504|I|main|accessKey not set; output-to-cloud DISABLED!
2019-10-01 17:07:02,505|I|main|secretKey not set; output-to-cloud DISABLED!
2019-10-01 17:07:02,506|I|main|generating HTML output for this execution to C:\projects\OrangeHRMWebApplication\output\20191001_170521\execution-output.html
2019-10-01 17:07:03,223|I|main|generating JUnit XML output for this execution to C:\projects\OrangeHRMWebApplication\output\20191001_170521\junit.xml
2019-10-01 17:07:03,286|I|main|Generated JUnit report for this execution: C:\projects\OrangeHRMWebApplication\output\20191001_170521\junit.xml
2019-10-01 17:07:03,287|I|main|nexial mailer not enabled: nexial.enableEmail=false
2019-10-01 17:07:03,287|I|main|skipped email notification as configured
2019-10-01 17:07:03,288|I|main|Exiting Nexial...
2019-10-01 17:07:03,289|I|main|shutdown starts...
2019-10-01 17:07:03,291|I|main|Shutting down 'chrome' webdriver...
2019-10-01 17:07:12,138|I|main|shutdown ends...
2019-10-01 17:07:12,140|I|main|

/-END OF EXECUTION--------------------------------------------------------------
| » Execution Time: 101 sec.
| » Test Steps:     67
| » Passed:         67
| » Failed:         0
| » Success Rate:   100.00%
\---------------------------------------------------------------nexial-core 2.2_0488-

2019-10-01 17:07:12,140|I|main|ALL PASSED!
2019-10-01 17:07:12,141|I|main|End of Execution:
OUTPUT:       C:\projects\OrangeHRMWebApplication\output\20191001_170521
EXECUTION:    C:\projects\OrangeHRMWebApplication\output\20191001_170521\execution-output.html
JUNIT XML:    C:\projects\OrangeHRMWebApplication\output\20191001_170521\junit.xml
SUCCESS RATE: 100.00%
EXIT STATUS:  0
2019-10-01 17:07:12,142|I|main|End of Execution:
NEXIAL_OUTPUT:         C:\projects\OrangeHRMWebApplication\output\20191001_170521
NEXIAL_EXECUTION_HTML: C:\projects\OrangeHRMWebApplication\output\20191001_170521\execution-output.html
NEXIAL_JUNIT_XML:      C:\projects\OrangeHRMWebApplication\output\20191001_170521\junit.xml
NEXIAL_SUCCESS_RATE:   100.00%
NEXIAL_EXIT_STATUS:    0
