2019-10-03 18:27:05,938|I|Thread-1|(DELAYED) nexial-core 2.2_0488 starting up...
2019-10-03 18:27:05,958|I|Thread-1|(DELAYED) validating test script as C:\projects\OrangeHRMWebApplication\artifact\script\OHRM_01_signup.xlsx
2019-10-03 18:27:05,959|I|Thread-1|(DELAYED) validating data file as C:\projects\OrangeHRMWebApplication\artifact\data\OHRM_01_signup.data.xlsx
2019-10-03 18:27:05,959|I|Thread-1|(DELAYED) validating test script as C:\projects\OrangeHRMWebApplication\artifact\script\OHRM_02_features.xlsx
2019-10-03 18:27:05,959|I|Thread-1|(DELAYED) validating data file as C:\projects\OrangeHRMWebApplication\artifact\data\OHRM_02_features.data.xlsx
2019-10-03 18:27:05,959|I|Thread-1|(DELAYED) input files and output directory resolved...
2019-10-03 18:27:05,959|I|Thread-1|(DELAYED) No predefined nexial-setup found
2019-10-03 18:27:05,960|I|Thread-1|(DELAYED) [20191003_182705] [C:\projects\OrangeHRMWebApplication\artifact\script\OHRM_01_signup.xlsx] resolve RUN ID as 20191003_182705
2019-10-03 18:27:05,960|I|Thread-1|(DELAYED) [20191003_182705] [C:\projects\OrangeHRMWebApplication\artifact\script\OHRM_01_signup.xlsx] new thread started
2019-10-03 18:27:05,960|I|Thread-1|No predefined nexial-setup found
2019-10-03 18:27:06,123|I|Thread-1|outputBase not set; output-to-cloud DISABLED!
2019-10-03 18:27:06,123|I|Thread-1|accessKey not set; output-to-cloud DISABLED!
2019-10-03 18:27:06,124|I|Thread-1|secretKey not set; output-to-cloud DISABLED!
2019-10-03 18:27:06,175|I|Thread-1|missing REQUIRED configuration; sms DISABLED!
2019-10-03 18:27:07,840|I|Thread-1|[20191003_182705] executing C:\projects\OrangeHRMWebApplication\artifact\script\OHRM_01_signup.xlsx with 1 iteration(s)
2019-10-03 18:27:07,843|I|Thread-1|[20191003_182705] create directory C:\projects\OrangeHRMWebApplication\output\20191003_182705\captures
2019-10-03 18:27:07,855|I|Thread-1|[20191003_182705] create directory C:\projects\OrangeHRMWebApplication\output\20191003_182705\logs
2019-10-03 18:27:09,322|I|Thread-1|[20191003_182705] merging test data to tmp file C:\projects\OrangeHRMWebApplication\output\20191003_182705\OrangeHRMWebApplication-plan.001,OHRM_01_signup.20191003_182707.001.xlsx
2019-10-03 18:27:09,322|I|Thread-1|refetching data from C:\projects\OrangeHRMWebApplication\artifact\data\OHRM_01_signup.data.xlsx
2019-10-03 18:27:10,264|I|Thread-1|[20191003_182705] test script and test data merged to C:\projects\OrangeHRMWebApplication\output\20191003_182705\OrangeHRMWebApplication-plan.001,OHRM_01_signup.20191003_182707.001.xlsx
2019-10-03 18:27:12,308|I|Thread-1|STARTS
2019-10-03 18:27:12,339|I|Thread-1|OrangeHRMWebApplication-plan.001,OHRM_01_signup.20191003_182707.001 - executing iteration #1 of 1; Iteration Id 1
2019-10-03 18:27:12,368|I|Thread-1|OrangeHRMWebApplication-plan.001,OHRM_01_signup.20191003_182707.001|signup - executing test scenario
2019-10-03 18:27:12,369|I|Thread-1|OrangeHRMWebApplication-plan.001,OHRM_01_signup.20191003_182707.001|signup|Openurl - executing activity
2019-10-03 18:27:12,971|I|Thread-1|OrangeHRMWebApplication-plan.001,OHRM_01_signup.20191003_182707.001|signup|Openurl|#  5|web.open(url) - executing open(url)(${url})
2019-10-03 18:27:12,973|I|Thread-1|No valid instance of webdriver, initializing...
2019-10-03 18:27:12,974|I|Thread-1|init chrome
2019-10-03 18:27:22,700|I|Thread-1|browser initialization completed for 'chrome'
2019-10-03 18:27:22,737|I|Thread-1|setting browser polling wait time to 800 ms
2019-10-03 18:27:22,764|I|Thread-1|setting browser page load timeout to 10000 ms
2019-10-03 18:27:22,860|I|Thread-1|OrangeHRMWebApplication-plan.001,OHRM_01_signup.20191003_182707.001|signup|Openurl|#  5|web.open(url) - default browser stability wait time is 3000 ms
2019-10-03 18:27:32,899|I|Thread-1|current browser window handle:CDwindow-1E992AE43EB88222CF8335F045C09312
2019-10-03 18:27:34,236|I|Thread-1|OrangeHRMWebApplication-plan.001,OHRM_01_signup.20191003_182707.001|signup|Openurl|#  5|web.open(url) - PASS opened URL https://www.orangehrm.com/
2019-10-03 18:27:34,237|I|Thread-1|OrangeHRMWebApplication-plan.001,OHRM_01_signup.20191003_182707.001|signup|MaximizeWindow - executing activity
2019-10-03 18:27:34,838|I|Thread-1|OrangeHRMWebApplication-plan.001,OHRM_01_signup.20191003_182707.001|signup|MaximizeWindow|#  6|web.maximizeWindow() - executing maximizeWindow()()
2019-10-03 18:27:36,343|I|Thread-1|OrangeHRMWebApplication-plan.001,OHRM_01_signup.20191003_182707.001|signup|MaximizeWindow|#  6|web.maximizeWindow() - PASS browser window maximized
2019-10-03 18:27:36,343|I|Thread-1|OrangeHRMWebApplication-plan.001,OHRM_01_signup.20191003_182707.001|signup|ClickUsername - executing activity
2019-10-03 18:27:36,944|I|Thread-1|OrangeHRMWebApplication-plan.001,OHRM_01_signup.20191003_182707.001|signup|ClickUsername|#  7|web.click(locator) - executing click(locator)(${btn.freetrial.loc})
2019-10-03 18:27:37,111|I|Thread-1|clicking '//nav[@class='navbar navbar-default header-nav']/div/div[2]/ul[2]/li[2]/a'...
2019-10-03 18:27:37,196|I|Thread-1|click target via JS, @id=
2019-10-03 18:27:40,620|I|Thread-1|clicked -> true
2019-10-03 18:27:40,622|I|Thread-1|OrangeHRMWebApplication-plan.001,OHRM_01_signup.20191003_182707.001|signup|ClickUsername|#  7|web.click(locator) - PASS click via JS event
2019-10-03 18:27:40,623|I|Thread-1|OrangeHRMWebApplication-plan.001,OHRM_01_signup.20191003_182707.001|signup|EnterFavoredUrl - executing activity
2019-10-03 18:27:41,223|I|Thread-1|OrangeHRMWebApplication-plan.001,OHRM_01_signup.20191003_182707.001|signup|EnterFavoredUrl|#  8|web.type(locator,value) - executing type(locator,value)(${txt.favoredurl.loc}, ${FavoredUrl})
2019-10-03 18:27:42,377|I|Thread-1|OrangeHRMWebApplication-plan.001,OHRM_01_signup.20191003_182707.001|signup|EnterFavoredUrl|#  8|web.type(locator,value) - PASS typed text at '//div[@id='Form_submitForm_subdomain_Holder']/input'
2019-10-03 18:27:42,378|I|Thread-1|OrangeHRMWebApplication-plan.001,OHRM_01_signup.20191003_182707.001|signup|EnterFirstName - executing activity
2019-10-03 18:27:42,979|I|Thread-1|OrangeHRMWebApplication-plan.001,OHRM_01_signup.20191003_182707.001|signup|EnterFirstName|#  9|web.type(locator,value) - executing type(locator,value)(${txt.firstname.loc}, ${FirstName})
2019-10-03 18:27:43,481|I|Thread-1|OrangeHRMWebApplication-plan.001,OHRM_01_signup.20191003_182707.001|signup|EnterFirstName|#  9|web.type(locator,value) - PASS typed text at '//div[@id='Form_submitForm_FirstName_Holder']/div/input'
2019-10-03 18:27:43,481|I|Thread-1|OrangeHRMWebApplication-plan.001,OHRM_01_signup.20191003_182707.001|signup|EnterLastName - executing activity
2019-10-03 18:27:44,082|I|Thread-1|OrangeHRMWebApplication-plan.001,OHRM_01_signup.20191003_182707.001|signup|EnterLastName|# 10|web.type(locator,value) - executing type(locator,value)(${txt.lastname.loc}, ${LastName})
2019-10-03 18:27:44,565|I|Thread-1|OrangeHRMWebApplication-plan.001,OHRM_01_signup.20191003_182707.001|signup|EnterLastName|# 10|web.type(locator,value) - PASS typed text at '//div[@id='Form_submitForm_LastName_Holder']/div/input'
2019-10-03 18:27:44,566|I|Thread-1|OrangeHRMWebApplication-plan.001,OHRM_01_signup.20191003_182707.001|signup|EnterEmail - executing activity
2019-10-03 18:27:45,167|I|Thread-1|OrangeHRMWebApplication-plan.001,OHRM_01_signup.20191003_182707.001|signup|EnterEmail|# 11|web.type(locator,value) - executing type(locator,value)(${txt.email.loc}, ${Email})
2019-10-03 18:27:46,030|I|Thread-1|OrangeHRMWebApplication-plan.001,OHRM_01_signup.20191003_182707.001|signup|EnterEmail|# 11|web.type(locator,value) - PASS typed text at '//div[@id='Form_submitForm_Email_Holder']/div/input'
2019-10-03 18:27:46,030|I|Thread-1|OrangeHRMWebApplication-plan.001,OHRM_01_signup.20191003_182707.001|signup|EnterJobTitle - executing activity
2019-10-03 18:27:46,631|I|Thread-1|OrangeHRMWebApplication-plan.001,OHRM_01_signup.20191003_182707.001|signup|EnterJobTitle|# 12|web.type(locator,value) - executing type(locator,value)(${txt.jobtitle.loc}, ${JobTitle})
2019-10-03 18:27:47,249|I|Thread-1|OrangeHRMWebApplication-plan.001,OHRM_01_signup.20191003_182707.001|signup|EnterJobTitle|# 12|web.type(locator,value) - PASS typed text at '//div[@id='Form_submitForm_JobTitle_Holder']/div/input'
2019-10-03 18:27:47,250|I|Thread-1|OrangeHRMWebApplication-plan.001,OHRM_01_signup.20191003_182707.001|signup|SelectNoOfEmployees - executing activity
2019-10-03 18:27:47,851|I|Thread-1|OrangeHRMWebApplication-plan.001,OHRM_01_signup.20191003_182707.001|signup|SelectNoOfEmployees|# 13|web.select(locator,text) - executing select(locator,text)(${btn.noofemployees.loc}, ${txt.dropdown.noofemployees.loc})
2019-10-03 18:27:48,255|I|Thread-1|OrangeHRMWebApplication-plan.001,OHRM_01_signup.20191003_182707.001|signup|SelectNoOfEmployees|# 13|web.select(locator,text) - PASS selected '201 - 250' from '//select[@id='Form_submitForm_NoOfEmployees']'
2019-10-03 18:27:48,256|I|Thread-1|OrangeHRMWebApplication-plan.001,OHRM_01_signup.20191003_182707.001|signup|AssertNoOfEmployee - executing activity
2019-10-03 18:27:48,858|I|Thread-1|OrangeHRMWebApplication-plan.001,OHRM_01_signup.20191003_182707.001|signup|AssertNoOfEmployee|# 14|web.assertVisible(locator - executing assertVisible(locator)(${btn.noofemployees.loc})
2019-10-03 18:27:49,037|I|Thread-1|OrangeHRMWebApplication-plan.001,OHRM_01_signup.20191003_182707.001|signup|AssertNoOfEmployee|# 14|web.assertVisible(locator - PASS EXPECTED visible element '//select[@id='Form_submitForm_NoOfEmployees']' found
2019-10-03 18:27:49,038|I|Thread-1|OrangeHRMWebApplication-plan.001,OHRM_01_signup.20191003_182707.001|signup|Entercompany - executing activity
2019-10-03 18:27:49,639|I|Thread-1|OrangeHRMWebApplication-plan.001,OHRM_01_signup.20191003_182707.001|signup|Entercompany|# 15|web.type(locator,value) - executing type(locator,value)(${txt.company.loc}, ${company})
2019-10-03 18:27:50,047|I|Thread-1|OrangeHRMWebApplication-plan.001,OHRM_01_signup.20191003_182707.001|signup|Entercompany|# 15|web.type(locator,value) - PASS typed text at '//div[@id='Form_submitForm_CompanyName_Holder']/div/input'
2019-10-03 18:27:50,047|I|Thread-1|OrangeHRMWebApplication-plan.001,OHRM_01_signup.20191003_182707.001|signup|SelectIndustry - executing activity
2019-10-03 18:27:50,647|I|Thread-1|OrangeHRMWebApplication-plan.001,OHRM_01_signup.20191003_182707.001|signup|SelectIndustry|# 16|web.select(locator,text) - executing select(locator,text)(${btn.industry.loc}, ${txt.dropdown.industry.loc})
2019-10-03 18:27:50,868|I|Thread-1|OrangeHRMWebApplication-plan.001,OHRM_01_signup.20191003_182707.001|signup|SelectIndustry|# 16|web.select(locator,text) - PASS selected 'Education' from '//select[@id='Form_submitForm_Industry']'
2019-10-03 18:27:50,868|I|Thread-1|OrangeHRMWebApplication-plan.001,OHRM_01_signup.20191003_182707.001|signup|AssertIndustry - executing activity
2019-10-03 18:27:51,468|I|Thread-1|OrangeHRMWebApplication-plan.001,OHRM_01_signup.20191003_182707.001|signup|AssertIndustry|# 17|web.assertVisible(locator - executing assertVisible(locator)(${btn.industry.loc})
2019-10-03 18:27:51,607|I|Thread-1|OrangeHRMWebApplication-plan.001,OHRM_01_signup.20191003_182707.001|signup|AssertIndustry|# 17|web.assertVisible(locator - PASS EXPECTED visible element '//select[@id='Form_submitForm_Industry']' found
2019-10-03 18:27:51,608|I|Thread-1|OrangeHRMWebApplication-plan.001,OHRM_01_signup.20191003_182707.001|signup|EnterPhoneNumber - executing activity
2019-10-03 18:27:52,209|I|Thread-1|OrangeHRMWebApplication-plan.001,OHRM_01_signup.20191003_182707.001|signup|EnterPhoneNumber|# 18|web.type(locator,value) - executing type(locator,value)(${txt.phonenumber.loc}, ${PhoneNumber})
2019-10-03 18:27:52,622|I|Thread-1|OrangeHRMWebApplication-plan.001,OHRM_01_signup.20191003_182707.001|signup|EnterPhoneNumber|# 18|web.type(locator,value) - PASS typed text at '//div[@id='Form_submitForm_Contact_Holder']/div/input'
2019-10-03 18:27:52,623|I|Thread-1|OrangeHRMWebApplication-plan.001,OHRM_01_signup.20191003_182707.001|signup|SelectCountry - executing activity
2019-10-03 18:27:53,223|I|Thread-1|OrangeHRMWebApplication-plan.001,OHRM_01_signup.20191003_182707.001|signup|SelectCountry|# 19|web.select(locator,text) - executing select(locator,text)(${btn.country.loc}, ${txt.dropdown.country.loc})
2019-10-03 18:27:53,501|I|Thread-1|OrangeHRMWebApplication-plan.001,OHRM_01_signup.20191003_182707.001|signup|SelectCountry|# 19|web.select(locator,text) - PASS selected 'India' from '//select[@id='Form_submitForm_Country']'
2019-10-03 18:27:53,501|I|Thread-1|OrangeHRMWebApplication-plan.001,OHRM_01_signup.20191003_182707.001|signup|AssertCountry - executing activity
2019-10-03 18:27:54,102|I|Thread-1|OrangeHRMWebApplication-plan.001,OHRM_01_signup.20191003_182707.001|signup|AssertCountry|# 20|web.assertVisible(locator - executing assertVisible(locator)(${btn.country.loc})
2019-10-03 18:27:54,213|I|Thread-1|OrangeHRMWebApplication-plan.001,OHRM_01_signup.20191003_182707.001|signup|AssertCountry|# 20|web.assertVisible(locator - PASS EXPECTED visible element '//select[@id='Form_submitForm_Country']' found
2019-10-03 18:27:54,213|I|Thread-1|OrangeHRMWebApplication-plan.001,OHRM_01_signup.20191003_182707.001|signup|SelectState - executing activity
2019-10-03 18:27:54,814|I|Thread-1|OrangeHRMWebApplication-plan.001,OHRM_01_signup.20191003_182707.001|signup|SelectState|# 21|web.select(locator,text) - executing select(locator,text)(${btn.state.loc}, ${txt.dropdown.state.loc})
2019-10-03 18:27:55,098|I|Thread-1|OrangeHRMWebApplication-plan.001,OHRM_01_signup.20191003_182707.001|signup|SelectState|# 21|web.select(locator,text) - PASS selected 'Tamil Nadu' from '//select[@id='Form_submitForm_State']'
2019-10-03 18:27:55,098|I|Thread-1|OrangeHRMWebApplication-plan.001,OHRM_01_signup.20191003_182707.001|signup|AssertCountry - executing activity
2019-10-03 18:27:55,698|I|Thread-1|OrangeHRMWebApplication-plan.001,OHRM_01_signup.20191003_182707.001|signup|AssertCountry|# 22|web.assertVisible(locator - executing assertVisible(locator)(${btn.state.loc})
2019-10-03 18:27:55,818|I|Thread-1|OrangeHRMWebApplication-plan.001,OHRM_01_signup.20191003_182707.001|signup|AssertCountry|# 22|web.assertVisible(locator - PASS EXPECTED visible element '//select[@id='Form_submitForm_State']' found
2019-10-03 18:27:55,818|I|Thread-1|OrangeHRMWebApplication-plan.001,OHRM_01_signup.20191003_182707.001|signup|ClickCheckbox - executing activity
2019-10-03 18:27:56,419|I|Thread-1|OrangeHRMWebApplication-plan.001,OHRM_01_signup.20191003_182707.001|signup|ClickCheckbox|# 23|web.click(locator) - executing click(locator)(${btn.checkbox.loc})
2019-10-03 18:27:56,477|I|Thread-1|clicking '//input[@id='Form_submitForm_SetDummyData']'...
2019-10-03 18:27:56,514|I|Thread-1|click target via JS, @id=Form_submitForm_SetDummyData
2019-10-03 18:27:56,573|I|Thread-1|clicked -> true
2019-10-03 18:27:56,575|I|Thread-1|OrangeHRMWebApplication-plan.001,OHRM_01_signup.20191003_182707.001|signup|ClickCheckbox|# 23|web.click(locator) - PASS click via JS event
2019-10-03 18:27:56,576|I|Thread-1|OrangeHRMWebApplication-plan.001,OHRM_01_signup.20191003_182707.001|signup|submit - executing activity
2019-10-03 18:27:57,177|I|Thread-1|OrangeHRMWebApplication-plan.001,OHRM_01_signup.20191003_182707.001|signup|submit|# 24|web.click(locator) - executing click(locator)(${btn.submit.loc})
2019-10-03 18:27:57,227|I|Thread-1|clicking '//input[@id='Form_submitForm_action_request']'...
2019-10-03 18:27:57,272|I|Thread-1|click target via JS, @id=Form_submitForm_action_request
2019-10-03 18:28:00,450|I|Thread-1|clicked -> true
2019-10-03 18:28:00,451|I|Thread-1|OrangeHRMWebApplication-plan.001,OHRM_01_signup.20191003_182707.001|signup|submit|# 24|web.click(locator) - PASS click via JS event
2019-10-03 18:28:01,271|I|Thread-1|[OrangeHRMWebApplication-plan.001,OHRM_01_signup.20191003_182707.001|signup] saving test scenario
2019-10-03 18:28:01,719|I|Thread-1|[20191003_182705] 
/-TEST COMPLETE-----------------------------------------------------------------
| Test Output:    C:\projects\OrangeHRMWebApplication\output\20191003_182705\OrangeHRMWebApplication-plan.001,OHRM_01_signup.20191003_182707.001.xlsx
| Iteration:      1
\-------------------------------------------------------------------------------
» Execution Time: 49378 ms
» Test Steps:     20
» Error(s):       0



2019-10-03 18:28:03,188|I|Thread-1|SKIPPING auto-open-result since Nexial is currently running in non-interactive environment
2019-10-03 18:28:03,195|I|Thread-1|[20191003_182705] 
/-TEST COMPLETE-----------------------------------------------------------------
| Test Script:    C:\projects\OrangeHRMWebApplication\artifact\script\OHRM_01_signup.xlsx
\-------------------------------------------------------------------------------
» Execution Time: 57663 ms
» Iterations:     [1] total 1
» Test Steps:     20
» Passed:         20
» Error(s):       0
» Iteration 1 of 1: C:\projects\OrangeHRMWebApplication\output\20191003_182705\OrangeHRMWebApplication-plan.001,OHRM_01_signup.20191003_182707.001.xlsx



2019-10-03 18:28:03,798|I|main|[20191003_182705] [C:\projects\OrangeHRMWebApplication\artifact\script\OHRM_01_signup.xlsx] now completed
2019-10-03 18:28:03,798|I|main|[20191003_182705] [C:\projects\OrangeHRMWebApplication\artifact\script\OHRM_02_features.xlsx] resolve RUN ID as 20191003_182705
2019-10-03 18:28:03,798|I|main|[20191003_182705] [C:\projects\OrangeHRMWebApplication\artifact\script\OHRM_02_features.xlsx] new thread started
2019-10-03 18:28:03,801|I|Thread-3|missing REQUIRED configuration; sms DISABLED!
2019-10-03 18:28:03,836|I|Thread-3|[20191003_182705] executing C:\projects\OrangeHRMWebApplication\artifact\script\OHRM_02_features.xlsx with 1 iteration(s)
2019-10-03 18:28:03,837|I|Thread-3|[20191003_182705] create directory C:\projects\OrangeHRMWebApplication\output\20191003_182705\captures
2019-10-03 18:28:03,837|I|Thread-3|[20191003_182705] create directory C:\projects\OrangeHRMWebApplication\output\20191003_182705\logs
2019-10-03 18:28:05,420|I|Thread-3|macro(s) found and merged; C:\projects\OrangeHRMWebApplication\output\20191003_182705\OrangeHRMWebApplication-plan.002,OHRM_02_features.20191003_182803.001.xlsx will need to be saved
2019-10-03 18:28:05,420|I|Thread-3|[20191003_182705] merging test data to tmp file C:\projects\OrangeHRMWebApplication\output\20191003_182705\OrangeHRMWebApplication-plan.002,OHRM_02_features.20191003_182803.001.xlsx
2019-10-03 18:28:05,420|I|Thread-3|refetching data from C:\projects\OrangeHRMWebApplication\artifact\data\OHRM_02_features.data.xlsx
2019-10-03 18:28:05,755|I|Thread-3|[20191003_182705] test script and test data merged to C:\projects\OrangeHRMWebApplication\output\20191003_182705\OrangeHRMWebApplication-plan.002,OHRM_02_features.20191003_182803.001.xlsx
2019-10-03 18:28:06,281|I|Thread-3|STARTS
2019-10-03 18:28:06,288|I|Thread-3|OrangeHRMWebApplication-plan.002,OHRM_02_features.20191003_182803.001 - executing iteration #1 of 1; Iteration Id 1
2019-10-03 18:28:06,289|I|Thread-3|OrangeHRMWebApplication-plan.002,OHRM_02_features.20191003_182803.001|Personnel Information Managemen - executing test scenario
2019-10-03 18:28:06,289|I|Thread-3|OrangeHRMWebApplication-plan.002,OHRM_02_features.20191003_182803.001|Personnel Information Managemen|Feature-Personnel Information Management (PIM) - executing activity
2019-10-03 18:28:06,891|I|Thread-3|OrangeHRMWebApplication-plan.002,OHRM_02_features.20191003_182803.001|Personnel Information Managemen|Feature-Personnel Information Management (PIM)|#  5|base.section(steps) - executing section(steps)(4)
2019-10-03 18:28:06,892|I|Thread-3|OrangeHRMWebApplication-plan.002,OHRM_02_features.20191003_182803.001|Personnel Information Managemen|Feature-Personnel Information Management (PIM)|#  5|base.section(steps) - PASS 
2019-10-03 18:28:07,492|I|Thread-3|OrangeHRMWebApplication-plan.002,OHRM_02_features.20191003_182803.001|Personnel Information Managemen|Feature-Personnel Information Management (PIM)|#  6|web.open(url) - executing open(url)(${url})
2019-10-03 18:28:10,038|I|Thread-3|current browser window handle:CDwindow-1E992AE43EB88222CF8335F045C09312
2019-10-03 18:28:10,092|I|Thread-3|OrangeHRMWebApplication-plan.002,OHRM_02_features.20191003_182803.001|Personnel Information Managemen|Feature-Personnel Information Management (PIM)|#  6|web.open(url) - PASS opened URL https://www.orangehrm.com/
2019-10-03 18:28:10,694|I|Thread-3|OrangeHRMWebApplication-plan.002,OHRM_02_features.20191003_182803.001|Personnel Information Managemen|Feature-Personnel Information Management (PIM)|#  7|web.maximizeWindow() - executing maximizeWindow()()
2019-10-03 18:28:10,757|I|Thread-3|OrangeHRMWebApplication-plan.002,OHRM_02_features.20191003_182803.001|Personnel Information Managemen|Feature-Personnel Information Management (PIM)|#  7|web.maximizeWindow() - PASS browser window maximized
2019-10-03 18:28:11,358|I|Thread-3|OrangeHRMWebApplication-plan.002,OHRM_02_features.20191003_182803.001|Personnel Information Managemen|Feature-Personnel Information Management (PIM)|#  8|web.click(locator) - executing click(locator)(${btn.features.loc})
2019-10-03 18:28:11,421|I|Thread-3|clicking '//div[@id='header-navbar']/ul/li/a[text()='Features']'...
2019-10-03 18:28:11,466|I|Thread-3|click target via JS, @id=
2019-10-03 18:28:12,408|I|Thread-3|clicked -> true
2019-10-03 18:28:12,409|I|Thread-3|OrangeHRMWebApplication-plan.002,OHRM_02_features.20191003_182803.001|Personnel Information Managemen|Feature-Personnel Information Management (PIM)|#  8|web.click(locator) - PASS click via JS event
2019-10-03 18:28:13,010|I|Thread-3|OrangeHRMWebApplication-plan.002,OHRM_02_features.20191003_182803.001|Personnel Information Managemen|Feature-Personnel Information Management (PIM)|#  9|web.assertElementByText(l - executing assertElementByText(locator,text)(${btn.features.loc}, ${featuretext})
2019-10-03 18:28:13,144|I|Thread-3|OrangeHRMWebApplication-plan.002,OHRM_02_features.20191003_182803.001|Personnel Information Managemen|Feature-Personnel Information Management (PIM)|#  9|web.assertElementByText(l - PASS validated locator '//div[@id='header-navbar']/ul/li/a[text()='Features']' by text 'Features' as EXPECTED
2019-10-03 18:28:13,744|I|Thread-3|OrangeHRMWebApplication-plan.002,OHRM_02_features.20191003_182803.001|Personnel Information Managemen|Feature-Personnel Information Management (PIM)|# 10|web.assertAndClick(locato - executing assertAndClick(locator,label)(${btn.pim.loc}, ${PIMlabel})
2019-10-03 18:28:14,025|I|Thread-3|clicking '//h4[text()='Personnel Information Management (PIM)' and text() = 'Personnel Information Management (PIM)']'...
2019-10-03 18:28:14,082|I|Thread-3|click target via JS, @id=
2019-10-03 18:28:17,132|I|Thread-3|clicked -> true
2019-10-03 18:28:17,134|I|Thread-3|OrangeHRMWebApplication-plan.002,OHRM_02_features.20191003_182803.001|Personnel Information Managemen|Feature-Personnel Information Management (PIM)|# 10|web.assertAndClick(locato - PASS click via JS event
2019-10-03 18:28:17,735|I|Thread-3|OrangeHRMWebApplication-plan.002,OHRM_02_features.20191003_182803.001|Personnel Information Managemen|Feature-Personnel Information Management (PIM)|# 11|base.section(steps) - executing section(steps)(3)
2019-10-03 18:28:17,735|I|Thread-3|OrangeHRMWebApplication-plan.002,OHRM_02_features.20191003_182803.001|Personnel Information Managemen|Feature-Personnel Information Management (PIM)|# 11|base.section(steps) - PASS 
2019-10-03 18:28:18,336|I|Thread-3|OrangeHRMWebApplication-plan.002,OHRM_02_features.20191003_182803.001|Personnel Information Managemen|Feature-Personnel Information Management (PIM)|# 12|web.assertTextPresent(tex - executing assertTextPresent(text)(${TryItNow})
2019-10-03 18:28:18,394|I|Thread-3|OrangeHRMWebApplication-plan.002,OHRM_02_features.20191003_182803.001|Personnel Information Managemen|Feature-Personnel Information Management (PIM)|# 12|web.assertTextPresent(tex - PASS EXPECTED text 'Try It Now' found
2019-10-03 18:28:18,995|I|Thread-3|OrangeHRMWebApplication-plan.002,OHRM_02_features.20191003_182803.001|Personnel Information Managemen|Feature-Personnel Information Management (PIM)|# 13|web.click(locator) - executing click(locator)(${btn.tryitnow.loc})
2019-10-03 18:28:19,041|I|Thread-3|clicking '//a[text()='Try It Now']'...
2019-10-03 18:28:19,073|I|Thread-3|click target via JS, @id=
2019-10-03 18:28:20,969|I|Thread-3|clicked -> true
2019-10-03 18:28:20,971|I|Thread-3|OrangeHRMWebApplication-plan.002,OHRM_02_features.20191003_182803.001|Personnel Information Managemen|Feature-Personnel Information Management (PIM)|# 13|web.click(locator) - PASS click via JS event
2019-10-03 18:28:21,572|I|Thread-3|OrangeHRMWebApplication-plan.002,OHRM_02_features.20191003_182803.001|Personnel Information Managemen|Feature-Personnel Information Management (PIM)|# 14|web.goBack() - executing goBack()()
2019-10-03 18:28:23,022|I|Thread-3|OrangeHRMWebApplication-plan.002,OHRM_02_features.20191003_182803.001|Personnel Information Managemen|Feature-Personnel Information Management (PIM)|# 14|web.goBack() - PASS went back previous page
2019-10-03 18:28:23,622|I|Thread-3|OrangeHRMWebApplication-plan.002,OHRM_02_features.20191003_182803.001|Personnel Information Managemen|Feature-Personnel Information Management (PIM)|# 15|web.scrollTo(locator) - executing scrollTo(locator)(${btn.customfields.loc})
2019-10-03 18:28:23,823|I|Thread-3|OrangeHRMWebApplication-plan.002,OHRM_02_features.20191003_182803.001|Personnel Information Managemen|Feature-Personnel Information Management (PIM)|# 15|web.scrollTo(locator) - PASS scrolled to '//h4[text()='Custom Fields']/following-sibling::a'
2019-10-03 18:28:24,424|I|Thread-3|OrangeHRMWebApplication-plan.002,OHRM_02_features.20191003_182803.001|Personnel Information Managemen|Feature-Personnel Information Management (PIM)|# 16|web.assertTextPresent(tex - executing assertTextPresent(text)(${CustomFields})
2019-10-03 18:28:24,492|I|Thread-3|OrangeHRMWebApplication-plan.002,OHRM_02_features.20191003_182803.001|Personnel Information Managemen|Feature-Personnel Information Management (PIM)|# 16|web.assertTextPresent(tex - PASS EXPECTED text 'Custom Fields' found
2019-10-03 18:28:25,093|I|Thread-3|OrangeHRMWebApplication-plan.002,OHRM_02_features.20191003_182803.001|Personnel Information Managemen|Feature-Personnel Information Management (PIM)|# 17|web.click(locator) - executing click(locator)(${btn.customfields.loc})
2019-10-03 18:28:25,141|I|Thread-3|clicking '//h4[text()='Custom Fields']/following-sibling::a'...
2019-10-03 18:28:25,173|I|Thread-3|click target via JS, @id=
2019-10-03 18:28:25,230|I|Thread-3|clicked -> true
2019-10-03 18:28:25,232|I|Thread-3|OrangeHRMWebApplication-plan.002,OHRM_02_features.20191003_182803.001|Personnel Information Managemen|Feature-Personnel Information Management (PIM)|# 17|web.click(locator) - PASS click via JS event
2019-10-03 18:28:25,833|I|Thread-3|OrangeHRMWebApplication-plan.002,OHRM_02_features.20191003_182803.001|Personnel Information Managemen|Feature-Personnel Information Management (PIM)|# 18|web.scrollTo(locator) - executing scrollTo(locator)(${btn.addemployee.loc})
2019-10-03 18:28:25,966|I|Thread-3|OrangeHRMWebApplication-plan.002,OHRM_02_features.20191003_182803.001|Personnel Information Managemen|Feature-Personnel Information Management (PIM)|# 18|web.scrollTo(locator) - PASS scrolled to '//h4[text()='Add employee']/following-sibling::a'
2019-10-03 18:28:26,567|I|Thread-3|OrangeHRMWebApplication-plan.002,OHRM_02_features.20191003_182803.001|Personnel Information Managemen|Feature-Personnel Information Management (PIM)|# 19|web.assertTextPresent(tex - executing assertTextPresent(text)(${AddEmployee})
2019-10-03 18:28:26,630|I|Thread-3|OrangeHRMWebApplication-plan.002,OHRM_02_features.20191003_182803.001|Personnel Information Managemen|Feature-Personnel Information Management (PIM)|# 19|web.assertTextPresent(tex - PASS EXPECTED text 'Add employee' found
2019-10-03 18:28:27,231|I|Thread-3|OrangeHRMWebApplication-plan.002,OHRM_02_features.20191003_182803.001|Personnel Information Managemen|Feature-Personnel Information Management (PIM)|# 20|web.click(locator) - executing click(locator)(${btn.addemployee.loc})
2019-10-03 18:28:27,275|I|Thread-3|clicking '//h4[text()='Add employee']/following-sibling::a'...
2019-10-03 18:28:27,304|I|Thread-3|click target via JS, @id=
2019-10-03 18:28:27,359|I|Thread-3|clicked -> true
2019-10-03 18:28:27,360|I|Thread-3|OrangeHRMWebApplication-plan.002,OHRM_02_features.20191003_182803.001|Personnel Information Managemen|Feature-Personnel Information Management (PIM)|# 20|web.click(locator) - PASS click via JS event
2019-10-03 18:28:27,961|I|Thread-3|OrangeHRMWebApplication-plan.002,OHRM_02_features.20191003_182803.001|Personnel Information Managemen|Feature-Personnel Information Management (PIM)|# 21|web.scrollTo(locator) - executing scrollTo(locator)(${btn.bulkupdate.loc})
2019-10-03 18:28:28,070|I|Thread-3|OrangeHRMWebApplication-plan.002,OHRM_02_features.20191003_182803.001|Personnel Information Managemen|Feature-Personnel Information Management (PIM)|# 21|web.scrollTo(locator) - PASS scrolled to '//h4[text()='Bulk Update']/following-sibling::a'
2019-10-03 18:28:28,671|I|Thread-3|OrangeHRMWebApplication-plan.002,OHRM_02_features.20191003_182803.001|Personnel Information Managemen|Feature-Personnel Information Management (PIM)|# 22|web.assertTextPresent(tex - executing assertTextPresent(text)(${BulkUpdate})
2019-10-03 18:28:28,732|I|Thread-3|OrangeHRMWebApplication-plan.002,OHRM_02_features.20191003_182803.001|Personnel Information Managemen|Feature-Personnel Information Management (PIM)|# 22|web.assertTextPresent(tex - PASS EXPECTED text 'Bulk Update' found
2019-10-03 18:28:29,332|I|Thread-3|OrangeHRMWebApplication-plan.002,OHRM_02_features.20191003_182803.001|Personnel Information Managemen|Feature-Personnel Information Management (PIM)|# 23|web.click(locator) - executing click(locator)(${btn.bulkupdate.loc})
2019-10-03 18:28:29,384|I|Thread-3|clicking '//h4[text()='Bulk Update']/following-sibling::a'...
2019-10-03 18:28:29,421|I|Thread-3|click target via JS, @id=
2019-10-03 18:28:29,503|I|Thread-3|clicked -> true
2019-10-03 18:28:29,504|I|Thread-3|OrangeHRMWebApplication-plan.002,OHRM_02_features.20191003_182803.001|Personnel Information Managemen|Feature-Personnel Information Management (PIM)|# 23|web.click(locator) - PASS click via JS event
2019-10-03 18:28:30,106|I|Thread-3|OrangeHRMWebApplication-plan.002,OHRM_02_features.20191003_182803.001|Personnel Information Managemen|Feature-Personnel Information Management (PIM)|# 24|web.scrollTo(locator) - executing scrollTo(locator)(${btn.myshortcuts.loc})
2019-10-03 18:28:30,220|I|Thread-3|OrangeHRMWebApplication-plan.002,OHRM_02_features.20191003_182803.001|Personnel Information Managemen|Feature-Personnel Information Management (PIM)|# 24|web.scrollTo(locator) - PASS scrolled to '//h4[text()='My shortcuts']/following-sibling::a'
2019-10-03 18:28:30,820|I|Thread-3|OrangeHRMWebApplication-plan.002,OHRM_02_features.20191003_182803.001|Personnel Information Managemen|Feature-Personnel Information Management (PIM)|# 25|web.assertTextPresent(tex - executing assertTextPresent(text)(${MyShortcuts})
2019-10-03 18:28:30,885|I|Thread-3|OrangeHRMWebApplication-plan.002,OHRM_02_features.20191003_182803.001|Personnel Information Managemen|Feature-Personnel Information Management (PIM)|# 25|web.assertTextPresent(tex - PASS EXPECTED text 'My shortcuts' found
2019-10-03 18:28:31,486|I|Thread-3|OrangeHRMWebApplication-plan.002,OHRM_02_features.20191003_182803.001|Personnel Information Managemen|Feature-Personnel Information Management (PIM)|# 26|web.click(locator) - executing click(locator)(${btn.myshortcuts.loc})
2019-10-03 18:28:31,557|I|Thread-3|clicking '//h4[text()='My shortcuts']/following-sibling::a'...
2019-10-03 18:28:31,605|I|Thread-3|click target via JS, @id=
2019-10-03 18:28:31,733|I|Thread-3|clicked -> true
2019-10-03 18:28:31,735|I|Thread-3|OrangeHRMWebApplication-plan.002,OHRM_02_features.20191003_182803.001|Personnel Information Managemen|Feature-Personnel Information Management (PIM)|# 26|web.click(locator) - PASS click via JS event
2019-10-03 18:28:32,336|I|Thread-3|OrangeHRMWebApplication-plan.002,OHRM_02_features.20191003_182803.001|Personnel Information Managemen|Feature-Personnel Information Management (PIM)|# 27|web.scrollTo(locator) - executing scrollTo(locator)(${btn.reportingtools.loc})
2019-10-03 18:28:32,436|I|Thread-3|OrangeHRMWebApplication-plan.002,OHRM_02_features.20191003_182803.001|Personnel Information Managemen|Feature-Personnel Information Management (PIM)|# 27|web.scrollTo(locator) - PASS scrolled to '//h4[text()='Reporting tools']/following-sibling::a'
2019-10-03 18:28:33,036|I|Thread-3|OrangeHRMWebApplication-plan.002,OHRM_02_features.20191003_182803.001|Personnel Information Managemen|Feature-Personnel Information Management (PIM)|# 28|web.assertTextPresent(tex - executing assertTextPresent(text)(${ReportingTools})
2019-10-03 18:28:33,080|I|Thread-3|OrangeHRMWebApplication-plan.002,OHRM_02_features.20191003_182803.001|Personnel Information Managemen|Feature-Personnel Information Management (PIM)|# 28|web.assertTextPresent(tex - PASS EXPECTED text 'Reporting tools' found
2019-10-03 18:28:33,681|I|Thread-3|OrangeHRMWebApplication-plan.002,OHRM_02_features.20191003_182803.001|Personnel Information Managemen|Feature-Personnel Information Management (PIM)|# 29|web.click(locator) - executing click(locator)(${btn.reportingtools.loc})
2019-10-03 18:28:33,742|I|Thread-3|clicking '//h4[text()='Reporting tools']/following-sibling::a'...
2019-10-03 18:28:33,768|I|Thread-3|click target via JS, @id=
2019-10-03 18:28:33,827|I|Thread-3|clicked -> true
2019-10-03 18:28:33,828|I|Thread-3|OrangeHRMWebApplication-plan.002,OHRM_02_features.20191003_182803.001|Personnel Information Managemen|Feature-Personnel Information Management (PIM)|# 29|web.click(locator) - PASS click via JS event
2019-10-03 18:28:34,429|I|Thread-3|OrangeHRMWebApplication-plan.002,OHRM_02_features.20191003_182803.001|Personnel Information Managemen|Feature-Personnel Information Management (PIM)|# 30|base.section(steps) - executing section(steps)(1)
2019-10-03 18:28:34,430|I|Thread-3|OrangeHRMWebApplication-plan.002,OHRM_02_features.20191003_182803.001|Personnel Information Managemen|Feature-Personnel Information Management (PIM)|# 30|base.section(steps) - PASS 
2019-10-03 18:28:35,031|I|Thread-3|OrangeHRMWebApplication-plan.002,OHRM_02_features.20191003_182803.001|Personnel Information Managemen|Feature-Personnel Information Management (PIM)|# 31|base.verbose(text) - executing verbose(text)(Executed Successfully)
2019-10-03 18:28:35,031|I|Thread-3|OrangeHRMWebApplication-plan.002,OHRM_02_features.20191003_182803.001|Personnel Information Managemen|Feature-Personnel Information Management (PIM)|# 31|base.verbose(text) - Executed Successfully
2019-10-03 18:28:35,033|I|Thread-3|OrangeHRMWebApplication-plan.002,OHRM_02_features.20191003_182803.001|Personnel Information Managemen|Feature-Personnel Information Management (PIM)|# 31|base.verbose(text) - PASS 
2019-10-03 18:28:35,060|I|Thread-3|[OrangeHRMWebApplication-plan.002,OHRM_02_features.20191003_182803.001|Personnel Information Managemen] saving test scenario
2019-10-03 18:28:35,168|I|Thread-3|[20191003_182705] 
/-TEST COMPLETE-----------------------------------------------------------------
| Test Output:    C:\projects\OrangeHRMWebApplication\output\20191003_182705\OrangeHRMWebApplication-plan.002,OHRM_02_features.20191003_182803.001.xlsx
| Iteration:      1
\-------------------------------------------------------------------------------
» Execution Time: 28879 ms
» Test Steps:     27
» Error(s):       0



2019-10-03 18:28:35,683|I|Thread-3|SKIPPING auto-open-result since Nexial is currently running in non-interactive environment
2019-10-03 18:28:35,685|I|Thread-3|[20191003_182705] 
/-TEST COMPLETE-----------------------------------------------------------------
| Test Script:    C:\projects\OrangeHRMWebApplication\artifact\script\OHRM_02_features.xlsx
\-------------------------------------------------------------------------------
» Execution Time: 31883 ms
» Iterations:     [1] total 1
» Test Steps:     27
» Passed:         27
» Error(s):       0
» Iteration 1 of 1: C:\projects\OrangeHRMWebApplication\output\20191003_182705\OrangeHRMWebApplication-plan.002,OHRM_02_features.20191003_182803.001.xlsx



2019-10-03 18:28:35,878|I|main|[20191003_182705] [C:\projects\OrangeHRMWebApplication\artifact\script\OHRM_02_features.xlsx] now completed
2019-10-03 18:28:35,878|I|main|[20191003_182705] all execution thread(s) have terminated
2019-10-03 18:28:35,878|I|main|[20191003_182705] test run completed in about 90 seconds
2019-10-03 18:28:36,013|I|main|No predefined nexial-setup found
2019-10-03 18:28:36,074|I|main|outputBase not set; output-to-cloud DISABLED!
2019-10-03 18:28:36,075|I|main|accessKey not set; output-to-cloud DISABLED!
2019-10-03 18:28:36,075|I|main|secretKey not set; output-to-cloud DISABLED!
2019-10-03 18:28:36,075|I|main|SKIPPING auto-open-result since Nexial is currently running in non-interactive environment
2019-10-03 18:28:36,076|I|main|generating HTML output for this execution to C:\projects\OrangeHRMWebApplication\output\20191003_182705\execution-output.html
2019-10-03 18:28:37,316|I|main|generating JUnit XML output for this execution to C:\projects\OrangeHRMWebApplication\output\20191003_182705\junit.xml
2019-10-03 18:28:37,434|I|main|Generated JUnit report for this execution: C:\projects\OrangeHRMWebApplication\output\20191003_182705\junit.xml
2019-10-03 18:28:37,434|I|main|nexial mailer not enabled: nexial.enableEmail=false
2019-10-03 18:28:37,434|I|main|skipped email notification as configured
2019-10-03 18:28:37,435|I|main|Exiting Nexial...
2019-10-03 18:28:37,436|I|main|shutdown starts...
2019-10-03 18:28:37,437|I|main|Shutting down 'chrome' webdriver...
2019-10-03 18:28:46,356|I|main|shutdown ends...
2019-10-03 18:28:46,356|I|main|

/-END OF EXECUTION--------------------------------------------------------------
| » Execution Time: 90 sec.
| » Test Steps:     47
| » Passed:         47
| » Failed:         0
| » Success Rate:   100.00%
\---------------------------------------------------------------nexial-core 2.2_0488-

2019-10-03 18:28:46,356|I|main|ALL PASSED!
2019-10-03 18:28:46,356|I|main|End of Execution:
OUTPUT:       C:\projects\OrangeHRMWebApplication\output\20191003_182705
EXECUTION:    C:\projects\OrangeHRMWebApplication\output\20191003_182705\execution-output.html
JUNIT XML:    C:\projects\OrangeHRMWebApplication\output\20191003_182705\junit.xml
SUCCESS RATE: 100.00%
EXIT STATUS:  0
2019-10-03 18:28:46,356|I|main|End of Execution:
NEXIAL_OUTPUT:         C:\projects\OrangeHRMWebApplication\output\20191003_182705
NEXIAL_EXECUTION_HTML: C:\projects\OrangeHRMWebApplication\output\20191003_182705\execution-output.html
NEXIAL_JUNIT_XML:      C:\projects\OrangeHRMWebApplication\output\20191003_182705\junit.xml
NEXIAL_SUCCESS_RATE:   100.00%
NEXIAL_EXIT_STATUS:    0
